<?xml version="1.0" encoding="UTF-8"?>
<!-- Generated by org.testng.reporters.JUnitXMLReporter -->
<testsuite ignored="0" hostname="Aadhu-dell-xps15" failures="33" tests="146" name="Northeast_MidAtlantic" time="876.218" errors="0" timestamp="2026-05-07T14:57:53 CDT">
  <testcase classname="naco.testcases.TC_4_NorthEast_CountyWebsiteValidation" name="validateCounty" time="7.123">
    <failure type="java.lang.AssertionError" message="HTTP Status 403 for http://www.aclink.org expected [200] but found [403]">
      <![CDATA[java.lang.AssertionError: HTTP Status 403 for http://www.aclink.org expected [200] but found [403]
at naco.testcases.TC_4_NorthEast_CountyWebsiteValidation.validateCounty(TC_4_NorthEast_CountyWebsiteValidation.java:87)
at java.base/java.util.ArrayList.forEach(ArrayList.java:1604)
... Removed 31 stack frames]]>
    </failure>
  </testcase> <!-- validateCounty -->
  <testcase classname="naco.testcases.TC_4_NorthEast_CountyWebsiteValidation" name="validateCounty" time="22.152">
    <failure type="java.lang.AssertionError" message="HTTP Status -1 for http://www.co.bergen.nj.us expected [200] but found [-1]">
      <![CDATA[java.lang.AssertionError: HTTP Status -1 for http://www.co.bergen.nj.us expected [200] but found [-1]
at naco.testcases.TC_4_NorthEast_CountyWebsiteValidation.validateCounty(TC_4_NorthEast_CountyWebsiteValidation.java:87)
at java.base/java.util.ArrayList.forEach(ArrayList.java:1604)
... Removed 31 stack frames]]>
    </failure>
  </testcase> <!-- validateCounty -->
  <testcase classname="naco.testcases.TC_4_NorthEast_CountyWebsiteValidation" name="validateCounty" time="1.039"/>
  <testcase classname="naco.testcases.TC_4_NorthEast_CountyWebsiteValidation" name="validateCounty" time="1.642"/>
  <testcase classname="naco.testcases.TC_4_NorthEast_CountyWebsiteValidation" name="validateCounty" time="42.736">
    <failure type="org.openqa.selenium.WebDriverException" message="unknown error: net::ERR_CONNECTION_TIMED_OUT
  (Session info: chrome=148.0.7778.96)
Build info: version: &amp;apos;4.43.0&amp;apos;, revision: &amp;apos;dd0f534&amp;apos;
System info: os.name: &amp;apos;Windows 11&amp;apos;, os.arch: &amp;apos;amd64&amp;apos;, os.version: &amp;apos;10.0&amp;apos;, java.version: &amp;apos;25.0.1&amp;apos;
Driver info: org.openqa.selenium.chrome.ChromeDriver
Command: [41ede5eb14bd377f335ff089e32230bd, get {url=http://www.co.cape-may.nj.us}]
Capabilities {acceptInsecureCerts: false, browserName: chrome, browserVersion: 148.0.7778.96, chrome: {chromedriverVersion: 148.0.7778.97 (6b3fa66a923a..., userDataDir: C:\Users\athir\AppData\Loca...}, fedcm:accounts: true, goog:chromeOptions: {debuggerAddress: localhost:59967}, goog:processID: 48860, networkConnectionEnabled: false, pageLoadStrategy: normal, platformName: windows, proxy: Proxy(), se:cdp: ws://localhost:59967/devtoo..., se:cdpVersion: 148.0.7778.96, setWindowRect: true, strictFileInteractability: false, timeouts: {implicit: 0, pageLoad: 300000, script: 30000}, unhandledPromptBehavior: dismiss and notify, webauthn:extension:credBlob: true, webauthn:extension:largeBlob: true, webauthn:extension:minPinLength: true, webauthn:extension:prf: true, webauthn:virtualAuthenticators: true}
Session ID: 41ede5eb14bd377f335ff089e32230bd">
      <![CDATA[org.openqa.selenium.WebDriverException: unknown error: net::ERR_CONNECTION_TIMED_OUT
  (Session info: chrome=148.0.7778.96)
Build info: version: '4.43.0', revision: 'dd0f534'
System info: os.name: 'Windows 11', os.arch: 'amd64', os.version: '10.0', java.version: '25.0.1'
Driver info: org.openqa.selenium.chrome.ChromeDriver
Command: [41ede5eb14bd377f335ff089e32230bd, get {url=http://www.co.cape-may.nj.us}]
Capabilities {acceptInsecureCerts: false, browserName: chrome, browserVersion: 148.0.7778.96, chrome: {chromedriverVersion: 148.0.7778.97 (6b3fa66a923a..., userDataDir: C:\Users\athir\AppData\Loca...}, fedcm:accounts: true, goog:chromeOptions: {debuggerAddress: localhost:59967}, goog:processID: 48860, networkConnectionEnabled: false, pageLoadStrategy: normal, platformName: windows, proxy: Proxy(), se:cdp: ws://localhost:59967/devtoo..., se:cdpVersion: 148.0.7778.96, setWindowRect: true, strictFileInteractability: false, timeouts: {implicit: 0, pageLoad: 300000, script: 30000}, unhandledPromptBehavior: dismiss and notify, webauthn:extension:credBlob: true, webauthn:extension:largeBlob: true, webauthn:extension:minPinLength: true, webauthn:extension:prf: true, webauthn:virtualAuthenticators: true}
Session ID: 41ede5eb14bd377f335ff089e32230bd
at org.openqa.selenium.remote.ErrorCodec.decode(ErrorCodec.java:169)
at org.openqa.selenium.remote.codec.w3c.W3CHttpResponseCodec.decode(W3CHttpResponseCodec.java:142)
at org.openqa.selenium.remote.codec.w3c.W3CHttpResponseCodec.decode(W3CHttpResponseCodec.java:49)
at org.openqa.selenium.remote.HttpCommandExecutor.execute(HttpCommandExecutor.java:223)
at org.openqa.selenium.remote.service.DriverCommandExecutor.invokeExecute(DriverCommandExecutor.java:216)
at org.openqa.selenium.remote.service.DriverCommandExecutor.execute(DriverCommandExecutor.java:174)
at org.openqa.selenium.remote.RemoteWebDriver.execute(RemoteWebDriver.java:606)
at org.openqa.selenium.remote.RemoteWebDriver.get(RemoteWebDriver.java:374)
at naco.testcases.TC_4_NorthEast_CountyWebsiteValidation.validateCounty(TC_4_NorthEast_CountyWebsiteValidation.java:91)
at java.base/java.util.ArrayList.forEach(ArrayList.java:1604)
... Removed 25 stack frames]]>
    </failure>
  </testcase> <!-- validateCounty -->
  <testcase classname="naco.testcases.TC_4_NorthEast_CountyWebsiteValidation" name="validateCounty" time="0.903"/>
  <testcase classname="naco.testcases.TC_4_NorthEast_CountyWebsiteValidation" name="validateCounty" time="4.209">
    <failure type="java.lang.AssertionError" message="HTTP Status -1 for http://www.essex-countynj.org expected [200] but found [-1]">
      <![CDATA[java.lang.AssertionError: HTTP Status -1 for http://www.essex-countynj.org expected [200] but found [-1]
at naco.testcases.TC_4_NorthEast_CountyWebsiteValidation.validateCounty(TC_4_NorthEast_CountyWebsiteValidation.java:87)
at java.base/java.util.ArrayList.forEach(ArrayList.java:1604)
... Removed 31 stack frames]]>
    </failure>
  </testcase> <!-- validateCounty -->
  <testcase classname="naco.testcases.TC_4_NorthEast_CountyWebsiteValidation" name="validateCounty" time="1.774"/>
  <testcase classname="naco.testcases.TC_4_NorthEast_CountyWebsiteValidation" name="validateCounty" time="1.202"/>
  <testcase classname="naco.testcases.TC_4_NorthEast_CountyWebsiteValidation" name="validateCounty" time="1.084"/>
  <testcase classname="naco.testcases.TC_4_NorthEast_CountyWebsiteValidation" name="validateCounty" time="2.646">
    <failure type="java.lang.AssertionError" message="HTTP Status 403 for http://www.mercercounty.org/ expected [200] but found [403]">
      <![CDATA[java.lang.AssertionError: HTTP Status 403 for http://www.mercercounty.org/ expected [200] but found [403]
at naco.testcases.TC_4_NorthEast_CountyWebsiteValidation.validateCounty(TC_4_NorthEast_CountyWebsiteValidation.java:87)
at java.base/java.util.ArrayList.forEach(ArrayList.java:1604)
... Removed 31 stack frames]]>
    </failure>
  </testcase> <!-- validateCounty -->
  <testcase classname="naco.testcases.TC_4_NorthEast_CountyWebsiteValidation" name="validateCounty" time="4.412">
    <failure type="java.lang.AssertionError" message="HTTP Status 403 for http://www.co.middlesex.nj.us expected [200] but found [403]">
      <![CDATA[java.lang.AssertionError: HTTP Status 403 for http://www.co.middlesex.nj.us expected [200] but found [403]
at naco.testcases.TC_4_NorthEast_CountyWebsiteValidation.validateCounty(TC_4_NorthEast_CountyWebsiteValidation.java:87)
at java.base/java.util.ArrayList.forEach(ArrayList.java:1604)
... Removed 31 stack frames]]>
    </failure>
  </testcase> <!-- validateCounty -->
  <testcase classname="naco.testcases.TC_4_NorthEast_CountyWebsiteValidation" name="validateCounty" time="0.759"/>
  <testcase classname="naco.testcases.TC_4_NorthEast_CountyWebsiteValidation" name="validateCounty" time="42.588">
    <failure type="org.openqa.selenium.WebDriverException" message="unknown error: net::ERR_CONNECTION_TIMED_OUT
  (Session info: chrome=148.0.7778.96)
Build info: version: &amp;apos;4.43.0&amp;apos;, revision: &amp;apos;dd0f534&amp;apos;
System info: os.name: &amp;apos;Windows 11&amp;apos;, os.arch: &amp;apos;amd64&amp;apos;, os.version: &amp;apos;10.0&amp;apos;, java.version: &amp;apos;25.0.1&amp;apos;
Driver info: org.openqa.selenium.chrome.ChromeDriver
Command: [41ede5eb14bd377f335ff089e32230bd, get {url=https://www.co.morris.nj.us/}]
Capabilities {acceptInsecureCerts: false, browserName: chrome, browserVersion: 148.0.7778.96, chrome: {chromedriverVersion: 148.0.7778.97 (6b3fa66a923a..., userDataDir: C:\Users\athir\AppData\Loca...}, fedcm:accounts: true, goog:chromeOptions: {debuggerAddress: localhost:59967}, goog:processID: 48860, networkConnectionEnabled: false, pageLoadStrategy: normal, platformName: windows, proxy: Proxy(), se:cdp: ws://localhost:59967/devtoo..., se:cdpVersion: 148.0.7778.96, setWindowRect: true, strictFileInteractability: false, timeouts: {implicit: 0, pageLoad: 300000, script: 30000}, unhandledPromptBehavior: dismiss and notify, webauthn:extension:credBlob: true, webauthn:extension:largeBlob: true, webauthn:extension:minPinLength: true, webauthn:extension:prf: true, webauthn:virtualAuthenticators: true}
Session ID: 41ede5eb14bd377f335ff089e32230bd">
      <![CDATA[org.openqa.selenium.WebDriverException: unknown error: net::ERR_CONNECTION_TIMED_OUT
  (Session info: chrome=148.0.7778.96)
Build info: version: '4.43.0', revision: 'dd0f534'
System info: os.name: 'Windows 11', os.arch: 'amd64', os.version: '10.0', java.version: '25.0.1'
Driver info: org.openqa.selenium.chrome.ChromeDriver
Command: [41ede5eb14bd377f335ff089e32230bd, get {url=https://www.co.morris.nj.us/}]
Capabilities {acceptInsecureCerts: false, browserName: chrome, browserVersion: 148.0.7778.96, chrome: {chromedriverVersion: 148.0.7778.97 (6b3fa66a923a..., userDataDir: C:\Users\athir\AppData\Loca...}, fedcm:accounts: true, goog:chromeOptions: {debuggerAddress: localhost:59967}, goog:processID: 48860, networkConnectionEnabled: false, pageLoadStrategy: normal, platformName: windows, proxy: Proxy(), se:cdp: ws://localhost:59967/devtoo..., se:cdpVersion: 148.0.7778.96, setWindowRect: true, strictFileInteractability: false, timeouts: {implicit: 0, pageLoad: 300000, script: 30000}, unhandledPromptBehavior: dismiss and notify, webauthn:extension:credBlob: true, webauthn:extension:largeBlob: true, webauthn:extension:minPinLength: true, webauthn:extension:prf: true, webauthn:virtualAuthenticators: true}
Session ID: 41ede5eb14bd377f335ff089e32230bd
at org.openqa.selenium.remote.ErrorCodec.decode(ErrorCodec.java:169)
at org.openqa.selenium.remote.codec.w3c.W3CHttpResponseCodec.decode(W3CHttpResponseCodec.java:142)
at org.openqa.selenium.remote.codec.w3c.W3CHttpResponseCodec.decode(W3CHttpResponseCodec.java:49)
at org.openqa.selenium.remote.HttpCommandExecutor.execute(HttpCommandExecutor.java:223)
at org.openqa.selenium.remote.service.DriverCommandExecutor.invokeExecute(DriverCommandExecutor.java:216)
at org.openqa.selenium.remote.service.DriverCommandExecutor.execute(DriverCommandExecutor.java:174)
at org.openqa.selenium.remote.RemoteWebDriver.execute(RemoteWebDriver.java:606)
at org.openqa.selenium.remote.RemoteWebDriver.get(RemoteWebDriver.java:374)
at naco.testcases.TC_4_NorthEast_CountyWebsiteValidation.validateCounty(TC_4_NorthEast_CountyWebsiteValidation.java:91)
at java.base/java.util.ArrayList.forEach(ArrayList.java:1604)
... Removed 25 stack frames]]>
    </failure>
  </testcase> <!-- validateCounty -->
  <testcase classname="naco.testcases.TC_4_NorthEast_CountyWebsiteValidation" name="validateCounty" time="1.062"/>
  <testcase classname="naco.testcases.TC_4_NorthEast_CountyWebsiteValidation" name="validateCounty" time="4.177">
    <failure type="java.lang.AssertionError" message="HTTP Status 403 for http://www.passaiccountynj.org/ expected [200] but found [403]">
      <![CDATA[java.lang.AssertionError: HTTP Status 403 for http://www.passaiccountynj.org/ expected [200] but found [403]
at naco.testcases.TC_4_NorthEast_CountyWebsiteValidation.validateCounty(TC_4_NorthEast_CountyWebsiteValidation.java:87)
at java.base/java.util.ArrayList.forEach(ArrayList.java:1604)
... Removed 31 stack frames]]>
    </failure>
  </testcase> <!-- validateCounty -->
  <testcase classname="naco.testcases.TC_4_NorthEast_CountyWebsiteValidation" name="validateCounty" time="0.525"/>
  <testcase classname="naco.testcases.TC_4_NorthEast_CountyWebsiteValidation" name="validateCounty" time="11.942">
    <failure type="java.lang.AssertionError" message="HTTP Status 403 for https://www.co.somerset.nj.us/ expected [200] but found [403]">
      <![CDATA[java.lang.AssertionError: HTTP Status 403 for https://www.co.somerset.nj.us/ expected [200] but found [403]
at naco.testcases.TC_4_NorthEast_CountyWebsiteValidation.validateCounty(TC_4_NorthEast_CountyWebsiteValidation.java:87)
at java.base/java.util.ArrayList.forEach(ArrayList.java:1604)
... Removed 31 stack frames]]>
    </failure>
  </testcase> <!-- validateCounty -->
  <testcase classname="naco.testcases.TC_4_NorthEast_CountyWebsiteValidation" name="validateCounty" time="0.944"/>
  <testcase classname="naco.testcases.TC_4_NorthEast_CountyWebsiteValidation" name="validateCounty" time="0.971"/>
  <testcase classname="naco.testcases.TC_4_NorthEast_CountyWebsiteValidation" name="validateCounty" time="3.476">
    <failure type="java.lang.AssertionError" message="HTTP Status 403 for http://www.co.warren.nj.us/ expected [200] but found [403]">
      <![CDATA[java.lang.AssertionError: HTTP Status 403 for http://www.co.warren.nj.us/ expected [200] but found [403]
at naco.testcases.TC_4_NorthEast_CountyWebsiteValidation.validateCounty(TC_4_NorthEast_CountyWebsiteValidation.java:87)
at java.base/java.util.ArrayList.forEach(ArrayList.java:1604)
... Removed 31 stack frames]]>
    </failure>
  </testcase> <!-- validateCounty -->
  <testcase classname="naco.testcases.TC_4_NorthEast_CountyWebsiteValidation" name="validateCounty" time="3.254">
    <failure type="java.lang.AssertionError" message="HTTP Status 403 for http://www.albanycounty.com/ expected [200] but found [403]">
      <![CDATA[java.lang.AssertionError: HTTP Status 403 for http://www.albanycounty.com/ expected [200] but found [403]
at naco.testcases.TC_4_NorthEast_CountyWebsiteValidation.validateCounty(TC_4_NorthEast_CountyWebsiteValidation.java:87)
at java.base/java.util.ArrayList.forEach(ArrayList.java:1604)
... Removed 31 stack frames]]>
    </failure>
  </testcase> <!-- validateCounty -->
  <testcase classname="naco.testcases.TC_4_NorthEast_CountyWebsiteValidation" name="validateCounty" time="1.22"/>
  <testcase classname="naco.testcases.TC_4_NorthEast_CountyWebsiteValidation" name="validateCounty" time="17.362"/>
  <testcase classname="naco.testcases.TC_4_NorthEast_CountyWebsiteValidation" name="validateCounty" time="0.662"/>
  <testcase classname="naco.testcases.TC_4_NorthEast_CountyWebsiteValidation" name="validateCounty" time="0.863">
    <failure type="org.openqa.selenium.WebDriverException" message="unknown error: net::ERR_NAME_NOT_RESOLVED
  (Session info: chrome=148.0.7778.96)
Build info: version: &amp;apos;4.43.0&amp;apos;, revision: &amp;apos;dd0f534&amp;apos;
System info: os.name: &amp;apos;Windows 11&amp;apos;, os.arch: &amp;apos;amd64&amp;apos;, os.version: &amp;apos;10.0&amp;apos;, java.version: &amp;apos;25.0.1&amp;apos;
Driver info: org.openqa.selenium.chrome.ChromeDriver
Command: [41ede5eb14bd377f335ff089e32230bd, get {url=http://www.co.cayuga.ny.us}]
Capabilities {acceptInsecureCerts: false, browserName: chrome, browserVersion: 148.0.7778.96, chrome: {chromedriverVersion: 148.0.7778.97 (6b3fa66a923a..., userDataDir: C:\Users\athir\AppData\Loca...}, fedcm:accounts: true, goog:chromeOptions: {debuggerAddress: localhost:59967}, goog:processID: 48860, networkConnectionEnabled: false, pageLoadStrategy: normal, platformName: windows, proxy: Proxy(), se:cdp: ws://localhost:59967/devtoo..., se:cdpVersion: 148.0.7778.96, setWindowRect: true, strictFileInteractability: false, timeouts: {implicit: 0, pageLoad: 300000, script: 30000}, unhandledPromptBehavior: dismiss and notify, webauthn:extension:credBlob: true, webauthn:extension:largeBlob: true, webauthn:extension:minPinLength: true, webauthn:extension:prf: true, webauthn:virtualAuthenticators: true}
Session ID: 41ede5eb14bd377f335ff089e32230bd">
      <![CDATA[org.openqa.selenium.WebDriverException: unknown error: net::ERR_NAME_NOT_RESOLVED
  (Session info: chrome=148.0.7778.96)
Build info: version: '4.43.0', revision: 'dd0f534'
System info: os.name: 'Windows 11', os.arch: 'amd64', os.version: '10.0', java.version: '25.0.1'
Driver info: org.openqa.selenium.chrome.ChromeDriver
Command: [41ede5eb14bd377f335ff089e32230bd, get {url=http://www.co.cayuga.ny.us}]
Capabilities {acceptInsecureCerts: false, browserName: chrome, browserVersion: 148.0.7778.96, chrome: {chromedriverVersion: 148.0.7778.97 (6b3fa66a923a..., userDataDir: C:\Users\athir\AppData\Loca...}, fedcm:accounts: true, goog:chromeOptions: {debuggerAddress: localhost:59967}, goog:processID: 48860, networkConnectionEnabled: false, pageLoadStrategy: normal, platformName: windows, proxy: Proxy(), se:cdp: ws://localhost:59967/devtoo..., se:cdpVersion: 148.0.7778.96, setWindowRect: true, strictFileInteractability: false, timeouts: {implicit: 0, pageLoad: 300000, script: 30000}, unhandledPromptBehavior: dismiss and notify, webauthn:extension:credBlob: true, webauthn:extension:largeBlob: true, webauthn:extension:minPinLength: true, webauthn:extension:prf: true, webauthn:virtualAuthenticators: true}
Session ID: 41ede5eb14bd377f335ff089e32230bd
at org.openqa.selenium.remote.ErrorCodec.decode(ErrorCodec.java:169)
at org.openqa.selenium.remote.codec.w3c.W3CHttpResponseCodec.decode(W3CHttpResponseCodec.java:142)
at org.openqa.selenium.remote.codec.w3c.W3CHttpResponseCodec.decode(W3CHttpResponseCodec.java:49)
at org.openqa.selenium.remote.HttpCommandExecutor.execute(HttpCommandExecutor.java:223)
at org.openqa.selenium.remote.service.DriverCommandExecutor.invokeExecute(DriverCommandExecutor.java:216)
at org.openqa.selenium.remote.service.DriverCommandExecutor.execute(DriverCommandExecutor.java:174)
at org.openqa.selenium.remote.RemoteWebDriver.execute(RemoteWebDriver.java:606)
at org.openqa.selenium.remote.RemoteWebDriver.get(RemoteWebDriver.java:374)
at naco.testcases.TC_4_NorthEast_CountyWebsiteValidation.validateCounty(TC_4_NorthEast_CountyWebsiteValidation.java:91)
at java.base/java.util.ArrayList.forEach(ArrayList.java:1604)
... Removed 25 stack frames]]>
    </failure>
  </testcase> <!-- validateCounty -->
  <testcase classname="naco.testcases.TC_4_NorthEast_CountyWebsiteValidation" name="validateCounty" time="2.364"/>
  <testcase classname="naco.testcases.TC_4_NorthEast_CountyWebsiteValidation" name="validateCounty" time="2.407"/>
  <testcase classname="naco.testcases.TC_4_NorthEast_CountyWebsiteValidation" name="validateCounty" time="0.718"/>
  <testcase classname="naco.testcases.TC_4_NorthEast_CountyWebsiteValidation" name="validateCounty" time="2.821"/>
  <testcase classname="naco.testcases.TC_4_NorthEast_CountyWebsiteValidation" name="validateCounty" time="0.701"/>
  <testcase classname="naco.testcases.TC_4_NorthEast_CountyWebsiteValidation" name="validateCounty" time="1.029"/>
  <testcase classname="naco.testcases.TC_4_NorthEast_CountyWebsiteValidation" name="validateCounty" time="2.764"/>
  <testcase classname="naco.testcases.TC_4_NorthEast_CountyWebsiteValidation" name="validateCounty" time="0.717"/>
  <testcase classname="naco.testcases.TC_4_NorthEast_CountyWebsiteValidation" name="validateCounty" time="0.655"/>
  <testcase classname="naco.testcases.TC_4_NorthEast_CountyWebsiteValidation" name="validateCounty" time="3.393"/>
  <testcase classname="naco.testcases.TC_4_NorthEast_CountyWebsiteValidation" name="validateCounty" time="0.917"/>
  <testcase classname="naco.testcases.TC_4_NorthEast_CountyWebsiteValidation" name="validateCounty" time="0.644"/>
  <testcase classname="naco.testcases.TC_4_NorthEast_CountyWebsiteValidation" name="validateCounty" time="3.849">
    <failure type="java.lang.AssertionError" message="HTTP Status 403 for http://www.co.genesee.ny.us/ expected [200] but found [403]">
      <![CDATA[java.lang.AssertionError: HTTP Status 403 for http://www.co.genesee.ny.us/ expected [200] but found [403]
at naco.testcases.TC_4_NorthEast_CountyWebsiteValidation.validateCounty(TC_4_NorthEast_CountyWebsiteValidation.java:87)
at java.base/java.util.ArrayList.forEach(ArrayList.java:1604)
... Removed 31 stack frames]]>
    </failure>
  </testcase> <!-- validateCounty -->
  <testcase classname="naco.testcases.TC_4_NorthEast_CountyWebsiteValidation" name="validateCounty" time="1.601"/>
  <testcase classname="naco.testcases.TC_4_NorthEast_CountyWebsiteValidation" name="validateCounty" time="0.504"/>
  <testcase classname="naco.testcases.TC_4_NorthEast_CountyWebsiteValidation" name="validateCounty" time="2.375"/>
  <testcase classname="naco.testcases.TC_4_NorthEast_CountyWebsiteValidation" name="validateCounty" time="0.765"/>
  <testcase classname="naco.testcases.TC_4_NorthEast_CountyWebsiteValidation" name="validateCounty" time="1.082">
    <failure type="java.lang.AssertionError" message="HTTP Status 403 for http://www.lewiscountyny.org expected [200] but found [403]">
      <![CDATA[java.lang.AssertionError: HTTP Status 403 for http://www.lewiscountyny.org expected [200] but found [403]
at naco.testcases.TC_4_NorthEast_CountyWebsiteValidation.validateCounty(TC_4_NorthEast_CountyWebsiteValidation.java:87)
at java.base/java.util.ArrayList.forEach(ArrayList.java:1604)
... Removed 31 stack frames]]>
    </failure>
  </testcase> <!-- validateCounty -->
  <testcase classname="naco.testcases.TC_4_NorthEast_CountyWebsiteValidation" name="validateCounty" time="1.35"/>
  <testcase classname="naco.testcases.TC_4_NorthEast_CountyWebsiteValidation" name="validateCounty" time="1.135"/>
  <testcase classname="naco.testcases.TC_4_NorthEast_CountyWebsiteValidation" name="validateCounty" time="0.563"/>
  <testcase classname="naco.testcases.TC_4_NorthEast_CountyWebsiteValidation" name="validateCounty" time="0.816"/>
  <testcase classname="naco.testcases.TC_4_NorthEast_CountyWebsiteValidation" name="validateCounty" time="0.842"/>
  <testcase classname="naco.testcases.TC_4_NorthEast_CountyWebsiteValidation" name="validateCounty" time="0.608"/>
  <testcase classname="naco.testcases.TC_4_NorthEast_CountyWebsiteValidation" name="validateCounty" time="0.544"/>
  <testcase classname="naco.testcases.TC_4_NorthEast_CountyWebsiteValidation" name="validateCounty" time="1.48"/>
  <testcase classname="naco.testcases.TC_4_NorthEast_CountyWebsiteValidation" name="validateCounty" time="0.63"/>
  <testcase classname="naco.testcases.TC_4_NorthEast_CountyWebsiteValidation" name="validateCounty" time="1.038"/>
  <testcase classname="naco.testcases.TC_4_NorthEast_CountyWebsiteValidation" name="validateCounty" time="1.06"/>
  <testcase classname="naco.testcases.TC_4_NorthEast_CountyWebsiteValidation" name="validateCounty" time="0.837"/>
  <testcase classname="naco.testcases.TC_4_NorthEast_CountyWebsiteValidation" name="validateCounty" time="1.09"/>
  <testcase classname="naco.testcases.TC_4_NorthEast_CountyWebsiteValidation" name="validateCounty" time="0.788"/>
  <testcase classname="naco.testcases.TC_4_NorthEast_CountyWebsiteValidation" name="validateCounty" time="2.301"/>
  <testcase classname="naco.testcases.TC_4_NorthEast_CountyWebsiteValidation" name="validateCounty" time="1.035"/>
  <testcase classname="naco.testcases.TC_4_NorthEast_CountyWebsiteValidation" name="validateCounty" time="4.844">
    <failure type="java.lang.AssertionError" message="HTTP Status 403 for http://www.co.rockland.ny.us expected [200] but found [403]">
      <![CDATA[java.lang.AssertionError: HTTP Status 403 for http://www.co.rockland.ny.us expected [200] but found [403]
at naco.testcases.TC_4_NorthEast_CountyWebsiteValidation.validateCounty(TC_4_NorthEast_CountyWebsiteValidation.java:87)
at java.base/java.util.ArrayList.forEach(ArrayList.java:1604)
... Removed 31 stack frames]]>
    </failure>
  </testcase> <!-- validateCounty -->
  <testcase classname="naco.testcases.TC_4_NorthEast_CountyWebsiteValidation" name="validateCounty" time="64.077">
    <failure type="org.openqa.selenium.WebDriverException" message="unknown error: net::ERR_CONNECTION_TIMED_OUT
  (Session info: chrome=148.0.7778.96)
Build info: version: &amp;apos;4.43.0&amp;apos;, revision: &amp;apos;dd0f534&amp;apos;
System info: os.name: &amp;apos;Windows 11&amp;apos;, os.arch: &amp;apos;amd64&amp;apos;, os.version: &amp;apos;10.0&amp;apos;, java.version: &amp;apos;25.0.1&amp;apos;
Driver info: org.openqa.selenium.chrome.ChromeDriver
Command: [41ede5eb14bd377f335ff089e32230bd, get {url=https://www.co.st-lawrence.ny.us/}]
Capabilities {acceptInsecureCerts: false, browserName: chrome, browserVersion: 148.0.7778.96, chrome: {chromedriverVersion: 148.0.7778.97 (6b3fa66a923a..., userDataDir: C:\Users\athir\AppData\Loca...}, fedcm:accounts: true, goog:chromeOptions: {debuggerAddress: localhost:59967}, goog:processID: 48860, networkConnectionEnabled: false, pageLoadStrategy: normal, platformName: windows, proxy: Proxy(), se:cdp: ws://localhost:59967/devtoo..., se:cdpVersion: 148.0.7778.96, setWindowRect: true, strictFileInteractability: false, timeouts: {implicit: 0, pageLoad: 300000, script: 30000}, unhandledPromptBehavior: dismiss and notify, webauthn:extension:credBlob: true, webauthn:extension:largeBlob: true, webauthn:extension:minPinLength: true, webauthn:extension:prf: true, webauthn:virtualAuthenticators: true}
Session ID: 41ede5eb14bd377f335ff089e32230bd">
      <![CDATA[org.openqa.selenium.WebDriverException: unknown error: net::ERR_CONNECTION_TIMED_OUT
  (Session info: chrome=148.0.7778.96)
Build info: version: '4.43.0', revision: 'dd0f534'
System info: os.name: 'Windows 11', os.arch: 'amd64', os.version: '10.0', java.version: '25.0.1'
Driver info: org.openqa.selenium.chrome.ChromeDriver
Command: [41ede5eb14bd377f335ff089e32230bd, get {url=https://www.co.st-lawrence.ny.us/}]
Capabilities {acceptInsecureCerts: false, browserName: chrome, browserVersion: 148.0.7778.96, chrome: {chromedriverVersion: 148.0.7778.97 (6b3fa66a923a..., userDataDir: C:\Users\athir\AppData\Loca...}, fedcm:accounts: true, goog:chromeOptions: {debuggerAddress: localhost:59967}, goog:processID: 48860, networkConnectionEnabled: false, pageLoadStrategy: normal, platformName: windows, proxy: Proxy(), se:cdp: ws://localhost:59967/devtoo..., se:cdpVersion: 148.0.7778.96, setWindowRect: true, strictFileInteractability: false, timeouts: {implicit: 0, pageLoad: 300000, script: 30000}, unhandledPromptBehavior: dismiss and notify, webauthn:extension:credBlob: true, webauthn:extension:largeBlob: true, webauthn:extension:minPinLength: true, webauthn:extension:prf: true, webauthn:virtualAuthenticators: true}
Session ID: 41ede5eb14bd377f335ff089e32230bd
at org.openqa.selenium.remote.ErrorCodec.decode(ErrorCodec.java:169)
at org.openqa.selenium.remote.codec.w3c.W3CHttpResponseCodec.decode(W3CHttpResponseCodec.java:142)
at org.openqa.selenium.remote.codec.w3c.W3CHttpResponseCodec.decode(W3CHttpResponseCodec.java:49)
at org.openqa.selenium.remote.HttpCommandExecutor.execute(HttpCommandExecutor.java:223)
at org.openqa.selenium.remote.service.DriverCommandExecutor.invokeExecute(DriverCommandExecutor.java:216)
at org.openqa.selenium.remote.service.DriverCommandExecutor.execute(DriverCommandExecutor.java:174)
at org.openqa.selenium.remote.RemoteWebDriver.execute(RemoteWebDriver.java:606)
at org.openqa.selenium.remote.RemoteWebDriver.get(RemoteWebDriver.java:374)
at naco.testcases.TC_4_NorthEast_CountyWebsiteValidation.validateCounty(TC_4_NorthEast_CountyWebsiteValidation.java:91)
at java.base/java.util.ArrayList.forEach(ArrayList.java:1604)
... Removed 25 stack frames]]>
    </failure>
  </testcase> <!-- validateCounty -->
  <testcase classname="naco.testcases.TC_4_NorthEast_CountyWebsiteValidation" name="validateCounty" time="1.509"/>
  <testcase classname="naco.testcases.TC_4_NorthEast_CountyWebsiteValidation" name="validateCounty" time="0.778"/>
  <testcase classname="naco.testcases.TC_4_NorthEast_CountyWebsiteValidation" name="validateCounty" time="0.724"/>
  <testcase classname="naco.testcases.TC_4_NorthEast_CountyWebsiteValidation" name="validateCounty" time="0.913"/>
  <testcase classname="naco.testcases.TC_4_NorthEast_CountyWebsiteValidation" name="validateCounty" time="0.863"/>
  <testcase classname="naco.testcases.TC_4_NorthEast_CountyWebsiteValidation" name="validateCounty" time="0.935">
    <failure type="java.lang.AssertionError" message="HTTP Status 403 for https://www.steubencony.org/ expected [200] but found [403]">
      <![CDATA[java.lang.AssertionError: HTTP Status 403 for https://www.steubencony.org/ expected [200] but found [403]
at naco.testcases.TC_4_NorthEast_CountyWebsiteValidation.validateCounty(TC_4_NorthEast_CountyWebsiteValidation.java:87)
at java.base/java.util.ArrayList.forEach(ArrayList.java:1604)
... Removed 31 stack frames]]>
    </failure>
  </testcase> <!-- validateCounty -->
  <testcase classname="naco.testcases.TC_4_NorthEast_CountyWebsiteValidation" name="validateCounty" time="2.888">
    <failure type="java.lang.AssertionError" message="HTTP Status 403 for http://www.suffolkcountyny.gov/ expected [200] but found [403]">
      <![CDATA[java.lang.AssertionError: HTTP Status 403 for http://www.suffolkcountyny.gov/ expected [200] but found [403]
at naco.testcases.TC_4_NorthEast_CountyWebsiteValidation.validateCounty(TC_4_NorthEast_CountyWebsiteValidation.java:87)
at java.base/java.util.ArrayList.forEach(ArrayList.java:1604)
... Removed 31 stack frames]]>
    </failure>
  </testcase> <!-- validateCounty -->
  <testcase classname="naco.testcases.TC_4_NorthEast_CountyWebsiteValidation" name="validateCounty" time="0.892"/>
  <testcase classname="naco.testcases.TC_4_NorthEast_CountyWebsiteValidation" name="validateCounty" time="0.593"/>
  <testcase classname="naco.testcases.TC_4_NorthEast_CountyWebsiteValidation" name="validateCounty" time="3.729">
    <failure type="java.lang.AssertionError" message="HTTP Status 403 for http://tompkinscountyny.gov/ expected [200] but found [403]">
      <![CDATA[java.lang.AssertionError: HTTP Status 403 for http://tompkinscountyny.gov/ expected [200] but found [403]
at naco.testcases.TC_4_NorthEast_CountyWebsiteValidation.validateCounty(TC_4_NorthEast_CountyWebsiteValidation.java:87)
at java.base/java.util.ArrayList.forEach(ArrayList.java:1604)
... Removed 31 stack frames]]>
    </failure>
  </testcase> <!-- validateCounty -->
  <testcase classname="naco.testcases.TC_4_NorthEast_CountyWebsiteValidation" name="validateCounty" time="42.623">
    <failure type="org.openqa.selenium.WebDriverException" message="unknown error: net::ERR_CONNECTION_TIMED_OUT
  (Session info: chrome=148.0.7778.96)
Build info: version: &amp;apos;4.43.0&amp;apos;, revision: &amp;apos;dd0f534&amp;apos;
System info: os.name: &amp;apos;Windows 11&amp;apos;, os.arch: &amp;apos;amd64&amp;apos;, os.version: &amp;apos;10.0&amp;apos;, java.version: &amp;apos;25.0.1&amp;apos;
Driver info: org.openqa.selenium.chrome.ChromeDriver
Command: [41ede5eb14bd377f335ff089e32230bd, get {url=http://www.co.ulster.ny.us/}]
Capabilities {acceptInsecureCerts: false, browserName: chrome, browserVersion: 148.0.7778.96, chrome: {chromedriverVersion: 148.0.7778.97 (6b3fa66a923a..., userDataDir: C:\Users\athir\AppData\Loca...}, fedcm:accounts: true, goog:chromeOptions: {debuggerAddress: localhost:59967}, goog:processID: 48860, networkConnectionEnabled: false, pageLoadStrategy: normal, platformName: windows, proxy: Proxy(), se:cdp: ws://localhost:59967/devtoo..., se:cdpVersion: 148.0.7778.96, setWindowRect: true, strictFileInteractability: false, timeouts: {implicit: 0, pageLoad: 300000, script: 30000}, unhandledPromptBehavior: dismiss and notify, webauthn:extension:credBlob: true, webauthn:extension:largeBlob: true, webauthn:extension:minPinLength: true, webauthn:extension:prf: true, webauthn:virtualAuthenticators: true}
Session ID: 41ede5eb14bd377f335ff089e32230bd">
      <![CDATA[org.openqa.selenium.WebDriverException: unknown error: net::ERR_CONNECTION_TIMED_OUT
  (Session info: chrome=148.0.7778.96)
Build info: version: '4.43.0', revision: 'dd0f534'
System info: os.name: 'Windows 11', os.arch: 'amd64', os.version: '10.0', java.version: '25.0.1'
Driver info: org.openqa.selenium.chrome.ChromeDriver
Command: [41ede5eb14bd377f335ff089e32230bd, get {url=http://www.co.ulster.ny.us/}]
Capabilities {acceptInsecureCerts: false, browserName: chrome, browserVersion: 148.0.7778.96, chrome: {chromedriverVersion: 148.0.7778.97 (6b3fa66a923a..., userDataDir: C:\Users\athir\AppData\Loca...}, fedcm:accounts: true, goog:chromeOptions: {debuggerAddress: localhost:59967}, goog:processID: 48860, networkConnectionEnabled: false, pageLoadStrategy: normal, platformName: windows, proxy: Proxy(), se:cdp: ws://localhost:59967/devtoo..., se:cdpVersion: 148.0.7778.96, setWindowRect: true, strictFileInteractability: false, timeouts: {implicit: 0, pageLoad: 300000, script: 30000}, unhandledPromptBehavior: dismiss and notify, webauthn:extension:credBlob: true, webauthn:extension:largeBlob: true, webauthn:extension:minPinLength: true, webauthn:extension:prf: true, webauthn:virtualAuthenticators: true}
Session ID: 41ede5eb14bd377f335ff089e32230bd
at org.openqa.selenium.remote.ErrorCodec.decode(ErrorCodec.java:169)
at org.openqa.selenium.remote.codec.w3c.W3CHttpResponseCodec.decode(W3CHttpResponseCodec.java:142)
at org.openqa.selenium.remote.codec.w3c.W3CHttpResponseCodec.decode(W3CHttpResponseCodec.java:49)
at org.openqa.selenium.remote.HttpCommandExecutor.execute(HttpCommandExecutor.java:223)
at org.openqa.selenium.remote.service.DriverCommandExecutor.invokeExecute(DriverCommandExecutor.java:216)
at org.openqa.selenium.remote.service.DriverCommandExecutor.execute(DriverCommandExecutor.java:174)
at org.openqa.selenium.remote.RemoteWebDriver.execute(RemoteWebDriver.java:606)
at org.openqa.selenium.remote.RemoteWebDriver.get(RemoteWebDriver.java:374)
at naco.testcases.TC_4_NorthEast_CountyWebsiteValidation.validateCounty(TC_4_NorthEast_CountyWebsiteValidation.java:91)
at java.base/java.util.ArrayList.forEach(ArrayList.java:1604)
... Removed 25 stack frames]]>
    </failure>
  </testcase> <!-- validateCounty -->
  <testcase classname="naco.testcases.TC_4_NorthEast_CountyWebsiteValidation" name="validateCounty" time="0.596"/>
  <testcase classname="naco.testcases.TC_4_NorthEast_CountyWebsiteValidation" name="validateCounty" time="0.819"/>
  <testcase classname="naco.testcases.TC_4_NorthEast_CountyWebsiteValidation" name="validateCounty" time="0.497"/>
  <testcase classname="naco.testcases.TC_4_NorthEast_CountyWebsiteValidation" name="validateCounty" time="1.495"/>
  <testcase classname="naco.testcases.TC_4_NorthEast_CountyWebsiteValidation" name="validateCounty" time="1.163"/>
  <testcase classname="naco.testcases.TC_4_NorthEast_CountyWebsiteValidation" name="validateCounty" time="1.084"/>
  <testcase classname="naco.testcases.TC_4_NorthEast_CountyWebsiteValidation" name="validateCounty" time="3.462">
    <failure type="java.lang.AssertionError" message="HTTP Status 403 for http://www.adamscounty.us expected [200] but found [403]">
      <![CDATA[java.lang.AssertionError: HTTP Status 403 for http://www.adamscounty.us expected [200] but found [403]
at naco.testcases.TC_4_NorthEast_CountyWebsiteValidation.validateCounty(TC_4_NorthEast_CountyWebsiteValidation.java:87)
at java.base/java.util.ArrayList.forEach(ArrayList.java:1604)
... Removed 31 stack frames]]>
    </failure>
  </testcase> <!-- validateCounty -->
  <testcase classname="naco.testcases.TC_4_NorthEast_CountyWebsiteValidation" name="validateCounty" time="63.701">
    <failure type="org.openqa.selenium.WebDriverException" message="unknown error: net::ERR_CONNECTION_TIMED_OUT
  (Session info: chrome=148.0.7778.96)
Build info: version: &amp;apos;4.43.0&amp;apos;, revision: &amp;apos;dd0f534&amp;apos;
System info: os.name: &amp;apos;Windows 11&amp;apos;, os.arch: &amp;apos;amd64&amp;apos;, os.version: &amp;apos;10.0&amp;apos;, java.version: &amp;apos;25.0.1&amp;apos;
Driver info: org.openqa.selenium.chrome.ChromeDriver
Command: [41ede5eb14bd377f335ff089e32230bd, get {url=http://www.county.allegheny.pa.us}]
Capabilities {acceptInsecureCerts: false, browserName: chrome, browserVersion: 148.0.7778.96, chrome: {chromedriverVersion: 148.0.7778.97 (6b3fa66a923a..., userDataDir: C:\Users\athir\AppData\Loca...}, fedcm:accounts: true, goog:chromeOptions: {debuggerAddress: localhost:59967}, goog:processID: 48860, networkConnectionEnabled: false, pageLoadStrategy: normal, platformName: windows, proxy: Proxy(), se:cdp: ws://localhost:59967/devtoo..., se:cdpVersion: 148.0.7778.96, setWindowRect: true, strictFileInteractability: false, timeouts: {implicit: 0, pageLoad: 300000, script: 30000}, unhandledPromptBehavior: dismiss and notify, webauthn:extension:credBlob: true, webauthn:extension:largeBlob: true, webauthn:extension:minPinLength: true, webauthn:extension:prf: true, webauthn:virtualAuthenticators: true}
Session ID: 41ede5eb14bd377f335ff089e32230bd">
      <![CDATA[org.openqa.selenium.WebDriverException: unknown error: net::ERR_CONNECTION_TIMED_OUT
  (Session info: chrome=148.0.7778.96)
Build info: version: '4.43.0', revision: 'dd0f534'
System info: os.name: 'Windows 11', os.arch: 'amd64', os.version: '10.0', java.version: '25.0.1'
Driver info: org.openqa.selenium.chrome.ChromeDriver
Command: [41ede5eb14bd377f335ff089e32230bd, get {url=http://www.county.allegheny.pa.us}]
Capabilities {acceptInsecureCerts: false, browserName: chrome, browserVersion: 148.0.7778.96, chrome: {chromedriverVersion: 148.0.7778.97 (6b3fa66a923a..., userDataDir: C:\Users\athir\AppData\Loca...}, fedcm:accounts: true, goog:chromeOptions: {debuggerAddress: localhost:59967}, goog:processID: 48860, networkConnectionEnabled: false, pageLoadStrategy: normal, platformName: windows, proxy: Proxy(), se:cdp: ws://localhost:59967/devtoo..., se:cdpVersion: 148.0.7778.96, setWindowRect: true, strictFileInteractability: false, timeouts: {implicit: 0, pageLoad: 300000, script: 30000}, unhandledPromptBehavior: dismiss and notify, webauthn:extension:credBlob: true, webauthn:extension:largeBlob: true, webauthn:extension:minPinLength: true, webauthn:extension:prf: true, webauthn:virtualAuthenticators: true}
Session ID: 41ede5eb14bd377f335ff089e32230bd
at org.openqa.selenium.remote.ErrorCodec.decode(ErrorCodec.java:169)
at org.openqa.selenium.remote.codec.w3c.W3CHttpResponseCodec.decode(W3CHttpResponseCodec.java:142)
at org.openqa.selenium.remote.codec.w3c.W3CHttpResponseCodec.decode(W3CHttpResponseCodec.java:49)
at org.openqa.selenium.remote.HttpCommandExecutor.execute(HttpCommandExecutor.java:223)
at org.openqa.selenium.remote.service.DriverCommandExecutor.invokeExecute(DriverCommandExecutor.java:216)
at org.openqa.selenium.remote.service.DriverCommandExecutor.execute(DriverCommandExecutor.java:174)
at org.openqa.selenium.remote.RemoteWebDriver.execute(RemoteWebDriver.java:606)
at org.openqa.selenium.remote.RemoteWebDriver.get(RemoteWebDriver.java:374)
at naco.testcases.TC_4_NorthEast_CountyWebsiteValidation.validateCounty(TC_4_NorthEast_CountyWebsiteValidation.java:91)
at java.base/java.util.ArrayList.forEach(ArrayList.java:1604)
... Removed 25 stack frames]]>
    </failure>
  </testcase> <!-- validateCounty -->
  <testcase classname="naco.testcases.TC_4_NorthEast_CountyWebsiteValidation" name="validateCounty" time="1.083"/>
  <testcase classname="naco.testcases.TC_4_NorthEast_CountyWebsiteValidation" name="validateCounty" time="0.887"/>
  <testcase classname="naco.testcases.TC_4_NorthEast_CountyWebsiteValidation" name="validateCounty" time="0.788"/>
  <testcase classname="naco.testcases.TC_4_NorthEast_CountyWebsiteValidation" name="validateCounty" time="1.768"/>
  <testcase classname="naco.testcases.TC_4_NorthEast_CountyWebsiteValidation" name="validateCounty" time="1.035"/>
  <testcase classname="naco.testcases.TC_4_NorthEast_CountyWebsiteValidation" name="validateCounty" time="1.015"/>
  <testcase classname="naco.testcases.TC_4_NorthEast_CountyWebsiteValidation" name="validateCounty" time="0.603"/>
  <testcase classname="naco.testcases.TC_4_NorthEast_CountyWebsiteValidation" name="validateCounty" time="1.11"/>
  <testcase classname="naco.testcases.TC_4_NorthEast_CountyWebsiteValidation" name="validateCounty" time="1.427"/>
  <testcase classname="naco.testcases.TC_4_NorthEast_CountyWebsiteValidation" name="validateCounty" time="0.93"/>
  <testcase classname="naco.testcases.TC_4_NorthEast_CountyWebsiteValidation" name="validateCounty" time="0.59"/>
  <testcase classname="naco.testcases.TC_4_NorthEast_CountyWebsiteValidation" name="validateCounty" time="1.188"/>
  <testcase classname="naco.testcases.TC_4_NorthEast_CountyWebsiteValidation" name="validateCounty" time="0.917"/>
  <testcase classname="naco.testcases.TC_4_NorthEast_CountyWebsiteValidation" name="validateCounty" time="0.607"/>
  <testcase classname="naco.testcases.TC_4_NorthEast_CountyWebsiteValidation" name="validateCounty" time="5.004"/>
  <testcase classname="naco.testcases.TC_4_NorthEast_CountyWebsiteValidation" name="validateCounty" time="2.6">
    <failure type="java.lang.AssertionError" message="HTTP Status 403 for http://www.clintoncountypa.com/ expected [200] but found [403]">
      <![CDATA[java.lang.AssertionError: HTTP Status 403 for http://www.clintoncountypa.com/ expected [200] but found [403]
at naco.testcases.TC_4_NorthEast_CountyWebsiteValidation.validateCounty(TC_4_NorthEast_CountyWebsiteValidation.java:87)
at java.base/java.util.ArrayList.forEach(ArrayList.java:1604)
... Removed 31 stack frames]]>
    </failure>
  </testcase> <!-- validateCounty -->
  <testcase classname="naco.testcases.TC_4_NorthEast_CountyWebsiteValidation" name="validateCounty" time="0.551"/>
  <testcase classname="naco.testcases.TC_4_NorthEast_CountyWebsiteValidation" name="validateCounty" time="0.656"/>
  <testcase classname="naco.testcases.TC_4_NorthEast_CountyWebsiteValidation" name="validateCounty" time="1.584"/>
  <testcase classname="naco.testcases.TC_4_NorthEast_CountyWebsiteValidation" name="validateCounty" time="0.446"/>
  <testcase classname="naco.testcases.TC_4_NorthEast_CountyWebsiteValidation" name="validateCounty" time="0.969">
    <failure type="java.lang.AssertionError" message="HTTP Status 403 for http://www.co.delaware.pa.us expected [200] but found [403]">
      <![CDATA[java.lang.AssertionError: HTTP Status 403 for http://www.co.delaware.pa.us expected [200] but found [403]
at naco.testcases.TC_4_NorthEast_CountyWebsiteValidation.validateCounty(TC_4_NorthEast_CountyWebsiteValidation.java:87)
at java.base/java.util.ArrayList.forEach(ArrayList.java:1604)
... Removed 31 stack frames]]>
    </failure>
  </testcase> <!-- validateCounty -->
  <testcase classname="naco.testcases.TC_4_NorthEast_CountyWebsiteValidation" name="validateCounty" time="1.232">
    <failure type="java.lang.AssertionError" message="HTTP Status 406 for http://www.co.elk.pa.us/ expected [200] but found [406]">
      <![CDATA[java.lang.AssertionError: HTTP Status 406 for http://www.co.elk.pa.us/ expected [200] but found [406]
at naco.testcases.TC_4_NorthEast_CountyWebsiteValidation.validateCounty(TC_4_NorthEast_CountyWebsiteValidation.java:87)
at java.base/java.util.ArrayList.forEach(ArrayList.java:1604)
... Removed 31 stack frames]]>
    </failure>
  </testcase> <!-- validateCounty -->
  <testcase classname="naco.testcases.TC_4_NorthEast_CountyWebsiteValidation" name="validateCounty" time="4.361"/>
  <testcase classname="naco.testcases.TC_4_NorthEast_CountyWebsiteValidation" name="validateCounty" time="0.75"/>
  <testcase classname="naco.testcases.TC_4_NorthEast_CountyWebsiteValidation" name="validateCounty" time="0.631"/>
  <testcase classname="naco.testcases.TC_4_NorthEast_CountyWebsiteValidation" name="validateCounty" time="0.588"/>
  <testcase classname="naco.testcases.TC_4_NorthEast_CountyWebsiteValidation" name="validateCounty" time="0.703"/>
  <testcase classname="naco.testcases.TC_4_NorthEast_CountyWebsiteValidation" name="validateCounty" time="26.273">
    <failure type="java.lang.AssertionError" message="HTTP Status -1 for http://www.co.greene.pa.us expected [200] but found [-1]">
      <![CDATA[java.lang.AssertionError: HTTP Status -1 for http://www.co.greene.pa.us expected [200] but found [-1]
at naco.testcases.TC_4_NorthEast_CountyWebsiteValidation.validateCounty(TC_4_NorthEast_CountyWebsiteValidation.java:87)
at java.base/java.util.ArrayList.forEach(ArrayList.java:1604)
... Removed 31 stack frames]]>
    </failure>
  </testcase> <!-- validateCounty -->
  <testcase classname="naco.testcases.TC_4_NorthEast_CountyWebsiteValidation" name="validateCounty" time="1.611"/>
  <testcase classname="naco.testcases.TC_4_NorthEast_CountyWebsiteValidation" name="validateCounty" time="0.923"/>
  <testcase classname="naco.testcases.TC_4_NorthEast_CountyWebsiteValidation" name="validateCounty" time="0.894"/>
  <testcase classname="naco.testcases.TC_4_NorthEast_CountyWebsiteValidation" name="validateCounty" time="1.357"/>
  <testcase classname="naco.testcases.TC_4_NorthEast_CountyWebsiteValidation" name="validateCounty" time="0.52"/>
  <testcase classname="naco.testcases.TC_4_NorthEast_CountyWebsiteValidation" name="validateCounty" time="1.198"/>
  <testcase classname="naco.testcases.TC_4_NorthEast_CountyWebsiteValidation" name="validateCounty" time="1.621"/>
  <testcase classname="naco.testcases.TC_4_NorthEast_CountyWebsiteValidation" name="validateCounty" time="1.526"/>
  <testcase classname="naco.testcases.TC_4_NorthEast_CountyWebsiteValidation" name="validateCounty" time="0.821"/>
  <testcase classname="naco.testcases.TC_4_NorthEast_CountyWebsiteValidation" name="validateCounty" time="1.036"/>
  <testcase classname="naco.testcases.TC_4_NorthEast_CountyWebsiteValidation" name="validateCounty" time="0.838"/>
  <testcase classname="naco.testcases.TC_4_NorthEast_CountyWebsiteValidation" name="validateCounty" time="0.819"/>
  <testcase classname="naco.testcases.TC_4_NorthEast_CountyWebsiteValidation" name="validateCounty" time="42.677">
    <failure type="org.openqa.selenium.WebDriverException" message="unknown error: net::ERR_CONNECTION_TIMED_OUT
  (Session info: chrome=148.0.7778.96)
Build info: version: &amp;apos;4.43.0&amp;apos;, revision: &amp;apos;dd0f534&amp;apos;
System info: os.name: &amp;apos;Windows 11&amp;apos;, os.arch: &amp;apos;amd64&amp;apos;, os.version: &amp;apos;10.0&amp;apos;, java.version: &amp;apos;25.0.1&amp;apos;
Driver info: org.openqa.selenium.chrome.ChromeDriver
Command: [41ede5eb14bd377f335ff089e32230bd, get {url=http://www.mcc.co.mercer.pa.us/}]
Capabilities {acceptInsecureCerts: false, browserName: chrome, browserVersion: 148.0.7778.96, chrome: {chromedriverVersion: 148.0.7778.97 (6b3fa66a923a..., userDataDir: C:\Users\athir\AppData\Loca...}, fedcm:accounts: true, goog:chromeOptions: {debuggerAddress: localhost:59967}, goog:processID: 48860, networkConnectionEnabled: false, pageLoadStrategy: normal, platformName: windows, proxy: Proxy(), se:cdp: ws://localhost:59967/devtoo..., se:cdpVersion: 148.0.7778.96, setWindowRect: true, strictFileInteractability: false, timeouts: {implicit: 0, pageLoad: 300000, script: 30000}, unhandledPromptBehavior: dismiss and notify, webauthn:extension:credBlob: true, webauthn:extension:largeBlob: true, webauthn:extension:minPinLength: true, webauthn:extension:prf: true, webauthn:virtualAuthenticators: true}
Session ID: 41ede5eb14bd377f335ff089e32230bd">
      <![CDATA[org.openqa.selenium.WebDriverException: unknown error: net::ERR_CONNECTION_TIMED_OUT
  (Session info: chrome=148.0.7778.96)
Build info: version: '4.43.0', revision: 'dd0f534'
System info: os.name: 'Windows 11', os.arch: 'amd64', os.version: '10.0', java.version: '25.0.1'
Driver info: org.openqa.selenium.chrome.ChromeDriver
Command: [41ede5eb14bd377f335ff089e32230bd, get {url=http://www.mcc.co.mercer.pa.us/}]
Capabilities {acceptInsecureCerts: false, browserName: chrome, browserVersion: 148.0.7778.96, chrome: {chromedriverVersion: 148.0.7778.97 (6b3fa66a923a..., userDataDir: C:\Users\athir\AppData\Loca...}, fedcm:accounts: true, goog:chromeOptions: {debuggerAddress: localhost:59967}, goog:processID: 48860, networkConnectionEnabled: false, pageLoadStrategy: normal, platformName: windows, proxy: Proxy(), se:cdp: ws://localhost:59967/devtoo..., se:cdpVersion: 148.0.7778.96, setWindowRect: true, strictFileInteractability: false, timeouts: {implicit: 0, pageLoad: 300000, script: 30000}, unhandledPromptBehavior: dismiss and notify, webauthn:extension:credBlob: true, webauthn:extension:largeBlob: true, webauthn:extension:minPinLength: true, webauthn:extension:prf: true, webauthn:virtualAuthenticators: true}
Session ID: 41ede5eb14bd377f335ff089e32230bd
at org.openqa.selenium.remote.ErrorCodec.decode(ErrorCodec.java:169)
at org.openqa.selenium.remote.codec.w3c.W3CHttpResponseCodec.decode(W3CHttpResponseCodec.java:142)
at org.openqa.selenium.remote.codec.w3c.W3CHttpResponseCodec.decode(W3CHttpResponseCodec.java:49)
at org.openqa.selenium.remote.HttpCommandExecutor.execute(HttpCommandExecutor.java:223)
at org.openqa.selenium.remote.service.DriverCommandExecutor.invokeExecute(DriverCommandExecutor.java:216)
at org.openqa.selenium.remote.service.DriverCommandExecutor.execute(DriverCommandExecutor.java:174)
at org.openqa.selenium.remote.RemoteWebDriver.execute(RemoteWebDriver.java:606)
at org.openqa.selenium.remote.RemoteWebDriver.get(RemoteWebDriver.java:374)
at naco.testcases.TC_4_NorthEast_CountyWebsiteValidation.validateCounty(TC_4_NorthEast_CountyWebsiteValidation.java:91)
at java.base/java.util.ArrayList.forEach(ArrayList.java:1604)
... Removed 25 stack frames]]>
    </failure>
  </testcase> <!-- validateCounty -->
  <testcase classname="naco.testcases.TC_4_NorthEast_CountyWebsiteValidation" name="validateCounty" time="1.284"/>
  <testcase classname="naco.testcases.TC_4_NorthEast_CountyWebsiteValidation" name="validateCounty" time="0.96"/>
  <testcase classname="naco.testcases.TC_4_NorthEast_CountyWebsiteValidation" name="validateCounty" time="2.829"/>
  <testcase classname="naco.testcases.TC_4_NorthEast_CountyWebsiteValidation" name="validateCounty" time="1.24"/>
  <testcase classname="naco.testcases.TC_4_NorthEast_CountyWebsiteValidation" name="validateCounty" time="0.877">
    <failure type="java.lang.AssertionError" message="HTTP Status -1 for https://www.northamptoncounty.org/ expected [200] but found [-1]">
      <![CDATA[java.lang.AssertionError: HTTP Status -1 for https://www.northamptoncounty.org/ expected [200] but found [-1]
at naco.testcases.TC_4_NorthEast_CountyWebsiteValidation.validateCounty(TC_4_NorthEast_CountyWebsiteValidation.java:87)
at java.base/java.util.ArrayList.forEach(ArrayList.java:1604)
... Removed 31 stack frames]]>
    </failure>
  </testcase> <!-- validateCounty -->
  <testcase classname="naco.testcases.TC_4_NorthEast_CountyWebsiteValidation" name="validateCounty" time="0.507"/>
  <testcase classname="naco.testcases.TC_4_NorthEast_CountyWebsiteValidation" name="validateCounty" time="1.362"/>
  <testcase classname="naco.testcases.TC_4_NorthEast_CountyWebsiteValidation" name="validateCounty" time="0.584"/>
  <testcase classname="naco.testcases.TC_4_NorthEast_CountyWebsiteValidation" name="validateCounty" time="0.84"/>
  <testcase classname="naco.testcases.TC_4_NorthEast_CountyWebsiteValidation" name="validateCounty" time="1.041"/>
  <testcase classname="naco.testcases.TC_4_NorthEast_CountyWebsiteValidation" name="validateCounty" time="0.536"/>
  <testcase classname="naco.testcases.TC_4_NorthEast_CountyWebsiteValidation" name="validateCounty" time="3.042">
    <failure type="java.lang.AssertionError" message="HTTP Status 406 for http://www.snydercounty.org expected [200] but found [406]">
      <![CDATA[java.lang.AssertionError: HTTP Status 406 for http://www.snydercounty.org expected [200] but found [406]
at naco.testcases.TC_4_NorthEast_CountyWebsiteValidation.validateCounty(TC_4_NorthEast_CountyWebsiteValidation.java:87)
at java.base/java.util.ArrayList.forEach(ArrayList.java:1604)
... Removed 31 stack frames]]>
    </failure>
  </testcase> <!-- validateCounty -->
  <testcase classname="naco.testcases.TC_4_NorthEast_CountyWebsiteValidation" name="validateCounty" time="0.932"/>
  <testcase classname="naco.testcases.TC_4_NorthEast_CountyWebsiteValidation" name="validateCounty" time="0.897">
    <failure type="org.openqa.selenium.WebDriverException" message="unknown error: net::ERR_NAME_NOT_RESOLVED
  (Session info: chrome=148.0.7778.96)
Build info: version: &amp;apos;4.43.0&amp;apos;, revision: &amp;apos;dd0f534&amp;apos;
System info: os.name: &amp;apos;Windows 11&amp;apos;, os.arch: &amp;apos;amd64&amp;apos;, os.version: &amp;apos;10.0&amp;apos;, java.version: &amp;apos;25.0.1&amp;apos;
Driver info: org.openqa.selenium.chrome.ChromeDriver
Command: [41ede5eb14bd377f335ff089e32230bd, get {url=https://www.sullivancounty-pa.us/}]
Capabilities {acceptInsecureCerts: false, browserName: chrome, browserVersion: 148.0.7778.96, chrome: {chromedriverVersion: 148.0.7778.97 (6b3fa66a923a..., userDataDir: C:\Users\athir\AppData\Loca...}, fedcm:accounts: true, goog:chromeOptions: {debuggerAddress: localhost:59967}, goog:processID: 48860, networkConnectionEnabled: false, pageLoadStrategy: normal, platformName: windows, proxy: Proxy(), se:cdp: ws://localhost:59967/devtoo..., se:cdpVersion: 148.0.7778.96, setWindowRect: true, strictFileInteractability: false, timeouts: {implicit: 0, pageLoad: 300000, script: 30000}, unhandledPromptBehavior: dismiss and notify, webauthn:extension:credBlob: true, webauthn:extension:largeBlob: true, webauthn:extension:minPinLength: true, webauthn:extension:prf: true, webauthn:virtualAuthenticators: true}
Session ID: 41ede5eb14bd377f335ff089e32230bd">
      <![CDATA[org.openqa.selenium.WebDriverException: unknown error: net::ERR_NAME_NOT_RESOLVED
  (Session info: chrome=148.0.7778.96)
Build info: version: '4.43.0', revision: 'dd0f534'
System info: os.name: 'Windows 11', os.arch: 'amd64', os.version: '10.0', java.version: '25.0.1'
Driver info: org.openqa.selenium.chrome.ChromeDriver
Command: [41ede5eb14bd377f335ff089e32230bd, get {url=https://www.sullivancounty-pa.us/}]
Capabilities {acceptInsecureCerts: false, browserName: chrome, browserVersion: 148.0.7778.96, chrome: {chromedriverVersion: 148.0.7778.97 (6b3fa66a923a..., userDataDir: C:\Users\athir\AppData\Loca...}, fedcm:accounts: true, goog:chromeOptions: {debuggerAddress: localhost:59967}, goog:processID: 48860, networkConnectionEnabled: false, pageLoadStrategy: normal, platformName: windows, proxy: Proxy(), se:cdp: ws://localhost:59967/devtoo..., se:cdpVersion: 148.0.7778.96, setWindowRect: true, strictFileInteractability: false, timeouts: {implicit: 0, pageLoad: 300000, script: 30000}, unhandledPromptBehavior: dismiss and notify, webauthn:extension:credBlob: true, webauthn:extension:largeBlob: true, webauthn:extension:minPinLength: true, webauthn:extension:prf: true, webauthn:virtualAuthenticators: true}
Session ID: 41ede5eb14bd377f335ff089e32230bd
at org.openqa.selenium.remote.ErrorCodec.decode(ErrorCodec.java:169)
at org.openqa.selenium.remote.codec.w3c.W3CHttpResponseCodec.decode(W3CHttpResponseCodec.java:142)
at org.openqa.selenium.remote.codec.w3c.W3CHttpResponseCodec.decode(W3CHttpResponseCodec.java:49)
at org.openqa.selenium.remote.HttpCommandExecutor.execute(HttpCommandExecutor.java:223)
at org.openqa.selenium.remote.service.DriverCommandExecutor.invokeExecute(DriverCommandExecutor.java:216)
at org.openqa.selenium.remote.service.DriverCommandExecutor.execute(DriverCommandExecutor.java:174)
at org.openqa.selenium.remote.RemoteWebDriver.execute(RemoteWebDriver.java:606)
at org.openqa.selenium.remote.RemoteWebDriver.get(RemoteWebDriver.java:374)
at naco.testcases.TC_4_NorthEast_CountyWebsiteValidation.validateCounty(TC_4_NorthEast_CountyWebsiteValidation.java:91)
at java.base/java.util.ArrayList.forEach(ArrayList.java:1604)
... Removed 25 stack frames]]>
    </failure>
  </testcase> <!-- validateCounty -->
  <testcase classname="naco.testcases.TC_4_NorthEast_CountyWebsiteValidation" name="validateCounty" time="0.75"/>
  <testcase classname="naco.testcases.TC_4_NorthEast_CountyWebsiteValidation" name="validateCounty" time="0.883"/>
  <testcase classname="naco.testcases.TC_4_NorthEast_CountyWebsiteValidation" name="validateCounty" time="2.908">
    <failure type="java.lang.AssertionError" message="HTTP Status 403 for http://www.unionco.org/ expected [200] but found [403]">
      <![CDATA[java.lang.AssertionError: HTTP Status 403 for http://www.unionco.org/ expected [200] but found [403]
at naco.testcases.TC_4_NorthEast_CountyWebsiteValidation.validateCounty(TC_4_NorthEast_CountyWebsiteValidation.java:87)
at java.base/java.util.ArrayList.forEach(ArrayList.java:1604)
... Removed 31 stack frames]]>
    </failure>
  </testcase> <!-- validateCounty -->
  <testcase classname="naco.testcases.TC_4_NorthEast_CountyWebsiteValidation" name="validateCounty" time="0.776">
    <failure type="org.openqa.selenium.WebDriverException" message="unknown error: net::ERR_NAME_NOT_RESOLVED
  (Session info: chrome=148.0.7778.96)
Build info: version: &amp;apos;4.43.0&amp;apos;, revision: &amp;apos;dd0f534&amp;apos;
System info: os.name: &amp;apos;Windows 11&amp;apos;, os.arch: &amp;apos;amd64&amp;apos;, os.version: &amp;apos;10.0&amp;apos;, java.version: &amp;apos;25.0.1&amp;apos;
Driver info: org.openqa.selenium.chrome.ChromeDriver
Command: [41ede5eb14bd377f335ff089e32230bd, get {url=http://www.co.venango.pa.us/}]
Capabilities {acceptInsecureCerts: false, browserName: chrome, browserVersion: 148.0.7778.96, chrome: {chromedriverVersion: 148.0.7778.97 (6b3fa66a923a..., userDataDir: C:\Users\athir\AppData\Loca...}, fedcm:accounts: true, goog:chromeOptions: {debuggerAddress: localhost:59967}, goog:processID: 48860, networkConnectionEnabled: false, pageLoadStrategy: normal, platformName: windows, proxy: Proxy(), se:cdp: ws://localhost:59967/devtoo..., se:cdpVersion: 148.0.7778.96, setWindowRect: true, strictFileInteractability: false, timeouts: {implicit: 0, pageLoad: 300000, script: 30000}, unhandledPromptBehavior: dismiss and notify, webauthn:extension:credBlob: true, webauthn:extension:largeBlob: true, webauthn:extension:minPinLength: true, webauthn:extension:prf: true, webauthn:virtualAuthenticators: true}
Session ID: 41ede5eb14bd377f335ff089e32230bd">
      <![CDATA[org.openqa.selenium.WebDriverException: unknown error: net::ERR_NAME_NOT_RESOLVED
  (Session info: chrome=148.0.7778.96)
Build info: version: '4.43.0', revision: 'dd0f534'
System info: os.name: 'Windows 11', os.arch: 'amd64', os.version: '10.0', java.version: '25.0.1'
Driver info: org.openqa.selenium.chrome.ChromeDriver
Command: [41ede5eb14bd377f335ff089e32230bd, get {url=http://www.co.venango.pa.us/}]
Capabilities {acceptInsecureCerts: false, browserName: chrome, browserVersion: 148.0.7778.96, chrome: {chromedriverVersion: 148.0.7778.97 (6b3fa66a923a..., userDataDir: C:\Users\athir\AppData\Loca...}, fedcm:accounts: true, goog:chromeOptions: {debuggerAddress: localhost:59967}, goog:processID: 48860, networkConnectionEnabled: false, pageLoadStrategy: normal, platformName: windows, proxy: Proxy(), se:cdp: ws://localhost:59967/devtoo..., se:cdpVersion: 148.0.7778.96, setWindowRect: true, strictFileInteractability: false, timeouts: {implicit: 0, pageLoad: 300000, script: 30000}, unhandledPromptBehavior: dismiss and notify, webauthn:extension:credBlob: true, webauthn:extension:largeBlob: true, webauthn:extension:minPinLength: true, webauthn:extension:prf: true, webauthn:virtualAuthenticators: true}
Session ID: 41ede5eb14bd377f335ff089e32230bd
at org.openqa.selenium.remote.ErrorCodec.decode(ErrorCodec.java:169)
at org.openqa.selenium.remote.codec.w3c.W3CHttpResponseCodec.decode(W3CHttpResponseCodec.java:142)
at org.openqa.selenium.remote.codec.w3c.W3CHttpResponseCodec.decode(W3CHttpResponseCodec.java:49)
at org.openqa.selenium.remote.HttpCommandExecutor.execute(HttpCommandExecutor.java:223)
at org.openqa.selenium.remote.service.DriverCommandExecutor.invokeExecute(DriverCommandExecutor.java:216)
at org.openqa.selenium.remote.service.DriverCommandExecutor.execute(DriverCommandExecutor.java:174)
at org.openqa.selenium.remote.RemoteWebDriver.execute(RemoteWebDriver.java:606)
at org.openqa.selenium.remote.RemoteWebDriver.get(RemoteWebDriver.java:374)
at naco.testcases.TC_4_NorthEast_CountyWebsiteValidation.validateCounty(TC_4_NorthEast_CountyWebsiteValidation.java:91)
at java.base/java.util.ArrayList.forEach(ArrayList.java:1604)
... Removed 25 stack frames]]>
    </failure>
  </testcase> <!-- validateCounty -->
  <testcase classname="naco.testcases.TC_4_NorthEast_CountyWebsiteValidation" name="validateCounty" time="0.994"/>
  <testcase classname="naco.testcases.TC_4_NorthEast_CountyWebsiteValidation" name="validateCounty" time="2.598">
    <failure type="java.lang.AssertionError" message="HTTP Status 401 for http://www.co.washington.pa.us expected [200] but found [401]">
      <![CDATA[java.lang.AssertionError: HTTP Status 401 for http://www.co.washington.pa.us expected [200] but found [401]
at naco.testcases.TC_4_NorthEast_CountyWebsiteValidation.validateCounty(TC_4_NorthEast_CountyWebsiteValidation.java:87)
at java.base/java.util.ArrayList.forEach(ArrayList.java:1604)
... Removed 31 stack frames]]>
    </failure>
  </testcase> <!-- validateCounty -->
  <testcase classname="naco.testcases.TC_4_NorthEast_CountyWebsiteValidation" name="validateCounty" time="0.89"/>
  <testcase classname="naco.testcases.TC_4_NorthEast_CountyWebsiteValidation" name="validateCounty" time="1.314"/>
  <testcase classname="naco.testcases.TC_4_NorthEast_CountyWebsiteValidation" name="validateCounty" time="1.692"/>
  <testcase classname="naco.testcases.TC_4_NorthEast_CountyWebsiteValidation" name="validateCounty" time="1.175"/>
</testsuite> <!-- Northeast_MidAtlantic -->
