<?xml version="1.0" encoding="UTF-8"?>
<!-- Generated by org.testng.reporters.JUnitXMLReporter -->
<testsuite ignored="0" hostname="Aadhu-dell-xps15" failures="15" tests="47" name="Northeast_NewEngland" time="265.825" errors="0" timestamp="2026-05-10T09:59:49 CDT">
  <testcase classname="naco.testcases.TC_4_Master_Parameterized_CountyWebsiteValidation" name="validateCounty" time="6.416"/>
  <testcase classname="naco.testcases.TC_4_Master_Parameterized_CountyWebsiteValidation" name="validateCounty" time="2.067"/>
  <testcase classname="naco.testcases.TC_4_Master_Parameterized_CountyWebsiteValidation" name="validateCounty" time="2.207"/>
  <testcase classname="naco.testcases.TC_4_Master_Parameterized_CountyWebsiteValidation" name="validateCounty" time="3.984"/>
  <testcase classname="naco.testcases.TC_4_Master_Parameterized_CountyWebsiteValidation" name="validateCounty" time="1.925"/>
  <testcase classname="naco.testcases.TC_4_Master_Parameterized_CountyWebsiteValidation" name="validateCounty" time="0.887">
    <failure type="org.openqa.selenium.WebDriverException" message="unknown error: net::ERR_NAME_NOT_RESOLVED
  (Session info: chrome=148.0.7778.97)
Build info: version: &amp;apos;4.43.0&amp;apos;, revision: &amp;apos;dd0f534&amp;apos;
System info: os.name: &amp;apos;Windows 11&amp;apos;, os.arch: &amp;apos;amd64&amp;apos;, os.version: &amp;apos;10.0&amp;apos;, java.version: &amp;apos;25.0.1&amp;apos;
Driver info: org.openqa.selenium.chrome.ChromeDriver
Command: [e4aac794803694996e533de456e527be, get {url=http://www.plymouthcounty-ma.gov/}]
Capabilities {acceptInsecureCerts: false, browserName: chrome, browserVersion: 148.0.7778.97, chrome: {chromedriverVersion: 148.0.7778.97 (6b3fa66a923a..., userDataDir: C:\Users\athir\AppData\Loca...}, fedcm:accounts: true, goog:chromeOptions: {debuggerAddress: localhost:64534}, goog:processID: 26440, networkConnectionEnabled: false, pageLoadStrategy: normal, platformName: windows, proxy: Proxy(), se:cdp: ws://localhost:64534/devtoo..., se:cdpVersion: 148.0.7778.97, setWindowRect: true, strictFileInteractability: false, timeouts: {implicit: 0, pageLoad: 300000, script: 30000}, unhandledPromptBehavior: dismiss and notify, webauthn:extension:credBlob: true, webauthn:extension:largeBlob: true, webauthn:extension:minPinLength: true, webauthn:extension:prf: true, webauthn:virtualAuthenticators: true}
Session ID: e4aac794803694996e533de456e527be">
      <![CDATA[org.openqa.selenium.WebDriverException: unknown error: net::ERR_NAME_NOT_RESOLVED
  (Session info: chrome=148.0.7778.97)
Build info: version: '4.43.0', revision: 'dd0f534'
System info: os.name: 'Windows 11', os.arch: 'amd64', os.version: '10.0', java.version: '25.0.1'
Driver info: org.openqa.selenium.chrome.ChromeDriver
Command: [e4aac794803694996e533de456e527be, get {url=http://www.plymouthcounty-ma.gov/}]
Capabilities {acceptInsecureCerts: false, browserName: chrome, browserVersion: 148.0.7778.97, chrome: {chromedriverVersion: 148.0.7778.97 (6b3fa66a923a..., userDataDir: C:\Users\athir\AppData\Loca...}, fedcm:accounts: true, goog:chromeOptions: {debuggerAddress: localhost:64534}, goog:processID: 26440, networkConnectionEnabled: false, pageLoadStrategy: normal, platformName: windows, proxy: Proxy(), se:cdp: ws://localhost:64534/devtoo..., se:cdpVersion: 148.0.7778.97, setWindowRect: true, strictFileInteractability: false, timeouts: {implicit: 0, pageLoad: 300000, script: 30000}, unhandledPromptBehavior: dismiss and notify, webauthn:extension:credBlob: true, webauthn:extension:largeBlob: true, webauthn:extension:minPinLength: true, webauthn:extension:prf: true, webauthn:virtualAuthenticators: true}
Session ID: e4aac794803694996e533de456e527be
at org.openqa.selenium.remote.ErrorCodec.decode(ErrorCodec.java:169)
at org.openqa.selenium.remote.codec.w3c.W3CHttpResponseCodec.decode(W3CHttpResponseCodec.java:142)
at org.openqa.selenium.remote.codec.w3c.W3CHttpResponseCodec.decode(W3CHttpResponseCodec.java:49)
at org.openqa.selenium.remote.HttpCommandExecutor.execute(HttpCommandExecutor.java:223)
at org.openqa.selenium.remote.service.DriverCommandExecutor.invokeExecute(DriverCommandExecutor.java:216)
at org.openqa.selenium.remote.service.DriverCommandExecutor.execute(DriverCommandExecutor.java:174)
at org.openqa.selenium.remote.RemoteWebDriver.execute(RemoteWebDriver.java:606)
at org.openqa.selenium.remote.RemoteWebDriver.get(RemoteWebDriver.java:374)
at naco.pageobject.Page3CountyInfo.getBrokenLinkCDP(Page3CountyInfo.java:92)
at naco.testcases.TC_4_Master_Parameterized_CountyWebsiteValidation.validateCounty(TC_4_Master_Parameterized_CountyWebsiteValidation.java:80)
at java.base/java.util.ArrayList.forEach(ArrayList.java:1604)
at java.base/java.util.concurrent.FutureTask.run(FutureTask.java:328)
at java.base/java.util.concurrent.ThreadPoolExecutor.runWorker(ThreadPoolExecutor.java:1090)
at java.base/java.util.concurrent.ThreadPoolExecutor$Worker.run(ThreadPoolExecutor.java:614)
at java.base/java.lang.Thread.run(Thread.java:1474)
... Removed 15 stack frames]]>
    </failure>
  </testcase> <!-- validateCounty -->
  <testcase classname="naco.testcases.TC_4_Master_Parameterized_CountyWebsiteValidation" name="validateCounty" time="2.282"/>
  <testcase classname="naco.testcases.TC_4_Master_Parameterized_CountyWebsiteValidation" name="validateCounty" time="2.288"/>
  <testcase classname="naco.testcases.TC_4_Master_Parameterized_CountyWebsiteValidation" name="validateCounty" time="2.284"/>
  <testcase classname="naco.testcases.TC_4_Master_Parameterized_CountyWebsiteValidation" name="validateCounty" time="4.442"/>
  <testcase classname="naco.testcases.TC_4_Master_Parameterized_CountyWebsiteValidation" name="validateCounty" time="2.728"/>
  <testcase classname="naco.testcases.TC_4_Master_Parameterized_CountyWebsiteValidation" name="validateCounty" time="43.504">
    <failure type="org.openqa.selenium.WebDriverException" message="unknown error: net::ERR_CONNECTION_TIMED_OUT
  (Session info: chrome=148.0.7778.97)
Build info: version: &amp;apos;4.43.0&amp;apos;, revision: &amp;apos;dd0f534&amp;apos;
System info: os.name: &amp;apos;Windows 11&amp;apos;, os.arch: &amp;apos;amd64&amp;apos;, os.version: &amp;apos;10.0&amp;apos;, java.version: &amp;apos;25.0.1&amp;apos;
Driver info: org.openqa.selenium.chrome.ChromeDriver
Command: [e4aac794803694996e533de456e527be, get {url=https://co.hancock.me.us/site/}]
Capabilities {acceptInsecureCerts: false, browserName: chrome, browserVersion: 148.0.7778.97, chrome: {chromedriverVersion: 148.0.7778.97 (6b3fa66a923a..., userDataDir: C:\Users\athir\AppData\Loca...}, fedcm:accounts: true, goog:chromeOptions: {debuggerAddress: localhost:64534}, goog:processID: 26440, networkConnectionEnabled: false, pageLoadStrategy: normal, platformName: windows, proxy: Proxy(), se:cdp: ws://localhost:64534/devtoo..., se:cdpVersion: 148.0.7778.97, setWindowRect: true, strictFileInteractability: false, timeouts: {implicit: 0, pageLoad: 300000, script: 30000}, unhandledPromptBehavior: dismiss and notify, webauthn:extension:credBlob: true, webauthn:extension:largeBlob: true, webauthn:extension:minPinLength: true, webauthn:extension:prf: true, webauthn:virtualAuthenticators: true}
Session ID: e4aac794803694996e533de456e527be">
      <![CDATA[org.openqa.selenium.WebDriverException: unknown error: net::ERR_CONNECTION_TIMED_OUT
  (Session info: chrome=148.0.7778.97)
Build info: version: '4.43.0', revision: 'dd0f534'
System info: os.name: 'Windows 11', os.arch: 'amd64', os.version: '10.0', java.version: '25.0.1'
Driver info: org.openqa.selenium.chrome.ChromeDriver
Command: [e4aac794803694996e533de456e527be, get {url=https://co.hancock.me.us/site/}]
Capabilities {acceptInsecureCerts: false, browserName: chrome, browserVersion: 148.0.7778.97, chrome: {chromedriverVersion: 148.0.7778.97 (6b3fa66a923a..., userDataDir: C:\Users\athir\AppData\Loca...}, fedcm:accounts: true, goog:chromeOptions: {debuggerAddress: localhost:64534}, goog:processID: 26440, networkConnectionEnabled: false, pageLoadStrategy: normal, platformName: windows, proxy: Proxy(), se:cdp: ws://localhost:64534/devtoo..., se:cdpVersion: 148.0.7778.97, setWindowRect: true, strictFileInteractability: false, timeouts: {implicit: 0, pageLoad: 300000, script: 30000}, unhandledPromptBehavior: dismiss and notify, webauthn:extension:credBlob: true, webauthn:extension:largeBlob: true, webauthn:extension:minPinLength: true, webauthn:extension:prf: true, webauthn:virtualAuthenticators: true}
Session ID: e4aac794803694996e533de456e527be
at org.openqa.selenium.remote.ErrorCodec.decode(ErrorCodec.java:169)
at org.openqa.selenium.remote.codec.w3c.W3CHttpResponseCodec.decode(W3CHttpResponseCodec.java:142)
at org.openqa.selenium.remote.codec.w3c.W3CHttpResponseCodec.decode(W3CHttpResponseCodec.java:49)
at org.openqa.selenium.remote.HttpCommandExecutor.execute(HttpCommandExecutor.java:223)
at org.openqa.selenium.remote.service.DriverCommandExecutor.invokeExecute(DriverCommandExecutor.java:216)
at org.openqa.selenium.remote.service.DriverCommandExecutor.execute(DriverCommandExecutor.java:174)
at org.openqa.selenium.remote.RemoteWebDriver.execute(RemoteWebDriver.java:606)
at org.openqa.selenium.remote.RemoteWebDriver.get(RemoteWebDriver.java:374)
at naco.pageobject.Page3CountyInfo.getBrokenLinkCDP(Page3CountyInfo.java:92)
at naco.testcases.TC_4_Master_Parameterized_CountyWebsiteValidation.validateCounty(TC_4_Master_Parameterized_CountyWebsiteValidation.java:80)
at java.base/java.util.ArrayList.forEach(ArrayList.java:1604)
at java.base/java.util.concurrent.FutureTask.run(FutureTask.java:328)
at java.base/java.util.concurrent.ThreadPoolExecutor.runWorker(ThreadPoolExecutor.java:1090)
at java.base/java.util.concurrent.ThreadPoolExecutor$Worker.run(ThreadPoolExecutor.java:614)
at java.base/java.lang.Thread.run(Thread.java:1474)
... Removed 15 stack frames]]>
    </failure>
  </testcase> <!-- validateCounty -->
  <testcase classname="naco.testcases.TC_4_Master_Parameterized_CountyWebsiteValidation" name="validateCounty" time="2.301"/>
  <testcase classname="naco.testcases.TC_4_Master_Parameterized_CountyWebsiteValidation" name="validateCounty" time="1.716"/>
  <testcase classname="naco.testcases.TC_4_Master_Parameterized_CountyWebsiteValidation" name="validateCounty" time="1.818"/>
  <testcase classname="naco.testcases.TC_4_Master_Parameterized_CountyWebsiteValidation" name="validateCounty" time="2.848"/>
  <testcase classname="naco.testcases.TC_4_Master_Parameterized_CountyWebsiteValidation" name="validateCounty" time="3.334"/>
  <testcase classname="naco.testcases.TC_4_Master_Parameterized_CountyWebsiteValidation" name="validateCounty" time="1.344"/>
  <testcase classname="naco.testcases.TC_4_Master_Parameterized_CountyWebsiteValidation" name="validateCounty" time="0.806"/>
  <testcase classname="naco.testcases.TC_4_Master_Parameterized_CountyWebsiteValidation" name="validateCounty" time="0.704"/>
  <testcase classname="naco.testcases.TC_4_Master_Parameterized_CountyWebsiteValidation" name="validateCounty" time="4.278"/>
  <testcase classname="naco.testcases.TC_4_Master_Parameterized_CountyWebsiteValidation" name="validateCounty" time="0.738"/>
  <testcase classname="naco.testcases.TC_4_Master_Parameterized_CountyWebsiteValidation" name="validateCounty" time="4.903"/>
  <testcase classname="naco.testcases.TC_4_Master_Parameterized_CountyWebsiteValidation" name="validateCounty" time="3.684"/>
  <testcase classname="naco.testcases.TC_4_Master_Parameterized_CountyWebsiteValidation" name="validateCounty" time="3.747"/>
  <testcase classname="naco.testcases.TC_4_Master_Parameterized_CountyWebsiteValidation" name="validateCounty" time="2.843"/>
  <testcase classname="naco.testcases.TC_4_Master_Parameterized_CountyWebsiteValidation" name="validateCounty" time="3.217"/>
  <testcase classname="naco.testcases.TC_4_Master_Parameterized_CountyWebsiteValidation" name="validateCounty" time="8.426"/>
  <testcase classname="naco.testcases.TC_4_Master_Parameterized_CountyWebsiteValidation" name="validateCounty" time="3.589"/>
  <testcase classname="naco.testcases.TC_4_Master_Parameterized_CountyWebsiteValidation" name="validateCounty" time="2.719"/>
  <testcase classname="naco.testcases.TC_4_Master_Parameterized_CountyWebsiteValidation" name="validateCounty" time="3.421"/>
  <testcase classname="naco.testcases.TC_4_Master_Parameterized_CountyWebsiteValidation" name="validateCounty" time="1.771"/>
  <testcase classname="naco.testcases.TC_4_Master_Parameterized_CountyWebsiteValidation" name="validateCounty" time="2.582"/>
  <testcase classname="naco.testcases.TC_4_Master_Parameterized_CountyWebsiteValidation" name="validateCounty" time="0.39">
    <failure type="java.lang.NullPointerException">
      <![CDATA[java.lang.NullPointerException
at java.base/java.util.Objects.requireNonNull(Objects.java:220)
at java.base/java.util.ImmutableCollections$Map1.<init>(ImmutableCollections.java:1351)
at java.base/java.util.Map.of(Map.java:1364)
at org.openqa.selenium.remote.DriverCommand.GET(DriverCommand.java:251)
at org.openqa.selenium.remote.RemoteWebDriver.get(RemoteWebDriver.java:374)
at naco.pageobject.Page3CountyInfo.getBrokenLinkCDP(Page3CountyInfo.java:92)
at naco.testcases.TC_4_Master_Parameterized_CountyWebsiteValidation.validateCounty(TC_4_Master_Parameterized_CountyWebsiteValidation.java:80)
at java.base/java.util.ArrayList.forEach(ArrayList.java:1604)
at java.base/java.util.concurrent.FutureTask.run(FutureTask.java:328)
at java.base/java.util.concurrent.ThreadPoolExecutor.runWorker(ThreadPoolExecutor.java:1090)
at java.base/java.util.concurrent.ThreadPoolExecutor$Worker.run(ThreadPoolExecutor.java:614)
at java.base/java.lang.Thread.run(Thread.java:1474)
... Removed 15 stack frames]]>
    </failure>
  </testcase> <!-- validateCounty -->
  <testcase classname="naco.testcases.TC_4_Master_Parameterized_CountyWebsiteValidation" name="validateCounty" time="0.407">
    <failure type="java.lang.NullPointerException">
      <![CDATA[java.lang.NullPointerException
at java.base/java.util.Objects.requireNonNull(Objects.java:220)
at java.base/java.util.ImmutableCollections$Map1.<init>(ImmutableCollections.java:1351)
at java.base/java.util.Map.of(Map.java:1364)
at org.openqa.selenium.remote.DriverCommand.GET(DriverCommand.java:251)
at org.openqa.selenium.remote.RemoteWebDriver.get(RemoteWebDriver.java:374)
at naco.pageobject.Page3CountyInfo.getBrokenLinkCDP(Page3CountyInfo.java:92)
at naco.testcases.TC_4_Master_Parameterized_CountyWebsiteValidation.validateCounty(TC_4_Master_Parameterized_CountyWebsiteValidation.java:80)
at java.base/java.util.ArrayList.forEach(ArrayList.java:1604)
at java.base/java.util.concurrent.FutureTask.run(FutureTask.java:328)
at java.base/java.util.concurrent.ThreadPoolExecutor.runWorker(ThreadPoolExecutor.java:1090)
at java.base/java.util.concurrent.ThreadPoolExecutor$Worker.run(ThreadPoolExecutor.java:614)
at java.base/java.lang.Thread.run(Thread.java:1474)
... Removed 15 stack frames]]>
    </failure>
  </testcase> <!-- validateCounty -->
  <testcase classname="naco.testcases.TC_4_Master_Parameterized_CountyWebsiteValidation" name="validateCounty" time="0.342">
    <failure type="java.lang.NullPointerException">
      <![CDATA[java.lang.NullPointerException
at java.base/java.util.Objects.requireNonNull(Objects.java:220)
at java.base/java.util.ImmutableCollections$Map1.<init>(ImmutableCollections.java:1351)
at java.base/java.util.Map.of(Map.java:1364)
at org.openqa.selenium.remote.DriverCommand.GET(DriverCommand.java:251)
at org.openqa.selenium.remote.RemoteWebDriver.get(RemoteWebDriver.java:374)
at naco.pageobject.Page3CountyInfo.getBrokenLinkCDP(Page3CountyInfo.java:92)
at naco.testcases.TC_4_Master_Parameterized_CountyWebsiteValidation.validateCounty(TC_4_Master_Parameterized_CountyWebsiteValidation.java:80)
at java.base/java.util.ArrayList.forEach(ArrayList.java:1604)
at java.base/java.util.concurrent.FutureTask.run(FutureTask.java:328)
at java.base/java.util.concurrent.ThreadPoolExecutor.runWorker(ThreadPoolExecutor.java:1090)
at java.base/java.util.concurrent.ThreadPoolExecutor$Worker.run(ThreadPoolExecutor.java:614)
at java.base/java.lang.Thread.run(Thread.java:1474)
... Removed 15 stack frames]]>
    </failure>
  </testcase> <!-- validateCounty -->
  <testcase classname="naco.testcases.TC_4_Master_Parameterized_CountyWebsiteValidation" name="validateCounty" time="0.467">
    <failure type="java.lang.NullPointerException">
      <![CDATA[java.lang.NullPointerException
at java.base/java.util.Objects.requireNonNull(Objects.java:220)
at java.base/java.util.ImmutableCollections$Map1.<init>(ImmutableCollections.java:1351)
at java.base/java.util.Map.of(Map.java:1364)
at org.openqa.selenium.remote.DriverCommand.GET(DriverCommand.java:251)
at org.openqa.selenium.remote.RemoteWebDriver.get(RemoteWebDriver.java:374)
at naco.pageobject.Page3CountyInfo.getBrokenLinkCDP(Page3CountyInfo.java:92)
at naco.testcases.TC_4_Master_Parameterized_CountyWebsiteValidation.validateCounty(TC_4_Master_Parameterized_CountyWebsiteValidation.java:80)
at java.base/java.util.ArrayList.forEach(ArrayList.java:1604)
at java.base/java.util.concurrent.FutureTask.run(FutureTask.java:328)
at java.base/java.util.concurrent.ThreadPoolExecutor.runWorker(ThreadPoolExecutor.java:1090)
at java.base/java.util.concurrent.ThreadPoolExecutor$Worker.run(ThreadPoolExecutor.java:614)
at java.base/java.lang.Thread.run(Thread.java:1474)
... Removed 15 stack frames]]>
    </failure>
  </testcase> <!-- validateCounty -->
  <testcase classname="naco.testcases.TC_4_Master_Parameterized_CountyWebsiteValidation" name="validateCounty" time="0.433">
    <failure type="java.lang.NullPointerException">
      <![CDATA[java.lang.NullPointerException
at java.base/java.util.Objects.requireNonNull(Objects.java:220)
at java.base/java.util.ImmutableCollections$Map1.<init>(ImmutableCollections.java:1351)
at java.base/java.util.Map.of(Map.java:1364)
at org.openqa.selenium.remote.DriverCommand.GET(DriverCommand.java:251)
at org.openqa.selenium.remote.RemoteWebDriver.get(RemoteWebDriver.java:374)
at naco.pageobject.Page3CountyInfo.getBrokenLinkCDP(Page3CountyInfo.java:92)
at naco.testcases.TC_4_Master_Parameterized_CountyWebsiteValidation.validateCounty(TC_4_Master_Parameterized_CountyWebsiteValidation.java:80)
at java.base/java.util.ArrayList.forEach(ArrayList.java:1604)
at java.base/java.util.concurrent.FutureTask.run(FutureTask.java:328)
at java.base/java.util.concurrent.ThreadPoolExecutor.runWorker(ThreadPoolExecutor.java:1090)
at java.base/java.util.concurrent.ThreadPoolExecutor$Worker.run(ThreadPoolExecutor.java:614)
at java.base/java.lang.Thread.run(Thread.java:1474)
... Removed 15 stack frames]]>
    </failure>
  </testcase> <!-- validateCounty -->
  <testcase classname="naco.testcases.TC_4_Master_Parameterized_CountyWebsiteValidation" name="validateCounty" time="0.394">
    <failure type="java.lang.NullPointerException">
      <![CDATA[java.lang.NullPointerException
at java.base/java.util.Objects.requireNonNull(Objects.java:220)
at java.base/java.util.ImmutableCollections$Map1.<init>(ImmutableCollections.java:1351)
at java.base/java.util.Map.of(Map.java:1364)
at org.openqa.selenium.remote.DriverCommand.GET(DriverCommand.java:251)
at org.openqa.selenium.remote.RemoteWebDriver.get(RemoteWebDriver.java:374)
at naco.pageobject.Page3CountyInfo.getBrokenLinkCDP(Page3CountyInfo.java:92)
at naco.testcases.TC_4_Master_Parameterized_CountyWebsiteValidation.validateCounty(TC_4_Master_Parameterized_CountyWebsiteValidation.java:80)
at java.base/java.util.ArrayList.forEach(ArrayList.java:1604)
at java.base/java.util.concurrent.FutureTask.run(FutureTask.java:328)
at java.base/java.util.concurrent.ThreadPoolExecutor.runWorker(ThreadPoolExecutor.java:1090)
at java.base/java.util.concurrent.ThreadPoolExecutor$Worker.run(ThreadPoolExecutor.java:614)
at java.base/java.lang.Thread.run(Thread.java:1474)
... Removed 15 stack frames]]>
    </failure>
  </testcase> <!-- validateCounty -->
  <testcase classname="naco.testcases.TC_4_Master_Parameterized_CountyWebsiteValidation" name="validateCounty" time="3.13"/>
  <testcase classname="naco.testcases.TC_4_Master_Parameterized_CountyWebsiteValidation" name="validateCounty" time="0.422">
    <failure type="java.lang.NullPointerException">
      <![CDATA[java.lang.NullPointerException
at java.base/java.util.Objects.requireNonNull(Objects.java:220)
at java.base/java.util.ImmutableCollections$Map1.<init>(ImmutableCollections.java:1351)
at java.base/java.util.Map.of(Map.java:1364)
at org.openqa.selenium.remote.DriverCommand.GET(DriverCommand.java:251)
at org.openqa.selenium.remote.RemoteWebDriver.get(RemoteWebDriver.java:374)
at naco.pageobject.Page3CountyInfo.getBrokenLinkCDP(Page3CountyInfo.java:92)
at naco.testcases.TC_4_Master_Parameterized_CountyWebsiteValidation.validateCounty(TC_4_Master_Parameterized_CountyWebsiteValidation.java:80)
at java.base/java.util.ArrayList.forEach(ArrayList.java:1604)
at java.base/java.util.concurrent.FutureTask.run(FutureTask.java:328)
at java.base/java.util.concurrent.ThreadPoolExecutor.runWorker(ThreadPoolExecutor.java:1090)
at java.base/java.util.concurrent.ThreadPoolExecutor$Worker.run(ThreadPoolExecutor.java:614)
at java.base/java.lang.Thread.run(Thread.java:1474)
... Removed 15 stack frames]]>
    </failure>
  </testcase> <!-- validateCounty -->
  <testcase classname="naco.testcases.TC_4_Master_Parameterized_CountyWebsiteValidation" name="validateCounty" time="0.424">
    <failure type="java.lang.NullPointerException">
      <![CDATA[java.lang.NullPointerException
at java.base/java.util.Objects.requireNonNull(Objects.java:220)
at java.base/java.util.ImmutableCollections$Map1.<init>(ImmutableCollections.java:1351)
at java.base/java.util.Map.of(Map.java:1364)
at org.openqa.selenium.remote.DriverCommand.GET(DriverCommand.java:251)
at org.openqa.selenium.remote.RemoteWebDriver.get(RemoteWebDriver.java:374)
at naco.pageobject.Page3CountyInfo.getBrokenLinkCDP(Page3CountyInfo.java:92)
at naco.testcases.TC_4_Master_Parameterized_CountyWebsiteValidation.validateCounty(TC_4_Master_Parameterized_CountyWebsiteValidation.java:80)
at java.base/java.util.ArrayList.forEach(ArrayList.java:1604)
at java.base/java.util.concurrent.FutureTask.run(FutureTask.java:328)
at java.base/java.util.concurrent.ThreadPoolExecutor.runWorker(ThreadPoolExecutor.java:1090)
at java.base/java.util.concurrent.ThreadPoolExecutor$Worker.run(ThreadPoolExecutor.java:614)
at java.base/java.lang.Thread.run(Thread.java:1474)
... Removed 15 stack frames]]>
    </failure>
  </testcase> <!-- validateCounty -->
  <testcase classname="naco.testcases.TC_4_Master_Parameterized_CountyWebsiteValidation" name="validateCounty" time="0.387">
    <failure type="java.lang.NullPointerException">
      <![CDATA[java.lang.NullPointerException
at java.base/java.util.Objects.requireNonNull(Objects.java:220)
at java.base/java.util.ImmutableCollections$Map1.<init>(ImmutableCollections.java:1351)
at java.base/java.util.Map.of(Map.java:1364)
at org.openqa.selenium.remote.DriverCommand.GET(DriverCommand.java:251)
at org.openqa.selenium.remote.RemoteWebDriver.get(RemoteWebDriver.java:374)
at naco.pageobject.Page3CountyInfo.getBrokenLinkCDP(Page3CountyInfo.java:92)
at naco.testcases.TC_4_Master_Parameterized_CountyWebsiteValidation.validateCounty(TC_4_Master_Parameterized_CountyWebsiteValidation.java:80)
at java.base/java.util.ArrayList.forEach(ArrayList.java:1604)
at java.base/java.util.concurrent.FutureTask.run(FutureTask.java:328)
at java.base/java.util.concurrent.ThreadPoolExecutor.runWorker(ThreadPoolExecutor.java:1090)
at java.base/java.util.concurrent.ThreadPoolExecutor$Worker.run(ThreadPoolExecutor.java:614)
at java.base/java.lang.Thread.run(Thread.java:1474)
... Removed 15 stack frames]]>
    </failure>
  </testcase> <!-- validateCounty -->
  <testcase classname="naco.testcases.TC_4_Master_Parameterized_CountyWebsiteValidation" name="validateCounty" time="0.36">
    <failure type="java.lang.NullPointerException">
      <![CDATA[java.lang.NullPointerException
at java.base/java.util.Objects.requireNonNull(Objects.java:220)
at java.base/java.util.ImmutableCollections$Map1.<init>(ImmutableCollections.java:1351)
at java.base/java.util.Map.of(Map.java:1364)
at org.openqa.selenium.remote.DriverCommand.GET(DriverCommand.java:251)
at org.openqa.selenium.remote.RemoteWebDriver.get(RemoteWebDriver.java:374)
at naco.pageobject.Page3CountyInfo.getBrokenLinkCDP(Page3CountyInfo.java:92)
at naco.testcases.TC_4_Master_Parameterized_CountyWebsiteValidation.validateCounty(TC_4_Master_Parameterized_CountyWebsiteValidation.java:80)
at java.base/java.util.ArrayList.forEach(ArrayList.java:1604)
at java.base/java.util.concurrent.FutureTask.run(FutureTask.java:328)
at java.base/java.util.concurrent.ThreadPoolExecutor.runWorker(ThreadPoolExecutor.java:1090)
at java.base/java.util.concurrent.ThreadPoolExecutor$Worker.run(ThreadPoolExecutor.java:614)
at java.base/java.lang.Thread.run(Thread.java:1474)
... Removed 15 stack frames]]>
    </failure>
  </testcase> <!-- validateCounty -->
  <testcase classname="naco.testcases.TC_4_Master_Parameterized_CountyWebsiteValidation" name="validateCounty" time="0.329">
    <failure type="java.lang.NullPointerException">
      <![CDATA[java.lang.NullPointerException
at java.base/java.util.Objects.requireNonNull(Objects.java:220)
at java.base/java.util.ImmutableCollections$Map1.<init>(ImmutableCollections.java:1351)
at java.base/java.util.Map.of(Map.java:1364)
at org.openqa.selenium.remote.DriverCommand.GET(DriverCommand.java:251)
at org.openqa.selenium.remote.RemoteWebDriver.get(RemoteWebDriver.java:374)
at naco.pageobject.Page3CountyInfo.getBrokenLinkCDP(Page3CountyInfo.java:92)
at naco.testcases.TC_4_Master_Parameterized_CountyWebsiteValidation.validateCounty(TC_4_Master_Parameterized_CountyWebsiteValidation.java:80)
at java.base/java.util.ArrayList.forEach(ArrayList.java:1604)
at java.base/java.util.concurrent.FutureTask.run(FutureTask.java:328)
at java.base/java.util.concurrent.ThreadPoolExecutor.runWorker(ThreadPoolExecutor.java:1090)
at java.base/java.util.concurrent.ThreadPoolExecutor$Worker.run(ThreadPoolExecutor.java:614)
at java.base/java.lang.Thread.run(Thread.java:1474)
... Removed 15 stack frames]]>
    </failure>
  </testcase> <!-- validateCounty -->
  <testcase classname="naco.testcases.TC_4_Master_Parameterized_CountyWebsiteValidation" name="validateCounty" time="0.381">
    <failure type="java.lang.NullPointerException">
      <![CDATA[java.lang.NullPointerException
at java.base/java.util.Objects.requireNonNull(Objects.java:220)
at java.base/java.util.ImmutableCollections$Map1.<init>(ImmutableCollections.java:1351)
at java.base/java.util.Map.of(Map.java:1364)
at org.openqa.selenium.remote.DriverCommand.GET(DriverCommand.java:251)
at org.openqa.selenium.remote.RemoteWebDriver.get(RemoteWebDriver.java:374)
at naco.pageobject.Page3CountyInfo.getBrokenLinkCDP(Page3CountyInfo.java:92)
at naco.testcases.TC_4_Master_Parameterized_CountyWebsiteValidation.validateCounty(TC_4_Master_Parameterized_CountyWebsiteValidation.java:80)
at java.base/java.util.ArrayList.forEach(ArrayList.java:1604)
at java.base/java.util.concurrent.FutureTask.run(FutureTask.java:328)
at java.base/java.util.concurrent.ThreadPoolExecutor.runWorker(ThreadPoolExecutor.java:1090)
at java.base/java.util.concurrent.ThreadPoolExecutor$Worker.run(ThreadPoolExecutor.java:614)
at java.base/java.lang.Thread.run(Thread.java:1474)
... Removed 15 stack frames]]>
    </failure>
  </testcase> <!-- validateCounty -->
  <testcase classname="naco.testcases.TC_4_Master_Parameterized_CountyWebsiteValidation" name="validateCounty" time="0.372">
    <failure type="java.lang.NullPointerException">
      <![CDATA[java.lang.NullPointerException
at java.base/java.util.Objects.requireNonNull(Objects.java:220)
at java.base/java.util.ImmutableCollections$Map1.<init>(ImmutableCollections.java:1351)
at java.base/java.util.Map.of(Map.java:1364)
at org.openqa.selenium.remote.DriverCommand.GET(DriverCommand.java:251)
at org.openqa.selenium.remote.RemoteWebDriver.get(RemoteWebDriver.java:374)
at naco.pageobject.Page3CountyInfo.getBrokenLinkCDP(Page3CountyInfo.java:92)
at naco.testcases.TC_4_Master_Parameterized_CountyWebsiteValidation.validateCounty(TC_4_Master_Parameterized_CountyWebsiteValidation.java:80)
at java.base/java.util.ArrayList.forEach(ArrayList.java:1604)
at java.base/java.util.concurrent.FutureTask.run(FutureTask.java:328)
at java.base/java.util.concurrent.ThreadPoolExecutor.runWorker(ThreadPoolExecutor.java:1090)
at java.base/java.util.concurrent.ThreadPoolExecutor$Worker.run(ThreadPoolExecutor.java:614)
at java.base/java.lang.Thread.run(Thread.java:1474)
... Removed 15 stack frames]]>
    </failure>
  </testcase> <!-- validateCounty -->
</testsuite> <!-- Northeast_NewEngland -->
