<?xml version="1.0" encoding="UTF-8"?>
<!-- Generated by org.testng.reporters.JUnitXMLReporter -->
<testsuite ignored="0" hostname="Aadhu-dell-xps15" failures="77" tests="146" name="Northeast_MidAtlantic" time="9202.37" errors="0" timestamp="2026-05-10T12:28:46 CDT">
  <testcase classname="naco.testcases.TC_4_Master_Parameterized_CountyWebsiteValidation" name="validateCounty" time="3.913"/>
  <testcase classname="naco.testcases.TC_4_Master_Parameterized_CountyWebsiteValidation" name="validateCounty" time="0.952"/>
  <testcase classname="naco.testcases.TC_4_Master_Parameterized_CountyWebsiteValidation" name="validateCounty" time="7.696">
    <failure type="java.lang.AssertionError" message="HTTP Status 204 for http://www.co.burlington.nj.us expected [200] but found [204]">
      <![CDATA[java.lang.AssertionError: HTTP Status 204 for http://www.co.burlington.nj.us expected [200] but found [204]
at naco.testcases.TC_4_Master_Parameterized_CountyWebsiteValidation.validateCounty(TC_4_Master_Parameterized_CountyWebsiteValidation.java:87)
at java.base/java.util.ArrayList.forEach(ArrayList.java:1604)
at java.base/java.util.concurrent.FutureTask.run(FutureTask.java:328)
at java.base/java.util.concurrent.ThreadPoolExecutor.runWorker(ThreadPoolExecutor.java:1090)
at java.base/java.util.concurrent.ThreadPoolExecutor$Worker.run(ThreadPoolExecutor.java:614)
at java.base/java.lang.Thread.run(Thread.java:1474)
... Removed 21 stack frames]]>
    </failure>
  </testcase> <!-- validateCounty -->
  <testcase classname="naco.testcases.TC_4_Master_Parameterized_CountyWebsiteValidation" name="validateCounty" time="2.816"/>
  <testcase classname="naco.testcases.TC_4_Master_Parameterized_CountyWebsiteValidation" name="validateCounty" time="3.575"/>
  <testcase classname="naco.testcases.TC_4_Master_Parameterized_CountyWebsiteValidation" name="validateCounty" time="3.438"/>
  <testcase classname="naco.testcases.TC_4_Master_Parameterized_CountyWebsiteValidation" name="validateCounty" time="3.616"/>
  <testcase classname="naco.testcases.TC_4_Master_Parameterized_CountyWebsiteValidation" name="validateCounty" time="3.729"/>
  <testcase classname="naco.testcases.TC_4_Master_Parameterized_CountyWebsiteValidation" name="validateCounty" time="2.728"/>
  <testcase classname="naco.testcases.TC_4_Master_Parameterized_CountyWebsiteValidation" name="validateCounty" time="3.641"/>
  <testcase classname="naco.testcases.TC_4_Master_Parameterized_CountyWebsiteValidation" name="validateCounty" time="2.064"/>
  <testcase classname="naco.testcases.TC_4_Master_Parameterized_CountyWebsiteValidation" name="validateCounty" time="4.49"/>
  <testcase classname="naco.testcases.TC_4_Master_Parameterized_CountyWebsiteValidation" name="validateCounty" time="1.216"/>
  <testcase classname="naco.testcases.TC_4_Master_Parameterized_CountyWebsiteValidation" name="validateCounty" time="42.843">
    <failure type="org.openqa.selenium.WebDriverException" message="unknown error: net::ERR_CONNECTION_TIMED_OUT
  (Session info: chrome=148.0.7778.97)
Build info: version: &amp;apos;4.43.0&amp;apos;, revision: &amp;apos;dd0f534&amp;apos;
System info: os.name: &amp;apos;Windows 11&amp;apos;, os.arch: &amp;apos;amd64&amp;apos;, os.version: &amp;apos;10.0&amp;apos;, java.version: &amp;apos;25.0.1&amp;apos;
Driver info: org.openqa.selenium.chrome.ChromeDriver
Command: [00c88d5a55407dd6a790b0285dfdc9a6, get {url=https://www.co.morris.nj.us/}]
Capabilities {acceptInsecureCerts: false, browserName: chrome, browserVersion: 148.0.7778.97, chrome: {chromedriverVersion: 148.0.7778.97 (6b3fa66a923a..., userDataDir: C:\Users\athir\AppData\Loca...}, fedcm:accounts: true, goog:chromeOptions: {debuggerAddress: localhost:61009}, goog:processID: 25512, networkConnectionEnabled: false, pageLoadStrategy: normal, platformName: windows, proxy: Proxy(), se:cdp: ws://localhost:61009/devtoo..., se:cdpVersion: 148.0.7778.97, setWindowRect: true, strictFileInteractability: false, timeouts: {implicit: 0, pageLoad: 300000, script: 30000}, unhandledPromptBehavior: dismiss and notify, webauthn:extension:credBlob: true, webauthn:extension:largeBlob: true, webauthn:extension:minPinLength: true, webauthn:extension:prf: true, webauthn:virtualAuthenticators: true}
Session ID: 00c88d5a55407dd6a790b0285dfdc9a6">
      <![CDATA[org.openqa.selenium.WebDriverException: unknown error: net::ERR_CONNECTION_TIMED_OUT
  (Session info: chrome=148.0.7778.97)
Build info: version: '4.43.0', revision: 'dd0f534'
System info: os.name: 'Windows 11', os.arch: 'amd64', os.version: '10.0', java.version: '25.0.1'
Driver info: org.openqa.selenium.chrome.ChromeDriver
Command: [00c88d5a55407dd6a790b0285dfdc9a6, get {url=https://www.co.morris.nj.us/}]
Capabilities {acceptInsecureCerts: false, browserName: chrome, browserVersion: 148.0.7778.97, chrome: {chromedriverVersion: 148.0.7778.97 (6b3fa66a923a..., userDataDir: C:\Users\athir\AppData\Loca...}, fedcm:accounts: true, goog:chromeOptions: {debuggerAddress: localhost:61009}, goog:processID: 25512, networkConnectionEnabled: false, pageLoadStrategy: normal, platformName: windows, proxy: Proxy(), se:cdp: ws://localhost:61009/devtoo..., se:cdpVersion: 148.0.7778.97, setWindowRect: true, strictFileInteractability: false, timeouts: {implicit: 0, pageLoad: 300000, script: 30000}, unhandledPromptBehavior: dismiss and notify, webauthn:extension:credBlob: true, webauthn:extension:largeBlob: true, webauthn:extension:minPinLength: true, webauthn:extension:prf: true, webauthn:virtualAuthenticators: true}
Session ID: 00c88d5a55407dd6a790b0285dfdc9a6
at org.openqa.selenium.remote.ErrorCodec.decode(ErrorCodec.java:169)
at org.openqa.selenium.remote.codec.w3c.W3CHttpResponseCodec.decode(W3CHttpResponseCodec.java:142)
at org.openqa.selenium.remote.codec.w3c.W3CHttpResponseCodec.decode(W3CHttpResponseCodec.java:49)
at org.openqa.selenium.remote.HttpCommandExecutor.execute(HttpCommandExecutor.java:223)
at org.openqa.selenium.remote.service.DriverCommandExecutor.invokeExecute(DriverCommandExecutor.java:216)
at org.openqa.selenium.remote.service.DriverCommandExecutor.execute(DriverCommandExecutor.java:174)
at org.openqa.selenium.remote.RemoteWebDriver.execute(RemoteWebDriver.java:606)
at org.openqa.selenium.remote.RemoteWebDriver.get(RemoteWebDriver.java:374)
at naco.pageobject.Page3CountyInfo.getBrokenLinkCDP(Page3CountyInfo.java:92)
at naco.testcases.TC_4_Master_Parameterized_CountyWebsiteValidation.validateCounty(TC_4_Master_Parameterized_CountyWebsiteValidation.java:80)
at java.base/java.util.ArrayList.forEach(ArrayList.java:1604)
at java.base/java.util.concurrent.FutureTask.run(FutureTask.java:328)
at java.base/java.util.concurrent.ThreadPoolExecutor.runWorker(ThreadPoolExecutor.java:1090)
at java.base/java.util.concurrent.ThreadPoolExecutor$Worker.run(ThreadPoolExecutor.java:614)
at java.base/java.lang.Thread.run(Thread.java:1474)
... Removed 15 stack frames]]>
    </failure>
  </testcase> <!-- validateCounty -->
  <testcase classname="naco.testcases.TC_4_Master_Parameterized_CountyWebsiteValidation" name="validateCounty" time="9.276"/>
  <testcase classname="naco.testcases.TC_4_Master_Parameterized_CountyWebsiteValidation" name="validateCounty" time="9.397"/>
  <testcase classname="naco.testcases.TC_4_Master_Parameterized_CountyWebsiteValidation" name="validateCounty" time="4.342">
    <failure type="java.lang.AssertionError" message="HTTP Status 204 for https://www.salemcountynj.gov/ expected [200] but found [204]">
      <![CDATA[java.lang.AssertionError: HTTP Status 204 for https://www.salemcountynj.gov/ expected [200] but found [204]
at naco.testcases.TC_4_Master_Parameterized_CountyWebsiteValidation.validateCounty(TC_4_Master_Parameterized_CountyWebsiteValidation.java:87)
at java.base/java.util.ArrayList.forEach(ArrayList.java:1604)
at java.base/java.util.concurrent.FutureTask.run(FutureTask.java:328)
at java.base/java.util.concurrent.ThreadPoolExecutor.runWorker(ThreadPoolExecutor.java:1090)
at java.base/java.util.concurrent.ThreadPoolExecutor$Worker.run(ThreadPoolExecutor.java:614)
at java.base/java.lang.Thread.run(Thread.java:1474)
... Removed 21 stack frames]]>
    </failure>
  </testcase> <!-- validateCounty -->
  <testcase classname="naco.testcases.TC_4_Master_Parameterized_CountyWebsiteValidation" name="validateCounty" time="2.798"/>
  <testcase classname="naco.testcases.TC_4_Master_Parameterized_CountyWebsiteValidation" name="validateCounty" time="3.695"/>
  <testcase classname="naco.testcases.TC_4_Master_Parameterized_CountyWebsiteValidation" name="validateCounty" time="4.651"/>
  <testcase classname="naco.testcases.TC_4_Master_Parameterized_CountyWebsiteValidation" name="validateCounty" time="2.726"/>
  <testcase classname="naco.testcases.TC_4_Master_Parameterized_CountyWebsiteValidation" name="validateCounty" time="2.822"/>
  <testcase classname="naco.testcases.TC_4_Master_Parameterized_CountyWebsiteValidation" name="validateCounty" time="2.047"/>
  <testcase classname="naco.testcases.TC_4_Master_Parameterized_CountyWebsiteValidation" name="validateCounty" time="3.762"/>
  <testcase classname="naco.testcases.TC_4_Master_Parameterized_CountyWebsiteValidation" name="validateCounty" time="2.147"/>
  <testcase classname="naco.testcases.TC_4_Master_Parameterized_CountyWebsiteValidation" name="validateCounty" time="1.197">
    <failure type="org.openqa.selenium.WebDriverException" message="unknown error: net::ERR_NAME_NOT_RESOLVED
  (Session info: chrome=148.0.7778.97)
Build info: version: &amp;apos;4.43.0&amp;apos;, revision: &amp;apos;dd0f534&amp;apos;
System info: os.name: &amp;apos;Windows 11&amp;apos;, os.arch: &amp;apos;amd64&amp;apos;, os.version: &amp;apos;10.0&amp;apos;, java.version: &amp;apos;25.0.1&amp;apos;
Driver info: org.openqa.selenium.chrome.ChromeDriver
Command: [00c88d5a55407dd6a790b0285dfdc9a6, get {url=http://www.co.cayuga.ny.us}]
Capabilities {acceptInsecureCerts: false, browserName: chrome, browserVersion: 148.0.7778.97, chrome: {chromedriverVersion: 148.0.7778.97 (6b3fa66a923a..., userDataDir: C:\Users\athir\AppData\Loca...}, fedcm:accounts: true, goog:chromeOptions: {debuggerAddress: localhost:61009}, goog:processID: 25512, networkConnectionEnabled: false, pageLoadStrategy: normal, platformName: windows, proxy: Proxy(), se:cdp: ws://localhost:61009/devtoo..., se:cdpVersion: 148.0.7778.97, setWindowRect: true, strictFileInteractability: false, timeouts: {implicit: 0, pageLoad: 300000, script: 30000}, unhandledPromptBehavior: dismiss and notify, webauthn:extension:credBlob: true, webauthn:extension:largeBlob: true, webauthn:extension:minPinLength: true, webauthn:extension:prf: true, webauthn:virtualAuthenticators: true}
Session ID: 00c88d5a55407dd6a790b0285dfdc9a6">
      <![CDATA[org.openqa.selenium.WebDriverException: unknown error: net::ERR_NAME_NOT_RESOLVED
  (Session info: chrome=148.0.7778.97)
Build info: version: '4.43.0', revision: 'dd0f534'
System info: os.name: 'Windows 11', os.arch: 'amd64', os.version: '10.0', java.version: '25.0.1'
Driver info: org.openqa.selenium.chrome.ChromeDriver
Command: [00c88d5a55407dd6a790b0285dfdc9a6, get {url=http://www.co.cayuga.ny.us}]
Capabilities {acceptInsecureCerts: false, browserName: chrome, browserVersion: 148.0.7778.97, chrome: {chromedriverVersion: 148.0.7778.97 (6b3fa66a923a..., userDataDir: C:\Users\athir\AppData\Loca...}, fedcm:accounts: true, goog:chromeOptions: {debuggerAddress: localhost:61009}, goog:processID: 25512, networkConnectionEnabled: false, pageLoadStrategy: normal, platformName: windows, proxy: Proxy(), se:cdp: ws://localhost:61009/devtoo..., se:cdpVersion: 148.0.7778.97, setWindowRect: true, strictFileInteractability: false, timeouts: {implicit: 0, pageLoad: 300000, script: 30000}, unhandledPromptBehavior: dismiss and notify, webauthn:extension:credBlob: true, webauthn:extension:largeBlob: true, webauthn:extension:minPinLength: true, webauthn:extension:prf: true, webauthn:virtualAuthenticators: true}
Session ID: 00c88d5a55407dd6a790b0285dfdc9a6
at org.openqa.selenium.remote.ErrorCodec.decode(ErrorCodec.java:169)
at org.openqa.selenium.remote.codec.w3c.W3CHttpResponseCodec.decode(W3CHttpResponseCodec.java:142)
at org.openqa.selenium.remote.codec.w3c.W3CHttpResponseCodec.decode(W3CHttpResponseCodec.java:49)
at org.openqa.selenium.remote.HttpCommandExecutor.execute(HttpCommandExecutor.java:223)
at org.openqa.selenium.remote.service.DriverCommandExecutor.invokeExecute(DriverCommandExecutor.java:216)
at org.openqa.selenium.remote.service.DriverCommandExecutor.execute(DriverCommandExecutor.java:174)
at org.openqa.selenium.remote.RemoteWebDriver.execute(RemoteWebDriver.java:606)
at org.openqa.selenium.remote.RemoteWebDriver.get(RemoteWebDriver.java:374)
at naco.pageobject.Page3CountyInfo.getBrokenLinkCDP(Page3CountyInfo.java:92)
at naco.testcases.TC_4_Master_Parameterized_CountyWebsiteValidation.validateCounty(TC_4_Master_Parameterized_CountyWebsiteValidation.java:80)
at java.base/java.util.ArrayList.forEach(ArrayList.java:1604)
at java.base/java.util.concurrent.FutureTask.run(FutureTask.java:328)
at java.base/java.util.concurrent.ThreadPoolExecutor.runWorker(ThreadPoolExecutor.java:1090)
at java.base/java.util.concurrent.ThreadPoolExecutor$Worker.run(ThreadPoolExecutor.java:614)
at java.base/java.lang.Thread.run(Thread.java:1474)
... Removed 15 stack frames]]>
    </failure>
  </testcase> <!-- validateCounty -->
  <testcase classname="naco.testcases.TC_4_Master_Parameterized_CountyWebsiteValidation" name="validateCounty" time="3.843"/>
  <testcase classname="naco.testcases.TC_4_Master_Parameterized_CountyWebsiteValidation" name="validateCounty" time="4.698"/>
  <testcase classname="naco.testcases.TC_4_Master_Parameterized_CountyWebsiteValidation" name="validateCounty" time="0.69"/>
  <testcase classname="naco.testcases.TC_4_Master_Parameterized_CountyWebsiteValidation" name="validateCounty" time="3.541"/>
  <testcase classname="naco.testcases.TC_4_Master_Parameterized_CountyWebsiteValidation" name="validateCounty" time="3.662"/>
  <testcase classname="naco.testcases.TC_4_Master_Parameterized_CountyWebsiteValidation" name="validateCounty" time="5.914"/>
  <testcase classname="naco.testcases.TC_4_Master_Parameterized_CountyWebsiteValidation" name="validateCounty" time="3.024"/>
  <testcase classname="naco.testcases.TC_4_Master_Parameterized_CountyWebsiteValidation" name="validateCounty" time="5.038"/>
  <testcase classname="naco.testcases.TC_4_Master_Parameterized_CountyWebsiteValidation" name="validateCounty" time="4.195">
    <failure type="java.lang.AssertionError" message="HTTP Status 204 for http://www.erie.gov/ expected [200] but found [204]">
      <![CDATA[java.lang.AssertionError: HTTP Status 204 for http://www.erie.gov/ expected [200] but found [204]
at naco.testcases.TC_4_Master_Parameterized_CountyWebsiteValidation.validateCounty(TC_4_Master_Parameterized_CountyWebsiteValidation.java:87)
at java.base/java.util.ArrayList.forEach(ArrayList.java:1604)
at java.base/java.util.concurrent.FutureTask.run(FutureTask.java:328)
at java.base/java.util.concurrent.ThreadPoolExecutor.runWorker(ThreadPoolExecutor.java:1090)
at java.base/java.util.concurrent.ThreadPoolExecutor$Worker.run(ThreadPoolExecutor.java:614)
at java.base/java.lang.Thread.run(Thread.java:1474)
... Removed 21 stack frames]]>
    </failure>
  </testcase> <!-- validateCounty -->
  <testcase classname="naco.testcases.TC_4_Master_Parameterized_CountyWebsiteValidation" name="validateCounty" time="12.955">
    <failure type="java.lang.AssertionError" message="HTTP Status 404 for https://www.co.essex.ny.us/ expected [200] but found [404]">
      <![CDATA[java.lang.AssertionError: HTTP Status 404 for https://www.co.essex.ny.us/ expected [200] but found [404]
at naco.testcases.TC_4_Master_Parameterized_CountyWebsiteValidation.validateCounty(TC_4_Master_Parameterized_CountyWebsiteValidation.java:87)
at java.base/java.util.ArrayList.forEach(ArrayList.java:1604)
at java.base/java.util.concurrent.FutureTask.run(FutureTask.java:328)
at java.base/java.util.concurrent.ThreadPoolExecutor.runWorker(ThreadPoolExecutor.java:1090)
at java.base/java.util.concurrent.ThreadPoolExecutor$Worker.run(ThreadPoolExecutor.java:614)
at java.base/java.lang.Thread.run(Thread.java:1474)
... Removed 21 stack frames]]>
    </failure>
  </testcase> <!-- validateCounty -->
  <testcase classname="naco.testcases.TC_4_Master_Parameterized_CountyWebsiteValidation" name="validateCounty" time="0.891"/>
  <testcase classname="naco.testcases.TC_4_Master_Parameterized_CountyWebsiteValidation" name="validateCounty" time="6.824"/>
  <testcase classname="naco.testcases.TC_4_Master_Parameterized_CountyWebsiteValidation" name="validateCounty" time="4.029"/>
  <testcase classname="naco.testcases.TC_4_Master_Parameterized_CountyWebsiteValidation" name="validateCounty" time="5.185"/>
  <testcase classname="naco.testcases.TC_4_Master_Parameterized_CountyWebsiteValidation" name="validateCounty" time="2.211"/>
  <testcase classname="naco.testcases.TC_4_Master_Parameterized_CountyWebsiteValidation" name="validateCounty" time="4.437"/>
  <testcase classname="naco.testcases.TC_4_Master_Parameterized_CountyWebsiteValidation" name="validateCounty" time="3.224"/>
  <testcase classname="naco.testcases.TC_4_Master_Parameterized_CountyWebsiteValidation" name="validateCounty" time="1.09"/>
  <testcase classname="naco.testcases.TC_4_Master_Parameterized_CountyWebsiteValidation" name="validateCounty" time="5.951"/>
  <testcase classname="naco.testcases.TC_4_Master_Parameterized_CountyWebsiteValidation" name="validateCounty" time="4.678"/>
  <testcase classname="naco.testcases.TC_4_Master_Parameterized_CountyWebsiteValidation" name="validateCounty" time="0.777"/>
  <testcase classname="naco.testcases.TC_4_Master_Parameterized_CountyWebsiteValidation" name="validateCounty" time="4.69"/>
  <testcase classname="naco.testcases.TC_4_Master_Parameterized_CountyWebsiteValidation" name="validateCounty" time="4.704"/>
  <testcase classname="naco.testcases.TC_4_Master_Parameterized_CountyWebsiteValidation" name="validateCounty" time="10.522">
    <failure type="java.lang.AssertionError" message="HTTP Status 204 for http://www.NYC.GOV expected [200] but found [204]">
      <![CDATA[java.lang.AssertionError: HTTP Status 204 for http://www.NYC.GOV expected [200] but found [204]
at naco.testcases.TC_4_Master_Parameterized_CountyWebsiteValidation.validateCounty(TC_4_Master_Parameterized_CountyWebsiteValidation.java:87)
at java.base/java.util.ArrayList.forEach(ArrayList.java:1604)
at java.base/java.util.concurrent.FutureTask.run(FutureTask.java:328)
at java.base/java.util.concurrent.ThreadPoolExecutor.runWorker(ThreadPoolExecutor.java:1090)
at java.base/java.util.concurrent.ThreadPoolExecutor$Worker.run(ThreadPoolExecutor.java:614)
at java.base/java.lang.Thread.run(Thread.java:1474)
... Removed 21 stack frames]]>
    </failure>
  </testcase> <!-- validateCounty -->
  <testcase classname="naco.testcases.TC_4_Master_Parameterized_CountyWebsiteValidation" name="validateCounty" time="3.83"/>
  <testcase classname="naco.testcases.TC_4_Master_Parameterized_CountyWebsiteValidation" name="validateCounty" time="6.686"/>
  <testcase classname="naco.testcases.TC_4_Master_Parameterized_CountyWebsiteValidation" name="validateCounty" time="6.513"/>
  <testcase classname="naco.testcases.TC_4_Master_Parameterized_CountyWebsiteValidation" name="validateCounty" time="5.762"/>
  <testcase classname="naco.testcases.TC_4_Master_Parameterized_CountyWebsiteValidation" name="validateCounty" time="10.865"/>
  <testcase classname="naco.testcases.TC_4_Master_Parameterized_CountyWebsiteValidation" name="validateCounty" time="1.025"/>
  <testcase classname="naco.testcases.TC_4_Master_Parameterized_CountyWebsiteValidation" name="validateCounty" time="9.515"/>
  <testcase classname="naco.testcases.TC_4_Master_Parameterized_CountyWebsiteValidation" name="validateCounty" time="5.064"/>
  <testcase classname="naco.testcases.TC_4_Master_Parameterized_CountyWebsiteValidation" name="validateCounty" time="4.662"/>
  <testcase classname="naco.testcases.TC_4_Master_Parameterized_CountyWebsiteValidation" name="validateCounty" time="4.138"/>
  <testcase classname="naco.testcases.TC_4_Master_Parameterized_CountyWebsiteValidation" name="validateCounty" time="0.998"/>
  <testcase classname="naco.testcases.TC_4_Master_Parameterized_CountyWebsiteValidation" name="validateCounty" time="64.071">
    <failure type="org.openqa.selenium.WebDriverException" message="unknown error: net::ERR_CONNECTION_TIMED_OUT
  (Session info: chrome=148.0.7778.97)
Build info: version: &amp;apos;4.43.0&amp;apos;, revision: &amp;apos;dd0f534&amp;apos;
System info: os.name: &amp;apos;Windows 11&amp;apos;, os.arch: &amp;apos;amd64&amp;apos;, os.version: &amp;apos;10.0&amp;apos;, java.version: &amp;apos;25.0.1&amp;apos;
Driver info: org.openqa.selenium.chrome.ChromeDriver
Command: [00c88d5a55407dd6a790b0285dfdc9a6, get {url=https://www.co.st-lawrence.ny.us/}]
Capabilities {acceptInsecureCerts: false, browserName: chrome, browserVersion: 148.0.7778.97, chrome: {chromedriverVersion: 148.0.7778.97 (6b3fa66a923a..., userDataDir: C:\Users\athir\AppData\Loca...}, fedcm:accounts: true, goog:chromeOptions: {debuggerAddress: localhost:61009}, goog:processID: 25512, networkConnectionEnabled: false, pageLoadStrategy: normal, platformName: windows, proxy: Proxy(), se:cdp: ws://localhost:61009/devtoo..., se:cdpVersion: 148.0.7778.97, setWindowRect: true, strictFileInteractability: false, timeouts: {implicit: 0, pageLoad: 300000, script: 30000}, unhandledPromptBehavior: dismiss and notify, webauthn:extension:credBlob: true, webauthn:extension:largeBlob: true, webauthn:extension:minPinLength: true, webauthn:extension:prf: true, webauthn:virtualAuthenticators: true}
Session ID: 00c88d5a55407dd6a790b0285dfdc9a6">
      <![CDATA[org.openqa.selenium.WebDriverException: unknown error: net::ERR_CONNECTION_TIMED_OUT
  (Session info: chrome=148.0.7778.97)
Build info: version: '4.43.0', revision: 'dd0f534'
System info: os.name: 'Windows 11', os.arch: 'amd64', os.version: '10.0', java.version: '25.0.1'
Driver info: org.openqa.selenium.chrome.ChromeDriver
Command: [00c88d5a55407dd6a790b0285dfdc9a6, get {url=https://www.co.st-lawrence.ny.us/}]
Capabilities {acceptInsecureCerts: false, browserName: chrome, browserVersion: 148.0.7778.97, chrome: {chromedriverVersion: 148.0.7778.97 (6b3fa66a923a..., userDataDir: C:\Users\athir\AppData\Loca...}, fedcm:accounts: true, goog:chromeOptions: {debuggerAddress: localhost:61009}, goog:processID: 25512, networkConnectionEnabled: false, pageLoadStrategy: normal, platformName: windows, proxy: Proxy(), se:cdp: ws://localhost:61009/devtoo..., se:cdpVersion: 148.0.7778.97, setWindowRect: true, strictFileInteractability: false, timeouts: {implicit: 0, pageLoad: 300000, script: 30000}, unhandledPromptBehavior: dismiss and notify, webauthn:extension:credBlob: true, webauthn:extension:largeBlob: true, webauthn:extension:minPinLength: true, webauthn:extension:prf: true, webauthn:virtualAuthenticators: true}
Session ID: 00c88d5a55407dd6a790b0285dfdc9a6
at org.openqa.selenium.remote.ErrorCodec.decode(ErrorCodec.java:169)
at org.openqa.selenium.remote.codec.w3c.W3CHttpResponseCodec.decode(W3CHttpResponseCodec.java:142)
at org.openqa.selenium.remote.codec.w3c.W3CHttpResponseCodec.decode(W3CHttpResponseCodec.java:49)
at org.openqa.selenium.remote.HttpCommandExecutor.execute(HttpCommandExecutor.java:223)
at org.openqa.selenium.remote.service.DriverCommandExecutor.invokeExecute(DriverCommandExecutor.java:216)
at org.openqa.selenium.remote.service.DriverCommandExecutor.execute(DriverCommandExecutor.java:174)
at org.openqa.selenium.remote.RemoteWebDriver.execute(RemoteWebDriver.java:606)
at org.openqa.selenium.remote.RemoteWebDriver.get(RemoteWebDriver.java:374)
at naco.pageobject.Page3CountyInfo.getBrokenLinkCDP(Page3CountyInfo.java:92)
at naco.testcases.TC_4_Master_Parameterized_CountyWebsiteValidation.validateCounty(TC_4_Master_Parameterized_CountyWebsiteValidation.java:80)
at java.base/java.util.ArrayList.forEach(ArrayList.java:1604)
at java.base/java.util.concurrent.FutureTask.run(FutureTask.java:328)
at java.base/java.util.concurrent.ThreadPoolExecutor.runWorker(ThreadPoolExecutor.java:1090)
at java.base/java.util.concurrent.ThreadPoolExecutor$Worker.run(ThreadPoolExecutor.java:614)
at java.base/java.lang.Thread.run(Thread.java:1474)
... Removed 15 stack frames]]>
    </failure>
  </testcase> <!-- validateCounty -->
  <testcase classname="naco.testcases.TC_4_Master_Parameterized_CountyWebsiteValidation" name="validateCounty" time="1.323"/>
  <testcase classname="naco.testcases.TC_4_Master_Parameterized_CountyWebsiteValidation" name="validateCounty" time="15.743">
    <failure type="java.lang.AssertionError" message="HTTP Status 204 for http://www.schenectadycounty.com expected [200] but found [204]">
      <![CDATA[java.lang.AssertionError: HTTP Status 204 for http://www.schenectadycounty.com expected [200] but found [204]
at naco.testcases.TC_4_Master_Parameterized_CountyWebsiteValidation.validateCounty(TC_4_Master_Parameterized_CountyWebsiteValidation.java:87)
at java.base/java.util.ArrayList.forEach(ArrayList.java:1604)
at java.base/java.util.concurrent.FutureTask.run(FutureTask.java:328)
at java.base/java.util.concurrent.ThreadPoolExecutor.runWorker(ThreadPoolExecutor.java:1090)
at java.base/java.util.concurrent.ThreadPoolExecutor$Worker.run(ThreadPoolExecutor.java:614)
at java.base/java.lang.Thread.run(Thread.java:1474)
... Removed 21 stack frames]]>
    </failure>
  </testcase> <!-- validateCounty -->
  <testcase classname="naco.testcases.TC_4_Master_Parameterized_CountyWebsiteValidation" name="validateCounty" time="13.767"/>
  <testcase classname="naco.testcases.TC_4_Master_Parameterized_CountyWebsiteValidation" name="validateCounty" time="2.882"/>
  <testcase classname="naco.testcases.TC_4_Master_Parameterized_CountyWebsiteValidation" name="validateCounty" time="10.401"/>
  <testcase classname="naco.testcases.TC_4_Master_Parameterized_CountyWebsiteValidation" name="validateCounty" time="1.82"/>
  <testcase classname="naco.testcases.TC_4_Master_Parameterized_CountyWebsiteValidation" name="validateCounty" time="4.626"/>
  <testcase classname="naco.testcases.TC_4_Master_Parameterized_CountyWebsiteValidation" name="validateCounty" time="5.658"/>
  <testcase classname="naco.testcases.TC_4_Master_Parameterized_CountyWebsiteValidation" name="validateCounty" time="2.35">
    <failure type="org.openqa.selenium.TimeoutException" message="timeout
from aborted by navigation: Not attached to an active page
  (Session info: chrome=148.0.7778.97)
Build info: version: &amp;apos;4.43.0&amp;apos;, revision: &amp;apos;dd0f534&amp;apos;
System info: os.name: &amp;apos;Windows 11&amp;apos;, os.arch: &amp;apos;amd64&amp;apos;, os.version: &amp;apos;10.0&amp;apos;, java.version: &amp;apos;25.0.1&amp;apos;
Driver info: org.openqa.selenium.chrome.ChromeDriver
Command: [00c88d5a55407dd6a790b0285dfdc9a6, screenshot {}]
Capabilities {acceptInsecureCerts: false, browserName: chrome, browserVersion: 148.0.7778.97, chrome: {chromedriverVersion: 148.0.7778.97 (6b3fa66a923a..., userDataDir: C:\Users\athir\AppData\Loca...}, fedcm:accounts: true, goog:chromeOptions: {debuggerAddress: localhost:61009}, goog:processID: 25512, networkConnectionEnabled: false, pageLoadStrategy: normal, platformName: windows, proxy: Proxy(), se:cdp: ws://localhost:61009/devtoo..., se:cdpVersion: 148.0.7778.97, setWindowRect: true, strictFileInteractability: false, timeouts: {implicit: 0, pageLoad: 300000, script: 30000}, unhandledPromptBehavior: dismiss and notify, webauthn:extension:credBlob: true, webauthn:extension:largeBlob: true, webauthn:extension:minPinLength: true, webauthn:extension:prf: true, webauthn:virtualAuthenticators: true}
Session ID: 00c88d5a55407dd6a790b0285dfdc9a6">
      <![CDATA[org.openqa.selenium.TimeoutException: timeout
from aborted by navigation: Not attached to an active page
  (Session info: chrome=148.0.7778.97)
Build info: version: '4.43.0', revision: 'dd0f534'
System info: os.name: 'Windows 11', os.arch: 'amd64', os.version: '10.0', java.version: '25.0.1'
Driver info: org.openqa.selenium.chrome.ChromeDriver
Command: [00c88d5a55407dd6a790b0285dfdc9a6, screenshot {}]
Capabilities {acceptInsecureCerts: false, browserName: chrome, browserVersion: 148.0.7778.97, chrome: {chromedriverVersion: 148.0.7778.97 (6b3fa66a923a..., userDataDir: C:\Users\athir\AppData\Loca...}, fedcm:accounts: true, goog:chromeOptions: {debuggerAddress: localhost:61009}, goog:processID: 25512, networkConnectionEnabled: false, pageLoadStrategy: normal, platformName: windows, proxy: Proxy(), se:cdp: ws://localhost:61009/devtoo..., se:cdpVersion: 148.0.7778.97, setWindowRect: true, strictFileInteractability: false, timeouts: {implicit: 0, pageLoad: 300000, script: 30000}, unhandledPromptBehavior: dismiss and notify, webauthn:extension:credBlob: true, webauthn:extension:largeBlob: true, webauthn:extension:minPinLength: true, webauthn:extension:prf: true, webauthn:virtualAuthenticators: true}
Session ID: 00c88d5a55407dd6a790b0285dfdc9a6
at org.openqa.selenium.remote.ErrorCodec.decode(ErrorCodec.java:169)
at org.openqa.selenium.remote.codec.w3c.W3CHttpResponseCodec.decode(W3CHttpResponseCodec.java:142)
at org.openqa.selenium.remote.codec.w3c.W3CHttpResponseCodec.decode(W3CHttpResponseCodec.java:49)
at org.openqa.selenium.remote.HttpCommandExecutor.execute(HttpCommandExecutor.java:223)
at org.openqa.selenium.remote.service.DriverCommandExecutor.invokeExecute(DriverCommandExecutor.java:216)
at org.openqa.selenium.remote.service.DriverCommandExecutor.execute(DriverCommandExecutor.java:174)
at org.openqa.selenium.remote.RemoteWebDriver.execute(RemoteWebDriver.java:606)
at org.openqa.selenium.remote.RemoteWebDriver.execute(RemoteWebDriver.java:688)
at org.openqa.selenium.remote.RemoteWebDriver.execute(RemoteWebDriver.java:692)
at org.openqa.selenium.remote.RemoteWebDriver.getScreenshotAs(RemoteWebDriver.java:395)
at naco.reusablecomponent.BaseTest.getScreenshot(BaseTest.java:87)
at naco.testcases.TC_4_Master_Parameterized_CountyWebsiteValidation.validateCounty(TC_4_Master_Parameterized_CountyWebsiteValidation.java:92)
at java.base/java.util.ArrayList.forEach(ArrayList.java:1604)
at java.base/java.util.concurrent.FutureTask.run(FutureTask.java:328)
at java.base/java.util.concurrent.ThreadPoolExecutor.runWorker(ThreadPoolExecutor.java:1090)
at java.base/java.util.concurrent.ThreadPoolExecutor$Worker.run(ThreadPoolExecutor.java:614)
at java.base/java.lang.Thread.run(Thread.java:1474)
... Removed 15 stack frames]]>
    </failure>
  </testcase> <!-- validateCounty -->
  <testcase classname="naco.testcases.TC_4_Master_Parameterized_CountyWebsiteValidation" name="validateCounty" time="6.552"/>
  <testcase classname="naco.testcases.TC_4_Master_Parameterized_CountyWebsiteValidation" name="validateCounty" time="45.225">
    <failure type="org.openqa.selenium.WebDriverException" message="unknown error: net::ERR_CONNECTION_TIMED_OUT
  (Session info: chrome=148.0.7778.97)
Build info: version: &amp;apos;4.43.0&amp;apos;, revision: &amp;apos;dd0f534&amp;apos;
System info: os.name: &amp;apos;Windows 11&amp;apos;, os.arch: &amp;apos;amd64&amp;apos;, os.version: &amp;apos;10.0&amp;apos;, java.version: &amp;apos;25.0.1&amp;apos;
Driver info: org.openqa.selenium.chrome.ChromeDriver
Command: [00c88d5a55407dd6a790b0285dfdc9a6, get {url=http://www.co.ulster.ny.us/}]
Capabilities {acceptInsecureCerts: false, browserName: chrome, browserVersion: 148.0.7778.97, chrome: {chromedriverVersion: 148.0.7778.97 (6b3fa66a923a..., userDataDir: C:\Users\athir\AppData\Loca...}, fedcm:accounts: true, goog:chromeOptions: {debuggerAddress: localhost:61009}, goog:processID: 25512, networkConnectionEnabled: false, pageLoadStrategy: normal, platformName: windows, proxy: Proxy(), se:cdp: ws://localhost:61009/devtoo..., se:cdpVersion: 148.0.7778.97, setWindowRect: true, strictFileInteractability: false, timeouts: {implicit: 0, pageLoad: 300000, script: 30000}, unhandledPromptBehavior: dismiss and notify, webauthn:extension:credBlob: true, webauthn:extension:largeBlob: true, webauthn:extension:minPinLength: true, webauthn:extension:prf: true, webauthn:virtualAuthenticators: true}
Session ID: 00c88d5a55407dd6a790b0285dfdc9a6">
      <![CDATA[org.openqa.selenium.WebDriverException: unknown error: net::ERR_CONNECTION_TIMED_OUT
  (Session info: chrome=148.0.7778.97)
Build info: version: '4.43.0', revision: 'dd0f534'
System info: os.name: 'Windows 11', os.arch: 'amd64', os.version: '10.0', java.version: '25.0.1'
Driver info: org.openqa.selenium.chrome.ChromeDriver
Command: [00c88d5a55407dd6a790b0285dfdc9a6, get {url=http://www.co.ulster.ny.us/}]
Capabilities {acceptInsecureCerts: false, browserName: chrome, browserVersion: 148.0.7778.97, chrome: {chromedriverVersion: 148.0.7778.97 (6b3fa66a923a..., userDataDir: C:\Users\athir\AppData\Loca...}, fedcm:accounts: true, goog:chromeOptions: {debuggerAddress: localhost:61009}, goog:processID: 25512, networkConnectionEnabled: false, pageLoadStrategy: normal, platformName: windows, proxy: Proxy(), se:cdp: ws://localhost:61009/devtoo..., se:cdpVersion: 148.0.7778.97, setWindowRect: true, strictFileInteractability: false, timeouts: {implicit: 0, pageLoad: 300000, script: 30000}, unhandledPromptBehavior: dismiss and notify, webauthn:extension:credBlob: true, webauthn:extension:largeBlob: true, webauthn:extension:minPinLength: true, webauthn:extension:prf: true, webauthn:virtualAuthenticators: true}
Session ID: 00c88d5a55407dd6a790b0285dfdc9a6
at org.openqa.selenium.remote.ErrorCodec.decode(ErrorCodec.java:169)
at org.openqa.selenium.remote.codec.w3c.W3CHttpResponseCodec.decode(W3CHttpResponseCodec.java:142)
at org.openqa.selenium.remote.codec.w3c.W3CHttpResponseCodec.decode(W3CHttpResponseCodec.java:49)
at org.openqa.selenium.remote.HttpCommandExecutor.execute(HttpCommandExecutor.java:223)
at org.openqa.selenium.remote.service.DriverCommandExecutor.invokeExecute(DriverCommandExecutor.java:216)
at org.openqa.selenium.remote.service.DriverCommandExecutor.execute(DriverCommandExecutor.java:174)
at org.openqa.selenium.remote.RemoteWebDriver.execute(RemoteWebDriver.java:606)
at org.openqa.selenium.remote.RemoteWebDriver.get(RemoteWebDriver.java:374)
at naco.pageobject.Page3CountyInfo.getBrokenLinkCDP(Page3CountyInfo.java:92)
at naco.testcases.TC_4_Master_Parameterized_CountyWebsiteValidation.validateCounty(TC_4_Master_Parameterized_CountyWebsiteValidation.java:80)
at java.base/java.util.ArrayList.forEach(ArrayList.java:1604)
at java.base/java.util.concurrent.FutureTask.run(FutureTask.java:328)
at java.base/java.util.concurrent.ThreadPoolExecutor.runWorker(ThreadPoolExecutor.java:1090)
at java.base/java.util.concurrent.ThreadPoolExecutor$Worker.run(ThreadPoolExecutor.java:614)
at java.base/java.lang.Thread.run(Thread.java:1474)
... Removed 15 stack frames]]>
    </failure>
  </testcase> <!-- validateCounty -->
  <testcase classname="naco.testcases.TC_4_Master_Parameterized_CountyWebsiteValidation" name="validateCounty" time="3.117"/>
  <testcase classname="naco.testcases.TC_4_Master_Parameterized_CountyWebsiteValidation" name="validateCounty" time="6.768"/>
  <testcase classname="naco.testcases.TC_4_Master_Parameterized_CountyWebsiteValidation" name="validateCounty" time="0.981"/>
  <testcase classname="naco.testcases.TC_4_Master_Parameterized_CountyWebsiteValidation" name="validateCounty" time="4.616"/>
  <testcase classname="naco.testcases.TC_4_Master_Parameterized_CountyWebsiteValidation" name="validateCounty" time="10.947"/>
  <testcase classname="naco.testcases.TC_4_Master_Parameterized_CountyWebsiteValidation" name="validateCounty" time="6.807"/>
  <testcase classname="naco.testcases.TC_4_Master_Parameterized_CountyWebsiteValidation" name="validateCounty" time="6.207"/>
  <testcase classname="naco.testcases.TC_4_Master_Parameterized_CountyWebsiteValidation" name="validateCounty" time="43.685">
    <failure type="org.openqa.selenium.WebDriverException" message="unknown error: net::ERR_CONNECTION_TIMED_OUT
  (Session info: chrome=148.0.7778.97)
Build info: version: &amp;apos;4.43.0&amp;apos;, revision: &amp;apos;dd0f534&amp;apos;
System info: os.name: &amp;apos;Windows 11&amp;apos;, os.arch: &amp;apos;amd64&amp;apos;, os.version: &amp;apos;10.0&amp;apos;, java.version: &amp;apos;25.0.1&amp;apos;
Driver info: org.openqa.selenium.chrome.ChromeDriver
Command: [00c88d5a55407dd6a790b0285dfdc9a6, get {url=http://www.county.allegheny.pa.us}]
Capabilities {acceptInsecureCerts: false, browserName: chrome, browserVersion: 148.0.7778.97, chrome: {chromedriverVersion: 148.0.7778.97 (6b3fa66a923a..., userDataDir: C:\Users\athir\AppData\Loca...}, fedcm:accounts: true, goog:chromeOptions: {debuggerAddress: localhost:61009}, goog:processID: 25512, networkConnectionEnabled: false, pageLoadStrategy: normal, platformName: windows, proxy: Proxy(), se:cdp: ws://localhost:61009/devtoo..., se:cdpVersion: 148.0.7778.97, setWindowRect: true, strictFileInteractability: false, timeouts: {implicit: 0, pageLoad: 300000, script: 30000}, unhandledPromptBehavior: dismiss and notify, webauthn:extension:credBlob: true, webauthn:extension:largeBlob: true, webauthn:extension:minPinLength: true, webauthn:extension:prf: true, webauthn:virtualAuthenticators: true}
Session ID: 00c88d5a55407dd6a790b0285dfdc9a6">
      <![CDATA[org.openqa.selenium.WebDriverException: unknown error: net::ERR_CONNECTION_TIMED_OUT
  (Session info: chrome=148.0.7778.97)
Build info: version: '4.43.0', revision: 'dd0f534'
System info: os.name: 'Windows 11', os.arch: 'amd64', os.version: '10.0', java.version: '25.0.1'
Driver info: org.openqa.selenium.chrome.ChromeDriver
Command: [00c88d5a55407dd6a790b0285dfdc9a6, get {url=http://www.county.allegheny.pa.us}]
Capabilities {acceptInsecureCerts: false, browserName: chrome, browserVersion: 148.0.7778.97, chrome: {chromedriverVersion: 148.0.7778.97 (6b3fa66a923a..., userDataDir: C:\Users\athir\AppData\Loca...}, fedcm:accounts: true, goog:chromeOptions: {debuggerAddress: localhost:61009}, goog:processID: 25512, networkConnectionEnabled: false, pageLoadStrategy: normal, platformName: windows, proxy: Proxy(), se:cdp: ws://localhost:61009/devtoo..., se:cdpVersion: 148.0.7778.97, setWindowRect: true, strictFileInteractability: false, timeouts: {implicit: 0, pageLoad: 300000, script: 30000}, unhandledPromptBehavior: dismiss and notify, webauthn:extension:credBlob: true, webauthn:extension:largeBlob: true, webauthn:extension:minPinLength: true, webauthn:extension:prf: true, webauthn:virtualAuthenticators: true}
Session ID: 00c88d5a55407dd6a790b0285dfdc9a6
at org.openqa.selenium.remote.ErrorCodec.decode(ErrorCodec.java:169)
at org.openqa.selenium.remote.codec.w3c.W3CHttpResponseCodec.decode(W3CHttpResponseCodec.java:142)
at org.openqa.selenium.remote.codec.w3c.W3CHttpResponseCodec.decode(W3CHttpResponseCodec.java:49)
at org.openqa.selenium.remote.HttpCommandExecutor.execute(HttpCommandExecutor.java:223)
at org.openqa.selenium.remote.service.DriverCommandExecutor.invokeExecute(DriverCommandExecutor.java:216)
at org.openqa.selenium.remote.service.DriverCommandExecutor.execute(DriverCommandExecutor.java:174)
at org.openqa.selenium.remote.RemoteWebDriver.execute(RemoteWebDriver.java:606)
at org.openqa.selenium.remote.RemoteWebDriver.get(RemoteWebDriver.java:374)
at naco.pageobject.Page3CountyInfo.getBrokenLinkCDP(Page3CountyInfo.java:92)
at naco.testcases.TC_4_Master_Parameterized_CountyWebsiteValidation.validateCounty(TC_4_Master_Parameterized_CountyWebsiteValidation.java:80)
at java.base/java.util.ArrayList.forEach(ArrayList.java:1604)
at java.base/java.util.concurrent.FutureTask.run(FutureTask.java:328)
at java.base/java.util.concurrent.ThreadPoolExecutor.runWorker(ThreadPoolExecutor.java:1090)
at java.base/java.util.concurrent.ThreadPoolExecutor$Worker.run(ThreadPoolExecutor.java:614)
at java.base/java.lang.Thread.run(Thread.java:1474)
... Removed 15 stack frames]]>
    </failure>
  </testcase> <!-- validateCounty -->
  <testcase classname="naco.testcases.TC_4_Master_Parameterized_CountyWebsiteValidation" name="validateCounty" time="8281.621">
    <failure type="org.openqa.selenium.NoSuchSessionException" message="invalid session id: session deleted as the browser has closed the connection
from disconnected: Unable to receive message from renderer
  (Session info: chrome=148.0.7778.97)
Build info: version: &amp;apos;4.43.0&amp;apos;, revision: &amp;apos;dd0f534&amp;apos;
System info: os.name: &amp;apos;Windows 11&amp;apos;, os.arch: &amp;apos;amd64&amp;apos;, os.version: &amp;apos;10.0&amp;apos;, java.version: &amp;apos;25.0.1&amp;apos;
Driver info: org.openqa.selenium.chrome.ChromeDriver
Command: [00c88d5a55407dd6a790b0285dfdc9a6, get {url=http://www.co.armstrong.pa.us/}]
Capabilities {acceptInsecureCerts: false, browserName: chrome, browserVersion: 148.0.7778.97, chrome: {chromedriverVersion: 148.0.7778.97 (6b3fa66a923a..., userDataDir: C:\Users\athir\AppData\Loca...}, fedcm:accounts: true, goog:chromeOptions: {debuggerAddress: localhost:61009}, goog:processID: 25512, networkConnectionEnabled: false, pageLoadStrategy: normal, platformName: windows, proxy: Proxy(), se:cdp: ws://localhost:61009/devtoo..., se:cdpVersion: 148.0.7778.97, setWindowRect: true, strictFileInteractability: false, timeouts: {implicit: 0, pageLoad: 300000, script: 30000}, unhandledPromptBehavior: dismiss and notify, webauthn:extension:credBlob: true, webauthn:extension:largeBlob: true, webauthn:extension:minPinLength: true, webauthn:extension:prf: true, webauthn:virtualAuthenticators: true}
Session ID: 00c88d5a55407dd6a790b0285dfdc9a6">
      <![CDATA[org.openqa.selenium.NoSuchSessionException: invalid session id: session deleted as the browser has closed the connection
from disconnected: Unable to receive message from renderer
  (Session info: chrome=148.0.7778.97)
Build info: version: '4.43.0', revision: 'dd0f534'
System info: os.name: 'Windows 11', os.arch: 'amd64', os.version: '10.0', java.version: '25.0.1'
Driver info: org.openqa.selenium.chrome.ChromeDriver
Command: [00c88d5a55407dd6a790b0285dfdc9a6, get {url=http://www.co.armstrong.pa.us/}]
Capabilities {acceptInsecureCerts: false, browserName: chrome, browserVersion: 148.0.7778.97, chrome: {chromedriverVersion: 148.0.7778.97 (6b3fa66a923a..., userDataDir: C:\Users\athir\AppData\Loca...}, fedcm:accounts: true, goog:chromeOptions: {debuggerAddress: localhost:61009}, goog:processID: 25512, networkConnectionEnabled: false, pageLoadStrategy: normal, platformName: windows, proxy: Proxy(), se:cdp: ws://localhost:61009/devtoo..., se:cdpVersion: 148.0.7778.97, setWindowRect: true, strictFileInteractability: false, timeouts: {implicit: 0, pageLoad: 300000, script: 30000}, unhandledPromptBehavior: dismiss and notify, webauthn:extension:credBlob: true, webauthn:extension:largeBlob: true, webauthn:extension:minPinLength: true, webauthn:extension:prf: true, webauthn:virtualAuthenticators: true}
Session ID: 00c88d5a55407dd6a790b0285dfdc9a6
at org.openqa.selenium.remote.ErrorCodec.decode(ErrorCodec.java:169)
at org.openqa.selenium.remote.codec.w3c.W3CHttpResponseCodec.decode(W3CHttpResponseCodec.java:142)
at org.openqa.selenium.remote.codec.w3c.W3CHttpResponseCodec.decode(W3CHttpResponseCodec.java:49)
at org.openqa.selenium.remote.HttpCommandExecutor.execute(HttpCommandExecutor.java:223)
at org.openqa.selenium.remote.service.DriverCommandExecutor.invokeExecute(DriverCommandExecutor.java:216)
at org.openqa.selenium.remote.service.DriverCommandExecutor.execute(DriverCommandExecutor.java:174)
at org.openqa.selenium.remote.RemoteWebDriver.execute(RemoteWebDriver.java:606)
at org.openqa.selenium.remote.RemoteWebDriver.get(RemoteWebDriver.java:374)
at naco.pageobject.Page3CountyInfo.getBrokenLinkCDP(Page3CountyInfo.java:92)
at naco.testcases.TC_4_Master_Parameterized_CountyWebsiteValidation.validateCounty(TC_4_Master_Parameterized_CountyWebsiteValidation.java:80)
at java.base/java.util.ArrayList.forEach(ArrayList.java:1604)
at java.base/java.util.concurrent.FutureTask.run(FutureTask.java:328)
at java.base/java.util.concurrent.ThreadPoolExecutor.runWorker(ThreadPoolExecutor.java:1090)
at java.base/java.util.concurrent.ThreadPoolExecutor$Worker.run(ThreadPoolExecutor.java:614)
at java.base/java.lang.Thread.run(Thread.java:1474)
... Removed 15 stack frames]]>
    </failure>
  </testcase> <!-- validateCounty -->
  <testcase classname="naco.testcases.TC_4_Master_Parameterized_CountyWebsiteValidation" name="validateCounty" time="0.96">
    <failure type="org.openqa.selenium.WebDriverException" message="java.io.IOException: Output closed
Build info: version: &amp;apos;4.43.0&amp;apos;, revision: &amp;apos;dd0f534&amp;apos;
System info: os.name: &amp;apos;Windows 11&amp;apos;, os.arch: &amp;apos;amd64&amp;apos;, os.version: &amp;apos;10.0&amp;apos;, java.version: &amp;apos;25.0.1&amp;apos;
Driver info: driver.version: unknown">
      <![CDATA[org.openqa.selenium.WebDriverException: java.io.IOException: Output closed
Build info: version: '4.43.0', revision: 'dd0f534'
System info: os.name: 'Windows 11', os.arch: 'amd64', os.version: '10.0', java.version: '25.0.1'
Driver info: driver.version: unknown
at org.openqa.selenium.remote.http.jdk.JdkHttpClient$4.send(JdkHttpClient.java:327)
at org.openqa.selenium.remote.http.WebSocket.sendText(WebSocket.java:32)
at org.openqa.selenium.devtools.Connection.send(Connection.java:185)
at org.openqa.selenium.devtools.Connection.sendAndWait(Connection.java:199)
at org.openqa.selenium.devtools.DevTools.findTarget(DevTools.java:215)
at org.openqa.selenium.devtools.DevTools.attachToWindow(DevTools.java:171)
at org.openqa.selenium.devtools.DevTools.createSession(DevTools.java:167)
at org.openqa.selenium.devtools.DevTools.createSession(DevTools.java:153)
at naco.pageobject.Page3CountyInfo.getBrokenLinkCDP(Page3CountyInfo.java:76)
at naco.testcases.TC_4_Master_Parameterized_CountyWebsiteValidation.validateCounty(TC_4_Master_Parameterized_CountyWebsiteValidation.java:80)
at java.base/java.util.ArrayList.forEach(ArrayList.java:1604)
at java.base/java.util.concurrent.FutureTask.run(FutureTask.java:328)
at java.base/java.util.concurrent.ThreadPoolExecutor.runWorker(ThreadPoolExecutor.java:1090)
at java.base/java.util.concurrent.ThreadPoolExecutor$Worker.run(ThreadPoolExecutor.java:614)
at java.base/java.lang.Thread.run(Thread.java:1474)
Caused by: java.io.IOException: Output closed
at java.net.http/jdk.internal.net.http.websocket.MessageEncoder.encodeText(MessageEncoder.java:145)
at java.net.http/jdk.internal.net.http.websocket.TransportImpl$SendTask$1.onText(TransportImpl.java:376)
at java.net.http/jdk.internal.net.http.websocket.TransportImpl$SendTask$1.onText(TransportImpl.java:367)
at java.net.http/jdk.internal.net.http.websocket.MessageQueue.peek(MessageQueue.java:223)
at java.net.http/jdk.internal.net.http.websocket.TransportImpl$SendTask.run(TransportImpl.java:555)
at java.net.http/jdk.internal.net.http.common.SequentialScheduler$CompleteRestartableTask.run(SequentialScheduler.java:149)
at java.net.http/jdk.internal.net.http.common.SequentialScheduler$SchedulableTask.run(SequentialScheduler.java:207)
at java.net.http/jdk.internal.net.http.common.SequentialScheduler.runOrSchedule(SequentialScheduler.java:280)
at java.net.http/jdk.internal.net.http.common.SequentialScheduler.runOrSchedule(SequentialScheduler.java:233)
at java.net.http/jdk.internal.net.http.websocket.TransportImpl.sendText(TransportImpl.java:149)
at java.net.http/jdk.internal.net.http.websocket.WebSocketImpl.sendText(WebSocketImpl.java:192)
at org.openqa.selenium.remote.http.jdk.JdkHttpClient$4.lambda$send$1(JdkHttpClient.java:278)
at org.openqa.selenium.remote.http.jdk.JdkHttpClient$4.send(JdkHttpClient.java:317)
... 29 more
... Removed 15 stack frames]]>
    </failure>
  </testcase> <!-- validateCounty -->
  <testcase classname="naco.testcases.TC_4_Master_Parameterized_CountyWebsiteValidation" name="validateCounty" time="4.019">
    <failure type="org.openqa.selenium.WebDriverException" message="java.io.IOException: Output closed
Build info: version: &amp;apos;4.43.0&amp;apos;, revision: &amp;apos;dd0f534&amp;apos;
System info: os.name: &amp;apos;Windows 11&amp;apos;, os.arch: &amp;apos;amd64&amp;apos;, os.version: &amp;apos;10.0&amp;apos;, java.version: &amp;apos;25.0.1&amp;apos;
Driver info: driver.version: unknown">
      <![CDATA[org.openqa.selenium.WebDriverException: java.io.IOException: Output closed
Build info: version: '4.43.0', revision: 'dd0f534'
System info: os.name: 'Windows 11', os.arch: 'amd64', os.version: '10.0', java.version: '25.0.1'
Driver info: driver.version: unknown
at org.openqa.selenium.remote.http.jdk.JdkHttpClient$4.send(JdkHttpClient.java:327)
at org.openqa.selenium.remote.http.WebSocket.sendText(WebSocket.java:32)
at org.openqa.selenium.devtools.Connection.send(Connection.java:185)
at org.openqa.selenium.devtools.Connection.sendAndWait(Connection.java:199)
at org.openqa.selenium.devtools.DevTools.findTarget(DevTools.java:215)
at org.openqa.selenium.devtools.DevTools.attachToWindow(DevTools.java:171)
at org.openqa.selenium.devtools.DevTools.createSession(DevTools.java:167)
at org.openqa.selenium.devtools.DevTools.createSession(DevTools.java:153)
at naco.pageobject.Page3CountyInfo.getBrokenLinkCDP(Page3CountyInfo.java:76)
at naco.testcases.TC_4_Master_Parameterized_CountyWebsiteValidation.validateCounty(TC_4_Master_Parameterized_CountyWebsiteValidation.java:80)
at java.base/java.util.ArrayList.forEach(ArrayList.java:1604)
at java.base/java.util.concurrent.FutureTask.run(FutureTask.java:328)
at java.base/java.util.concurrent.ThreadPoolExecutor.runWorker(ThreadPoolExecutor.java:1090)
at java.base/java.util.concurrent.ThreadPoolExecutor$Worker.run(ThreadPoolExecutor.java:614)
at java.base/java.lang.Thread.run(Thread.java:1474)
Caused by: java.io.IOException: Output closed
at java.net.http/jdk.internal.net.http.websocket.MessageEncoder.encodeText(MessageEncoder.java:145)
at java.net.http/jdk.internal.net.http.websocket.TransportImpl$SendTask$1.onText(TransportImpl.java:376)
at java.net.http/jdk.internal.net.http.websocket.TransportImpl$SendTask$1.onText(TransportImpl.java:367)
at java.net.http/jdk.internal.net.http.websocket.MessageQueue.peek(MessageQueue.java:223)
at java.net.http/jdk.internal.net.http.websocket.TransportImpl$SendTask.run(TransportImpl.java:555)
at java.net.http/jdk.internal.net.http.common.SequentialScheduler$CompleteRestartableTask.run(SequentialScheduler.java:149)
at java.net.http/jdk.internal.net.http.common.SequentialScheduler$SchedulableTask.run(SequentialScheduler.java:207)
at java.net.http/jdk.internal.net.http.common.SequentialScheduler.runOrSchedule(SequentialScheduler.java:280)
at java.net.http/jdk.internal.net.http.common.SequentialScheduler.runOrSchedule(SequentialScheduler.java:233)
at java.net.http/jdk.internal.net.http.websocket.TransportImpl.sendText(TransportImpl.java:149)
at java.net.http/jdk.internal.net.http.websocket.WebSocketImpl.sendText(WebSocketImpl.java:192)
at org.openqa.selenium.remote.http.jdk.JdkHttpClient$4.lambda$send$1(JdkHttpClient.java:278)
at org.openqa.selenium.remote.http.jdk.JdkHttpClient$4.send(JdkHttpClient.java:317)
... 29 more
... Removed 15 stack frames]]>
    </failure>
  </testcase> <!-- validateCounty -->
  <testcase classname="naco.testcases.TC_4_Master_Parameterized_CountyWebsiteValidation" name="validateCounty" time="0.645">
    <failure type="org.openqa.selenium.WebDriverException" message="java.io.IOException: Output closed
Build info: version: &amp;apos;4.43.0&amp;apos;, revision: &amp;apos;dd0f534&amp;apos;
System info: os.name: &amp;apos;Windows 11&amp;apos;, os.arch: &amp;apos;amd64&amp;apos;, os.version: &amp;apos;10.0&amp;apos;, java.version: &amp;apos;25.0.1&amp;apos;
Driver info: driver.version: unknown">
      <![CDATA[org.openqa.selenium.WebDriverException: java.io.IOException: Output closed
Build info: version: '4.43.0', revision: 'dd0f534'
System info: os.name: 'Windows 11', os.arch: 'amd64', os.version: '10.0', java.version: '25.0.1'
Driver info: driver.version: unknown
at org.openqa.selenium.remote.http.jdk.JdkHttpClient$4.send(JdkHttpClient.java:327)
at org.openqa.selenium.remote.http.WebSocket.sendText(WebSocket.java:32)
at org.openqa.selenium.devtools.Connection.send(Connection.java:185)
at org.openqa.selenium.devtools.Connection.sendAndWait(Connection.java:199)
at org.openqa.selenium.devtools.DevTools.findTarget(DevTools.java:215)
at org.openqa.selenium.devtools.DevTools.attachToWindow(DevTools.java:171)
at org.openqa.selenium.devtools.DevTools.createSession(DevTools.java:167)
at org.openqa.selenium.devtools.DevTools.createSession(DevTools.java:153)
at naco.pageobject.Page3CountyInfo.getBrokenLinkCDP(Page3CountyInfo.java:76)
at naco.testcases.TC_4_Master_Parameterized_CountyWebsiteValidation.validateCounty(TC_4_Master_Parameterized_CountyWebsiteValidation.java:80)
at java.base/java.util.ArrayList.forEach(ArrayList.java:1604)
at java.base/java.util.concurrent.FutureTask.run(FutureTask.java:328)
at java.base/java.util.concurrent.ThreadPoolExecutor.runWorker(ThreadPoolExecutor.java:1090)
at java.base/java.util.concurrent.ThreadPoolExecutor$Worker.run(ThreadPoolExecutor.java:614)
at java.base/java.lang.Thread.run(Thread.java:1474)
Caused by: java.io.IOException: Output closed
at java.net.http/jdk.internal.net.http.websocket.MessageEncoder.encodeText(MessageEncoder.java:145)
at java.net.http/jdk.internal.net.http.websocket.TransportImpl$SendTask$1.onText(TransportImpl.java:376)
at java.net.http/jdk.internal.net.http.websocket.TransportImpl$SendTask$1.onText(TransportImpl.java:367)
at java.net.http/jdk.internal.net.http.websocket.MessageQueue.peek(MessageQueue.java:223)
at java.net.http/jdk.internal.net.http.websocket.TransportImpl$SendTask.run(TransportImpl.java:555)
at java.net.http/jdk.internal.net.http.common.SequentialScheduler$CompleteRestartableTask.run(SequentialScheduler.java:149)
at java.net.http/jdk.internal.net.http.common.SequentialScheduler$SchedulableTask.run(SequentialScheduler.java:207)
at java.net.http/jdk.internal.net.http.common.SequentialScheduler.runOrSchedule(SequentialScheduler.java:280)
at java.net.http/jdk.internal.net.http.common.SequentialScheduler.runOrSchedule(SequentialScheduler.java:233)
at java.net.http/jdk.internal.net.http.websocket.TransportImpl.sendText(TransportImpl.java:149)
at java.net.http/jdk.internal.net.http.websocket.WebSocketImpl.sendText(WebSocketImpl.java:192)
at org.openqa.selenium.remote.http.jdk.JdkHttpClient$4.lambda$send$1(JdkHttpClient.java:278)
at org.openqa.selenium.remote.http.jdk.JdkHttpClient$4.send(JdkHttpClient.java:317)
... 29 more
... Removed 15 stack frames]]>
    </failure>
  </testcase> <!-- validateCounty -->
  <testcase classname="naco.testcases.TC_4_Master_Parameterized_CountyWebsiteValidation" name="validateCounty" time="0.522">
    <failure type="org.openqa.selenium.WebDriverException" message="java.io.IOException: Output closed
Build info: version: &amp;apos;4.43.0&amp;apos;, revision: &amp;apos;dd0f534&amp;apos;
System info: os.name: &amp;apos;Windows 11&amp;apos;, os.arch: &amp;apos;amd64&amp;apos;, os.version: &amp;apos;10.0&amp;apos;, java.version: &amp;apos;25.0.1&amp;apos;
Driver info: driver.version: unknown">
      <![CDATA[org.openqa.selenium.WebDriverException: java.io.IOException: Output closed
Build info: version: '4.43.0', revision: 'dd0f534'
System info: os.name: 'Windows 11', os.arch: 'amd64', os.version: '10.0', java.version: '25.0.1'
Driver info: driver.version: unknown
at org.openqa.selenium.remote.http.jdk.JdkHttpClient$4.send(JdkHttpClient.java:327)
at org.openqa.selenium.remote.http.WebSocket.sendText(WebSocket.java:32)
at org.openqa.selenium.devtools.Connection.send(Connection.java:185)
at org.openqa.selenium.devtools.Connection.sendAndWait(Connection.java:199)
at org.openqa.selenium.devtools.DevTools.findTarget(DevTools.java:215)
at org.openqa.selenium.devtools.DevTools.attachToWindow(DevTools.java:171)
at org.openqa.selenium.devtools.DevTools.createSession(DevTools.java:167)
at org.openqa.selenium.devtools.DevTools.createSession(DevTools.java:153)
at naco.pageobject.Page3CountyInfo.getBrokenLinkCDP(Page3CountyInfo.java:76)
at naco.testcases.TC_4_Master_Parameterized_CountyWebsiteValidation.validateCounty(TC_4_Master_Parameterized_CountyWebsiteValidation.java:80)
at java.base/java.util.ArrayList.forEach(ArrayList.java:1604)
at java.base/java.util.concurrent.FutureTask.run(FutureTask.java:328)
at java.base/java.util.concurrent.ThreadPoolExecutor.runWorker(ThreadPoolExecutor.java:1090)
at java.base/java.util.concurrent.ThreadPoolExecutor$Worker.run(ThreadPoolExecutor.java:614)
at java.base/java.lang.Thread.run(Thread.java:1474)
Caused by: java.io.IOException: Output closed
at java.net.http/jdk.internal.net.http.websocket.MessageEncoder.encodeText(MessageEncoder.java:145)
at java.net.http/jdk.internal.net.http.websocket.TransportImpl$SendTask$1.onText(TransportImpl.java:376)
at java.net.http/jdk.internal.net.http.websocket.TransportImpl$SendTask$1.onText(TransportImpl.java:367)
at java.net.http/jdk.internal.net.http.websocket.MessageQueue.peek(MessageQueue.java:223)
at java.net.http/jdk.internal.net.http.websocket.TransportImpl$SendTask.run(TransportImpl.java:555)
at java.net.http/jdk.internal.net.http.common.SequentialScheduler$CompleteRestartableTask.run(SequentialScheduler.java:149)
at java.net.http/jdk.internal.net.http.common.SequentialScheduler$SchedulableTask.run(SequentialScheduler.java:207)
at java.net.http/jdk.internal.net.http.common.SequentialScheduler.runOrSchedule(SequentialScheduler.java:280)
at java.net.http/jdk.internal.net.http.common.SequentialScheduler.runOrSchedule(SequentialScheduler.java:233)
at java.net.http/jdk.internal.net.http.websocket.TransportImpl.sendText(TransportImpl.java:149)
at java.net.http/jdk.internal.net.http.websocket.WebSocketImpl.sendText(WebSocketImpl.java:192)
at org.openqa.selenium.remote.http.jdk.JdkHttpClient$4.lambda$send$1(JdkHttpClient.java:278)
at org.openqa.selenium.remote.http.jdk.JdkHttpClient$4.send(JdkHttpClient.java:317)
... 29 more
... Removed 15 stack frames]]>
    </failure>
  </testcase> <!-- validateCounty -->
  <testcase classname="naco.testcases.TC_4_Master_Parameterized_CountyWebsiteValidation" name="validateCounty" time="0.507">
    <failure type="org.openqa.selenium.WebDriverException" message="java.io.IOException: Output closed
Build info: version: &amp;apos;4.43.0&amp;apos;, revision: &amp;apos;dd0f534&amp;apos;
System info: os.name: &amp;apos;Windows 11&amp;apos;, os.arch: &amp;apos;amd64&amp;apos;, os.version: &amp;apos;10.0&amp;apos;, java.version: &amp;apos;25.0.1&amp;apos;
Driver info: driver.version: unknown">
      <![CDATA[org.openqa.selenium.WebDriverException: java.io.IOException: Output closed
Build info: version: '4.43.0', revision: 'dd0f534'
System info: os.name: 'Windows 11', os.arch: 'amd64', os.version: '10.0', java.version: '25.0.1'
Driver info: driver.version: unknown
at org.openqa.selenium.remote.http.jdk.JdkHttpClient$4.send(JdkHttpClient.java:327)
at org.openqa.selenium.remote.http.WebSocket.sendText(WebSocket.java:32)
at org.openqa.selenium.devtools.Connection.send(Connection.java:185)
at org.openqa.selenium.devtools.Connection.sendAndWait(Connection.java:199)
at org.openqa.selenium.devtools.DevTools.findTarget(DevTools.java:215)
at org.openqa.selenium.devtools.DevTools.attachToWindow(DevTools.java:171)
at org.openqa.selenium.devtools.DevTools.createSession(DevTools.java:167)
at org.openqa.selenium.devtools.DevTools.createSession(DevTools.java:153)
at naco.pageobject.Page3CountyInfo.getBrokenLinkCDP(Page3CountyInfo.java:76)
at naco.testcases.TC_4_Master_Parameterized_CountyWebsiteValidation.validateCounty(TC_4_Master_Parameterized_CountyWebsiteValidation.java:80)
at java.base/java.util.ArrayList.forEach(ArrayList.java:1604)
at java.base/java.util.concurrent.FutureTask.run(FutureTask.java:328)
at java.base/java.util.concurrent.ThreadPoolExecutor.runWorker(ThreadPoolExecutor.java:1090)
at java.base/java.util.concurrent.ThreadPoolExecutor$Worker.run(ThreadPoolExecutor.java:614)
at java.base/java.lang.Thread.run(Thread.java:1474)
Caused by: java.io.IOException: Output closed
at java.net.http/jdk.internal.net.http.websocket.MessageEncoder.encodeText(MessageEncoder.java:145)
at java.net.http/jdk.internal.net.http.websocket.TransportImpl$SendTask$1.onText(TransportImpl.java:376)
at java.net.http/jdk.internal.net.http.websocket.TransportImpl$SendTask$1.onText(TransportImpl.java:367)
at java.net.http/jdk.internal.net.http.websocket.MessageQueue.peek(MessageQueue.java:223)
at java.net.http/jdk.internal.net.http.websocket.TransportImpl$SendTask.run(TransportImpl.java:555)
at java.net.http/jdk.internal.net.http.common.SequentialScheduler$CompleteRestartableTask.run(SequentialScheduler.java:149)
at java.net.http/jdk.internal.net.http.common.SequentialScheduler$SchedulableTask.run(SequentialScheduler.java:207)
at java.net.http/jdk.internal.net.http.common.SequentialScheduler.runOrSchedule(SequentialScheduler.java:280)
at java.net.http/jdk.internal.net.http.common.SequentialScheduler.runOrSchedule(SequentialScheduler.java:233)
at java.net.http/jdk.internal.net.http.websocket.TransportImpl.sendText(TransportImpl.java:149)
at java.net.http/jdk.internal.net.http.websocket.WebSocketImpl.sendText(WebSocketImpl.java:192)
at org.openqa.selenium.remote.http.jdk.JdkHttpClient$4.lambda$send$1(JdkHttpClient.java:278)
at org.openqa.selenium.remote.http.jdk.JdkHttpClient$4.send(JdkHttpClient.java:317)
... 29 more
... Removed 15 stack frames]]>
    </failure>
  </testcase> <!-- validateCounty -->
  <testcase classname="naco.testcases.TC_4_Master_Parameterized_CountyWebsiteValidation" name="validateCounty" time="0.437">
    <failure type="org.openqa.selenium.WebDriverException" message="java.io.IOException: Output closed
Build info: version: &amp;apos;4.43.0&amp;apos;, revision: &amp;apos;dd0f534&amp;apos;
System info: os.name: &amp;apos;Windows 11&amp;apos;, os.arch: &amp;apos;amd64&amp;apos;, os.version: &amp;apos;10.0&amp;apos;, java.version: &amp;apos;25.0.1&amp;apos;
Driver info: driver.version: unknown">
      <![CDATA[org.openqa.selenium.WebDriverException: java.io.IOException: Output closed
Build info: version: '4.43.0', revision: 'dd0f534'
System info: os.name: 'Windows 11', os.arch: 'amd64', os.version: '10.0', java.version: '25.0.1'
Driver info: driver.version: unknown
at org.openqa.selenium.remote.http.jdk.JdkHttpClient$4.send(JdkHttpClient.java:327)
at org.openqa.selenium.remote.http.WebSocket.sendText(WebSocket.java:32)
at org.openqa.selenium.devtools.Connection.send(Connection.java:185)
at org.openqa.selenium.devtools.Connection.sendAndWait(Connection.java:199)
at org.openqa.selenium.devtools.DevTools.findTarget(DevTools.java:215)
at org.openqa.selenium.devtools.DevTools.attachToWindow(DevTools.java:171)
at org.openqa.selenium.devtools.DevTools.createSession(DevTools.java:167)
at org.openqa.selenium.devtools.DevTools.createSession(DevTools.java:153)
at naco.pageobject.Page3CountyInfo.getBrokenLinkCDP(Page3CountyInfo.java:76)
at naco.testcases.TC_4_Master_Parameterized_CountyWebsiteValidation.validateCounty(TC_4_Master_Parameterized_CountyWebsiteValidation.java:80)
at java.base/java.util.ArrayList.forEach(ArrayList.java:1604)
at java.base/java.util.concurrent.FutureTask.run(FutureTask.java:328)
at java.base/java.util.concurrent.ThreadPoolExecutor.runWorker(ThreadPoolExecutor.java:1090)
at java.base/java.util.concurrent.ThreadPoolExecutor$Worker.run(ThreadPoolExecutor.java:614)
at java.base/java.lang.Thread.run(Thread.java:1474)
Caused by: java.io.IOException: Output closed
at java.net.http/jdk.internal.net.http.websocket.MessageEncoder.encodeText(MessageEncoder.java:145)
at java.net.http/jdk.internal.net.http.websocket.TransportImpl$SendTask$1.onText(TransportImpl.java:376)
at java.net.http/jdk.internal.net.http.websocket.TransportImpl$SendTask$1.onText(TransportImpl.java:367)
at java.net.http/jdk.internal.net.http.websocket.MessageQueue.peek(MessageQueue.java:223)
at java.net.http/jdk.internal.net.http.websocket.TransportImpl$SendTask.run(TransportImpl.java:555)
at java.net.http/jdk.internal.net.http.common.SequentialScheduler$CompleteRestartableTask.run(SequentialScheduler.java:149)
at java.net.http/jdk.internal.net.http.common.SequentialScheduler$SchedulableTask.run(SequentialScheduler.java:207)
at java.net.http/jdk.internal.net.http.common.SequentialScheduler.runOrSchedule(SequentialScheduler.java:280)
at java.net.http/jdk.internal.net.http.common.SequentialScheduler.runOrSchedule(SequentialScheduler.java:233)
at java.net.http/jdk.internal.net.http.websocket.TransportImpl.sendText(TransportImpl.java:149)
at java.net.http/jdk.internal.net.http.websocket.WebSocketImpl.sendText(WebSocketImpl.java:192)
at org.openqa.selenium.remote.http.jdk.JdkHttpClient$4.lambda$send$1(JdkHttpClient.java:278)
at org.openqa.selenium.remote.http.jdk.JdkHttpClient$4.send(JdkHttpClient.java:317)
... 29 more
... Removed 15 stack frames]]>
    </failure>
  </testcase> <!-- validateCounty -->
  <testcase classname="naco.testcases.TC_4_Master_Parameterized_CountyWebsiteValidation" name="validateCounty" time="0.588">
    <failure type="org.openqa.selenium.WebDriverException" message="java.io.IOException: Output closed
Build info: version: &amp;apos;4.43.0&amp;apos;, revision: &amp;apos;dd0f534&amp;apos;
System info: os.name: &amp;apos;Windows 11&amp;apos;, os.arch: &amp;apos;amd64&amp;apos;, os.version: &amp;apos;10.0&amp;apos;, java.version: &amp;apos;25.0.1&amp;apos;
Driver info: driver.version: unknown">
      <![CDATA[org.openqa.selenium.WebDriverException: java.io.IOException: Output closed
Build info: version: '4.43.0', revision: 'dd0f534'
System info: os.name: 'Windows 11', os.arch: 'amd64', os.version: '10.0', java.version: '25.0.1'
Driver info: driver.version: unknown
at org.openqa.selenium.remote.http.jdk.JdkHttpClient$4.send(JdkHttpClient.java:327)
at org.openqa.selenium.remote.http.WebSocket.sendText(WebSocket.java:32)
at org.openqa.selenium.devtools.Connection.send(Connection.java:185)
at org.openqa.selenium.devtools.Connection.sendAndWait(Connection.java:199)
at org.openqa.selenium.devtools.DevTools.findTarget(DevTools.java:215)
at org.openqa.selenium.devtools.DevTools.attachToWindow(DevTools.java:171)
at org.openqa.selenium.devtools.DevTools.createSession(DevTools.java:167)
at org.openqa.selenium.devtools.DevTools.createSession(DevTools.java:153)
at naco.pageobject.Page3CountyInfo.getBrokenLinkCDP(Page3CountyInfo.java:76)
at naco.testcases.TC_4_Master_Parameterized_CountyWebsiteValidation.validateCounty(TC_4_Master_Parameterized_CountyWebsiteValidation.java:80)
at java.base/java.util.ArrayList.forEach(ArrayList.java:1604)
at java.base/java.util.concurrent.FutureTask.run(FutureTask.java:328)
at java.base/java.util.concurrent.ThreadPoolExecutor.runWorker(ThreadPoolExecutor.java:1090)
at java.base/java.util.concurrent.ThreadPoolExecutor$Worker.run(ThreadPoolExecutor.java:614)
at java.base/java.lang.Thread.run(Thread.java:1474)
Caused by: java.io.IOException: Output closed
at java.net.http/jdk.internal.net.http.websocket.MessageEncoder.encodeText(MessageEncoder.java:145)
at java.net.http/jdk.internal.net.http.websocket.TransportImpl$SendTask$1.onText(TransportImpl.java:376)
at java.net.http/jdk.internal.net.http.websocket.TransportImpl$SendTask$1.onText(TransportImpl.java:367)
at java.net.http/jdk.internal.net.http.websocket.MessageQueue.peek(MessageQueue.java:223)
at java.net.http/jdk.internal.net.http.websocket.TransportImpl$SendTask.run(TransportImpl.java:555)
at java.net.http/jdk.internal.net.http.common.SequentialScheduler$CompleteRestartableTask.run(SequentialScheduler.java:149)
at java.net.http/jdk.internal.net.http.common.SequentialScheduler$SchedulableTask.run(SequentialScheduler.java:207)
at java.net.http/jdk.internal.net.http.common.SequentialScheduler.runOrSchedule(SequentialScheduler.java:280)
at java.net.http/jdk.internal.net.http.common.SequentialScheduler.runOrSchedule(SequentialScheduler.java:233)
at java.net.http/jdk.internal.net.http.websocket.TransportImpl.sendText(TransportImpl.java:149)
at java.net.http/jdk.internal.net.http.websocket.WebSocketImpl.sendText(WebSocketImpl.java:192)
at org.openqa.selenium.remote.http.jdk.JdkHttpClient$4.lambda$send$1(JdkHttpClient.java:278)
at org.openqa.selenium.remote.http.jdk.JdkHttpClient$4.send(JdkHttpClient.java:317)
... 29 more
... Removed 15 stack frames]]>
    </failure>
  </testcase> <!-- validateCounty -->
  <testcase classname="naco.testcases.TC_4_Master_Parameterized_CountyWebsiteValidation" name="validateCounty" time="0.412">
    <failure type="org.openqa.selenium.WebDriverException" message="java.io.IOException: Output closed
Build info: version: &amp;apos;4.43.0&amp;apos;, revision: &amp;apos;dd0f534&amp;apos;
System info: os.name: &amp;apos;Windows 11&amp;apos;, os.arch: &amp;apos;amd64&amp;apos;, os.version: &amp;apos;10.0&amp;apos;, java.version: &amp;apos;25.0.1&amp;apos;
Driver info: driver.version: unknown">
      <![CDATA[org.openqa.selenium.WebDriverException: java.io.IOException: Output closed
Build info: version: '4.43.0', revision: 'dd0f534'
System info: os.name: 'Windows 11', os.arch: 'amd64', os.version: '10.0', java.version: '25.0.1'
Driver info: driver.version: unknown
at org.openqa.selenium.remote.http.jdk.JdkHttpClient$4.send(JdkHttpClient.java:327)
at org.openqa.selenium.remote.http.WebSocket.sendText(WebSocket.java:32)
at org.openqa.selenium.devtools.Connection.send(Connection.java:185)
at org.openqa.selenium.devtools.Connection.sendAndWait(Connection.java:199)
at org.openqa.selenium.devtools.DevTools.findTarget(DevTools.java:215)
at org.openqa.selenium.devtools.DevTools.attachToWindow(DevTools.java:171)
at org.openqa.selenium.devtools.DevTools.createSession(DevTools.java:167)
at org.openqa.selenium.devtools.DevTools.createSession(DevTools.java:153)
at naco.pageobject.Page3CountyInfo.getBrokenLinkCDP(Page3CountyInfo.java:76)
at naco.testcases.TC_4_Master_Parameterized_CountyWebsiteValidation.validateCounty(TC_4_Master_Parameterized_CountyWebsiteValidation.java:80)
at java.base/java.util.ArrayList.forEach(ArrayList.java:1604)
at java.base/java.util.concurrent.FutureTask.run(FutureTask.java:328)
at java.base/java.util.concurrent.ThreadPoolExecutor.runWorker(ThreadPoolExecutor.java:1090)
at java.base/java.util.concurrent.ThreadPoolExecutor$Worker.run(ThreadPoolExecutor.java:614)
at java.base/java.lang.Thread.run(Thread.java:1474)
Caused by: java.io.IOException: Output closed
at java.net.http/jdk.internal.net.http.websocket.MessageEncoder.encodeText(MessageEncoder.java:145)
at java.net.http/jdk.internal.net.http.websocket.TransportImpl$SendTask$1.onText(TransportImpl.java:376)
at java.net.http/jdk.internal.net.http.websocket.TransportImpl$SendTask$1.onText(TransportImpl.java:367)
at java.net.http/jdk.internal.net.http.websocket.MessageQueue.peek(MessageQueue.java:223)
at java.net.http/jdk.internal.net.http.websocket.TransportImpl$SendTask.run(TransportImpl.java:555)
at java.net.http/jdk.internal.net.http.common.SequentialScheduler$CompleteRestartableTask.run(SequentialScheduler.java:149)
at java.net.http/jdk.internal.net.http.common.SequentialScheduler$SchedulableTask.run(SequentialScheduler.java:207)
at java.net.http/jdk.internal.net.http.common.SequentialScheduler.runOrSchedule(SequentialScheduler.java:280)
at java.net.http/jdk.internal.net.http.common.SequentialScheduler.runOrSchedule(SequentialScheduler.java:233)
at java.net.http/jdk.internal.net.http.websocket.TransportImpl.sendText(TransportImpl.java:149)
at java.net.http/jdk.internal.net.http.websocket.WebSocketImpl.sendText(WebSocketImpl.java:192)
at org.openqa.selenium.remote.http.jdk.JdkHttpClient$4.lambda$send$1(JdkHttpClient.java:278)
at org.openqa.selenium.remote.http.jdk.JdkHttpClient$4.send(JdkHttpClient.java:317)
... 29 more
... Removed 15 stack frames]]>
    </failure>
  </testcase> <!-- validateCounty -->
  <testcase classname="naco.testcases.TC_4_Master_Parameterized_CountyWebsiteValidation" name="validateCounty" time="0.356">
    <failure type="org.openqa.selenium.WebDriverException" message="java.io.IOException: Output closed
Build info: version: &amp;apos;4.43.0&amp;apos;, revision: &amp;apos;dd0f534&amp;apos;
System info: os.name: &amp;apos;Windows 11&amp;apos;, os.arch: &amp;apos;amd64&amp;apos;, os.version: &amp;apos;10.0&amp;apos;, java.version: &amp;apos;25.0.1&amp;apos;
Driver info: driver.version: unknown">
      <![CDATA[org.openqa.selenium.WebDriverException: java.io.IOException: Output closed
Build info: version: '4.43.0', revision: 'dd0f534'
System info: os.name: 'Windows 11', os.arch: 'amd64', os.version: '10.0', java.version: '25.0.1'
Driver info: driver.version: unknown
at org.openqa.selenium.remote.http.jdk.JdkHttpClient$4.send(JdkHttpClient.java:327)
at org.openqa.selenium.remote.http.WebSocket.sendText(WebSocket.java:32)
at org.openqa.selenium.devtools.Connection.send(Connection.java:185)
at org.openqa.selenium.devtools.Connection.sendAndWait(Connection.java:199)
at org.openqa.selenium.devtools.DevTools.findTarget(DevTools.java:215)
at org.openqa.selenium.devtools.DevTools.attachToWindow(DevTools.java:171)
at org.openqa.selenium.devtools.DevTools.createSession(DevTools.java:167)
at org.openqa.selenium.devtools.DevTools.createSession(DevTools.java:153)
at naco.pageobject.Page3CountyInfo.getBrokenLinkCDP(Page3CountyInfo.java:76)
at naco.testcases.TC_4_Master_Parameterized_CountyWebsiteValidation.validateCounty(TC_4_Master_Parameterized_CountyWebsiteValidation.java:80)
at java.base/java.util.ArrayList.forEach(ArrayList.java:1604)
at java.base/java.util.concurrent.FutureTask.run(FutureTask.java:328)
at java.base/java.util.concurrent.ThreadPoolExecutor.runWorker(ThreadPoolExecutor.java:1090)
at java.base/java.util.concurrent.ThreadPoolExecutor$Worker.run(ThreadPoolExecutor.java:614)
at java.base/java.lang.Thread.run(Thread.java:1474)
Caused by: java.io.IOException: Output closed
at java.net.http/jdk.internal.net.http.websocket.MessageEncoder.encodeText(MessageEncoder.java:145)
at java.net.http/jdk.internal.net.http.websocket.TransportImpl$SendTask$1.onText(TransportImpl.java:376)
at java.net.http/jdk.internal.net.http.websocket.TransportImpl$SendTask$1.onText(TransportImpl.java:367)
at java.net.http/jdk.internal.net.http.websocket.MessageQueue.peek(MessageQueue.java:223)
at java.net.http/jdk.internal.net.http.websocket.TransportImpl$SendTask.run(TransportImpl.java:555)
at java.net.http/jdk.internal.net.http.common.SequentialScheduler$CompleteRestartableTask.run(SequentialScheduler.java:149)
at java.net.http/jdk.internal.net.http.common.SequentialScheduler$SchedulableTask.run(SequentialScheduler.java:207)
at java.net.http/jdk.internal.net.http.common.SequentialScheduler.runOrSchedule(SequentialScheduler.java:280)
at java.net.http/jdk.internal.net.http.common.SequentialScheduler.runOrSchedule(SequentialScheduler.java:233)
at java.net.http/jdk.internal.net.http.websocket.TransportImpl.sendText(TransportImpl.java:149)
at java.net.http/jdk.internal.net.http.websocket.WebSocketImpl.sendText(WebSocketImpl.java:192)
at org.openqa.selenium.remote.http.jdk.JdkHttpClient$4.lambda$send$1(JdkHttpClient.java:278)
at org.openqa.selenium.remote.http.jdk.JdkHttpClient$4.send(JdkHttpClient.java:317)
... 29 more
... Removed 15 stack frames]]>
    </failure>
  </testcase> <!-- validateCounty -->
  <testcase classname="naco.testcases.TC_4_Master_Parameterized_CountyWebsiteValidation" name="validateCounty" time="0.32">
    <failure type="org.openqa.selenium.WebDriverException" message="java.io.IOException: Output closed
Build info: version: &amp;apos;4.43.0&amp;apos;, revision: &amp;apos;dd0f534&amp;apos;
System info: os.name: &amp;apos;Windows 11&amp;apos;, os.arch: &amp;apos;amd64&amp;apos;, os.version: &amp;apos;10.0&amp;apos;, java.version: &amp;apos;25.0.1&amp;apos;
Driver info: driver.version: unknown">
      <![CDATA[org.openqa.selenium.WebDriverException: java.io.IOException: Output closed
Build info: version: '4.43.0', revision: 'dd0f534'
System info: os.name: 'Windows 11', os.arch: 'amd64', os.version: '10.0', java.version: '25.0.1'
Driver info: driver.version: unknown
at org.openqa.selenium.remote.http.jdk.JdkHttpClient$4.send(JdkHttpClient.java:327)
at org.openqa.selenium.remote.http.WebSocket.sendText(WebSocket.java:32)
at org.openqa.selenium.devtools.Connection.send(Connection.java:185)
at org.openqa.selenium.devtools.Connection.sendAndWait(Connection.java:199)
at org.openqa.selenium.devtools.DevTools.findTarget(DevTools.java:215)
at org.openqa.selenium.devtools.DevTools.attachToWindow(DevTools.java:171)
at org.openqa.selenium.devtools.DevTools.createSession(DevTools.java:167)
at org.openqa.selenium.devtools.DevTools.createSession(DevTools.java:153)
at naco.pageobject.Page3CountyInfo.getBrokenLinkCDP(Page3CountyInfo.java:76)
at naco.testcases.TC_4_Master_Parameterized_CountyWebsiteValidation.validateCounty(TC_4_Master_Parameterized_CountyWebsiteValidation.java:80)
at java.base/java.util.ArrayList.forEach(ArrayList.java:1604)
at java.base/java.util.concurrent.FutureTask.run(FutureTask.java:328)
at java.base/java.util.concurrent.ThreadPoolExecutor.runWorker(ThreadPoolExecutor.java:1090)
at java.base/java.util.concurrent.ThreadPoolExecutor$Worker.run(ThreadPoolExecutor.java:614)
at java.base/java.lang.Thread.run(Thread.java:1474)
Caused by: java.io.IOException: Output closed
at java.net.http/jdk.internal.net.http.websocket.MessageEncoder.encodeText(MessageEncoder.java:145)
at java.net.http/jdk.internal.net.http.websocket.TransportImpl$SendTask$1.onText(TransportImpl.java:376)
at java.net.http/jdk.internal.net.http.websocket.TransportImpl$SendTask$1.onText(TransportImpl.java:367)
at java.net.http/jdk.internal.net.http.websocket.MessageQueue.peek(MessageQueue.java:223)
at java.net.http/jdk.internal.net.http.websocket.TransportImpl$SendTask.run(TransportImpl.java:555)
at java.net.http/jdk.internal.net.http.common.SequentialScheduler$CompleteRestartableTask.run(SequentialScheduler.java:149)
at java.net.http/jdk.internal.net.http.common.SequentialScheduler$SchedulableTask.run(SequentialScheduler.java:207)
at java.net.http/jdk.internal.net.http.common.SequentialScheduler.runOrSchedule(SequentialScheduler.java:280)
at java.net.http/jdk.internal.net.http.common.SequentialScheduler.runOrSchedule(SequentialScheduler.java:233)
at java.net.http/jdk.internal.net.http.websocket.TransportImpl.sendText(TransportImpl.java:149)
at java.net.http/jdk.internal.net.http.websocket.WebSocketImpl.sendText(WebSocketImpl.java:192)
at org.openqa.selenium.remote.http.jdk.JdkHttpClient$4.lambda$send$1(JdkHttpClient.java:278)
at org.openqa.selenium.remote.http.jdk.JdkHttpClient$4.send(JdkHttpClient.java:317)
... 29 more
... Removed 15 stack frames]]>
    </failure>
  </testcase> <!-- validateCounty -->
  <testcase classname="naco.testcases.TC_4_Master_Parameterized_CountyWebsiteValidation" name="validateCounty" time="0.328">
    <failure type="org.openqa.selenium.WebDriverException" message="java.io.IOException: Output closed
Build info: version: &amp;apos;4.43.0&amp;apos;, revision: &amp;apos;dd0f534&amp;apos;
System info: os.name: &amp;apos;Windows 11&amp;apos;, os.arch: &amp;apos;amd64&amp;apos;, os.version: &amp;apos;10.0&amp;apos;, java.version: &amp;apos;25.0.1&amp;apos;
Driver info: driver.version: unknown">
      <![CDATA[org.openqa.selenium.WebDriverException: java.io.IOException: Output closed
Build info: version: '4.43.0', revision: 'dd0f534'
System info: os.name: 'Windows 11', os.arch: 'amd64', os.version: '10.0', java.version: '25.0.1'
Driver info: driver.version: unknown
at org.openqa.selenium.remote.http.jdk.JdkHttpClient$4.send(JdkHttpClient.java:327)
at org.openqa.selenium.remote.http.WebSocket.sendText(WebSocket.java:32)
[...]
at org.openqa.selenium.remote.http.jdk.JdkHttpClient$4.send(JdkHttpClient.java:327)
at org.openqa.selenium.remote.http.WebSocket.sendText(WebSocket.java:32)
at org.openqa.selenium.devtools.Connection.send(Connection.java:185)
at org.openqa.selenium.devtools.Connection.sendAndWait(Connection.java:199)
at org.openqa.selenium.devtools.DevTools.findTarget(DevTools.java:215)
at org.openqa.selenium.devtools.DevTools.attachToWindow(DevTools.java:171)
at org.openqa.selenium.devtools.DevTools.createSession(DevTools.java:167)
at org.openqa.selenium.devtools.DevTools.createSession(DevTools.java:153)
at naco.pageobject.Page3CountyInfo.getBrokenLinkCDP(Page3CountyInfo.java:76)
at naco.testcases.TC_4_Master_Parameterized_CountyWebsiteValidation.validateCounty(TC_4_Master_Parameterized_CountyWebsiteValidation.java:80)
at java.base/java.util.ArrayList.forEach(ArrayList.java:1604)
at java.base/java.util.concurrent.FutureTask.run(FutureTask.java:328)
at java.base/java.util.concurrent.ThreadPoolExecutor.runWorker(ThreadPoolExecutor.java:1090)
at java.base/java.util.concurrent.ThreadPoolExecutor$Worker.run(ThreadPoolExecutor.java:614)
at java.base/java.lang.Thread.run(Thread.java:1474)
Caused by: java.io.IOException: Output closed
at java.net.http/jdk.internal.net.http.websocket.MessageEncoder.encodeText(MessageEncoder.java:145)
at java.net.http/jdk.internal.net.http.websocket.TransportImpl$SendTask$1.onText(TransportImpl.java:376)
at java.net.http/jdk.internal.net.http.websocket.TransportImpl$SendTask$1.onText(TransportImpl.java:367)
at java.net.http/jdk.internal.net.http.websocket.MessageQueue.peek(MessageQueue.java:223)
at java.net.http/jdk.internal.net.http.websocket.TransportImpl$SendTask.run(TransportImpl.java:555)
at java.net.http/jdk.internal.net.http.common.SequentialScheduler$CompleteRestartableTask.run(SequentialScheduler.java:149)
at java.net.http/jdk.internal.net.http.common.SequentialScheduler$SchedulableTask.run(SequentialScheduler.java:207)
at java.net.http/jdk.internal.net.http.common.SequentialScheduler.runOrSchedule(SequentialScheduler.java:280)
at java.net.http/jdk.internal.net.http.common.SequentialScheduler.runOrSchedule(SequentialScheduler.java:233)
at java.net.http/jdk.internal.net.http.websocket.TransportImpl.sendText(TransportImpl.java:149)
at java.net.http/jdk.internal.net.http.websocket.WebSocketImpl.sendText(WebSocketImpl.java:192)
at org.openqa.selenium.remote.http.jdk.JdkHttpClient$4.lambda$send$1(JdkHttpClient.java:278)
at org.openqa.selenium.remote.http.jdk.JdkHttpClient$4.send(JdkHttpClient.java:317)
... 29 more
... Removed 15 stack frames]]>
    </failure>
  </testcase> <!-- validateCounty -->
  <testcase classname="naco.testcases.TC_4_Master_Parameterized_CountyWebsiteValidation" name="validateCounty" time="0.34">
    <failure type="org.openqa.selenium.WebDriverException" message="java.io.IOException: Output closed
Build info: version: &amp;apos;4.43.0&amp;apos;, revision: &amp;apos;dd0f534&amp;apos;
System info: os.name: &amp;apos;Windows 11&amp;apos;, os.arch: &amp;apos;amd64&amp;apos;, os.version: &amp;apos;10.0&amp;apos;, java.version: &amp;apos;25.0.1&amp;apos;
Driver info: driver.version: unknown">
      <![CDATA[org.openqa.selenium.WebDriverException: java.io.IOException: Output closed
Build info: version: '4.43.0', revision: 'dd0f534'
System info: os.name: 'Windows 11', os.arch: 'amd64', os.version: '10.0', java.version: '25.0.1'
Driver info: driver.version: unknown
at org.openqa.selenium.remote.http.jdk.JdkHttpClient$4.send(JdkHttpClient.java:327)
at org.openqa.selenium.remote.http.WebSocket.sendText(WebSocket.java:32)
at org.openqa.selenium.devtools.Connection.send(Connection.java:185)
at org.openqa.selenium.devtools.Connection.sendAndWait(Connection.java:199)
at org.openqa.selenium.devtools.DevTools.findTarget(DevTools.java:215)
at org.openqa.selenium.devtools.DevTools.attachToWindow(DevTools.java:171)
at org.openqa.selenium.devtools.DevTools.createSession(DevTools.java:167)
at org.openqa.selenium.devtools.DevTools.createSession(DevTools.java:153)
at naco.pageobject.Page3CountyInfo.getBrokenLinkCDP(Page3CountyInfo.java:76)
at naco.testcases.TC_4_Master_Parameterized_CountyWebsiteValidation.validateCounty(TC_4_Master_Parameterized_CountyWebsiteValidation.java:80)
at java.base/java.util.ArrayList.forEach(ArrayList.java:1604)
at java.base/java.util.concurrent.FutureTask.run(FutureTask.java:328)
at java.base/java.util.concurrent.ThreadPoolExecutor.runWorker(ThreadPoolExecutor.java:1090)
at java.base/java.util.concurrent.ThreadPoolExecutor$Worker.run(ThreadPoolExecutor.java:614)
at java.base/java.lang.Thread.run(Thread.java:1474)
Caused by: java.io.IOException: Output closed
at java.net.http/jdk.internal.net.http.websocket.MessageEncoder.encodeText(MessageEncoder.java:145)
at java.net.http/jdk.internal.net.http.websocket.TransportImpl$SendTask$1.onText(TransportImpl.java:376)
at java.net.http/jdk.internal.net.http.websocket.TransportImpl$SendTask$1.onText(TransportImpl.java:367)
at java.net.http/jdk.internal.net.http.websocket.MessageQueue.peek(MessageQueue.java:223)
at java.net.http/jdk.internal.net.http.websocket.TransportImpl$SendTask.run(TransportImpl.java:555)
at java.net.http/jdk.internal.net.http.common.SequentialScheduler$CompleteRestartableTask.run(SequentialScheduler.java:149)
at java.net.http/jdk.internal.net.http.common.SequentialScheduler$SchedulableTask.run(SequentialScheduler.java:207)
at java.net.http/jdk.internal.net.http.common.SequentialScheduler.runOrSchedule(SequentialScheduler.java:280)
at java.net.http/jdk.internal.net.http.common.SequentialScheduler.runOrSchedule(SequentialScheduler.java:233)
at java.net.http/jdk.internal.net.http.websocket.TransportImpl.sendText(TransportImpl.java:149)
at java.net.http/jdk.internal.net.http.websocket.WebSocketImpl.sendText(WebSocketImpl.java:192)
at org.openqa.selenium.remote.http.jdk.JdkHttpClient$4.lambda$send$1(JdkHttpClient.java:278)
at org.openqa.selenium.remote.http.jdk.JdkHttpClient$4.send(JdkHttpClient.java:317)
... 29 more
... Removed 15 stack frames]]>
    </failure>
  </testcase> <!-- validateCounty -->
  <testcase classname="naco.testcases.TC_4_Master_Parameterized_CountyWebsiteValidation" name="validateCounty" time="0.388">
    <failure type="org.openqa.selenium.WebDriverException" message="java.io.IOException: Output closed
Build info: version: &amp;apos;4.43.0&amp;apos;, revision: &amp;apos;dd0f534&amp;apos;
System info: os.name: &amp;apos;Windows 11&amp;apos;, os.arch: &amp;apos;amd64&amp;apos;, os.version: &amp;apos;10.0&amp;apos;, java.version: &amp;apos;25.0.1&amp;apos;
Driver info: driver.version: unknown">
      <![CDATA[org.openqa.selenium.WebDriverException: java.io.IOException: Output closed
Build info: version: '4.43.0', revision: 'dd0f534'
System info: os.name: 'Windows 11', os.arch: 'amd64', os.version: '10.0', java.version: '25.0.1'
Driver info: driver.version: unknown
at org.openqa.selenium.remote.http.jdk.JdkHttpClient$4.send(JdkHttpClient.java:327)
at org.openqa.selenium.remote.http.WebSocket.sendText(WebSocket.java:32)
at org.openqa.selenium.devtools.Connection.send(Connection.java:185)
at org.openqa.selenium.devtools.Connection.sendAndWait(Connection.java:199)
at org.openqa.selenium.devtools.DevTools.findTarget(DevTools.java:215)
at org.openqa.selenium.devtools.DevTools.attachToWindow(DevTools.java:171)
at org.openqa.selenium.devtools.DevTools.createSession(DevTools.java:167)
at org.openqa.selenium.devtools.DevTools.createSession(DevTools.java:153)
at naco.pageobject.Page3CountyInfo.getBrokenLinkCDP(Page3CountyInfo.java:76)
at naco.testcases.TC_4_Master_Parameterized_CountyWebsiteValidation.validateCounty(TC_4_Master_Parameterized_CountyWebsiteValidation.java:80)
at java.base/java.util.ArrayList.forEach(ArrayList.java:1604)
at java.base/java.util.concurrent.FutureTask.run(FutureTask.java:328)
at java.base/java.util.concurrent.ThreadPoolExecutor.runWorker(ThreadPoolExecutor.java:1090)
at java.base/java.util.concurrent.ThreadPoolExecutor$Worker.run(ThreadPoolExecutor.java:614)
at java.base/java.lang.Thread.run(Thread.java:1474)
Caused by: java.io.IOException: Output closed
at java.net.http/jdk.internal.net.http.websocket.MessageEncoder.encodeText(MessageEncoder.java:145)
at java.net.http/jdk.internal.net.http.websocket.TransportImpl$SendTask$1.onText(TransportImpl.java:376)
at java.net.http/jdk.internal.net.http.websocket.TransportImpl$SendTask$1.onText(TransportImpl.java:367)
at java.net.http/jdk.internal.net.http.websocket.MessageQueue.peek(MessageQueue.java:223)
at java.net.http/jdk.internal.net.http.websocket.TransportImpl$SendTask.run(TransportImpl.java:555)
at java.net.http/jdk.internal.net.http.common.SequentialScheduler$CompleteRestartableTask.run(SequentialScheduler.java:149)
at java.net.http/jdk.internal.net.http.common.SequentialScheduler$SchedulableTask.run(SequentialScheduler.java:207)
at java.net.http/jdk.internal.net.http.common.SequentialScheduler.runOrSchedule(SequentialScheduler.java:280)
at java.net.http/jdk.internal.net.http.common.SequentialScheduler.runOrSchedule(SequentialScheduler.java:233)
at java.net.http/jdk.internal.net.http.websocket.TransportImpl.sendText(TransportImpl.java:149)
at java.net.http/jdk.internal.net.http.websocket.WebSocketImpl.sendText(WebSocketImpl.java:192)
at org.openqa.selenium.remote.http.jdk.JdkHttpClient$4.lambda$send$1(JdkHttpClient.java:278)
at org.openqa.selenium.remote.http.jdk.JdkHttpClient$4.send(JdkHttpClient.java:317)
... 29 more
... Removed 15 stack frames]]>
    </failure>
  </testcase> <!-- validateCounty -->
  <testcase classname="naco.testcases.TC_4_Master_Parameterized_CountyWebsiteValidation" name="validateCounty" time="0.343">
    <failure type="org.openqa.selenium.WebDriverException" message="java.io.IOException: Output closed
Build info: version: &amp;apos;4.43.0&amp;apos;, revision: &amp;apos;dd0f534&amp;apos;
System info: os.name: &amp;apos;Windows 11&amp;apos;, os.arch: &amp;apos;amd64&amp;apos;, os.version: &amp;apos;10.0&amp;apos;, java.version: &amp;apos;25.0.1&amp;apos;
Driver info: driver.version: unknown">
      <![CDATA[org.openqa.selenium.WebDriverException: java.io.IOException: Output closed
Build info: version: '4.43.0', revision: 'dd0f534'
System info: os.name: 'Windows 11', os.arch: 'amd64', os.version: '10.0', java.version: '25.0.1'
Driver info: driver.version: unknown
at org.openqa.selenium.remote.http.jdk.JdkHttpClient$4.send(JdkHttpClient.java:327)
at org.openqa.selenium.remote.http.WebSocket.sendText(WebSocket.java:32)
at org.openqa.selenium.devtools.Connection.send(Connection.java:185)
at org.openqa.selenium.devtools.Connection.sendAndWait(Connection.java:199)
at org.openqa.selenium.devtools.DevTools.findTarget(DevTools.java:215)
at org.openqa.selenium.devtools.DevTools.attachToWindow(DevTools.java:171)
at org.openqa.selenium.devtools.DevTools.createSession(DevTools.java:167)
at org.openqa.selenium.devtools.DevTools.createSession(DevTools.java:153)
at naco.pageobject.Page3CountyInfo.getBrokenLinkCDP(Page3CountyInfo.java:76)
at naco.testcases.TC_4_Master_Parameterized_CountyWebsiteValidation.validateCounty(TC_4_Master_Parameterized_CountyWebsiteValidation.java:80)
at java.base/java.util.ArrayList.forEach(ArrayList.java:1604)
at java.base/java.util.concurrent.FutureTask.run(FutureTask.java:328)
at java.base/java.util.concurrent.ThreadPoolExecutor.runWorker(ThreadPoolExecutor.java:1090)
at java.base/java.util.concurrent.ThreadPoolExecutor$Worker.run(ThreadPoolExecutor.java:614)
at java.base/java.lang.Thread.run(Thread.java:1474)
Caused by: java.io.IOException: Output closed
at java.net.http/jdk.internal.net.http.websocket.MessageEncoder.encodeText(MessageEncoder.java:145)
at java.net.http/jdk.internal.net.http.websocket.TransportImpl$SendTask$1.onText(TransportImpl.java:376)
at java.net.http/jdk.internal.net.http.websocket.TransportImpl$SendTask$1.onText(TransportImpl.java:367)
at java.net.http/jdk.internal.net.http.websocket.MessageQueue.peek(MessageQueue.java:223)
at java.net.http/jdk.internal.net.http.websocket.TransportImpl$SendTask.run(TransportImpl.java:555)
at java.net.http/jdk.internal.net.http.common.SequentialScheduler$CompleteRestartableTask.run(SequentialScheduler.java:149)
at java.net.http/jdk.internal.net.http.common.SequentialScheduler$SchedulableTask.run(SequentialScheduler.java:207)
at java.net.http/jdk.internal.net.http.common.SequentialScheduler.runOrSchedule(SequentialScheduler.java:280)
at java.net.http/jdk.internal.net.http.common.SequentialScheduler.runOrSchedule(SequentialScheduler.java:233)
at java.net.http/jdk.internal.net.http.websocket.TransportImpl.sendText(TransportImpl.java:149)
at java.net.http/jdk.internal.net.http.websocket.WebSocketImpl.sendText(WebSocketImpl.java:192)
at org.openqa.selenium.remote.http.jdk.JdkHttpClient$4.lambda$send$1(JdkHttpClient.java:278)
at org.openqa.selenium.remote.http.jdk.JdkHttpClient$4.send(JdkHttpClient.java:317)
... 29 more
... Removed 15 stack frames]]>
    </failure>
  </testcase> <!-- validateCounty -->
  <testcase classname="naco.testcases.TC_4_Master_Parameterized_CountyWebsiteValidation" name="validateCounty" time="0.339">
    <failure type="org.openqa.selenium.WebDriverException" message="java.io.IOException: Output closed
Build info: version: &amp;apos;4.43.0&amp;apos;, revision: &amp;apos;dd0f534&amp;apos;
System info: os.name: &amp;apos;Windows 11&amp;apos;, os.arch: &amp;apos;amd64&amp;apos;, os.version: &amp;apos;10.0&amp;apos;, java.version: &amp;apos;25.0.1&amp;apos;
Driver info: driver.version: unknown">
      <![CDATA[org.openqa.selenium.WebDriverException: java.io.IOException: Output closed
Build info: version: '4.43.0', revision: 'dd0f534'
System info: os.name: 'Windows 11', os.arch: 'amd64', os.version: '10.0', java.version: '25.0.1'
Driver info: driver.version: unknown
at org.openqa.selenium.remote.http.jdk.JdkHttpClient$4.send(JdkHttpClient.java:327)
at org.openqa.selenium.remote.http.WebSocket.sendText(WebSocket.java:32)
at org.openqa.selenium.devtools.Connection.send(Connection.java:185)
at org.openqa.selenium.devtools.Connection.sendAndWait(Connection.java:199)
at org.openqa.selenium.devtools.DevTools.findTarget(DevTools.java:215)
at org.openqa.selenium.devtools.DevTools.attachToWindow(DevTools.java:171)
at org.openqa.selenium.devtools.DevTools.createSession(DevTools.java:167)
at org.openqa.selenium.devtools.DevTools.createSession(DevTools.java:153)
at naco.pageobject.Page3CountyInfo.getBrokenLinkCDP(Page3CountyInfo.java:76)
at naco.testcases.TC_4_Master_Parameterized_CountyWebsiteValidation.validateCounty(TC_4_Master_Parameterized_CountyWebsiteValidation.java:80)
at java.base/java.util.ArrayList.forEach(ArrayList.java:1604)
at java.base/java.util.concurrent.FutureTask.run(FutureTask.java:328)
at java.base/java.util.concurrent.ThreadPoolExecutor.runWorker(ThreadPoolExecutor.java:1090)
at java.base/java.util.concurrent.ThreadPoolExecutor$Worker.run(ThreadPoolExecutor.java:614)
at java.base/java.lang.Thread.run(Thread.java:1474)
Caused by: java.io.IOException: Output closed
at java.net.http/jdk.internal.net.http.websocket.MessageEncoder.encodeText(MessageEncoder.java:145)
at java.net.http/jdk.internal.net.http.websocket.TransportImpl$SendTask$1.onText(TransportImpl.java:376)
at java.net.http/jdk.internal.net.http.websocket.TransportImpl$SendTask$1.onText(TransportImpl.java:367)
at java.net.http/jdk.internal.net.http.websocket.MessageQueue.peek(MessageQueue.java:223)
at java.net.http/jdk.internal.net.http.websocket.TransportImpl$SendTask.run(TransportImpl.java:555)
at java.net.http/jdk.internal.net.http.common.SequentialScheduler$CompleteRestartableTask.run(SequentialScheduler.java:149)
at java.net.http/jdk.internal.net.http.common.SequentialScheduler$SchedulableTask.run(SequentialScheduler.java:207)
at java.net.http/jdk.internal.net.http.common.SequentialScheduler.runOrSchedule(SequentialScheduler.java:280)
at java.net.http/jdk.internal.net.http.common.SequentialScheduler.runOrSchedule(SequentialScheduler.java:233)
at java.net.http/jdk.internal.net.http.websocket.TransportImpl.sendText(TransportImpl.java:149)
at java.net.http/jdk.internal.net.http.websocket.WebSocketImpl.sendText(WebSocketImpl.java:192)
at org.openqa.selenium.remote.http.jdk.JdkHttpClient$4.lambda$send$1(JdkHttpClient.java:278)
at org.openqa.selenium.remote.http.jdk.JdkHttpClient$4.send(JdkHttpClient.java:317)
... 29 more
... Removed 15 stack frames]]>
    </failure>
  </testcase> <!-- validateCounty -->
  <testcase classname="naco.testcases.TC_4_Master_Parameterized_CountyWebsiteValidation" name="validateCounty" time="0.336">
    <failure type="org.openqa.selenium.WebDriverException" message="java.io.IOException: Output closed
Build info: version: &amp;apos;4.43.0&amp;apos;, revision: &amp;apos;dd0f534&amp;apos;
System info: os.name: &amp;apos;Windows 11&amp;apos;, os.arch: &amp;apos;amd64&amp;apos;, os.version: &amp;apos;10.0&amp;apos;, java.version: &amp;apos;25.0.1&amp;apos;
Driver info: driver.version: unknown">
      <![CDATA[org.openqa.selenium.WebDriverException: java.io.IOException: Output closed
Build info: version: '4.43.0', revision: 'dd0f534'
System info: os.name: 'Windows 11', os.arch: 'amd64', os.version: '10.0', java.version: '25.0.1'
Driver info: driver.version: unknown
at org.openqa.selenium.remote.http.jdk.JdkHttpClient$4.send(JdkHttpClient.java:327)
at org.openqa.selenium.remote.http.WebSocket.sendText(WebSocket.java:32)
at org.openqa.selenium.devtools.Connection.send(Connection.java:185)
at org.openqa.selenium.devtools.Connection.sendAndWait(Connection.java:199)
at org.openqa.selenium.devtools.DevTools.findTarget(DevTools.java:215)
at org.openqa.selenium.devtools.DevTools.attachToWindow(DevTools.java:171)
at org.openqa.selenium.devtools.DevTools.createSession(DevTools.java:167)
at org.openqa.selenium.devtools.DevTools.createSession(DevTools.java:153)
at naco.pageobject.Page3CountyInfo.getBrokenLinkCDP(Page3CountyInfo.java:76)
at naco.testcases.TC_4_Master_Parameterized_CountyWebsiteValidation.validateCounty(TC_4_Master_Parameterized_CountyWebsiteValidation.java:80)
at java.base/java.util.ArrayList.forEach(ArrayList.java:1604)
at java.base/java.util.concurrent.FutureTask.run(FutureTask.java:328)
at java.base/java.util.concurrent.ThreadPoolExecutor.runWorker(ThreadPoolExecutor.java:1090)
at java.base/java.util.concurrent.ThreadPoolExecutor$Worker.run(ThreadPoolExecutor.java:614)
at java.base/java.lang.Thread.run(Thread.java:1474)
Caused by: java.io.IOException: Output closed
at java.net.http/jdk.internal.net.http.websocket.MessageEncoder.encodeText(MessageEncoder.java:145)
at java.net.http/jdk.internal.net.http.websocket.TransportImpl$SendTask$1.onText(TransportImpl.java:376)
at java.net.http/jdk.internal.net.http.websocket.TransportImpl$SendTask$1.onText(TransportImpl.java:367)
at java.net.http/jdk.internal.net.http.websocket.MessageQueue.peek(MessageQueue.java:223)
at java.net.http/jdk.internal.net.http.websocket.TransportImpl$SendTask.run(TransportImpl.java:555)
at java.net.http/jdk.internal.net.http.common.SequentialScheduler$CompleteRestartableTask.run(SequentialScheduler.java:149)
at java.net.http/jdk.internal.net.http.common.SequentialScheduler$SchedulableTask.run(SequentialScheduler.java:207)
at java.net.http/jdk.internal.net.http.common.SequentialScheduler.runOrSchedule(SequentialScheduler.java:280)
at java.net.http/jdk.internal.net.http.common.SequentialScheduler.runOrSchedule(SequentialScheduler.java:233)
at java.net.http/jdk.internal.net.http.websocket.TransportImpl.sendText(TransportImpl.java:149)
at java.net.http/jdk.internal.net.http.websocket.WebSocketImpl.sendText(WebSocketImpl.java:192)
at org.openqa.selenium.remote.http.jdk.JdkHttpClient$4.lambda$send$1(JdkHttpClient.java:278)
at org.openqa.selenium.remote.http.jdk.JdkHttpClient$4.send(JdkHttpClient.java:317)
... 29 more
... Removed 15 stack frames]]>
    </failure>
  </testcase> <!-- validateCounty -->
</testsuite> <!-- Northeast_MidAtlantic -->
