<?xml version="1.0" encoding="UTF-8"?>
<!-- Generated by org.testng.reporters.JUnitXMLReporter -->
<testsuite ignored="0" hostname="Aadhu-dell-xps15" failures="2" tests="51" name="countynumbertest" time="126.38" errors="0" timestamp="2026-05-04T18:35:29 CDT">
  <testcase classname="naco.testcases.TC2_DataBaseValidateCounty" name="findcounty" time="5.727"/>
  <testcase classname="naco.testcases.TC2_DataBaseValidateCounty" name="StateCountyValidate" time="1.107"/>
  <testcase classname="naco.testcases.TC2_DataBaseValidateCounty" name="StateCountyValidate" time="1.41"/>
  <testcase classname="naco.testcases.TC2_DataBaseValidateCounty" name="StateCountyValidate" time="1.504"/>
  <testcase classname="naco.testcases.TC2_DataBaseValidateCounty" name="StateCountyValidate" time="1.08"/>
  <testcase classname="naco.testcases.TC2_DataBaseValidateCounty" name="StateCountyValidate" time="1.399"/>
  <testcase classname="naco.testcases.TC2_DataBaseValidateCounty" name="StateCountyValidate" time="1.722"/>
  <testcase classname="naco.testcases.TC2_DataBaseValidateCounty" name="StateCountyValidate" time="20.294">
    <failure type="java.lang.AssertionError" message="No counties found expected [true] but found [false]">
      <![CDATA[java.lang.AssertionError: No counties found expected [true] but found [false]
at naco.testcases.TC2_DataBaseValidateCounty.StateCountyValidate(TC2_DataBaseValidateCounty.java:32)
at java.base/java.util.ArrayList.forEach(ArrayList.java:1604)
at java.base/java.util.concurrent.FutureTask.run(FutureTask.java:328)
at java.base/java.util.concurrent.ThreadPoolExecutor.runWorker(ThreadPoolExecutor.java:1090)
at java.base/java.util.concurrent.ThreadPoolExecutor$Worker.run(ThreadPoolExecutor.java:614)
at java.base/java.lang.Thread.run(Thread.java:1474)
... Removed 18 stack frames]]>
    </failure>
  </testcase> <!-- StateCountyValidate -->
  <testcase classname="naco.testcases.TC2_DataBaseValidateCounty" name="StateCountyValidate" time="0.994"/>
  <testcase classname="naco.testcases.TC2_DataBaseValidateCounty" name="StateCountyValidate" time="1.714"/>
  <testcase classname="naco.testcases.TC2_DataBaseValidateCounty" name="StateCountyValidate" time="2.628"/>
  <testcase classname="naco.testcases.TC2_DataBaseValidateCounty" name="StateCountyValidate" time="0.925"/>
  <testcase classname="naco.testcases.TC2_DataBaseValidateCounty" name="StateCountyValidate" time="1.82"/>
  <testcase classname="naco.testcases.TC2_DataBaseValidateCounty" name="StateCountyValidate" time="1.385"/>
  <testcase classname="naco.testcases.TC2_DataBaseValidateCounty" name="StateCountyValidate" time="2.329"/>
  <testcase classname="naco.testcases.TC2_DataBaseValidateCounty" name="StateCountyValidate" time="2.22"/>
  <testcase classname="naco.testcases.TC2_DataBaseValidateCounty" name="StateCountyValidate" time="1.881"/>
  <testcase classname="naco.testcases.TC2_DataBaseValidateCounty" name="StateCountyValidate" time="2.072"/>
  <testcase classname="naco.testcases.TC2_DataBaseValidateCounty" name="StateCountyValidate" time="1.603"/>
  <testcase classname="naco.testcases.TC2_DataBaseValidateCounty" name="StateCountyValidate" time="1.07"/>
  <testcase classname="naco.testcases.TC2_DataBaseValidateCounty" name="StateCountyValidate" time="1.297"/>
  <testcase classname="naco.testcases.TC2_DataBaseValidateCounty" name="StateCountyValidate" time="1.196"/>
  <testcase classname="naco.testcases.TC2_DataBaseValidateCounty" name="StateCountyValidate" time="2.009"/>
  <testcase classname="naco.testcases.TC2_DataBaseValidateCounty" name="StateCountyValidate" time="1.701"/>
  <testcase classname="naco.testcases.TC2_DataBaseValidateCounty" name="StateCountyValidate" time="2.026"/>
  <testcase classname="naco.testcases.TC2_DataBaseValidateCounty" name="StateCountyValidate" time="2.021"/>
  <testcase classname="naco.testcases.TC2_DataBaseValidateCounty" name="StateCountyValidate" time="1.901"/>
  <testcase classname="naco.testcases.TC2_DataBaseValidateCounty" name="StateCountyValidate" time="2.385"/>
  <testcase classname="naco.testcases.TC2_DataBaseValidateCounty" name="StateCountyValidate" time="1.35"/>
  <testcase classname="naco.testcases.TC2_DataBaseValidateCounty" name="StateCountyValidate" time="2.09"/>
  <testcase classname="naco.testcases.TC2_DataBaseValidateCounty" name="StateCountyValidate" time="1.126"/>
  <testcase classname="naco.testcases.TC2_DataBaseValidateCounty" name="StateCountyValidate" time="1.225"/>
  <testcase classname="naco.testcases.TC2_DataBaseValidateCounty" name="StateCountyValidate" time="1.39"/>
  <testcase classname="naco.testcases.TC2_DataBaseValidateCounty" name="StateCountyValidate" time="1.129"/>
  <testcase classname="naco.testcases.TC2_DataBaseValidateCounty" name="StateCountyValidate" time="1.531"/>
  <testcase classname="naco.testcases.TC2_DataBaseValidateCounty" name="StateCountyValidate" time="1.719"/>
  <testcase classname="naco.testcases.TC2_DataBaseValidateCounty" name="StateCountyValidate" time="1.601"/>
  <testcase classname="naco.testcases.TC2_DataBaseValidateCounty" name="StateCountyValidate" time="1.114"/>
  <testcase classname="naco.testcases.TC2_DataBaseValidateCounty" name="StateCountyValidate" time="1.455"/>
  <testcase classname="naco.testcases.TC2_DataBaseValidateCounty" name="StateCountyValidate" time="20.382">
    <failure type="java.lang.AssertionError" message="No counties found expected [true] but found [false]">
      <![CDATA[java.lang.AssertionError: No counties found expected [true] but found [false]
at naco.testcases.TC2_DataBaseValidateCounty.StateCountyValidate(TC2_DataBaseValidateCounty.java:32)
at java.base/java.util.ArrayList.forEach(ArrayList.java:1604)
at java.base/java.util.concurrent.FutureTask.run(FutureTask.java:328)
at java.base/java.util.concurrent.ThreadPoolExecutor.runWorker(ThreadPoolExecutor.java:1090)
at java.base/java.util.concurrent.ThreadPoolExecutor$Worker.run(ThreadPoolExecutor.java:614)
at java.base/java.lang.Thread.run(Thread.java:1474)
... Removed 18 stack frames]]>
    </failure>
  </testcase> <!-- StateCountyValidate -->
  <testcase classname="naco.testcases.TC2_DataBaseValidateCounty" name="StateCountyValidate" time="1.473"/>
  <testcase classname="naco.testcases.TC2_DataBaseValidateCounty" name="StateCountyValidate" time="1.653"/>
  <testcase classname="naco.testcases.TC2_DataBaseValidateCounty" name="StateCountyValidate" time="1.698"/>
  <testcase classname="naco.testcases.TC2_DataBaseValidateCounty" name="StateCountyValidate" time="2.919"/>
  <testcase classname="naco.testcases.TC2_DataBaseValidateCounty" name="StateCountyValidate" time="1.162"/>
  <testcase classname="naco.testcases.TC2_DataBaseValidateCounty" name="StateCountyValidate" time="1.929"/>
  <testcase classname="naco.testcases.TC2_DataBaseValidateCounty" name="StateCountyValidate" time="1.062"/>
  <testcase classname="naco.testcases.TC2_DataBaseValidateCounty" name="StateCountyValidate" time="1.27"/>
  <testcase classname="naco.testcases.TC2_DataBaseValidateCounty" name="StateCountyValidate" time="1.621"/>
  <testcase classname="naco.testcases.TC2_DataBaseValidateCounty" name="StateCountyValidate" time="1.418"/>
  <testcase classname="naco.testcases.TC2_DataBaseValidateCounty" name="StateCountyValidate" time="1.107"/>
</testsuite> <!-- countynumbertest -->
