<?xml version="1.0" encoding="UTF-8"?>
<!-- Generated by org.testng.reporters.JUnitXMLReporter -->
<testsuite ignored="0" hostname="Aadhu-dell-xps15" failures="1" tests="13" name="Testie" time="61.891" errors="0" timestamp="2026-03-01T09:45:05 CST">
  <testcase classname="naco.testcases.TC1_ValidateCountyNos" name="ILcountValidate" time="4.951"/>
  <testcase classname="naco.testcases.TC1_ValidateCountyNos" name="StateCountyValidate" time="0.901"/>
  <testcase classname="naco.testcases.TC1_ValidateCountyNos" name="StateCountyValidate" time="0.911"/>
  <testcase classname="naco.testcases.TC1_ValidateCountyNos" name="StateCountyValidate" time="0.914"/>
  <testcase classname="naco.testcases.TC1_ValidateCountyNos" name="StateCountyValidate" time="0.935"/>
  <testcase classname="naco.testcases.TC1_ValidateCountyNos" name="StateCountyValidate" time="0.922"/>
  <testcase classname="naco.testcases.TC1_ValidateCountyNos" name="StateCountyValidate" time="0.997"/>
  <testcase classname="naco.testcases.TC1_ValidateCountyNos" name="StateCountyValidate" time="0.91"/>
  <testcase classname="naco.testcases.TC1_ValidateCountyNos" name="StateCountyValidate" time="0.928"/>
  <testcase classname="naco.testcases.TC1_ValidateCountyNos" name="StateCountyValidate" time="0.878"/>
  <testcase classname="naco.testcases.TC1_ValidateCountyNos" name="StateCountyValidate" time="0.925"/>
  <testcase classname="naco.testcases.TC1_ValidateCountyNos" name="StateCountyValidate" time="0.908"/>
  <testcase classname="naco.testcases.TC1_ValidateCountyNos" name="StateCountyValidate" time="40.456">
    <failure type="java.lang.AssertionError" message="County count returned 0 for state: MORALSUBJECT">
      <![CDATA[java.lang.AssertionError: County count returned 0 for state: MORALSUBJECT
at naco.testcases.TC1_ValidateCountyNos.StateCountyValidate(TC1_ValidateCountyNos.java:52)
at java.base/java.util.ArrayList.forEach(ArrayList.java:1604)
at java.base/java.util.concurrent.FutureTask.run(FutureTask.java:328)
at java.base/java.util.concurrent.ThreadPoolExecutor.runWorker(ThreadPoolExecutor.java:1090)
at java.base/java.util.concurrent.ThreadPoolExecutor$Worker.run(ThreadPoolExecutor.java:614)
at java.base/java.lang.Thread.run(Thread.java:1474)
... Removed 16 stack frames]]>
    </failure>
  </testcase> <!-- StateCountyValidate -->
</testsuite> <!-- Testie -->
