<?xml version="1.0" encoding="UTF-8"?>
<!-- Generated by org.testng.reporters.JUnitXMLReporter -->
<testsuite ignored="0" hostname="Aadhu-dell-xps15" failures="1" tests="14" name="Testie" time="102.703" errors="0" timestamp="2026-03-03T13:40:18 CST">
  <testcase classname="naco.testcases.TC1_ValidateCountyNos" name="ILcountValidate" time="6.136"/>
  <testcase classname="naco.testcases.TC1_ValidateCountyNos" name="StateCountyValidate" time="0.913"/>
  <testcase classname="naco.testcases.TC1_ValidateCountyNos" name="StateCountyValidate" time="0.859"/>
  <testcase classname="naco.testcases.TC1_ValidateCountyNos" name="StateCountyValidate" time="0.886"/>
  <testcase classname="naco.testcases.TC1_ValidateCountyNos" name="StateCountyValidate" time="0.872"/>
  <testcase classname="naco.testcases.TC1_ValidateCountyNos" name="StateCountyValidate" time="0.902"/>
  <testcase classname="naco.testcases.TC1_ValidateCountyNos" name="StateCountyValidate" time="0.983"/>
  <testcase classname="naco.testcases.TC1_ValidateCountyNos" name="StateCountyValidate" time="0.865"/>
  <testcase classname="naco.testcases.TC1_ValidateCountyNos" name="StateCountyValidate" time="0.87"/>
  <testcase classname="naco.testcases.TC1_ValidateCountyNos" name="StateCountyValidate" time="0.85"/>
  <testcase classname="naco.testcases.TC1_ValidateCountyNos" name="StateCountyValidate" time="0.878"/>
  <testcase classname="naco.testcases.TC1_ValidateCountyNos" name="StateCountyValidate" time="0.892"/>
  <testcase classname="naco.testcases.TC1_ValidateCountyNos" name="StateCountyValidate" time="40.479">
    <skipped/>
  </testcase> <!-- StateCountyValidate -->
  <testcase classname="naco.testcases.TC1_ValidateCountyNos" name="StateCountyValidate" time="40.472">
    <failure type="java.lang.AssertionError" message="County count returned 0 for state: MORALSUBJECT">
      <![CDATA[java.lang.AssertionError: County count returned 0 for state: MORALSUBJECT
at naco.testcases.TC1_ValidateCountyNos.StateCountyValidate(TC1_ValidateCountyNos.java:43)
at java.base/java.util.ArrayList.forEach(ArrayList.java:1604)
at java.base/java.util.concurrent.FutureTask.run(FutureTask.java:328)
at java.base/java.util.concurrent.ThreadPoolExecutor.runWorker(ThreadPoolExecutor.java:1090)
at java.base/java.util.concurrent.ThreadPoolExecutor$Worker.run(ThreadPoolExecutor.java:614)
at java.base/java.lang.Thread.run(Thread.java:1474)
... Removed 16 stack frames]]>
    </failure>
  </testcase> <!-- StateCountyValidate -->
</testsuite> <!-- Testie -->
