-------------------------------------------------------------------------------
Test set: runner.naco.MasterRunner
-------------------------------------------------------------------------------
Tests run: 281, Failures: 73, Errors: 0, Skipped: 0, Time elapsed: 2833 s <<< FAILURE! -- in runner.naco.MasterRunner
County Website Validation for AZ.Validate county Apache County, AZ -- Time elapsed: 50.43 s <<< FAILURE!
java.lang.AssertionError: FAILED: Expected 200 but got 403 for Apache County, AZ expected:<200> but was:<403>
	at org.junit.Assert.fail(Assert.java:89)
	at org.junit.Assert.failNotEquals(Assert.java:835)
	at org.junit.Assert.assertEquals(Assert.java:647)
	at naco.StepDefinitionLatest.StepDefinitionCucumber.validate_website(StepDefinitionCucumber.java:124)
	at ✽.User validates website for county "Apache County, AZ" with fips "04001"(file:///C:/Users/athir/eclipse-workspace/AthiraiExecution.NACO/src/test/resources/naco/CucumberFeature/Mountain/County_AZ.feature:9)

County Website Validation for AZ.Validate county Cochise County, AZ -- Time elapsed: 44.95 s <<< FAILURE!
java.lang.AssertionError: 
FAILED: Navigation error for Cochise County, AZ | unknown error: net::ERR_CONNECTION_TIMED_OUT
  (Session info: chrome=148.0.7778.97)
Build info: version: '4.43.0', revision: 'dd0f534'
System info: os.name: 'Windows 11', os.arch: 'amd64', os.version: '10.0', java.version: '25.0.1'
Driver info: org.openqa.selenium.chrome.ChromeDriver
Command: [71407c932cd048dddce09ce3df4fba21, get {url=http://www.co.cochise.az.us}]
Capabilities {acceptInsecureCerts: false, browserName: chrome, browserVersion: 148.0.7778.97, chrome: {chromedriverVersion: 148.0.7778.97 (6b3fa66a923a..., userDataDir: C:\Users\athir\AppData\Loca...}, fedcm:accounts: true, goog:chromeOptions: {debuggerAddress: localhost:62062}, goog:processID: 30976, networkConnectionEnabled: false, pageLoadStrategy: normal, platformName: windows, proxy: Proxy(), se:cdp: ws://localhost:62062/devtoo..., se:cdpVersion: 148.0.7778.97, setWindowRect: true, strictFileInteractability: false, timeouts: {implicit: 0, pageLoad: 300000, script: 30000}, unhandledPromptBehavior: dismiss and notify, webauthn:extension:credBlob: true, webauthn:extension:largeBlob: true, webauthn:extension:minPinLength: true, webauthn:extension:prf: true, webauthn:virtualAuthenticators: true}
Session ID: 71407c932cd048dddce09ce3df4fba21
	at org.junit.Assert.fail(Assert.java:89)
	at naco.StepDefinitionLatest.StepDefinitionCucumber.validate_website(StepDefinitionCucumber.java:102)
	at ✽.User validates website for county "Cochise County, AZ" with fips "04003"(file:///C:/Users/athir/eclipse-workspace/AthiraiExecution.NACO/src/test/resources/naco/CucumberFeature/Mountain/County_AZ.feature:12)

County Website Validation for AZ.Validate county Coconino County, AZ -- Time elapsed: 9.109 s <<< FAILURE!
java.lang.AssertionError: FAILED: Expected 200 but got 403 for Coconino County, AZ expected:<200> but was:<403>
	at org.junit.Assert.fail(Assert.java:89)
	at org.junit.Assert.failNotEquals(Assert.java:835)
	at org.junit.Assert.assertEquals(Assert.java:647)
	at naco.StepDefinitionLatest.StepDefinitionCucumber.validate_website(StepDefinitionCucumber.java:124)
	at ✽.User validates website for county "Coconino County, AZ" with fips "04005"(file:///C:/Users/athir/eclipse-workspace/AthiraiExecution.NACO/src/test/resources/naco/CucumberFeature/Mountain/County_AZ.feature:15)

County Website Validation for AZ.Validate county Graham County, AZ -- Time elapsed: 7.472 s <<< FAILURE!
java.lang.AssertionError: FAILED: Expected 200 but got 403 for Graham County, AZ expected:<200> but was:<403>
	at org.junit.Assert.fail(Assert.java:89)
	at org.junit.Assert.failNotEquals(Assert.java:835)
	at org.junit.Assert.assertEquals(Assert.java:647)
	at naco.StepDefinitionLatest.StepDefinitionCucumber.validate_website(StepDefinitionCucumber.java:124)
	at ✽.User validates website for county "Graham County, AZ" with fips "04009"(file:///C:/Users/athir/eclipse-workspace/AthiraiExecution.NACO/src/test/resources/naco/CucumberFeature/Mountain/County_AZ.feature:21)

County Website Validation for AZ.Validate county Greenlee County, AZ -- Time elapsed: 27.19 s <<< FAILURE!
java.lang.AssertionError: 
FAILED: Navigation error for Greenlee County, AZ | unknown error: net::ERR_CONNECTION_TIMED_OUT
  (Session info: chrome=148.0.7778.97)
Build info: version: '4.43.0', revision: 'dd0f534'
System info: os.name: 'Windows 11', os.arch: 'amd64', os.version: '10.0', java.version: '25.0.1'
Driver info: org.openqa.selenium.chrome.ChromeDriver
Command: [5b9a8a919964ac2cec03244f475a482b, get {url=http://www.co.greenlee.az.us}]
Capabilities {acceptInsecureCerts: false, browserName: chrome, browserVersion: 148.0.7778.97, chrome: {chromedriverVersion: 148.0.7778.97 (6b3fa66a923a..., userDataDir: C:\Users\athir\AppData\Loca...}, fedcm:accounts: true, goog:chromeOptions: {debuggerAddress: localhost:56812}, goog:processID: 23544, networkConnectionEnabled: false, pageLoadStrategy: normal, platformName: windows, proxy: Proxy(), se:cdp: ws://localhost:56812/devtoo..., se:cdpVersion: 148.0.7778.97, setWindowRect: true, strictFileInteractability: false, timeouts: {implicit: 0, pageLoad: 300000, script: 30000}, unhandledPromptBehavior: dismiss and notify, webauthn:extension:credBlob: true, webauthn:extension:largeBlob: true, webauthn:extension:minPinLength: true, webauthn:extension:prf: true, webauthn:virtualAuthenticators: true}
Session ID: 5b9a8a919964ac2cec03244f475a482b
	at org.junit.Assert.fail(Assert.java:89)
	at naco.StepDefinitionLatest.StepDefinitionCucumber.validate_website(StepDefinitionCucumber.java:102)
	at ✽.User validates website for county "Greenlee County, AZ" with fips "04011"(file:///C:/Users/athir/eclipse-workspace/AthiraiExecution.NACO/src/test/resources/naco/CucumberFeature/Mountain/County_AZ.feature:24)

County Website Validation for AZ.Validate county Mohave County, AZ -- Time elapsed: 6.655 s <<< FAILURE!
java.lang.AssertionError: FAILED: Expected 200 but got 403 for Mohave County, AZ expected:<200> but was:<403>
	at org.junit.Assert.fail(Assert.java:89)
	at org.junit.Assert.failNotEquals(Assert.java:835)
	at org.junit.Assert.assertEquals(Assert.java:647)
	at naco.StepDefinitionLatest.StepDefinitionCucumber.validate_website(StepDefinitionCucumber.java:124)
	at ✽.User validates website for county "Mohave County, AZ" with fips "04015"(file:///C:/Users/athir/eclipse-workspace/AthiraiExecution.NACO/src/test/resources/naco/CucumberFeature/Mountain/County_AZ.feature:33)

County Website Validation for AZ.Validate county Santa Cruz County, AZ -- Time elapsed: 6.908 s <<< FAILURE!
java.lang.AssertionError: FAILED: Expected 200 but got 403 for Santa Cruz County, AZ expected:<200> but was:<403>
	at org.junit.Assert.fail(Assert.java:89)
	at org.junit.Assert.failNotEquals(Assert.java:835)
	at org.junit.Assert.assertEquals(Assert.java:647)
	at naco.StepDefinitionLatest.StepDefinitionCucumber.validate_website(StepDefinitionCucumber.java:124)
	at ✽.User validates website for county "Santa Cruz County, AZ" with fips "04023"(file:///C:/Users/athir/eclipse-workspace/AthiraiExecution.NACO/src/test/resources/naco/CucumberFeature/Mountain/County_AZ.feature:45)

County Website Validation for AZ.Validate county Yavapai County, AZ -- Time elapsed: 3.656 s <<< FAILURE!
java.lang.AssertionError: 
FAILED: Navigation error for Yavapai County, AZ | unknown error: net::ERR_NAME_NOT_RESOLVED
  (Session info: chrome=148.0.7778.97)
Build info: version: '4.43.0', revision: 'dd0f534'
System info: os.name: 'Windows 11', os.arch: 'amd64', os.version: '10.0', java.version: '25.0.1'
Driver info: org.openqa.selenium.chrome.ChromeDriver
Command: [9acb7978ce31447dcfe3fb9f33ef8f5f, get {url=http://www.yavapai.us/}]
Capabilities {acceptInsecureCerts: false, browserName: chrome, browserVersion: 148.0.7778.97, chrome: {chromedriverVersion: 148.0.7778.97 (6b3fa66a923a..., userDataDir: C:\Users\athir\AppData\Loca...}, fedcm:accounts: true, goog:chromeOptions: {debuggerAddress: localhost:63643}, goog:processID: 47032, networkConnectionEnabled: false, pageLoadStrategy: normal, platformName: windows, proxy: Proxy(), se:cdp: ws://localhost:63643/devtoo..., se:cdpVersion: 148.0.7778.97, setWindowRect: true, strictFileInteractability: false, timeouts: {implicit: 0, pageLoad: 300000, script: 30000}, unhandledPromptBehavior: dismiss and notify, webauthn:extension:credBlob: true, webauthn:extension:largeBlob: true, webauthn:extension:minPinLength: true, webauthn:extension:prf: true, webauthn:virtualAuthenticators: true}
Session ID: 9acb7978ce31447dcfe3fb9f33ef8f5f
	at org.junit.Assert.fail(Assert.java:89)
	at naco.StepDefinitionLatest.StepDefinitionCucumber.validate_website(StepDefinitionCucumber.java:102)
	at ✽.User validates website for county "Yavapai County, AZ" with fips "04025"(file:///C:/Users/athir/eclipse-workspace/AthiraiExecution.NACO/src/test/resources/naco/CucumberFeature/Mountain/County_AZ.feature:48)

County Website Validation for CO.Validate county Baca County, CO -- Time elapsed: 4.645 s <<< FAILURE!
java.lang.AssertionError: CRITICAL FAILURE: Website URL is NULL or empty for Baca County, CO
	at naco.StepDefinitionLatest.StepDefinitionCucumber.validate_website(StepDefinitionCucumber.java:88)
	at ✽.User validates website for county "Baca County, CO" with fips "35011"(file:///C:/Users/athir/eclipse-workspace/AthiraiExecution.NACO/src/test/resources/naco/CucumberFeature/Mountain/County_CO.feature:20)

County Website Validation for CO.Validate county Costilla County, CO -- Time elapsed: 3.495 s <<< FAILURE!
java.lang.AssertionError: FAILED: Expected 200 but got 404 for Costilla County, CO expected:<200> but was:<404>
	at org.junit.Assert.fail(Assert.java:89)
	at org.junit.Assert.failNotEquals(Assert.java:835)
	at org.junit.Assert.assertEquals(Assert.java:647)
	at naco.StepDefinitionLatest.StepDefinitionCucumber.validate_website(StepDefinitionCucumber.java:124)
	at ✽.User validates website for county "Costilla County, CO" with fips "08023"(file:///C:/Users/athir/eclipse-workspace/AthiraiExecution.NACO/src/test/resources/naco/CucumberFeature/Mountain/County_CO.feature:44)

County Website Validation for CO.Validate county Delta County, CO -- Time elapsed: 28.51 s <<< FAILURE!
java.lang.AssertionError: FAILED: RestAssured could not connect to http://www.co.delaware.oh.us/ | Connection timed out: connect
	at org.junit.Assert.fail(Assert.java:89)
	at naco.StepDefinitionLatest.StepDefinitionCucumber.validate_website(StepDefinitionCucumber.java:115)
	at ✽.User validates website for county "Delta County, CO" with fips "39041"(file:///C:/Users/athir/eclipse-workspace/AthiraiExecution.NACO/src/test/resources/naco/CucumberFeature/Mountain/County_CO.feature:53)

County Website Validation for CO.Validate county Gilpin County, CO -- Time elapsed: 5.935 s <<< FAILURE!
java.lang.AssertionError: FAILED: Expected 200 but got 404 for Gilpin County, CO expected:<200> but was:<404>
	at org.junit.Assert.fail(Assert.java:89)
	at org.junit.Assert.failNotEquals(Assert.java:835)
	at org.junit.Assert.assertEquals(Assert.java:647)
	at naco.StepDefinitionLatest.StepDefinitionCucumber.validate_website(StepDefinitionCucumber.java:124)
	at ✽.User validates website for county "Gilpin County, CO" with fips "08047"(file:///C:/Users/athir/eclipse-workspace/AthiraiExecution.NACO/src/test/resources/naco/CucumberFeature/Mountain/County_CO.feature:80)

County Website Validation for CO.Validate county Jackson County, CO -- Time elapsed: 6.212 s <<< FAILURE!
java.lang.AssertionError: FAILED: RestAssured could not connect to http://co.jackson.ia.us/ | Certificate for <co.jackson.ia.us> doesn't match any of the subject alternative names: [jacksoncounty.iowa.gov, www.jacksoncounty.iowa.gov]
	at org.junit.Assert.fail(Assert.java:89)
	at naco.StepDefinitionLatest.StepDefinitionCucumber.validate_website(StepDefinitionCucumber.java:115)
	at ✽.User validates website for county "Jackson County, CO" with fips "19097"(file:///C:/Users/athir/eclipse-workspace/AthiraiExecution.NACO/src/test/resources/naco/CucumberFeature/Mountain/County_CO.feature:95)

County Website Validation for CO.Validate county Kiowa County, CO -- Time elapsed: 5.097 s <<< FAILURE!
java.lang.AssertionError: CRITICAL FAILURE: Website URL is NULL or empty for Kiowa County, CO
	at naco.StepDefinitionLatest.StepDefinitionCucumber.validate_website(StepDefinitionCucumber.java:88)
	at ✽.User validates website for county "Kiowa County, CO" with fips "40075"(file:///C:/Users/athir/eclipse-workspace/AthiraiExecution.NACO/src/test/resources/naco/CucumberFeature/Mountain/County_CO.feature:101)

County Website Validation for CO.Validate county Larimer County, CO -- Time elapsed: 3.268 s <<< FAILURE!
java.lang.AssertionError: CRITICAL FAILURE: Website URL is NULL or empty for Larimer County, CO
	at naco.StepDefinitionLatest.StepDefinitionCucumber.validate_website(StepDefinitionCucumber.java:88)
	at ✽.User validates website for county "Larimer County, CO" with fips "40077"(file:///C:/Users/athir/eclipse-workspace/AthiraiExecution.NACO/src/test/resources/naco/CucumberFeature/Mountain/County_CO.feature:113)

County Website Validation for CO.Validate county Mineral County, CO -- Time elapsed: 3.045 s <<< FAILURE!
java.lang.AssertionError: CRITICAL FAILURE: Website URL is NULL or empty for Mineral County, CO
	at naco.StepDefinitionLatest.StepDefinitionCucumber.validate_website(StepDefinitionCucumber.java:88)
	at ✽.User validates website for county "Mineral County, CO" with fips "54057"(file:///C:/Users/athir/eclipse-workspace/AthiraiExecution.NACO/src/test/resources/naco/CucumberFeature/Mountain/County_CO.feature:128)

County Website Validation for CO.Validate county Moffat County, CO -- Time elapsed: 24.15 s <<< FAILURE!
java.lang.AssertionError: 
FAILED: Navigation error for Moffat County, CO | unknown error: net::ERR_CONNECTION_TIMED_OUT
  (Session info: chrome=148.0.7778.97)
Build info: version: '4.43.0', revision: 'dd0f534'
System info: os.name: 'Windows 11', os.arch: 'amd64', os.version: '10.0', java.version: '25.0.1'
Driver info: org.openqa.selenium.chrome.ChromeDriver
Command: [7cb073d7b016a1f66004c843a55823f8, get {url=https://www.co.moffat.co.us/}]
Capabilities {acceptInsecureCerts: false, browserName: chrome, browserVersion: 148.0.7778.97, chrome: {chromedriverVersion: 148.0.7778.97 (6b3fa66a923a..., userDataDir: C:\Users\athir\AppData\Loca...}, fedcm:accounts: true, goog:chromeOptions: {debuggerAddress: localhost:49696}, goog:processID: 30524, networkConnectionEnabled: false, pageLoadStrategy: normal, platformName: windows, proxy: Proxy(), se:cdp: ws://localhost:49696/devtoo..., se:cdpVersion: 148.0.7778.97, setWindowRect: true, strictFileInteractability: false, timeouts: {implicit: 0, pageLoad: 300000, script: 30000}, unhandledPromptBehavior: dismiss and notify, webauthn:extension:credBlob: true, webauthn:extension:largeBlob: true, webauthn:extension:minPinLength: true, webauthn:extension:prf: true, webauthn:virtualAuthenticators: true}
Session ID: 7cb073d7b016a1f66004c843a55823f8
	at org.junit.Assert.fail(Assert.java:89)
	at naco.StepDefinitionLatest.StepDefinitionCucumber.validate_website(StepDefinitionCucumber.java:102)
	at ✽.User validates website for county "Moffat County, CO" with fips "08081"(file:///C:/Users/athir/eclipse-workspace/AthiraiExecution.NACO/src/test/resources/naco/CucumberFeature/Mountain/County_CO.feature:131)

County Website Validation for CO.Validate county Montezuma County, CO -- Time elapsed: 8.171 s <<< FAILURE!
java.lang.AssertionError: FAILED: Expected 200 but got 403 for Montezuma County, CO expected:<200> but was:<403>
	at org.junit.Assert.fail(Assert.java:89)
	at org.junit.Assert.failNotEquals(Assert.java:835)
	at org.junit.Assert.assertEquals(Assert.java:647)
	at naco.StepDefinitionLatest.StepDefinitionCucumber.validate_website(StepDefinitionCucumber.java:124)
	at ✽.User validates website for county "Montezuma County, CO" with fips "08083"(file:///C:/Users/athir/eclipse-workspace/AthiraiExecution.NACO/src/test/resources/naco/CucumberFeature/Mountain/County_CO.feature:134)

County Website Validation for CO.Validate county Prowers County, CO -- Time elapsed: 3.041 s <<< FAILURE!
java.lang.AssertionError: 
FAILED: Navigation error for Prowers County, CO | unknown error: net::ERR_NAME_NOT_RESOLVED
  (Session info: chrome=148.0.7778.97)
Build info: version: '4.43.0', revision: 'dd0f534'
System info: os.name: 'Windows 11', os.arch: 'amd64', os.version: '10.0', java.version: '25.0.1'
Driver info: org.openqa.selenium.chrome.ChromeDriver
Command: [15722385b168cc333eb9919946e8d421, get {url=http://www.prowerscounty.net}]
Capabilities {acceptInsecureCerts: false, browserName: chrome, browserVersion: 148.0.7778.97, chrome: {chromedriverVersion: 148.0.7778.97 (6b3fa66a923a..., userDataDir: C:\Users\athir\AppData\Loca...}, fedcm:accounts: true, goog:chromeOptions: {debuggerAddress: localhost:55257}, goog:processID: 54232, networkConnectionEnabled: false, pageLoadStrategy: normal, platformName: windows, proxy: Proxy(), se:cdp: ws://localhost:55257/devtoo..., se:cdpVersion: 148.0.7778.97, setWindowRect: true, strictFileInteractability: false, timeouts: {implicit: 0, pageLoad: 300000, script: 30000}, unhandledPromptBehavior: dismiss and notify, webauthn:extension:credBlob: true, webauthn:extension:largeBlob: true, webauthn:extension:minPinLength: true, webauthn:extension:prf: true, webauthn:virtualAuthenticators: true}
Session ID: 15722385b168cc333eb9919946e8d421
	at org.junit.Assert.fail(Assert.java:89)
	at naco.StepDefinitionLatest.StepDefinitionCucumber.validate_website(StepDefinitionCucumber.java:102)
	at ✽.User validates website for county "Prowers County, CO" with fips "08099"(file:///C:/Users/athir/eclipse-workspace/AthiraiExecution.NACO/src/test/resources/naco/CucumberFeature/Mountain/County_CO.feature:158)

County Website Validation for CO.Validate county San Miguel County, CO -- Time elapsed: 2.851 s <<< FAILURE!
java.lang.AssertionError: 
FAILED: Navigation error for San Miguel County, CO | unknown error: net::ERR_NAME_NOT_RESOLVED
  (Session info: chrome=148.0.7778.97)
Build info: version: '4.43.0', revision: 'dd0f534'
System info: os.name: 'Windows 11', os.arch: 'amd64', os.version: '10.0', java.version: '25.0.1'
Driver info: org.openqa.selenium.chrome.ChromeDriver
Command: [0a3ee16b1307a6608b22ca4508771d1b, get {url=http://www.smcounty.net}]
Capabilities {acceptInsecureCerts: false, browserName: chrome, browserVersion: 148.0.7778.97, chrome: {chromedriverVersion: 148.0.7778.97 (6b3fa66a923a..., userDataDir: C:\Users\athir\AppData\Loca...}, fedcm:accounts: true, goog:chromeOptions: {debuggerAddress: localhost:49359}, goog:processID: 47396, networkConnectionEnabled: false, pageLoadStrategy: normal, platformName: windows, proxy: Proxy(), se:cdp: ws://localhost:49359/devtoo..., se:cdpVersion: 148.0.7778.97, setWindowRect: true, strictFileInteractability: false, timeouts: {implicit: 0, pageLoad: 300000, script: 30000}, unhandledPromptBehavior: dismiss and notify, webauthn:extension:credBlob: true, webauthn:extension:largeBlob: true, webauthn:extension:minPinLength: true, webauthn:extension:prf: true, webauthn:virtualAuthenticators: true}
Session ID: 0a3ee16b1307a6608b22ca4508771d1b
	at org.junit.Assert.fail(Assert.java:89)
	at naco.StepDefinitionLatest.StepDefinitionCucumber.validate_website(StepDefinitionCucumber.java:102)
	at ✽.User validates website for county "San Miguel County, CO" with fips "35047"(file:///C:/Users/athir/eclipse-workspace/AthiraiExecution.NACO/src/test/resources/naco/CucumberFeature/Mountain/County_CO.feature:179)

County Website Validation for ID.Validate county Ada County, ID -- Time elapsed: 99.22 s <<< FAILURE!
java.lang.AssertionError: FAILED: Expected 200 but got 403 for Ada County, ID expected:<200> but was:<403>
	at org.junit.Assert.fail(Assert.java:89)
	at org.junit.Assert.failNotEquals(Assert.java:835)
	at org.junit.Assert.assertEquals(Assert.java:647)
	at naco.StepDefinitionLatest.StepDefinitionCucumber.validate_website(StepDefinitionCucumber.java:124)
	at ✽.User validates website for county "Ada County, ID" with fips "16001"(file:///C:/Users/athir/eclipse-workspace/AthiraiExecution.NACO/src/test/resources/naco/CucumberFeature/Mountain/County_ID.feature:10)

County Website Validation for ID.Validate county Benewah County, ID -- Time elapsed: 6.391 s <<< FAILURE!
java.lang.AssertionError: FAILED: Expected 200 but got 404 for Benewah County, ID expected:<200> but was:<404>
	at org.junit.Assert.fail(Assert.java:89)
	at org.junit.Assert.failNotEquals(Assert.java:835)
	at org.junit.Assert.assertEquals(Assert.java:647)
	at naco.StepDefinitionLatest.StepDefinitionCucumber.validate_website(StepDefinitionCucumber.java:124)
	at ✽.User validates website for county "Benewah County, ID" with fips "16009"(file:///C:/Users/athir/eclipse-workspace/AthiraiExecution.NACO/src/test/resources/naco/CucumberFeature/Mountain/County_ID.feature:22)

County Website Validation for ID.Validate county Bingham County, ID -- Time elapsed: 6.050 s <<< FAILURE!
java.lang.AssertionError: FAILED: RestAssured could not connect to http://www.co.bingham.id.us/ | Certificate for <www.co.bingham.id.us> doesn't match any of the subject alternative names: [*.cloudfront.net, cloudfront.net]
	at org.junit.Assert.fail(Assert.java:89)
	at naco.StepDefinitionLatest.StepDefinitionCucumber.validate_website(StepDefinitionCucumber.java:115)
	at ✽.User validates website for county "Bingham County, ID" with fips "16011"(file:///C:/Users/athir/eclipse-workspace/AthiraiExecution.NACO/src/test/resources/naco/CucumberFeature/Mountain/County_ID.feature:25)

County Website Validation for ID.Validate county Boise County, ID -- Time elapsed: 13.54 s <<< FAILURE!
java.lang.AssertionError: FAILED: Expected 200 but got 500 for Boise County, ID expected:<200> but was:<500>
	at org.junit.Assert.fail(Assert.java:89)
	at org.junit.Assert.failNotEquals(Assert.java:835)
	at org.junit.Assert.assertEquals(Assert.java:647)
	at naco.StepDefinitionLatest.StepDefinitionCucumber.validate_website(StepDefinitionCucumber.java:124)
	at ✽.User validates website for county "Boise County, ID" with fips "16015"(file:///C:/Users/athir/eclipse-workspace/AthiraiExecution.NACO/src/test/resources/naco/CucumberFeature/Mountain/County_ID.feature:31)

County Website Validation for ID.Validate county Bonneville County, ID -- Time elapsed: 3.307 s <<< FAILURE!
java.lang.AssertionError: 
FAILED: Navigation error for Bonneville County, ID | unknown error: net::ERR_NAME_NOT_RESOLVED
  (Session info: chrome=148.0.7778.97)
Build info: version: '4.43.0', revision: 'dd0f534'
System info: os.name: 'Windows 11', os.arch: 'amd64', os.version: '10.0', java.version: '25.0.1'
Driver info: org.openqa.selenium.chrome.ChromeDriver
Command: [0422c16766e579fb44a56444ba8dfcef, get {url=http://www.co.bonneville.id.us}]
Capabilities {acceptInsecureCerts: false, browserName: chrome, browserVersion: 148.0.7778.97, chrome: {chromedriverVersion: 148.0.7778.97 (6b3fa66a923a..., userDataDir: C:\Users\athir\AppData\Loca...}, fedcm:accounts: true, goog:chromeOptions: {debuggerAddress: localhost:58281}, goog:processID: 43336, networkConnectionEnabled: false, pageLoadStrategy: normal, platformName: windows, proxy: Proxy(), se:cdp: ws://localhost:58281/devtoo..., se:cdpVersion: 148.0.7778.97, setWindowRect: true, strictFileInteractability: false, timeouts: {implicit: 0, pageLoad: 300000, script: 30000}, unhandledPromptBehavior: dismiss and notify, webauthn:extension:credBlob: true, webauthn:extension:largeBlob: true, webauthn:extension:minPinLength: true, webauthn:extension:prf: true, webauthn:virtualAuthenticators: true}
Session ID: 0422c16766e579fb44a56444ba8dfcef
	at org.junit.Assert.fail(Assert.java:89)
	at naco.StepDefinitionLatest.StepDefinitionCucumber.validate_website(StepDefinitionCucumber.java:102)
	at ✽.User validates website for county "Bonneville County, ID" with fips "16019"(file:///C:/Users/athir/eclipse-workspace/AthiraiExecution.NACO/src/test/resources/naco/CucumberFeature/Mountain/County_ID.feature:37)

County Website Validation for ID.Validate county Butte County, ID -- Time elapsed: 2.795 s <<< FAILURE!
java.lang.AssertionError: CRITICAL FAILURE: Website URL is NULL or empty for Butte County, ID
	at naco.StepDefinitionLatest.StepDefinitionCucumber.validate_website(StepDefinitionCucumber.java:88)
	at ✽.User validates website for county "Butte County, ID" with fips "16023"(file:///C:/Users/athir/eclipse-workspace/AthiraiExecution.NACO/src/test/resources/naco/CucumberFeature/Mountain/County_ID.feature:43)

County Website Validation for ID.Validate county Caribou County, ID -- Time elapsed: 6.524 s <<< FAILURE!
java.lang.AssertionError: FAILED: RestAssured could not connect to http://www.co.caribou.id.us/ | Certificate for <www.co.caribou.id.us> doesn't match any of the subject alternative names: [rzweb2.revize.com]
	at org.junit.Assert.fail(Assert.java:89)
	at naco.StepDefinitionLatest.StepDefinitionCucumber.validate_website(StepDefinitionCucumber.java:115)
	at ✽.User validates website for county "Caribou County, ID" with fips "16029"(file:///C:/Users/athir/eclipse-workspace/AthiraiExecution.NACO/src/test/resources/naco/CucumberFeature/Mountain/County_ID.feature:52)

County Website Validation for ID.Validate county Custer County, ID -- Time elapsed: 6.293 s <<< FAILURE!
java.lang.AssertionError: FAILED: RestAssured could not connect to http://www.co.custer.id.us/ | Certificate for <www.co.custer.id.us> doesn't match any of the subject alternative names: [custercountyidaho.com, custercountyidaho.org]
	at org.junit.Assert.fail(Assert.java:89)
	at naco.StepDefinitionLatest.StepDefinitionCucumber.validate_website(StepDefinitionCucumber.java:115)
	at ✽.User validates website for county "Custer County, ID" with fips "16037"(file:///C:/Users/athir/eclipse-workspace/AthiraiExecution.NACO/src/test/resources/naco/CucumberFeature/Mountain/County_ID.feature:64)

County Website Validation for ID.Validate county Gem County, ID -- Time elapsed: 45.16 s <<< FAILURE!
java.lang.AssertionError: 
FAILED: Navigation error for Gem County, ID | unknown error: net::ERR_CONNECTION_TIMED_OUT
  (Session info: chrome=148.0.7778.97)
Build info: version: '4.43.0', revision: 'dd0f534'
System info: os.name: 'Windows 11', os.arch: 'amd64', os.version: '10.0', java.version: '25.0.1'
Driver info: org.openqa.selenium.chrome.ChromeDriver
Command: [4b7f8b0d81aa3413bf84bcdb87d01206, get {url=http://www.co.gem.id.us}]
Capabilities {acceptInsecureCerts: false, browserName: chrome, browserVersion: 148.0.7778.97, chrome: {chromedriverVersion: 148.0.7778.97 (6b3fa66a923a..., userDataDir: C:\Users\athir\AppData\Loca...}, fedcm:accounts: true, goog:chromeOptions: {debuggerAddress: localhost:58223}, goog:processID: 43500, networkConnectionEnabled: false, pageLoadStrategy: normal, platformName: windows, proxy: Proxy(), se:cdp: ws://localhost:58223/devtoo..., se:cdpVersion: 148.0.7778.97, setWindowRect: true, strictFileInteractability: false, timeouts: {implicit: 0, pageLoad: 300000, script: 30000}, unhandledPromptBehavior: dismiss and notify, webauthn:extension:credBlob: true, webauthn:extension:largeBlob: true, webauthn:extension:minPinLength: true, webauthn:extension:prf: true, webauthn:virtualAuthenticators: true}
Session ID: 4b7f8b0d81aa3413bf84bcdb87d01206
	at org.junit.Assert.fail(Assert.java:89)
	at naco.StepDefinitionLatest.StepDefinitionCucumber.validate_website(StepDefinitionCucumber.java:102)
	at ✽.User validates website for county "Gem County, ID" with fips "16045"(file:///C:/Users/athir/eclipse-workspace/AthiraiExecution.NACO/src/test/resources/naco/CucumberFeature/Mountain/County_ID.feature:76)

County Website Validation for ID.Validate county Jerome County, ID -- Time elapsed: 7.406 s <<< FAILURE!
java.lang.AssertionError: FAILED: Expected 200 but got 403 for Jerome County, ID expected:<200> but was:<403>
	at org.junit.Assert.fail(Assert.java:89)
	at org.junit.Assert.failNotEquals(Assert.java:835)
	at org.junit.Assert.assertEquals(Assert.java:647)
	at naco.StepDefinitionLatest.StepDefinitionCucumber.validate_website(StepDefinitionCucumber.java:124)
	at ✽.User validates website for county "Jerome County, ID" with fips "16053"(file:///C:/Users/athir/eclipse-workspace/AthiraiExecution.NACO/src/test/resources/naco/CucumberFeature/Mountain/County_ID.feature:88)

County Website Validation for ID.Validate county Lincoln County, ID -- Time elapsed: 4.431 s <<< FAILURE!
java.lang.AssertionError: 
FAILED: Navigation error for Lincoln County, ID | unknown error: net::ERR_NAME_NOT_RESOLVED
  (Session info: chrome=148.0.7778.97)
Build info: version: '4.43.0', revision: 'dd0f534'
System info: os.name: 'Windows 11', os.arch: 'amd64', os.version: '10.0', java.version: '25.0.1'
Driver info: org.openqa.selenium.chrome.ChromeDriver
Command: [b8fa2376ccccf2ed45fa00a8369b0ac8, get {url=http://lincolncountyid.us/}]
Capabilities {acceptInsecureCerts: false, browserName: chrome, browserVersion: 148.0.7778.97, chrome: {chromedriverVersion: 148.0.7778.97 (6b3fa66a923a..., userDataDir: C:\Users\athir\AppData\Loca...}, fedcm:accounts: true, goog:chromeOptions: {debuggerAddress: localhost:56049}, goog:processID: 11496, networkConnectionEnabled: false, pageLoadStrategy: normal, platformName: windows, proxy: Proxy(), se:cdp: ws://localhost:56049/devtoo..., se:cdpVersion: 148.0.7778.97, setWindowRect: true, strictFileInteractability: false, timeouts: {implicit: 0, pageLoad: 300000, script: 30000}, unhandledPromptBehavior: dismiss and notify, webauthn:extension:credBlob: true, webauthn:extension:largeBlob: true, webauthn:extension:minPinLength: true, webauthn:extension:prf: true, webauthn:virtualAuthenticators: true}
Session ID: b8fa2376ccccf2ed45fa00a8369b0ac8
	at org.junit.Assert.fail(Assert.java:89)
	at naco.StepDefinitionLatest.StepDefinitionCucumber.validate_website(StepDefinitionCucumber.java:102)
	at ✽.User validates website for county "Lincoln County, ID" with fips "16063"(file:///C:/Users/athir/eclipse-workspace/AthiraiExecution.NACO/src/test/resources/naco/CucumberFeature/Mountain/County_ID.feature:103)

County Website Validation for ID.Validate county Shoshone County, ID -- Time elapsed: 3.622 s <<< FAILURE!
java.lang.AssertionError: FAILED: Expected 200 but got 403 for Shoshone County, ID expected:<200> but was:<403>
	at org.junit.Assert.fail(Assert.java:89)
	at org.junit.Assert.failNotEquals(Assert.java:835)
	at org.junit.Assert.assertEquals(Assert.java:647)
	at naco.StepDefinitionLatest.StepDefinitionCucumber.validate_website(StepDefinitionCucumber.java:124)
	at ✽.User validates website for county "Shoshone County, ID" with fips "16079"(file:///C:/Users/athir/eclipse-workspace/AthiraiExecution.NACO/src/test/resources/naco/CucumberFeature/Mountain/County_ID.feature:127)

County Website Validation for MT.Validate county Chouteau County, MT -- Time elapsed: 5.947 s <<< FAILURE!
java.lang.AssertionError: FAILED: RestAssured could not connect to http://www.co.chouteau.mt.us | Certificate for <www.co.chouteau.mt.us> doesn't match any of the subject alternative names: [taylorenterprises.biz, www.taylorenterprises.biz, antlertom.com, mtjaycees.org, co.chouteau.mt.us, mtjcisenate.org]
	at org.junit.Assert.fail(Assert.java:89)
	at naco.StepDefinitionLatest.StepDefinitionCucumber.validate_website(StepDefinitionCucumber.java:115)
	at ✽.User validates website for county "Chouteau County, MT" with fips "30015"(file:///C:/Users/athir/eclipse-workspace/AthiraiExecution.NACO/src/test/resources/naco/CucumberFeature/Mountain/County_MT.feature:31)

County Website Validation for MT.Validate county Daniels County, MT -- Time elapsed: 3.182 s <<< FAILURE!
java.lang.AssertionError: CRITICAL FAILURE: Website URL is NULL or empty for Daniels County, MT
	at naco.StepDefinitionLatest.StepDefinitionCucumber.validate_website(StepDefinitionCucumber.java:88)
	at ✽.User validates website for county "Daniels County, MT" with fips "30019"(file:///C:/Users/athir/eclipse-workspace/AthiraiExecution.NACO/src/test/resources/naco/CucumberFeature/Mountain/County_MT.feature:37)

County Website Validation for MT.Validate county Dawson County, MT -- Time elapsed: 3.989 s <<< FAILURE!
java.lang.AssertionError: FAILED: Expected 200 but got 403 for Dawson County, MT expected:<200> but was:<403>
	at org.junit.Assert.fail(Assert.java:89)
	at org.junit.Assert.failNotEquals(Assert.java:835)
	at org.junit.Assert.assertEquals(Assert.java:647)
	at naco.StepDefinitionLatest.StepDefinitionCucumber.validate_website(StepDefinitionCucumber.java:124)
	at ✽.User validates website for county "Dawson County, MT" with fips "30021"(file:///C:/Users/athir/eclipse-workspace/AthiraiExecution.NACO/src/test/resources/naco/CucumberFeature/Mountain/County_MT.feature:40)

County Website Validation for MT.Validate county Fergus County, MT -- Time elapsed: 69.91 s <<< FAILURE!
java.lang.AssertionError: FAILED: RestAssured could not connect to http://www.co.fergus.mt.us | Certificate for <www.co.fergus.mt.us> doesn't match any of the subject alternative names: [c13461.sgvps.net]
	at org.junit.Assert.fail(Assert.java:89)
	at naco.StepDefinitionLatest.StepDefinitionCucumber.validate_website(StepDefinitionCucumber.java:115)
	at ✽.User validates website for county "Fergus County, MT" with fips "30027"(file:///C:/Users/athir/eclipse-workspace/AthiraiExecution.NACO/src/test/resources/naco/CucumberFeature/Mountain/County_MT.feature:49)

County Website Validation for MT.Validate county Flathead County, MT -- Time elapsed: 45.04 s <<< FAILURE!
java.lang.AssertionError: 
FAILED: Navigation error for Flathead County, MT | unknown error: net::ERR_CONNECTION_TIMED_OUT
  (Session info: chrome=148.0.7778.97)
Build info: version: '4.43.0', revision: 'dd0f534'
System info: os.name: 'Windows 11', os.arch: 'amd64', os.version: '10.0', java.version: '25.0.1'
Driver info: org.openqa.selenium.chrome.ChromeDriver
Command: [3dc9ab8cd70c26782ed75c611dbf7d87, get {url=http://flathead.mt.gov/}]
Capabilities {acceptInsecureCerts: false, browserName: chrome, browserVersion: 148.0.7778.97, chrome: {chromedriverVersion: 148.0.7778.97 (6b3fa66a923a..., userDataDir: C:\Users\athir\AppData\Loca...}, fedcm:accounts: true, goog:chromeOptions: {debuggerAddress: localhost:55363}, goog:processID: 55196, networkConnectionEnabled: false, pageLoadStrategy: normal, platformName: windows, proxy: Proxy(), se:cdp: ws://localhost:55363/devtoo..., se:cdpVersion: 148.0.7778.97, setWindowRect: true, strictFileInteractability: false, timeouts: {implicit: 0, pageLoad: 300000, script: 30000}, unhandledPromptBehavior: dismiss and notify, webauthn:extension:credBlob: true, webauthn:extension:largeBlob: true, webauthn:extension:minPinLength: true, webauthn:extension:prf: true, webauthn:virtualAuthenticators: true}
Session ID: 3dc9ab8cd70c26782ed75c611dbf7d87
	at org.junit.Assert.fail(Assert.java:89)
	at naco.StepDefinitionLatest.StepDefinitionCucumber.validate_website(StepDefinitionCucumber.java:102)
	at ✽.User validates website for county "Flathead County, MT" with fips "30029"(file:///C:/Users/athir/eclipse-workspace/AthiraiExecution.NACO/src/test/resources/naco/CucumberFeature/Mountain/County_MT.feature:52)

County Website Validation for MT.Validate county Gallatin County, MT -- Time elapsed: 6.782 s <<< FAILURE!
java.lang.AssertionError: FAILED: Expected 200 but got 403 for Gallatin County, MT expected:<200> but was:<403>
	at org.junit.Assert.fail(Assert.java:89)
	at org.junit.Assert.failNotEquals(Assert.java:835)
	at org.junit.Assert.assertEquals(Assert.java:647)
	at naco.StepDefinitionLatest.StepDefinitionCucumber.validate_website(StepDefinitionCucumber.java:124)
	at ✽.User validates website for county "Gallatin County, MT" with fips "30031"(file:///C:/Users/athir/eclipse-workspace/AthiraiExecution.NACO/src/test/resources/naco/CucumberFeature/Mountain/County_MT.feature:55)

County Website Validation for MT.Validate county Golden Valley County, MT -- Time elapsed: 8.213 s <<< FAILURE!
java.lang.AssertionError: 
FAILED: Navigation error for Golden Valley County, MT | unknown error: net::ERR_NAME_NOT_RESOLVED
  (Session info: chrome=148.0.7778.97)
Build info: version: '4.43.0', revision: 'dd0f534'
System info: os.name: 'Windows 11', os.arch: 'amd64', os.version: '10.0', java.version: '25.0.1'
Driver info: org.openqa.selenium.chrome.ChromeDriver
Command: [757ffd2966cc8f38f807c6e13b40239e, get {url=http://www.co.golden-valley.mt.us/}]
Capabilities {acceptInsecureCerts: false, browserName: chrome, browserVersion: 148.0.7778.97, chrome: {chromedriverVersion: 148.0.7778.97 (6b3fa66a923a..., userDataDir: C:\Users\athir\AppData\Loca...}, fedcm:accounts: true, goog:chromeOptions: {debuggerAddress: localhost:64646}, goog:processID: 12176, networkConnectionEnabled: false, pageLoadStrategy: normal, platformName: windows, proxy: Proxy(), se:cdp: ws://localhost:64646/devtoo..., se:cdpVersion: 148.0.7778.97, setWindowRect: true, strictFileInteractability: false, timeouts: {implicit: 0, pageLoad: 300000, script: 30000}, unhandledPromptBehavior: dismiss and notify, webauthn:extension:credBlob: true, webauthn:extension:largeBlob: true, webauthn:extension:minPinLength: true, webauthn:extension:prf: true, webauthn:virtualAuthenticators: true}
Session ID: 757ffd2966cc8f38f807c6e13b40239e
	at org.junit.Assert.fail(Assert.java:89)
	at naco.StepDefinitionLatest.StepDefinitionCucumber.validate_website(StepDefinitionCucumber.java:102)
	at ✽.User validates website for county "Golden Valley County, MT" with fips "30037"(file:///C:/Users/athir/eclipse-workspace/AthiraiExecution.NACO/src/test/resources/naco/CucumberFeature/Mountain/County_MT.feature:64)

County Website Validation for MT.Validate county Granite County, MT -- Time elapsed: 2.990 s <<< FAILURE!
java.lang.AssertionError: 
FAILED: Navigation error for Granite County, MT | unknown error: net::ERR_NAME_NOT_RESOLVED
  (Session info: chrome=148.0.7778.97)
Build info: version: '4.43.0', revision: 'dd0f534'
System info: os.name: 'Windows 11', os.arch: 'amd64', os.version: '10.0', java.version: '25.0.1'
Driver info: org.openqa.selenium.chrome.ChromeDriver
Command: [1005e92fb38dd94cd9a9ae6b6bc8ae69, get {url=http://www.co.granite.mt.us}]
Capabilities {acceptInsecureCerts: false, browserName: chrome, browserVersion: 148.0.7778.97, chrome: {chromedriverVersion: 148.0.7778.97 (6b3fa66a923a..., userDataDir: C:\Users\athir\AppData\Loca...}, fedcm:accounts: true, goog:chromeOptions: {debuggerAddress: localhost:49729}, goog:processID: 40184, networkConnectionEnabled: false, pageLoadStrategy: normal, platformName: windows, proxy: Proxy(), se:cdp: ws://localhost:49729/devtoo..., se:cdpVersion: 148.0.7778.97, setWindowRect: true, strictFileInteractability: false, timeouts: {implicit: 0, pageLoad: 300000, script: 30000}, unhandledPromptBehavior: dismiss and notify, webauthn:extension:credBlob: true, webauthn:extension:largeBlob: true, webauthn:extension:minPinLength: true, webauthn:extension:prf: true, webauthn:virtualAuthenticators: true}
Session ID: 1005e92fb38dd94cd9a9ae6b6bc8ae69
	at org.junit.Assert.fail(Assert.java:89)
	at naco.StepDefinitionLatest.StepDefinitionCucumber.validate_website(StepDefinitionCucumber.java:102)
	at ✽.User validates website for county "Granite County, MT" with fips "30039"(file:///C:/Users/athir/eclipse-workspace/AthiraiExecution.NACO/src/test/resources/naco/CucumberFeature/Mountain/County_MT.feature:67)

County Website Validation for MT.Validate county Judith Basin County, MT -- Time elapsed: 3.058 s <<< FAILURE!
java.lang.AssertionError: FAILED: Expected 200 but got 403 for Judith Basin County, MT expected:<200> but was:<403>
	at org.junit.Assert.fail(Assert.java:89)
	at org.junit.Assert.failNotEquals(Assert.java:835)
	at org.junit.Assert.assertEquals(Assert.java:647)
	at naco.StepDefinitionLatest.StepDefinitionCucumber.validate_website(StepDefinitionCucumber.java:124)
	at ✽.User validates website for county "Judith Basin County, MT" with fips "30045"(file:///C:/Users/athir/eclipse-workspace/AthiraiExecution.NACO/src/test/resources/naco/CucumberFeature/Mountain/County_MT.feature:76)

County Website Validation for MT.Validate county Liberty County, MT -- Time elapsed: 3.316 s <<< FAILURE!
java.lang.AssertionError: 
FAILED: Navigation error for Liberty County, MT | unknown error: net::ERR_NAME_NOT_RESOLVED
  (Session info: chrome=148.0.7778.97)
Build info: version: '4.43.0', revision: 'dd0f534'
System info: os.name: 'Windows 11', os.arch: 'amd64', os.version: '10.0', java.version: '25.0.1'
Driver info: org.openqa.selenium.chrome.ChromeDriver
Command: [f458d2389c016bacfa819b389e7093bc, get {url=http://co.liberty.mt.us/}]
Capabilities {acceptInsecureCerts: false, browserName: chrome, browserVersion: 148.0.7778.97, chrome: {chromedriverVersion: 148.0.7778.97 (6b3fa66a923a..., userDataDir: C:\Users\athir\AppData\Loca...}, fedcm:accounts: true, goog:chromeOptions: {debuggerAddress: localhost:50057}, goog:processID: 2892, networkConnectionEnabled: false, pageLoadStrategy: normal, platformName: windows, proxy: Proxy(), se:cdp: ws://localhost:50057/devtoo..., se:cdpVersion: 148.0.7778.97, setWindowRect: true, strictFileInteractability: false, timeouts: {implicit: 0, pageLoad: 300000, script: 30000}, unhandledPromptBehavior: dismiss and notify, webauthn:extension:credBlob: true, webauthn:extension:largeBlob: true, webauthn:extension:minPinLength: true, webauthn:extension:prf: true, webauthn:virtualAuthenticators: true}
Session ID: f458d2389c016bacfa819b389e7093bc
	at org.junit.Assert.fail(Assert.java:89)
	at naco.StepDefinitionLatest.StepDefinitionCucumber.validate_website(StepDefinitionCucumber.java:102)
	at ✽.User validates website for county "Liberty County, MT" with fips "30051"(file:///C:/Users/athir/eclipse-workspace/AthiraiExecution.NACO/src/test/resources/naco/CucumberFeature/Mountain/County_MT.feature:85)

County Website Validation for MT.Validate county Meagher County, MT -- Time elapsed: 3.648 s <<< FAILURE!
java.lang.AssertionError: 
FAILED: Navigation error for Meagher County, MT | unknown error: net::ERR_NAME_NOT_RESOLVED
  (Session info: chrome=148.0.7778.97)
Build info: version: '4.43.0', revision: 'dd0f534'
System info: os.name: 'Windows 11', os.arch: 'amd64', os.version: '10.0', java.version: '25.0.1'
Driver info: org.openqa.selenium.chrome.ChromeDriver
Command: [5c65f558e1109088bb20a28ca049af4e, get {url=http://www.meaghercounty.mt.gov/}]
Capabilities {acceptInsecureCerts: false, browserName: chrome, browserVersion: 148.0.7778.97, chrome: {chromedriverVersion: 148.0.7778.97 (6b3fa66a923a..., userDataDir: C:\Users\athir\AppData\Loca...}, fedcm:accounts: true, goog:chromeOptions: {debuggerAddress: localhost:54789}, goog:processID: 36176, networkConnectionEnabled: false, pageLoadStrategy: normal, platformName: windows, proxy: Proxy(), se:cdp: ws://localhost:54789/devtoo..., se:cdpVersion: 148.0.7778.97, setWindowRect: true, strictFileInteractability: false, timeouts: {implicit: 0, pageLoad: 300000, script: 30000}, unhandledPromptBehavior: dismiss and notify, webauthn:extension:credBlob: true, webauthn:extension:largeBlob: true, webauthn:extension:minPinLength: true, webauthn:extension:prf: true, webauthn:virtualAuthenticators: true}
Session ID: 5c65f558e1109088bb20a28ca049af4e
	at org.junit.Assert.fail(Assert.java:89)
	at naco.StepDefinitionLatest.StepDefinitionCucumber.validate_website(StepDefinitionCucumber.java:102)
	at ✽.User validates website for county "Meagher County, MT" with fips "30059"(file:///C:/Users/athir/eclipse-workspace/AthiraiExecution.NACO/src/test/resources/naco/CucumberFeature/Mountain/County_MT.feature:97)

County Website Validation for MT.Validate county Musselshell County, MT -- Time elapsed: 3.223 s <<< FAILURE!
java.lang.AssertionError: FAILED: Expected 200 but got 403 for Musselshell County, MT expected:<200> but was:<403>
	at org.junit.Assert.fail(Assert.java:89)
	at org.junit.Assert.failNotEquals(Assert.java:835)
	at org.junit.Assert.assertEquals(Assert.java:647)
	at naco.StepDefinitionLatest.StepDefinitionCucumber.validate_website(StepDefinitionCucumber.java:124)
	at ✽.User validates website for county "Musselshell County, MT" with fips "30065"(file:///C:/Users/athir/eclipse-workspace/AthiraiExecution.NACO/src/test/resources/naco/CucumberFeature/Mountain/County_MT.feature:106)

County Website Validation for MT.Validate county Phillips County, MT -- Time elapsed: 3.430 s <<< FAILURE!
java.lang.AssertionError: CRITICAL FAILURE: Website URL is NULL or empty for Phillips County, MT
	at naco.StepDefinitionLatest.StepDefinitionCucumber.validate_website(StepDefinitionCucumber.java:88)
	at ✽.User validates website for county "Phillips County, MT" with fips "30071"(file:///C:/Users/athir/eclipse-workspace/AthiraiExecution.NACO/src/test/resources/naco/CucumberFeature/Mountain/County_MT.feature:115)

County Website Validation for MT.Validate county Powell County, MT -- Time elapsed: 5.352 s <<< FAILURE!
java.lang.AssertionError: FAILED: Expected 200 but got 403 for Powell County, MT expected:<200> but was:<403>
	at org.junit.Assert.fail(Assert.java:89)
	at org.junit.Assert.failNotEquals(Assert.java:835)
	at org.junit.Assert.assertEquals(Assert.java:647)
	at naco.StepDefinitionLatest.StepDefinitionCucumber.validate_website(StepDefinitionCucumber.java:124)
	at ✽.User validates website for county "Powell County, MT" with fips "30077"(file:///C:/Users/athir/eclipse-workspace/AthiraiExecution.NACO/src/test/resources/naco/CucumberFeature/Mountain/County_MT.feature:124)

County Website Validation for MT.Validate county Prairie County, MT -- Time elapsed: 4.287 s <<< FAILURE!
java.lang.AssertionError: FAILED: Expected 200 but got 404 for Prairie County, MT expected:<200> but was:<404>
	at org.junit.Assert.fail(Assert.java:89)
	at org.junit.Assert.failNotEquals(Assert.java:835)
	at org.junit.Assert.assertEquals(Assert.java:647)
	at naco.StepDefinitionLatest.StepDefinitionCucumber.validate_website(StepDefinitionCucumber.java:124)
	at ✽.User validates website for county "Prairie County, MT" with fips "30079"(file:///C:/Users/athir/eclipse-workspace/AthiraiExecution.NACO/src/test/resources/naco/CucumberFeature/Mountain/County_MT.feature:127)

County Website Validation for MT.Validate county Roosevelt County, MT -- Time elapsed: 3.045 s <<< FAILURE!
java.lang.AssertionError: 
FAILED: Navigation error for Roosevelt County, MT | unknown error: net::ERR_NAME_NOT_RESOLVED
  (Session info: chrome=148.0.7778.97)
Build info: version: '4.43.0', revision: 'dd0f534'
System info: os.name: 'Windows 11', os.arch: 'amd64', os.version: '10.0', java.version: '25.0.1'
Driver info: org.openqa.selenium.chrome.ChromeDriver
Command: [be517efdfbacfd5760c4eae5030accc7, get {url=http://www.rooseveltcounty.org/}]
Capabilities {acceptInsecureCerts: false, browserName: chrome, browserVersion: 148.0.7778.97, chrome: {chromedriverVersion: 148.0.7778.97 (6b3fa66a923a..., userDataDir: C:\Users\athir\AppData\Loca...}, fedcm:accounts: true, goog:chromeOptions: {debuggerAddress: localhost:54336}, goog:processID: 21520, networkConnectionEnabled: false, pageLoadStrategy: normal, platformName: windows, proxy: Proxy(), se:cdp: ws://localhost:54336/devtoo..., se:cdpVersion: 148.0.7778.97, setWindowRect: true, strictFileInteractability: false, timeouts: {implicit: 0, pageLoad: 300000, script: 30000}, unhandledPromptBehavior: dismiss and notify, webauthn:extension:credBlob: true, webauthn:extension:largeBlob: true, webauthn:extension:minPinLength: true, webauthn:extension:prf: true, webauthn:virtualAuthenticators: true}
Session ID: be517efdfbacfd5760c4eae5030accc7
	at org.junit.Assert.fail(Assert.java:89)
	at naco.StepDefinitionLatest.StepDefinitionCucumber.validate_website(StepDefinitionCucumber.java:102)
	at ✽.User validates website for county "Roosevelt County, MT" with fips "30085"(file:///C:/Users/athir/eclipse-workspace/AthiraiExecution.NACO/src/test/resources/naco/CucumberFeature/Mountain/County_MT.feature:136)

County Website Validation for MT.Validate county Rosebud County, MT -- Time elapsed: 45.02 s <<< FAILURE!
java.lang.AssertionError: 
FAILED: Navigation error for Rosebud County, MT | unknown error: net::ERR_CONNECTION_TIMED_OUT
  (Session info: chrome=148.0.7778.97)
Build info: version: '4.43.0', revision: 'dd0f534'
System info: os.name: 'Windows 11', os.arch: 'amd64', os.version: '10.0', java.version: '25.0.1'
Driver info: org.openqa.selenium.chrome.ChromeDriver
Command: [0c787b5e7f957bba773d611411ee171d, get {url=http://www.rosebudcountymt.com/}]
Capabilities {acceptInsecureCerts: false, browserName: chrome, browserVersion: 148.0.7778.97, chrome: {chromedriverVersion: 148.0.7778.97 (6b3fa66a923a..., userDataDir: C:\Users\athir\AppData\Loca...}, fedcm:accounts: true, goog:chromeOptions: {debuggerAddress: localhost:61252}, goog:processID: 15768, networkConnectionEnabled: false, pageLoadStrategy: normal, platformName: windows, proxy: Proxy(), se:cdp: ws://localhost:61252/devtoo..., se:cdpVersion: 148.0.7778.97, setWindowRect: true, strictFileInteractability: false, timeouts: {implicit: 0, pageLoad: 300000, script: 30000}, unhandledPromptBehavior: dismiss and notify, webauthn:extension:credBlob: true, webauthn:extension:largeBlob: true, webauthn:extension:minPinLength: true, webauthn:extension:prf: true, webauthn:virtualAuthenticators: true}
Session ID: 0c787b5e7f957bba773d611411ee171d
	at org.junit.Assert.fail(Assert.java:89)
	at naco.StepDefinitionLatest.StepDefinitionCucumber.validate_website(StepDefinitionCucumber.java:102)
	at ✽.User validates website for county "Rosebud County, MT" with fips "30087"(file:///C:/Users/athir/eclipse-workspace/AthiraiExecution.NACO/src/test/resources/naco/CucumberFeature/Mountain/County_MT.feature:139)

County Website Validation for MT.Validate county Sheridan County, MT -- Time elapsed: 3.356 s <<< FAILURE!
java.lang.AssertionError: 
FAILED: Navigation error for Sheridan County, MT | unknown error: net::ERR_NAME_NOT_RESOLVED
  (Session info: chrome=148.0.7778.97)
Build info: version: '4.43.0', revision: 'dd0f534'
System info: os.name: 'Windows 11', os.arch: 'amd64', os.version: '10.0', java.version: '25.0.1'
Driver info: org.openqa.selenium.chrome.ChromeDriver
Command: [f559af5e473d883d0a8dc660622f679d, get {url=http://www.co.sheridan.mt.us/}]
Capabilities {acceptInsecureCerts: false, browserName: chrome, browserVersion: 148.0.7778.97, chrome: {chromedriverVersion: 148.0.7778.97 (6b3fa66a923a..., userDataDir: C:\Users\athir\AppData\Loca...}, fedcm:accounts: true, goog:chromeOptions: {debuggerAddress: localhost:64416}, goog:processID: 52548, networkConnectionEnabled: false, pageLoadStrategy: normal, platformName: windows, proxy: Proxy(), se:cdp: ws://localhost:64416/devtoo..., se:cdpVersion: 148.0.7778.97, setWindowRect: true, strictFileInteractability: false, timeouts: {implicit: 0, pageLoad: 300000, script: 30000}, unhandledPromptBehavior: dismiss and notify, webauthn:extension:credBlob: true, webauthn:extension:largeBlob: true, webauthn:extension:minPinLength: true, webauthn:extension:prf: true, webauthn:virtualAuthenticators: true}
Session ID: f559af5e473d883d0a8dc660622f679d
	at org.junit.Assert.fail(Assert.java:89)
	at naco.StepDefinitionLatest.StepDefinitionCucumber.validate_website(StepDefinitionCucumber.java:102)
	at ✽.User validates website for county "Sheridan County, MT" with fips "30091"(file:///C:/Users/athir/eclipse-workspace/AthiraiExecution.NACO/src/test/resources/naco/CucumberFeature/Mountain/County_MT.feature:145)

County Website Validation for MT.Validate county Treasure County, MT -- Time elapsed: 3.043 s <<< FAILURE!
java.lang.AssertionError: CRITICAL FAILURE: Website URL is NULL or empty for Treasure County, MT
	at naco.StepDefinitionLatest.StepDefinitionCucumber.validate_website(StepDefinitionCucumber.java:88)
	at ✽.User validates website for county "Treasure County, MT" with fips "30103"(file:///C:/Users/athir/eclipse-workspace/AthiraiExecution.NACO/src/test/resources/naco/CucumberFeature/Mountain/County_MT.feature:163)

County Website Validation for MT.Validate county Valley County, MT -- Time elapsed: 9.513 s <<< FAILURE!
java.lang.AssertionError: 
FAILED: Navigation error for Valley County, MT | unknown error: net::ERR_NAME_NOT_RESOLVED
  (Session info: chrome=148.0.7778.97)
Build info: version: '4.43.0', revision: 'dd0f534'
System info: os.name: 'Windows 11', os.arch: 'amd64', os.version: '10.0', java.version: '25.0.1'
Driver info: org.openqa.selenium.chrome.ChromeDriver
Command: [8af4f0b78d91f08674b30b70a9a0cde6, get {url=http://www.co.golden-valley.mt.us/}]
Capabilities {acceptInsecureCerts: false, browserName: chrome, browserVersion: 148.0.7778.97, chrome: {chromedriverVersion: 148.0.7778.97 (6b3fa66a923a..., userDataDir: C:\Users\athir\AppData\Loca...}, fedcm:accounts: true, goog:chromeOptions: {debuggerAddress: localhost:62502}, goog:processID: 16840, networkConnectionEnabled: false, pageLoadStrategy: normal, platformName: windows, proxy: Proxy(), se:cdp: ws://localhost:62502/devtoo..., se:cdpVersion: 148.0.7778.97, setWindowRect: true, strictFileInteractability: false, timeouts: {implicit: 0, pageLoad: 300000, script: 30000}, unhandledPromptBehavior: dismiss and notify, webauthn:extension:credBlob: true, webauthn:extension:largeBlob: true, webauthn:extension:minPinLength: true, webauthn:extension:prf: true, webauthn:virtualAuthenticators: true}
Session ID: 8af4f0b78d91f08674b30b70a9a0cde6
	at org.junit.Assert.fail(Assert.java:89)
	at naco.StepDefinitionLatest.StepDefinitionCucumber.validate_website(StepDefinitionCucumber.java:102)
	at ✽.User validates website for county "Valley County, MT" with fips "30037"(file:///C:/Users/athir/eclipse-workspace/AthiraiExecution.NACO/src/test/resources/naco/CucumberFeature/Mountain/County_MT.feature:166)

County Website Validation for MT.Validate county Wheatland County, MT -- Time elapsed: 3.242 s <<< FAILURE!
java.lang.AssertionError: CRITICAL FAILURE: Website URL is NULL or empty for Wheatland County, MT
	at naco.StepDefinitionLatest.StepDefinitionCucumber.validate_website(StepDefinitionCucumber.java:88)
	at ✽.User validates website for county "Wheatland County, MT" with fips "30107"(file:///C:/Users/athir/eclipse-workspace/AthiraiExecution.NACO/src/test/resources/naco/CucumberFeature/Mountain/County_MT.feature:169)

County Website Validation for MT.Validate county Wibaux County, MT -- Time elapsed: 3.143 s <<< FAILURE!
java.lang.AssertionError: CRITICAL FAILURE: Website URL is NULL or empty for Wibaux County, MT
	at naco.StepDefinitionLatest.StepDefinitionCucumber.validate_website(StepDefinitionCucumber.java:88)
	at ✽.User validates website for county "Wibaux County, MT" with fips "30109"(file:///C:/Users/athir/eclipse-workspace/AthiraiExecution.NACO/src/test/resources/naco/CucumberFeature/Mountain/County_MT.feature:172)

County Website Validation for MT.Validate county Yellowstone County, MT -- Time elapsed: 3.739 s <<< FAILURE!
java.lang.AssertionError: 
FAILED: Navigation error for Yellowstone County, MT | unknown error: net::ERR_NAME_NOT_RESOLVED
  (Session info: chrome=148.0.7778.97)
Build info: version: '4.43.0', revision: 'dd0f534'
System info: os.name: 'Windows 11', os.arch: 'amd64', os.version: '10.0', java.version: '25.0.1'
Driver info: org.openqa.selenium.chrome.ChromeDriver
Command: [0f71bc27d9abca968a3c5ae53828d589, get {url=http://www.Co.Yellowstone.Mt.Gov}]
Capabilities {acceptInsecureCerts: false, browserName: chrome, browserVersion: 148.0.7778.97, chrome: {chromedriverVersion: 148.0.7778.97 (6b3fa66a923a..., userDataDir: C:\Users\athir\AppData\Loca...}, fedcm:accounts: true, goog:chromeOptions: {debuggerAddress: localhost:54227}, goog:processID: 37120, networkConnectionEnabled: false, pageLoadStrategy: normal, platformName: windows, proxy: Proxy(), se:cdp: ws://localhost:54227/devtoo..., se:cdpVersion: 148.0.7778.97, setWindowRect: true, strictFileInteractability: false, timeouts: {implicit: 0, pageLoad: 300000, script: 30000}, unhandledPromptBehavior: dismiss and notify, webauthn:extension:credBlob: true, webauthn:extension:largeBlob: true, webauthn:extension:minPinLength: true, webauthn:extension:prf: true, webauthn:virtualAuthenticators: true}
Session ID: 0f71bc27d9abca968a3c5ae53828d589
	at org.junit.Assert.fail(Assert.java:89)
	at naco.StepDefinitionLatest.StepDefinitionCucumber.validate_website(StepDefinitionCucumber.java:102)
	at ✽.User validates website for county "Yellowstone County, MT" with fips "30111"(file:///C:/Users/athir/eclipse-workspace/AthiraiExecution.NACO/src/test/resources/naco/CucumberFeature/Mountain/County_MT.feature:175)

County Website Validation for NM.Validate county De Baca County, NM -- Time elapsed: 3.622 s <<< FAILURE!
java.lang.AssertionError: CRITICAL FAILURE: Website URL is NULL or empty for De Baca County, NM
	at naco.StepDefinitionLatest.StepDefinitionCucumber.validate_website(StepDefinitionCucumber.java:88)
	at ✽.User validates website for county "De Baca County, NM" with fips "35011"(file:///C:/Users/athir/eclipse-workspace/AthiraiExecution.NACO/src/test/resources/naco/CucumberFeature/Mountain/County_NM.feature:28)

County Website Validation for NM.Validate county Guadalupe County, NM -- Time elapsed: 5.466 s <<< FAILURE!
java.lang.AssertionError: FAILED: Expected 200 but got 403 for Guadalupe County, NM expected:<200> but was:<403>
	at org.junit.Assert.fail(Assert.java:89)
	at org.junit.Assert.failNotEquals(Assert.java:835)
	at org.junit.Assert.assertEquals(Assert.java:647)
	at naco.StepDefinitionLatest.StepDefinitionCucumber.validate_website(StepDefinitionCucumber.java:124)
	at ✽.User validates website for county "Guadalupe County, NM" with fips "35019"(file:///C:/Users/athir/eclipse-workspace/AthiraiExecution.NACO/src/test/resources/naco/CucumberFeature/Mountain/County_NM.feature:40)

County Website Validation for NM.Validate county Mora County, NM -- Time elapsed: 5.922 s <<< FAILURE!
java.lang.AssertionError: FAILED: Expected 200 but got 403 for Mora County, NM expected:<200> but was:<403>
	at org.junit.Assert.fail(Assert.java:89)
	at org.junit.Assert.failNotEquals(Assert.java:835)
	at org.junit.Assert.assertEquals(Assert.java:647)
	at naco.StepDefinitionLatest.StepDefinitionCucumber.validate_website(StepDefinitionCucumber.java:124)
	at ✽.User validates website for county "Mora County, NM" with fips "35033"(file:///C:/Users/athir/eclipse-workspace/AthiraiExecution.NACO/src/test/resources/naco/CucumberFeature/Mountain/County_NM.feature:64)

County Website Validation for NM.Validate county San Miguel County, NM -- Time elapsed: 2.901 s <<< FAILURE!
java.lang.AssertionError: 
FAILED: Navigation error for San Miguel County, NM | unknown error: net::ERR_NAME_NOT_RESOLVED
  (Session info: chrome=148.0.7778.97)
Build info: version: '4.43.0', revision: 'dd0f534'
System info: os.name: 'Windows 11', os.arch: 'amd64', os.version: '10.0', java.version: '25.0.1'
Driver info: org.openqa.selenium.chrome.ChromeDriver
Command: [b6c91e9e423c6089ee75583212a550e2, get {url=http://www.smcounty.net}]
Capabilities {acceptInsecureCerts: false, browserName: chrome, browserVersion: 148.0.7778.97, chrome: {chromedriverVersion: 148.0.7778.97 (6b3fa66a923a..., userDataDir: C:\Users\athir\AppData\Loca...}, fedcm:accounts: true, goog:chromeOptions: {debuggerAddress: localhost:64532}, goog:processID: 25440, networkConnectionEnabled: false, pageLoadStrategy: normal, platformName: windows, proxy: Proxy(), se:cdp: ws://localhost:64532/devtoo..., se:cdpVersion: 148.0.7778.97, setWindowRect: true, strictFileInteractability: false, timeouts: {implicit: 0, pageLoad: 300000, script: 30000}, unhandledPromptBehavior: dismiss and notify, webauthn:extension:credBlob: true, webauthn:extension:largeBlob: true, webauthn:extension:minPinLength: true, webauthn:extension:prf: true, webauthn:virtualAuthenticators: true}
Session ID: b6c91e9e423c6089ee75583212a550e2
	at org.junit.Assert.fail(Assert.java:89)
	at naco.StepDefinitionLatest.StepDefinitionCucumber.validate_website(StepDefinitionCucumber.java:102)
	at ✽.User validates website for county "San Miguel County, NM" with fips "35047"(file:///C:/Users/athir/eclipse-workspace/AthiraiExecution.NACO/src/test/resources/naco/CucumberFeature/Mountain/County_NM.feature:85)

County Website Validation for NV.Validate county Eureka County, NV -- Time elapsed: 7.092 s <<< FAILURE!
java.lang.AssertionError: FAILED: RestAssured could not connect to http://www.co.eureka.nv.us | Certificate for <www.co.eureka.nv.us> doesn't match any of the subject alternative names: [*.console.gbis.com, *.gamehosting.com, *.gamehosting.net, *.gbis.biz, *.gbis.com, *.gbis.info, *.gbis.mobi, *.gbis.org, *.greatbasin.com, *.mudhome.com, *.nevadabroadband.com, *.nevadabroadband.net, *.renobroadband.com, *.renobroadband.net, gamehosting.com, gamehosting.net, gbis.biz, gbis.com, gbis.info, gbis.mobi, gbis.org, greatbasin.com, mudhome.com, nevadabroadband.com, nevadabroadband.net, renobroadband.com, renobroadband.net]
	at org.junit.Assert.fail(Assert.java:89)
	at naco.StepDefinitionLatest.StepDefinitionCucumber.validate_website(StepDefinitionCucumber.java:115)
	at ✽.User validates website for county "Eureka County, NV" with fips "32011"(file:///C:/Users/athir/eclipse-workspace/AthiraiExecution.NACO/src/test/resources/naco/CucumberFeature/Mountain/County_NV.feature:25)

County Website Validation for NV.Validate county Pershing County, NV -- Time elapsed: 8.055 s <<< FAILURE!
java.lang.AssertionError: FAILED: RestAssured could not connect to http://www.pershingcounty.net | Certificate for <www.pershingcounty.net> doesn't match any of the subject alternative names: [rzweb2.revize.com]
	at org.junit.Assert.fail(Assert.java:89)
	at naco.StepDefinitionLatest.StepDefinitionCucumber.validate_website(StepDefinitionCucumber.java:115)
	at ✽.User validates website for county "Pershing County, NV" with fips "32027"(file:///C:/Users/athir/eclipse-workspace/AthiraiExecution.NACO/src/test/resources/naco/CucumberFeature/Mountain/County_NV.feature:46)

County Website Validation for NV.Validate county Carson City, NV -- Time elapsed: 3.125 s <<< FAILURE!
java.lang.AssertionError: 
FAILED: Navigation error for Carson City, NV | unknown error: net::ERR_NAME_NOT_RESOLVED
  (Session info: chrome=148.0.7778.97)
Build info: version: '4.43.0', revision: 'dd0f534'
System info: os.name: 'Windows 11', os.arch: 'amd64', os.version: '10.0', java.version: '25.0.1'
Driver info: org.openqa.selenium.chrome.ChromeDriver
Command: [a6c205f4637cd1e83edc9ad5ffe3480b, get {url=http://www.carson.org/}]
Capabilities {acceptInsecureCerts: false, browserName: chrome, browserVersion: 148.0.7778.97, chrome: {chromedriverVersion: 148.0.7778.97 (6b3fa66a923a..., userDataDir: C:\Users\athir\AppData\Loca...}, fedcm:accounts: true, goog:chromeOptions: {debuggerAddress: localhost:60828}, goog:processID: 20932, networkConnectionEnabled: false, pageLoadStrategy: normal, platformName: windows, proxy: Proxy(), se:cdp: ws://localhost:60828/devtoo..., se:cdpVersion: 148.0.7778.97, setWindowRect: true, strictFileInteractability: false, timeouts: {implicit: 0, pageLoad: 300000, script: 30000}, unhandledPromptBehavior: dismiss and notify, webauthn:extension:credBlob: true, webauthn:extension:largeBlob: true, webauthn:extension:minPinLength: true, webauthn:extension:prf: true, webauthn:virtualAuthenticators: true}
Session ID: a6c205f4637cd1e83edc9ad5ffe3480b
	at org.junit.Assert.fail(Assert.java:89)
	at naco.StepDefinitionLatest.StepDefinitionCucumber.validate_website(StepDefinitionCucumber.java:102)
	at ✽.User validates website for county "Carson City, NV" with fips "32510"(file:///C:/Users/athir/eclipse-workspace/AthiraiExecution.NACO/src/test/resources/naco/CucumberFeature/Mountain/County_NV.feature:58)

County Website Validation for UT.Validate county Box Elder County, UT -- Time elapsed: 3.113 s <<< FAILURE!
java.lang.AssertionError: FAILED: Expected 200 but got 404 for Box Elder County, UT expected:<200> but was:<404>
	at org.junit.Assert.fail(Assert.java:89)
	at org.junit.Assert.failNotEquals(Assert.java:835)
	at org.junit.Assert.assertEquals(Assert.java:647)
	at naco.StepDefinitionLatest.StepDefinitionCucumber.validate_website(StepDefinitionCucumber.java:124)
	at ✽.User validates website for county "Box Elder County, UT" with fips "49003"(file:///C:/Users/athir/eclipse-workspace/AthiraiExecution.NACO/src/test/resources/naco/CucumberFeature/Mountain/County_UT.feature:13)

County Website Validation for UT.Validate county Juab County, UT -- Time elapsed: 46.29 s <<< FAILURE!
java.lang.AssertionError: 
FAILED: Navigation error for Juab County, UT | unknown error: net::ERR_CONNECTION_TIMED_OUT
  (Session info: chrome=148.0.7778.97)
Build info: version: '4.43.0', revision: 'dd0f534'
System info: os.name: 'Windows 11', os.arch: 'amd64', os.version: '10.0', java.version: '25.0.1'
Driver info: org.openqa.selenium.chrome.ChromeDriver
Command: [7be7217bbd20c5b621a1e553c8695177, get {url=http://www.co.juab.ut.us}]
Capabilities {acceptInsecureCerts: false, browserName: chrome, browserVersion: 148.0.7778.97, chrome: {chromedriverVersion: 148.0.7778.97 (6b3fa66a923a..., userDataDir: C:\Users\athir\AppData\Loca...}, fedcm:accounts: true, goog:chromeOptions: {debuggerAddress: localhost:54285}, goog:processID: 31204, networkConnectionEnabled: false, pageLoadStrategy: normal, platformName: windows, proxy: Proxy(), se:cdp: ws://localhost:54285/devtoo..., se:cdpVersion: 148.0.7778.97, setWindowRect: true, strictFileInteractability: false, timeouts: {implicit: 0, pageLoad: 300000, script: 30000}, unhandledPromptBehavior: dismiss and notify, webauthn:extension:credBlob: true, webauthn:extension:largeBlob: true, webauthn:extension:minPinLength: true, webauthn:extension:prf: true, webauthn:virtualAuthenticators: true}
Session ID: 7be7217bbd20c5b621a1e553c8695177
	at org.junit.Assert.fail(Assert.java:89)
	at naco.StepDefinitionLatest.StepDefinitionCucumber.validate_website(StepDefinitionCucumber.java:102)
	at ✽.User validates website for county "Juab County, UT" with fips "49023"(file:///C:/Users/athir/eclipse-workspace/AthiraiExecution.NACO/src/test/resources/naco/CucumberFeature/Mountain/County_UT.feature:43)

County Website Validation for UT.Validate county Millard County, UT -- Time elapsed: 24.20 s <<< FAILURE!
java.lang.AssertionError: 
FAILED: Navigation error for Millard County, UT | unknown error: net::ERR_CONNECTION_TIMED_OUT
  (Session info: chrome=148.0.7778.97)
Build info: version: '4.43.0', revision: 'dd0f534'
System info: os.name: 'Windows 11', os.arch: 'amd64', os.version: '10.0', java.version: '25.0.1'
Driver info: org.openqa.selenium.chrome.ChromeDriver
Command: [bba653c7515b84d4f4e37a1c5d592599, get {url=https://www.millardcounty.org/}]
Capabilities {acceptInsecureCerts: false, browserName: chrome, browserVersion: 148.0.7778.97, chrome: {chromedriverVersion: 148.0.7778.97 (6b3fa66a923a..., userDataDir: C:\Users\athir\AppData\Loca...}, fedcm:accounts: true, goog:chromeOptions: {debuggerAddress: localhost:62887}, goog:processID: 56452, networkConnectionEnabled: false, pageLoadStrategy: normal, platformName: windows, proxy: Proxy(), se:cdp: ws://localhost:62887/devtoo..., se:cdpVersion: 148.0.7778.97, setWindowRect: true, strictFileInteractability: false, timeouts: {implicit: 0, pageLoad: 300000, script: 30000}, unhandledPromptBehavior: dismiss and notify, webauthn:extension:credBlob: true, webauthn:extension:largeBlob: true, webauthn:extension:minPinLength: true, webauthn:extension:prf: true, webauthn:virtualAuthenticators: true}
Session ID: bba653c7515b84d4f4e37a1c5d592599
	at org.junit.Assert.fail(Assert.java:89)
	at naco.StepDefinitionLatest.StepDefinitionCucumber.validate_website(StepDefinitionCucumber.java:102)
	at ✽.User validates website for county "Millard County, UT" with fips "49027"(file:///C:/Users/athir/eclipse-workspace/AthiraiExecution.NACO/src/test/resources/naco/CucumberFeature/Mountain/County_UT.feature:49)

County Website Validation for UT.Validate county Salt Lake County, UT -- Time elapsed: 2.849 s <<< FAILURE!
java.lang.AssertionError: 
FAILED: Navigation error for Salt Lake County, UT | unknown error: net::ERR_NAME_NOT_RESOLVED
  (Session info: chrome=148.0.7778.97)
Build info: version: '4.43.0', revision: 'dd0f534'
System info: os.name: 'Windows 11', os.arch: 'amd64', os.version: '10.0', java.version: '25.0.1'
Driver info: org.openqa.selenium.chrome.ChromeDriver
Command: [5cd1a6ee0d513bac7e116250bf37502b, get {url=http://www.co.slc.ut.us/}]
Capabilities {acceptInsecureCerts: false, browserName: chrome, browserVersion: 148.0.7778.97, chrome: {chromedriverVersion: 148.0.7778.97 (6b3fa66a923a..., userDataDir: C:\Users\athir\AppData\Loca...}, fedcm:accounts: true, goog:chromeOptions: {debuggerAddress: localhost:60657}, goog:processID: 40304, networkConnectionEnabled: false, pageLoadStrategy: normal, platformName: windows, proxy: Proxy(), se:cdp: ws://localhost:60657/devtoo..., se:cdpVersion: 148.0.7778.97, setWindowRect: true, strictFileInteractability: false, timeouts: {implicit: 0, pageLoad: 300000, script: 30000}, unhandledPromptBehavior: dismiss and notify, webauthn:extension:credBlob: true, webauthn:extension:largeBlob: true, webauthn:extension:minPinLength: true, webauthn:extension:prf: true, webauthn:virtualAuthenticators: true}
Session ID: 5cd1a6ee0d513bac7e116250bf37502b
	at org.junit.Assert.fail(Assert.java:89)
	at naco.StepDefinitionLatest.StepDefinitionCucumber.validate_website(StepDefinitionCucumber.java:102)
	at ✽.User validates website for county "Salt Lake County, UT" with fips "49035"(file:///C:/Users/athir/eclipse-workspace/AthiraiExecution.NACO/src/test/resources/naco/CucumberFeature/Mountain/County_UT.feature:61)

County Website Validation for UT.Validate county Sevier County, UT -- Time elapsed: 3.369 s <<< FAILURE!
java.lang.AssertionError: FAILED: Expected 200 but got 403 for Sevier County, UT expected:<200> but was:<403>
	at org.junit.Assert.fail(Assert.java:89)
	at org.junit.Assert.failNotEquals(Assert.java:835)
	at org.junit.Assert.assertEquals(Assert.java:647)
	at naco.StepDefinitionLatest.StepDefinitionCucumber.validate_website(StepDefinitionCucumber.java:124)
	at ✽.User validates website for county "Sevier County, UT" with fips "49041"(file:///C:/Users/athir/eclipse-workspace/AthiraiExecution.NACO/src/test/resources/naco/CucumberFeature/Mountain/County_UT.feature:70)

County Website Validation for UT.Validate county Utah County, UT -- Time elapsed: 3.279 s <<< FAILURE!
java.lang.AssertionError: 
FAILED: Navigation error for Utah County, UT | unknown error: net::ERR_NAME_NOT_RESOLVED
  (Session info: chrome=148.0.7778.97)
Build info: version: '4.43.0', revision: 'dd0f534'
System info: os.name: 'Windows 11', os.arch: 'amd64', os.version: '10.0', java.version: '25.0.1'
Driver info: org.openqa.selenium.chrome.ChromeDriver
Command: [53509448279ad8005a47d6aa43e4cb84, get {url=http://www.co.utah.ut.us/}]
Capabilities {acceptInsecureCerts: false, browserName: chrome, browserVersion: 148.0.7778.97, chrome: {chromedriverVersion: 148.0.7778.97 (6b3fa66a923a..., userDataDir: C:\Users\athir\AppData\Loca...}, fedcm:accounts: true, goog:chromeOptions: {debuggerAddress: localhost:65286}, goog:processID: 32292, networkConnectionEnabled: false, pageLoadStrategy: normal, platformName: windows, proxy: Proxy(), se:cdp: ws://localhost:65286/devtoo..., se:cdpVersion: 148.0.7778.97, setWindowRect: true, strictFileInteractability: false, timeouts: {implicit: 0, pageLoad: 300000, script: 30000}, unhandledPromptBehavior: dismiss and notify, webauthn:extension:credBlob: true, webauthn:extension:largeBlob: true, webauthn:extension:minPinLength: true, webauthn:extension:prf: true, webauthn:virtualAuthenticators: true}
Session ID: 53509448279ad8005a47d6aa43e4cb84
	at org.junit.Assert.fail(Assert.java:89)
	at naco.StepDefinitionLatest.StepDefinitionCucumber.validate_website(StepDefinitionCucumber.java:102)
	at ✽.User validates website for county "Utah County, UT" with fips "49049"(file:///C:/Users/athir/eclipse-workspace/AthiraiExecution.NACO/src/test/resources/naco/CucumberFeature/Mountain/County_UT.feature:82)

County Website Validation for UT.Validate county Wayne County, UT -- Time elapsed: 6.578 s <<< FAILURE!
java.lang.AssertionError: FAILED: RestAssured could not connect to http://www.waynecountyutah.org/ | Certificate for <www.waynecountyutah.org> doesn't match any of the subject alternative names: [*.netlify.app, netlify.app]
	at org.junit.Assert.fail(Assert.java:89)
	at naco.StepDefinitionLatest.StepDefinitionCucumber.validate_website(StepDefinitionCucumber.java:115)
	at ✽.User validates website for county "Wayne County, UT" with fips "49055"(file:///C:/Users/athir/eclipse-workspace/AthiraiExecution.NACO/src/test/resources/naco/CucumberFeature/Mountain/County_UT.feature:91)

County Website Validation for WY.Validate county Johnson County, WY -- Time elapsed: 7.081 s <<< FAILURE!
java.lang.AssertionError: FAILED: Expected 200 but got 403 for Johnson County, WY expected:<200> but was:<403>
	at org.junit.Assert.fail(Assert.java:89)
	at org.junit.Assert.failNotEquals(Assert.java:835)
	at org.junit.Assert.assertEquals(Assert.java:647)
	at naco.StepDefinitionLatest.StepDefinitionCucumber.validate_website(StepDefinitionCucumber.java:124)
	at ✽.User validates website for county "Johnson County, WY" with fips "56019"(file:///C:/Users/athir/eclipse-workspace/AthiraiExecution.NACO/src/test/resources/naco/CucumberFeature/Mountain/County_WY.feature:37)

County Website Validation for WY.Validate county Laramie County, WY -- Time elapsed: 46.18 s <<< FAILURE!
java.lang.AssertionError: 
FAILED: Navigation error for Laramie County, WY | unknown error: net::ERR_CONNECTION_TIMED_OUT
  (Session info: chrome=148.0.7778.97)
Build info: version: '4.43.0', revision: 'dd0f534'
System info: os.name: 'Windows 11', os.arch: 'amd64', os.version: '10.0', java.version: '25.0.1'
Driver info: org.openqa.selenium.chrome.ChromeDriver
Command: [f6ee08056bbc2b76c30091e7905b3ea9, get {url=http://www.laramiecounty.com}]
Capabilities {acceptInsecureCerts: false, browserName: chrome, browserVersion: 148.0.7778.97, chrome: {chromedriverVersion: 148.0.7778.97 (6b3fa66a923a..., userDataDir: C:\Users\athir\AppData\Loca...}, fedcm:accounts: true, goog:chromeOptions: {debuggerAddress: localhost:54307}, goog:processID: 36932, networkConnectionEnabled: false, pageLoadStrategy: normal, platformName: windows, proxy: Proxy(), se:cdp: ws://localhost:54307/devtoo..., se:cdpVersion: 148.0.7778.97, setWindowRect: true, strictFileInteractability: false, timeouts: {implicit: 0, pageLoad: 300000, script: 30000}, unhandledPromptBehavior: dismiss and notify, webauthn:extension:credBlob: true, webauthn:extension:largeBlob: true, webauthn:extension:minPinLength: true, webauthn:extension:prf: true, webauthn:virtualAuthenticators: true}
Session ID: f6ee08056bbc2b76c30091e7905b3ea9
	at org.junit.Assert.fail(Assert.java:89)
	at naco.StepDefinitionLatest.StepDefinitionCucumber.validate_website(StepDefinitionCucumber.java:102)
	at ✽.User validates website for county "Laramie County, WY" with fips "56021"(file:///C:/Users/athir/eclipse-workspace/AthiraiExecution.NACO/src/test/resources/naco/CucumberFeature/Mountain/County_WY.feature:40)

County Website Validation for WY.Validate county Natrona County, WY -- Time elapsed: 4.141 s <<< FAILURE!
java.lang.AssertionError: FAILED: Expected 200 but got 404 for Natrona County, WY expected:<200> but was:<404>
	at org.junit.Assert.fail(Assert.java:89)
	at org.junit.Assert.failNotEquals(Assert.java:835)
	at org.junit.Assert.assertEquals(Assert.java:647)
	at naco.StepDefinitionLatest.StepDefinitionCucumber.validate_website(StepDefinitionCucumber.java:124)
	at ✽.User validates website for county "Natrona County, WY" with fips "56025"(file:///C:/Users/athir/eclipse-workspace/AthiraiExecution.NACO/src/test/resources/naco/CucumberFeature/Mountain/County_WY.feature:46)

County Website Validation for WY.Validate county Sweetwater County, WY -- Time elapsed: 46.13 s <<< FAILURE!
java.lang.AssertionError: 
FAILED: Navigation error for Sweetwater County, WY | unknown error: net::ERR_NAME_NOT_RESOLVED
  (Session info: chrome=148.0.7778.97)
Build info: version: '4.43.0', revision: 'dd0f534'
System info: os.name: 'Windows 11', os.arch: 'amd64', os.version: '10.0', java.version: '25.0.1'
Driver info: org.openqa.selenium.chrome.ChromeDriver
Command: [baad2533aee4a029f8f0bcf7111877e2, get {url=https://www.sweet.wy.us/}]
Capabilities {acceptInsecureCerts: false, browserName: chrome, browserVersion: 148.0.7778.97, chrome: {chromedriverVersion: 148.0.7778.97 (6b3fa66a923a..., userDataDir: C:\Users\athir\AppData\Loca...}, fedcm:accounts: true, goog:chromeOptions: {debuggerAddress: localhost:61152}, goog:processID: 20532, networkConnectionEnabled: false, pageLoadStrategy: normal, platformName: windows, proxy: Proxy(), se:cdp: ws://localhost:61152/devtoo..., se:cdpVersion: 148.0.7778.97, setWindowRect: true, strictFileInteractability: false, timeouts: {implicit: 0, pageLoad: 300000, script: 30000}, unhandledPromptBehavior: dismiss and notify, webauthn:extension:credBlob: true, webauthn:extension:largeBlob: true, webauthn:extension:minPinLength: true, webauthn:extension:prf: true, webauthn:virtualAuthenticators: true}
Session ID: baad2533aee4a029f8f0bcf7111877e2
	at org.junit.Assert.fail(Assert.java:89)
	at naco.StepDefinitionLatest.StepDefinitionCucumber.validate_website(StepDefinitionCucumber.java:102)
	at ✽.User validates website for county "Sweetwater County, WY" with fips "56037"(file:///C:/Users/athir/eclipse-workspace/AthiraiExecution.NACO/src/test/resources/naco/CucumberFeature/Mountain/County_WY.feature:64)

