<?xml version="1.0" encoding="UTF-8"?>
<testng-results retried="1" ignored="0" total="63" passed="43" failed="19" skipped="0">
  <reporter-output>
  </reporter-output>
  <suite started-at="2026-03-06T13:56:36 CST" name="Default suite" finished-at="2026-03-06T15:02:39 CST" duration-ms="3962840">
    <groups>
    </groups>
    <test started-at="2026-03-06T13:56:36 CST" name="Default test" finished-at="2026-03-06T15:02:39 CST" duration-ms="3962840">
      <class name="naco.testcases.TC1_ValidateCountyNos">
        <test-method is-config="true" signature="launchapplication()[pri:0, instance:naco.testcases.TC1_ValidateCountyNos@2b175c00]" started-at="2026-03-06T13:56:36 CST" name="launchapplication" finished-at="2026-03-06T13:56:41 CST" duration-ms="5184" status="PASS">
          <reporter-output>
          </reporter-output>
        </test-method> <!-- launchapplication -->
        <test-method signature="findcounty()[pri:0, instance:naco.testcases.TC1_ValidateCountyNos@2b175c00]" started-at="2026-03-06T13:56:42 CST" name="findcounty" finished-at="2026-03-06T13:56:47 CST" duration-ms="5550" status="PASS">
          <reporter-output>
          </reporter-output>
        </test-method> <!-- findcounty -->
        <test-method signature="StateCountyValidate(java.util.HashMap)[pri:0, instance:naco.testcases.TC1_ValidateCountyNos@2b175c00]" started-at="2026-03-06T13:56:47 CST" name="StateCountyValidate" data-provider="jsondata" finished-at="2026-03-06T13:56:48 CST" depends-on-methods="naco.testcases.TC1_ValidateCountyNos.findcounty" duration-ms="881" status="PASS">
          <params>
            <param index="0">
              <value>
                <![CDATA[{state=CA, statename=CALIFORNIA}]]>
              </value>
            </param>
          </params>
          <reporter-output>
          </reporter-output>
        </test-method> <!-- StateCountyValidate -->
        <test-method signature="StateCountyValidate(java.util.HashMap)[pri:0, instance:naco.testcases.TC1_ValidateCountyNos@2b175c00]" started-at="2026-03-06T13:56:48 CST" name="StateCountyValidate" data-provider="jsondata" finished-at="2026-03-06T13:56:49 CST" depends-on-methods="naco.testcases.TC1_ValidateCountyNos.findcounty" duration-ms="838" status="PASS">
          <params>
            <param index="0">
              <value>
                <![CDATA[{state=HI, statename=Hawaii}]]>
              </value>
            </param>
          </params>
          <reporter-output>
          </reporter-output>
        </test-method> <!-- StateCountyValidate -->
        <test-method signature="StateCountyValidate(java.util.HashMap)[pri:0, instance:naco.testcases.TC1_ValidateCountyNos@2b175c00]" started-at="2026-03-06T13:56:49 CST" name="StateCountyValidate" data-provider="jsondata" finished-at="2026-03-06T13:56:50 CST" depends-on-methods="naco.testcases.TC1_ValidateCountyNos.findcounty" duration-ms="832" status="PASS">
          <params>
            <param index="0">
              <value>
                <![CDATA[{state=NY, statename=NewYork}]]>
              </value>
            </param>
          </params>
          <reporter-output>
          </reporter-output>
        </test-method> <!-- StateCountyValidate -->
        <test-method signature="StateCountyValidate(java.util.HashMap)[pri:0, instance:naco.testcases.TC1_ValidateCountyNos@2b175c00]" started-at="2026-03-06T13:56:50 CST" name="StateCountyValidate" data-provider="jsondata" finished-at="2026-03-06T13:56:51 CST" depends-on-methods="naco.testcases.TC1_ValidateCountyNos.findcounty" duration-ms="808" status="PASS">
          <params>
            <param index="0">
              <value>
                <![CDATA[{state=AL, statename=Albama}]]>
              </value>
            </param>
          </params>
          <reporter-output>
          </reporter-output>
        </test-method> <!-- StateCountyValidate -->
        <test-method signature="StateCountyValidate(java.util.HashMap)[pri:0, instance:naco.testcases.TC1_ValidateCountyNos@2b175c00]" started-at="2026-03-06T13:56:51 CST" name="StateCountyValidate" data-provider="jsondata" finished-at="2026-03-06T13:56:51 CST" depends-on-methods="naco.testcases.TC1_ValidateCountyNos.findcounty" duration-ms="801" status="PASS">
          <params>
            <param index="0">
              <value>
                <![CDATA[{state=AZ, statename=Arizona}]]>
              </value>
            </param>
          </params>
          <reporter-output>
          </reporter-output>
        </test-method> <!-- StateCountyValidate -->
        <test-method retried="true" signature="StateCountyValidate(java.util.HashMap)[pri:0, instance:naco.testcases.TC1_ValidateCountyNos@2b175c00]" started-at="2026-03-06T13:56:51 CST" name="StateCountyValidate" data-provider="jsondata" finished-at="2026-03-06T13:57:12 CST" depends-on-methods="naco.testcases.TC1_ValidateCountyNos.findcounty" duration-ms="20403" status="SKIP">
          <params>
            <param index="0">
              <value>
                <![CDATA[{state=MORALSUBJECT, statename=Montana}]]>
              </value>
            </param>
          </params>
          <exception class="java.lang.AssertionError">
            <message>
              <![CDATA[County count returned 0 for state: MORALSUBJECT]]>
            </message>
            <full-stacktrace>
              <![CDATA[java.lang.AssertionError: County count returned 0 for state: MORALSUBJECT
at org.testng.Assert.fail(Assert.java:111)
at naco.testcases.TC1_ValidateCountyNos.StateCountyValidate(TC1_ValidateCountyNos.java:52)
at java.base/jdk.internal.reflect.DirectMethodHandleAccessor.invoke(DirectMethodHandleAccessor.java:104)
at java.base/java.lang.reflect.Method.invoke(Method.java:565)
at org.testng.internal.invokers.MethodInvocationHelper.invokeMethod(MethodInvocationHelper.java:141)
at org.testng.internal.invokers.TestInvoker.invokeMethod(TestInvoker.java:697)
at org.testng.internal.invokers.TestInvoker.invokeTestMethod(TestInvoker.java:230)
at org.testng.internal.invokers.MethodRunner.runInSequence(MethodRunner.java:63)
at org.testng.internal.invokers.TestInvoker$MethodInvocationAgent.invoke(TestInvoker.java:1005)
at org.testng.internal.invokers.TestInvoker.invokeTestMethods(TestInvoker.java:203)
at org.testng.internal.invokers.TestMethodWorker.invokeTestMethods(TestMethodWorker.java:154)
at org.testng.internal.invokers.TestMethodWorker.run(TestMethodWorker.java:134)
at java.base/java.util.ArrayList.forEach(ArrayList.java:1604)
at org.testng.TestRunner.privateRun(TestRunner.java:744)
at org.testng.TestRunner.run(TestRunner.java:616)
at org.testng.SuiteRunner.runTest(SuiteRunner.java:421)
at org.testng.SuiteRunner.runSequentially(SuiteRunner.java:413)
at org.testng.SuiteRunner.privateRun(SuiteRunner.java:373)
at org.testng.SuiteRunner.run(SuiteRunner.java:312)
at org.testng.SuiteRunnerWorker.runSuite(SuiteRunnerWorker.java:52)
at org.testng.SuiteRunnerWorker.run(SuiteRunnerWorker.java:95)
at org.testng.TestNG.runSuitesSequentially(TestNG.java:1274)
at org.testng.TestNG.runSuitesLocally(TestNG.java:1208)
at org.testng.TestNG.runSuites(TestNG.java:1112)
at org.testng.TestNG.run(TestNG.java:1079)
at org.testng.remote.AbstractRemoteTestNG.run(AbstractRemoteTestNG.java:115)
at org.testng.remote.RemoteTestNG.initAndRun(RemoteTestNG.java:293)
at org.testng.remote.RemoteTestNG.main(RemoteTestNG.java:91)
]]>
            </full-stacktrace>
          </exception> <!-- java.lang.AssertionError -->
          <reporter-output>
          </reporter-output>
        </test-method> <!-- StateCountyValidate -->
        <test-method signature="StateCountyValidate(java.util.HashMap)[pri:0, instance:naco.testcases.TC1_ValidateCountyNos@2b175c00]" started-at="2026-03-06T13:57:12 CST" name="StateCountyValidate" data-provider="jsondata" finished-at="2026-03-06T13:57:32 CST" depends-on-methods="naco.testcases.TC1_ValidateCountyNos.findcounty" duration-ms="20411" status="FAIL">
          <params>
            <param index="0">
              <value>
                <![CDATA[{state=MORALSUBJECT, statename=Montana}]]>
              </value>
            </param>
          </params>
          <exception class="java.lang.AssertionError">
            <message>
              <![CDATA[County count returned 0 for state: MORALSUBJECT]]>
            </message>
            <full-stacktrace>
              <![CDATA[java.lang.AssertionError: County count returned 0 for state: MORALSUBJECT
at org.testng.Assert.fail(Assert.java:111)
at naco.testcases.TC1_ValidateCountyNos.StateCountyValidate(TC1_ValidateCountyNos.java:52)
at java.base/jdk.internal.reflect.DirectMethodHandleAccessor.invoke(DirectMethodHandleAccessor.java:104)
at java.base/java.lang.reflect.Method.invoke(Method.java:565)
at org.testng.internal.invokers.MethodInvocationHelper.invokeMethod(MethodInvocationHelper.java:141)
at org.testng.internal.invokers.TestInvoker.invokeMethod(TestInvoker.java:697)
at org.testng.internal.invokers.TestInvoker.retryFailed(TestInvoker.java:280)
at org.testng.internal.invokers.MethodRunner.runInSequence(MethodRunner.java:76)
at org.testng.internal.invokers.TestInvoker$MethodInvocationAgent.invoke(TestInvoker.java:1005)
at org.testng.internal.invokers.TestInvoker.invokeTestMethods(TestInvoker.java:203)
at org.testng.internal.invokers.TestMethodWorker.invokeTestMethods(TestMethodWorker.java:154)
at org.testng.internal.invokers.TestMethodWorker.run(TestMethodWorker.java:134)
at java.base/java.util.ArrayList.forEach(ArrayList.java:1604)
at org.testng.TestRunner.privateRun(TestRunner.java:744)
at org.testng.TestRunner.run(TestRunner.java:616)
at org.testng.SuiteRunner.runTest(SuiteRunner.java:421)
at org.testng.SuiteRunner.runSequentially(SuiteRunner.java:413)
at org.testng.SuiteRunner.privateRun(SuiteRunner.java:373)
at org.testng.SuiteRunner.run(SuiteRunner.java:312)
at org.testng.SuiteRunnerWorker.runSuite(SuiteRunnerWorker.java:52)
at org.testng.SuiteRunnerWorker.run(SuiteRunnerWorker.java:95)
at org.testng.TestNG.runSuitesSequentially(TestNG.java:1274)
at org.testng.TestNG.runSuitesLocally(TestNG.java:1208)
at org.testng.TestNG.runSuites(TestNG.java:1112)
at org.testng.TestNG.run(TestNG.java:1079)
at org.testng.remote.AbstractRemoteTestNG.run(AbstractRemoteTestNG.java:115)
at org.testng.remote.RemoteTestNG.initAndRun(RemoteTestNG.java:293)
at org.testng.remote.RemoteTestNG.main(RemoteTestNG.java:91)
]]>
            </full-stacktrace>
          </exception> <!-- java.lang.AssertionError -->
          <reporter-output>
          </reporter-output>
        </test-method> <!-- StateCountyValidate -->
        <test-method signature="StateCountyValidateExcel(java.lang.String,java.lang.String)[pri:0, instance:naco.testcases.TC1_ValidateCountyNos@2b175c00]" started-at="2026-03-06T13:57:33 CST" name="StateCountyValidateExcel" data-provider="excel" finished-at="2026-03-06T13:57:34 CST" depends-on-methods="naco.testcases.TC1_ValidateCountyNos.findcounty" duration-ms="800" status="PASS">
          <params>
            <param index="0">
              <value>
                <![CDATA[Alabama]]>
              </value>
            </param>
            <param index="1">
              <value>
                <![CDATA[AL]]>
              </value>
            </param>
          </params>
          <reporter-output>
          </reporter-output>
        </test-method> <!-- StateCountyValidateExcel -->
        <test-method signature="StateCountyValidateExcel(java.lang.String,java.lang.String)[pri:0, instance:naco.testcases.TC1_ValidateCountyNos@2b175c00]" started-at="2026-03-06T13:57:34 CST" name="StateCountyValidateExcel" data-provider="excel" finished-at="2026-03-06T13:57:34 CST" depends-on-methods="naco.testcases.TC1_ValidateCountyNos.findcounty" duration-ms="810" status="PASS">
          <params>
            <param index="0">
              <value>
                <![CDATA[Alaska]]>
              </value>
            </param>
            <param index="1">
              <value>
                <![CDATA[AK]]>
              </value>
            </param>
          </params>
          <reporter-output>
          </reporter-output>
        </test-method> <!-- StateCountyValidateExcel -->
        <test-method signature="StateCountyValidateExcel(java.lang.String,java.lang.String)[pri:0, instance:naco.testcases.TC1_ValidateCountyNos@2b175c00]" started-at="2026-03-06T13:57:34 CST" name="StateCountyValidateExcel" data-provider="excel" finished-at="2026-03-06T13:57:35 CST" depends-on-methods="naco.testcases.TC1_ValidateCountyNos.findcounty" duration-ms="960" status="PASS">
          <params>
            <param index="0">
              <value>
                <![CDATA[Arizona]]>
              </value>
            </param>
            <param index="1">
              <value>
                <![CDATA[AZ]]>
              </value>
            </param>
          </params>
          <reporter-output>
          </reporter-output>
        </test-method> <!-- StateCountyValidateExcel -->
        <test-method signature="StateCountyValidateExcel(java.lang.String,java.lang.String)[pri:0, instance:naco.testcases.TC1_ValidateCountyNos@2b175c00]" started-at="2026-03-06T13:57:35 CST" name="StateCountyValidateExcel" data-provider="excel" finished-at="2026-03-06T13:57:36 CST" depends-on-methods="naco.testcases.TC1_ValidateCountyNos.findcounty" duration-ms="918" status="PASS">
          <params>
            <param index="0">
              <value>
                <![CDATA[Arkansas]]>
              </value>
            </param>
            <param index="1">
              <value>
                <![CDATA[AR]]>
              </value>
            </param>
          </params>
          <reporter-output>
          </reporter-output>
        </test-method> <!-- StateCountyValidateExcel -->
        <test-method signature="StateCountyValidateExcel(java.lang.String,java.lang.String)[pri:0, instance:naco.testcases.TC1_ValidateCountyNos@2b175c00]" started-at="2026-03-06T13:57:36 CST" name="StateCountyValidateExcel" data-provider="excel" finished-at="2026-03-06T13:57:57 CST" depends-on-methods="naco.testcases.TC1_ValidateCountyNos.findcounty" duration-ms="20563" status="FAIL">
          <params>
            <param index="0">
              <value>
                <![CDATA[American Samoa]]>
              </value>
            </param>
            <param index="1">
              <value>
                <![CDATA[AS]]>
              </value>
            </param>
          </params>
          <exception class="java.lang.AssertionError">
            <message>
              <![CDATA[County count returned 0 for state: AS]]>
            </message>
            <full-stacktrace>
              <![CDATA[java.lang.AssertionError: County count returned 0 for state: AS
at org.testng.Assert.fail(Assert.java:111)
at naco.testcases.TC1_ValidateCountyNos.StateCountyValidateExcel(TC1_ValidateCountyNos.java:69)
at java.base/jdk.internal.reflect.DirectMethodHandleAccessor.invoke(DirectMethodHandleAccessor.java:104)
at java.base/java.lang.reflect.Method.invoke(Method.java:565)
at org.testng.internal.invokers.MethodInvocationHelper.invokeMethod(MethodInvocationHelper.java:141)
at org.testng.internal.invokers.TestInvoker.invokeMethod(TestInvoker.java:697)
at org.testng.internal.invokers.TestInvoker.invokeTestMethod(TestInvoker.java:230)
at org.testng.internal.invokers.MethodRunner.runInSequence(MethodRunner.java:63)
at org.testng.internal.invokers.TestInvoker$MethodInvocationAgent.invoke(TestInvoker.java:1005)
at org.testng.internal.invokers.TestInvoker.invokeTestMethods(TestInvoker.java:203)
at org.testng.internal.invokers.TestMethodWorker.invokeTestMethods(TestMethodWorker.java:154)
at org.testng.internal.invokers.TestMethodWorker.run(TestMethodWorker.java:134)
at java.base/java.util.ArrayList.forEach(ArrayList.java:1604)
at org.testng.TestRunner.privateRun(TestRunner.java:744)
at org.testng.TestRunner.run(TestRunner.java:616)
at org.testng.SuiteRunner.runTest(SuiteRunner.java:421)
at org.testng.SuiteRunner.runSequentially(SuiteRunner.java:413)
at org.testng.SuiteRunner.privateRun(SuiteRunner.java:373)
at org.testng.SuiteRunner.run(SuiteRunner.java:312)
at org.testng.SuiteRunnerWorker.runSuite(SuiteRunnerWorker.java:52)
at org.testng.SuiteRunnerWorker.run(SuiteRunnerWorker.java:95)
at org.testng.TestNG.runSuitesSequentially(TestNG.java:1274)
at org.testng.TestNG.runSuitesLocally(TestNG.java:1208)
at org.testng.TestNG.runSuites(TestNG.java:1112)
at org.testng.TestNG.run(TestNG.java:1079)
at org.testng.remote.AbstractRemoteTestNG.run(AbstractRemoteTestNG.java:115)
at org.testng.remote.RemoteTestNG.initAndRun(RemoteTestNG.java:293)
at org.testng.remote.RemoteTestNG.main(RemoteTestNG.java:91)
]]>
            </full-stacktrace>
          </exception> <!-- java.lang.AssertionError -->
          <reporter-output>
          </reporter-output>
        </test-method> <!-- StateCountyValidateExcel -->
        <test-method signature="StateCountyValidateExcel(java.lang.String,java.lang.String)[pri:0, instance:naco.testcases.TC1_ValidateCountyNos@2b175c00]" started-at="2026-03-06T13:57:57 CST" name="StateCountyValidateExcel" data-provider="excel" finished-at="2026-03-06T13:57:58 CST" depends-on-methods="naco.testcases.TC1_ValidateCountyNos.findcounty" duration-ms="935" status="PASS">
          <params>
            <param index="0">
              <value>
                <![CDATA[California]]>
              </value>
            </param>
            <param index="1">
              <value>
                <![CDATA[CA]]>
              </value>
            </param>
          </params>
          <reporter-output>
          </reporter-output>
        </test-method> <!-- StateCountyValidateExcel -->
        <test-method signature="StateCountyValidateExcel(java.lang.String,java.lang.String)[pri:0, instance:naco.testcases.TC1_ValidateCountyNos@2b175c00]" started-at="2026-03-06T13:57:58 CST" name="StateCountyValidateExcel" data-provider="excel" finished-at="2026-03-06T13:57:59 CST" depends-on-methods="naco.testcases.TC1_ValidateCountyNos.findcounty" duration-ms="924" status="PASS">
          <params>
            <param index="0">
              <value>
                <![CDATA[Colorado]]>
              </value>
            </param>
            <param index="1">
              <value>
                <![CDATA[CO]]>
              </value>
            </param>
          </params>
          <reporter-output>
          </reporter-output>
        </test-method> <!-- StateCountyValidateExcel -->
        <test-method signature="StateCountyValidateExcel(java.lang.String,java.lang.String)[pri:0, instance:naco.testcases.TC1_ValidateCountyNos@2b175c00]" started-at="2026-03-06T13:57:59 CST" name="StateCountyValidateExcel" data-provider="excel" finished-at="2026-03-06T13:58:19 CST" depends-on-methods="naco.testcases.TC1_ValidateCountyNos.findcounty" duration-ms="20454" status="FAIL">
          <params>
            <param index="0">
              <value>
                <![CDATA[Connecticut]]>
              </value>
            </param>
            <param index="1">
              <value>
                <![CDATA[CT]]>
              </value>
            </param>
          </params>
          <exception class="java.lang.AssertionError">
            <message>
              <![CDATA[County count returned 0 for state: CT]]>
            </message>
            <full-stacktrace>
              <![CDATA[java.lang.AssertionError: County count returned 0 for state: CT
at org.testng.Assert.fail(Assert.java:111)
at naco.testcases.TC1_ValidateCountyNos.StateCountyValidateExcel(TC1_ValidateCountyNos.java:69)
at java.base/jdk.internal.reflect.DirectMethodHandleAccessor.invoke(DirectMethodHandleAccessor.java:104)
at java.base/java.lang.reflect.Method.invoke(Method.java:565)
at org.testng.internal.invokers.MethodInvocationHelper.invokeMethod(MethodInvocationHelper.java:141)
at org.testng.internal.invokers.TestInvoker.invokeMethod(TestInvoker.java:697)
at org.testng.internal.invokers.TestInvoker.invokeTestMethod(TestInvoker.java:230)
at org.testng.internal.invokers.MethodRunner.runInSequence(MethodRunner.java:63)
at org.testng.internal.invokers.TestInvoker$MethodInvocationAgent.invoke(TestInvoker.java:1005)
at org.testng.internal.invokers.TestInvoker.invokeTestMethods(TestInvoker.java:203)
at org.testng.internal.invokers.TestMethodWorker.invokeTestMethods(TestMethodWorker.java:154)
at org.testng.internal.invokers.TestMethodWorker.run(TestMethodWorker.java:134)
at java.base/java.util.ArrayList.forEach(ArrayList.java:1604)
at org.testng.TestRunner.privateRun(TestRunner.java:744)
at org.testng.TestRunner.run(TestRunner.java:616)
at org.testng.SuiteRunner.runTest(SuiteRunner.java:421)
at org.testng.SuiteRunner.runSequentially(SuiteRunner.java:413)
at org.testng.SuiteRunner.privateRun(SuiteRunner.java:373)
at org.testng.SuiteRunner.run(SuiteRunner.java:312)
at org.testng.SuiteRunnerWorker.runSuite(SuiteRunnerWorker.java:52)
at org.testng.SuiteRunnerWorker.run(SuiteRunnerWorker.java:95)
at org.testng.TestNG.runSuitesSequentially(TestNG.java:1274)
at org.testng.TestNG.runSuitesLocally(TestNG.java:1208)
at org.testng.TestNG.runSuites(TestNG.java:1112)
at org.testng.TestNG.run(TestNG.java:1079)
at org.testng.remote.AbstractRemoteTestNG.run(AbstractRemoteTestNG.java:115)
at org.testng.remote.RemoteTestNG.initAndRun(RemoteTestNG.java:293)
at org.testng.remote.RemoteTestNG.main(RemoteTestNG.java:91)
]]>
            </full-stacktrace>
          </exception> <!-- java.lang.AssertionError -->
          <reporter-output>
          </reporter-output>
        </test-method> <!-- StateCountyValidateExcel -->
        <test-method signature="StateCountyValidateExcel(java.lang.String,java.lang.String)[pri:0, instance:naco.testcases.TC1_ValidateCountyNos@2b175c00]" started-at="2026-03-06T13:58:19 CST" name="StateCountyValidateExcel" data-provider="excel" finished-at="2026-03-06T13:58:20 CST" depends-on-methods="naco.testcases.TC1_ValidateCountyNos.findcounty" duration-ms="909" status="PASS">
          <params>
            <param index="0">
              <value>
                <![CDATA[Delaware]]>
              </value>
            </param>
            <param index="1">
              <value>
                <![CDATA[DE]]>
              </value>
            </param>
          </params>
          <reporter-output>
          </reporter-output>
        </test-method> <!-- StateCountyValidateExcel -->
        <test-method signature="StateCountyValidateExcel(java.lang.String,java.lang.String)[pri:0, instance:naco.testcases.TC1_ValidateCountyNos@2b175c00]" started-at="2026-03-06T13:58:20 CST" name="StateCountyValidateExcel" data-provider="excel" finished-at="2026-03-06T13:58:21 CST" depends-on-methods="naco.testcases.TC1_ValidateCountyNos.findcounty" duration-ms="917" status="PASS">
          <params>
            <param index="0">
              <value>
                <![CDATA[District of Columbia]]>
              </value>
            </param>
            <param index="1">
              <value>
                <![CDATA[DC]]>
              </value>
            </param>
          </params>
          <reporter-output>
          </reporter-output>
        </test-method> <!-- StateCountyValidateExcel -->
        <test-method signature="StateCountyValidateExcel(java.lang.String,java.lang.String)[pri:0, instance:naco.testcases.TC1_ValidateCountyNos@2b175c00]" started-at="2026-03-06T13:58:21 CST" name="StateCountyValidateExcel" data-provider="excel" finished-at="2026-03-06T13:58:22 CST" depends-on-methods="naco.testcases.TC1_ValidateCountyNos.findcounty" duration-ms="919" status="PASS">
          <params>
            <param index="0">
              <value>
                <![CDATA[Florida]]>
              </value>
            </param>
            <param index="1">
              <value>
                <![CDATA[FL]]>
              </value>
            </param>
          </params>
          <reporter-output>
          </reporter-output>
        </test-method> <!-- StateCountyValidateExcel -->
        <test-method signature="StateCountyValidateExcel(java.lang.String,java.lang.String)[pri:0, instance:naco.testcases.TC1_ValidateCountyNos@2b175c00]" started-at="2026-03-06T13:58:22 CST" name="StateCountyValidateExcel" data-provider="excel" finished-at="2026-03-06T13:58:23 CST" depends-on-methods="naco.testcases.TC1_ValidateCountyNos.findcounty" duration-ms="914" status="PASS">
          <params>
            <param index="0">
              <value>
                <![CDATA[Georgia]]>
              </value>
            </param>
            <param index="1">
              <value>
                <![CDATA[GA]]>
              </value>
            </param>
          </params>
          <reporter-output>
          </reporter-output>
        </test-method> <!-- StateCountyValidateExcel -->
        <test-method signature="StateCountyValidateExcel(java.lang.String,java.lang.String)[pri:0, instance:naco.testcases.TC1_ValidateCountyNos@2b175c00]" started-at="2026-03-06T13:58:23 CST" name="StateCountyValidateExcel" data-provider="excel" finished-at="2026-03-06T13:58:43 CST" depends-on-methods="naco.testcases.TC1_ValidateCountyNos.findcounty" duration-ms="20476" status="FAIL">
          <params>
            <param index="0">
              <value>
                <![CDATA[Guam]]>
              </value>
            </param>
            <param index="1">
              <value>
                <![CDATA[GU]]>
              </value>
            </param>
          </params>
          <exception class="java.lang.AssertionError">
            <message>
              <![CDATA[County count returned 0 for state: GU]]>
            </message>
            <full-stacktrace>
              <![CDATA[java.lang.AssertionError: County count returned 0 for state: GU
at org.testng.Assert.fail(Assert.java:111)
at naco.testcases.TC1_ValidateCountyNos.StateCountyValidateExcel(TC1_ValidateCountyNos.java:69)
at java.base/jdk.internal.reflect.DirectMethodHandleAccessor.invoke(DirectMethodHandleAccessor.java:104)
at java.base/java.lang.reflect.Method.invoke(Method.java:565)
at org.testng.internal.invokers.MethodInvocationHelper.invokeMethod(MethodInvocationHelper.java:141)
at org.testng.internal.invokers.TestInvoker.invokeMethod(TestInvoker.java:697)
at org.testng.internal.invokers.TestInvoker.invokeTestMethod(TestInvoker.java:230)
at org.testng.internal.invokers.MethodRunner.runInSequence(MethodRunner.java:63)
at org.testng.internal.invokers.TestInvoker$MethodInvocationAgent.invoke(TestInvoker.java:1005)
at org.testng.internal.invokers.TestInvoker.invokeTestMethods(TestInvoker.java:203)
at org.testng.internal.invokers.TestMethodWorker.invokeTestMethods(TestMethodWorker.java:154)
at org.testng.internal.invokers.TestMethodWorker.run(TestMethodWorker.java:134)
at java.base/java.util.ArrayList.forEach(ArrayList.java:1604)
at org.testng.TestRunner.privateRun(TestRunner.java:744)
at org.testng.TestRunner.run(TestRunner.java:616)
at org.testng.SuiteRunner.runTest(SuiteRunner.java:421)
at org.testng.SuiteRunner.runSequentially(SuiteRunner.java:413)
at org.testng.SuiteRunner.privateRun(SuiteRunner.java:373)
at org.testng.SuiteRunner.run(SuiteRunner.java:312)
at org.testng.SuiteRunnerWorker.runSuite(SuiteRunnerWorker.java:52)
at org.testng.SuiteRunnerWorker.run(SuiteRunnerWorker.java:95)
at org.testng.TestNG.runSuitesSequentially(TestNG.java:1274)
at org.testng.TestNG.runSuitesLocally(TestNG.java:1208)
at org.testng.TestNG.runSuites(TestNG.java:1112)
at org.testng.TestNG.run(TestNG.java:1079)
at org.testng.remote.AbstractRemoteTestNG.run(AbstractRemoteTestNG.java:115)
at org.testng.remote.RemoteTestNG.initAndRun(RemoteTestNG.java:293)
at org.testng.remote.RemoteTestNG.main(RemoteTestNG.java:91)
]]>
            </full-stacktrace>
          </exception> <!-- java.lang.AssertionError -->
          <reporter-output>
          </reporter-output>
        </test-method> <!-- StateCountyValidateExcel -->
        <test-method signature="StateCountyValidateExcel(java.lang.String,java.lang.String)[pri:0, instance:naco.testcases.TC1_ValidateCountyNos@2b175c00]" started-at="2026-03-06T13:58:43 CST" name="StateCountyValidateExcel" data-provider="excel" finished-at="2026-03-06T13:58:44 CST" depends-on-methods="naco.testcases.TC1_ValidateCountyNos.findcounty" duration-ms="920" status="PASS">
          <params>
            <param index="0">
              <value>
                <![CDATA[Hawaii]]>
              </value>
            </param>
            <param index="1">
              <value>
                <![CDATA[HI]]>
              </value>
            </param>
          </params>
          <reporter-output>
          </reporter-output>
        </test-method> <!-- StateCountyValidateExcel -->
        <test-method signature="StateCountyValidateExcel(java.lang.String,java.lang.String)[pri:0, instance:naco.testcases.TC1_ValidateCountyNos@2b175c00]" started-at="2026-03-06T13:58:44 CST" name="StateCountyValidateExcel" data-provider="excel" finished-at="2026-03-06T13:58:45 CST" depends-on-methods="naco.testcases.TC1_ValidateCountyNos.findcounty" duration-ms="919" status="PASS">
          <params>
            <param index="0">
              <value>
                <![CDATA[Idaho]]>
              </value>
            </param>
            <param index="1">
              <value>
                <![CDATA[ID]]>
              </value>
            </param>
          </params>
          <reporter-output>
          </reporter-output>
        </test-method> <!-- StateCountyValidateExcel -->
        <test-method signature="StateCountyValidateExcel(java.lang.String,java.lang.String)[pri:0, instance:naco.testcases.TC1_ValidateCountyNos@2b175c00]" started-at="2026-03-06T13:58:45 CST" name="StateCountyValidateExcel" data-provider="excel" finished-at="2026-03-06T13:58:46 CST" depends-on-methods="naco.testcases.TC1_ValidateCountyNos.findcounty" duration-ms="908" status="PASS">
          <params>
            <param index="0">
              <value>
                <![CDATA[Indiana]]>
              </value>
            </param>
            <param index="1">
              <value>
                <![CDATA[IN]]>
              </value>
            </param>
          </params>
          <reporter-output>
          </reporter-output>
        </test-method> <!-- StateCountyValidateExcel -->
        <test-method signature="StateCountyValidateExcel(java.lang.String,java.lang.String)[pri:0, instance:naco.testcases.TC1_ValidateCountyNos@2b175c00]" started-at="2026-03-06T13:58:46 CST" name="StateCountyValidateExcel" data-provider="excel" finished-at="2026-03-06T13:58:47 CST" depends-on-methods="naco.testcases.TC1_ValidateCountyNos.findcounty" duration-ms="918" status="PASS">
          <params>
            <param index="0">
              <value>
                <![CDATA[Iowa]]>
              </value>
            </param>
            <param index="1">
              <value>
                <![CDATA[IA]]>
              </value>
            </param>
          </params>
          <reporter-output>
          </reporter-output>
        </test-method> <!-- StateCountyValidateExcel -->
        <test-method signature="StateCountyValidateExcel(java.lang.String,java.lang.String)[pri:0, instance:naco.testcases.TC1_ValidateCountyNos@2b175c00]" started-at="2026-03-06T13:58:47 CST" name="StateCountyValidateExcel" data-provider="excel" finished-at="2026-03-06T13:58:48 CST" depends-on-methods="naco.testcases.TC1_ValidateCountyNos.findcounty" duration-ms="939" status="PASS">
          <params>
            <param index="0">
              <value>
                <![CDATA[Kansas]]>
              </value>
            </param>
            <param index="1">
              <value>
                <![CDATA[KS]]>
              </value>
            </param>
          </params>
          <reporter-output>
          </reporter-output>
        </test-method> <!-- StateCountyValidateExcel -->
        <test-method signature="StateCountyValidateExcel(java.lang.String,java.lang.String)[pri:0, instance:naco.testcases.TC1_ValidateCountyNos@2b175c00]" started-at="2026-03-06T13:58:48 CST" name="StateCountyValidateExcel" data-provider="excel" finished-at="2026-03-06T13:58:49 CST" depends-on-methods="naco.testcases.TC1_ValidateCountyNos.findcounty" duration-ms="906" status="PASS">
          <params>
            <param index="0">
              <value>
                <![CDATA[Kentucky]]>
              </value>
            </param>
            <param index="1">
              <value>
                <![CDATA[KY]]>
              </value>
            </param>
          </params>
          <reporter-output>
          </reporter-output>
        </test-method> <!-- StateCountyValidateExcel -->
        <test-method signature="StateCountyValidateExcel(java.lang.String,java.lang.String)[pri:0, instance:naco.testcases.TC1_ValidateCountyNos@2b175c00]" started-at="2026-03-06T13:58:49 CST" name="StateCountyValidateExcel" data-provider="excel" finished-at="2026-03-06T13:58:50 CST" depends-on-methods="naco.testcases.TC1_ValidateCountyNos.findcounty" duration-ms="932" status="PASS">
          <params>
            <param index="0">
              <value>
                <![CDATA[Louisiana]]>
              </value>
            </param>
            <param index="1">
              <value>
                <![CDATA[LA]]>
              </value>
            </param>
          </params>
          <reporter-output>
          </reporter-output>
        </test-method> <!-- StateCountyValidateExcel -->
        <test-method signature="StateCountyValidateExcel(java.lang.String,java.lang.String)[pri:0, instance:naco.testcases.TC1_ValidateCountyNos@2b175c00]" started-at="2026-03-06T13:58:50 CST" name="StateCountyValidateExcel" data-provider="excel" finished-at="2026-03-06T13:58:51 CST" depends-on-methods="naco.testcases.TC1_ValidateCountyNos.findcounty" duration-ms="944" status="PASS">
          <params>
            <param index="0">
              <value>
                <![CDATA[Maine]]>
              </value>
            </param>
            <param index="1">
              <value>
                <![CDATA[ME]]>
              </value>
            </param>
          </params>
          <reporter-output>
          </reporter-output>
        </test-method> <!-- StateCountyValidateExcel -->
        <test-method signature="StateCountyValidateExcel(java.lang.String,java.lang.String)[pri:0, instance:naco.testcases.TC1_ValidateCountyNos@2b175c00]" started-at="2026-03-06T13:58:51 CST" name="StateCountyValidateExcel" data-provider="excel" finished-at="2026-03-06T13:58:52 CST" depends-on-methods="naco.testcases.TC1_ValidateCountyNos.findcounty" duration-ms="921" status="PASS">
          <params>
            <param index="0">
              <value>
                <![CDATA[Maryland]]>
              </value>
            </param>
            <param index="1">
              <value>
                <![CDATA[MD]]>
              </value>
            </param>
          </params>
          <reporter-output>
          </reporter-output>
        </test-method> <!-- StateCountyValidateExcel -->
        <test-method signature="StateCountyValidateExcel(java.lang.String,java.lang.String)[pri:0, instance:naco.testcases.TC1_ValidateCountyNos@2b175c00]" started-at="2026-03-06T13:58:52 CST" name="StateCountyValidateExcel" data-provider="excel" finished-at="2026-03-06T13:58:52 CST" depends-on-methods="naco.testcases.TC1_ValidateCountyNos.findcounty" duration-ms="915" status="PASS">
          <params>
            <param index="0">
              <value>
                <![CDATA[Massachusetts]]>
              </value>
            </param>
            <param index="1">
              <value>
                <![CDATA[MA]]>
              </value>
            </param>
          </params>
          <reporter-output>
          </reporter-output>
        </test-method> <!-- StateCountyValidateExcel -->
        <test-method signature="StateCountyValidateExcel(java.lang.String,java.lang.String)[pri:0, instance:naco.testcases.TC1_ValidateCountyNos@2b175c00]" started-at="2026-03-06T13:58:52 CST" name="StateCountyValidateExcel" data-provider="excel" finished-at="2026-03-06T13:58:53 CST" depends-on-methods="naco.testcases.TC1_ValidateCountyNos.findcounty" duration-ms="930" status="PASS">
          <params>
            <param index="0">
              <value>
                <![CDATA[Michigan]]>
              </value>
            </param>
            <param index="1">
              <value>
                <![CDATA[MI]]>
              </value>
            </param>
          </params>
          <reporter-output>
          </reporter-output>
        </test-method> <!-- StateCountyValidateExcel -->
        <test-method signature="StateCountyValidateExcel(java.lang.String,java.lang.String)[pri:0, instance:naco.testcases.TC1_ValidateCountyNos@2b175c00]" started-at="2026-03-06T13:58:53 CST" name="StateCountyValidateExcel" data-provider="excel" finished-at="2026-03-06T13:58:54 CST" depends-on-methods="naco.testcases.TC1_ValidateCountyNos.findcounty" duration-ms="888" status="PASS">
          <params>
            <param index="0">
              <value>
                <![CDATA[Minnesota]]>
              </value>
            </param>
            <param index="1">
              <value>
                <![CDATA[MN]]>
              </value>
            </param>
          </params>
          <reporter-output>
          </reporter-output>
        </test-method> <!-- StateCountyValidateExcel -->
        <test-method signature="StateCountyValidateExcel(java.lang.String,java.lang.String)[pri:0, instance:naco.testcases.TC1_ValidateCountyNos@2b175c00]" started-at="2026-03-06T13:58:54 CST" name="StateCountyValidateExcel" data-provider="excel" finished-at="2026-03-06T13:58:55 CST" depends-on-methods="naco.testcases.TC1_ValidateCountyNos.findcounty" duration-ms="885" status="PASS">
          <params>
            <param index="0">
              <value>
                <![CDATA[Mississippi]]>
              </value>
            </param>
            <param index="1">
              <value>
                <![CDATA[MS]]>
              </value>
            </param>
          </params>
          <reporter-output>
          </reporter-output>
        </test-method> <!-- StateCountyValidateExcel -->
        <test-method signature="StateCountyValidateExcel(java.lang.String,java.lang.String)[pri:0, instance:naco.testcases.TC1_ValidateCountyNos@2b175c00]" started-at="2026-03-06T13:58:55 CST" name="StateCountyValidateExcel" data-provider="excel" finished-at="2026-03-06T13:58:56 CST" depends-on-methods="naco.testcases.TC1_ValidateCountyNos.findcounty" duration-ms="914" status="PASS">
          <params>
            <param index="0">
              <value>
                <![CDATA[Missouri]]>
              </value>
            </param>
            <param index="1">
              <value>
                <![CDATA[MO]]>
              </value>
            </param>
          </params>
          <reporter-output>
          </reporter-output>
        </test-method> <!-- StateCountyValidateExcel -->
        <test-method signature="StateCountyValidateExcel(java.lang.String,java.lang.String)[pri:0, instance:naco.testcases.TC1_ValidateCountyNos@2b175c00]" started-at="2026-03-06T13:58:56 CST" name="StateCountyValidateExcel" data-provider="excel" finished-at="2026-03-06T13:58:57 CST" depends-on-methods="naco.testcases.TC1_ValidateCountyNos.findcounty" duration-ms="909" status="PASS">
          <params>
            <param index="0">
              <value>
                <![CDATA[Montana]]>
              </value>
            </param>
            <param index="1">
              <value>
                <![CDATA[MT]]>
              </value>
            </param>
          </params>
          <reporter-output>
          </reporter-output>
        </test-method> <!-- StateCountyValidateExcel -->
        <test-method signature="StateCountyValidateExcel(java.lang.String,java.lang.String)[pri:0, instance:naco.testcases.TC1_ValidateCountyNos@2b175c00]" started-at="2026-03-06T13:58:57 CST" name="StateCountyValidateExcel" data-provider="excel" finished-at="2026-03-06T13:58:58 CST" depends-on-methods="naco.testcases.TC1_ValidateCountyNos.findcounty" duration-ms="916" status="PASS">
          <params>
            <param index="0">
              <value>
                <![CDATA[Nebraska]]>
              </value>
            </param>
            <param index="1">
              <value>
                <![CDATA[NE]]>
              </value>
            </param>
          </params>
          <reporter-output>
          </reporter-output>
        </test-method> <!-- StateCountyValidateExcel -->
        <test-method signature="StateCountyValidateExcel(java.lang.String,java.lang.String)[pri:0, instance:naco.testcases.TC1_ValidateCountyNos@2b175c00]" started-at="2026-03-06T13:58:58 CST" name="StateCountyValidateExcel" data-provider="excel" finished-at="2026-03-06T13:58:59 CST" depends-on-methods="naco.testcases.TC1_ValidateCountyNos.findcounty" duration-ms="923" status="PASS">
          <params>
            <param index="0">
              <value>
                <![CDATA[Nevada]]>
              </value>
            </param>
            <param index="1">
              <value>
                <![CDATA[NV]]>
              </value>
            </param>
          </params>
          <reporter-output>
          </reporter-output>
        </test-method> <!-- StateCountyValidateExcel -->
        <test-method signature="StateCountyValidateExcel(java.lang.String,java.lang.String)[pri:0, instance:naco.testcases.TC1_ValidateCountyNos@2b175c00]" started-at="2026-03-06T13:58:59 CST" name="StateCountyValidateExcel" data-provider="excel" finished-at="2026-03-06T13:59:00 CST" depends-on-methods="naco.testcases.TC1_ValidateCountyNos.findcounty" duration-ms="882" status="PASS">
          <params>
            <param index="0">
              <value>
                <![CDATA[New Hampshire]]>
              </value>
            </param>
            <param index="1">
              <value>
                <![CDATA[NH]]>
              </value>
            </param>
          </params>
          <reporter-output>
          </reporter-output>
        </test-method> <!-- StateCountyValidateExcel -->
        <test-method signature="StateCountyValidateExcel(java.lang.String,java.lang.String)[pri:0, instance:naco.testcases.TC1_ValidateCountyNos@2b175c00]" started-at="2026-03-06T13:59:00 CST" name="StateCountyValidateExcel" data-provider="excel" finished-at="2026-03-06T13:59:01 CST" depends-on-methods="naco.testcases.TC1_ValidateCountyNos.findcounty" duration-ms="882" status="PASS">
          <params>
            <param index="0">
              <value>
                <![CDATA[New Jersey]]>
              </value>
            </param>
            <param index="1">
              <value>
                <![CDATA[NJ]]>
              </value>
            </param>
          </params>
          <reporter-output>
          </reporter-output>
        </test-method> <!-- StateCountyValidateExcel -->
        <test-method signature="StateCountyValidateExcel(java.lang.String,java.lang.String)[pri:0, instance:naco.testcases.TC1_ValidateCountyNos@2b175c00]" started-at="2026-03-06T13:59:01 CST" name="StateCountyValidateExcel" data-provider="excel" finished-at="2026-03-06T13:59:02 CST" depends-on-methods="naco.testcases.TC1_ValidateCountyNos.findcounty" duration-ms="895" status="PASS">
          <params>
            <param index="0">
              <value>
                <![CDATA[New Mexico]]>
              </value>
            </param>
            <param index="1">
              <value>
                <![CDATA[NM]]>
              </value>
            </param>
          </params>
          <reporter-output>
          </reporter-output>
        </test-method> <!-- StateCountyValidateExcel -->
        <test-method signature="StateCountyValidateExcel(java.lang.String,java.lang.String)[pri:0, instance:naco.testcases.TC1_ValidateCountyNos@2b175c00]" started-at="2026-03-06T13:59:02 CST" name="StateCountyValidateExcel" data-provider="excel" finished-at="2026-03-06T13:59:02 CST" depends-on-methods="naco.testcases.TC1_ValidateCountyNos.findcounty" duration-ms="927" status="PASS">
          <params>
            <param index="0">
              <value>
                <![CDATA[New York]]>
              </value>
            </param>
            <param index="1">
              <value>
                <![CDATA[NY]]>
              </value>
            </param>
          </params>
          <reporter-output>
          </reporter-output>
        </test-method> <!-- StateCountyValidateExcel -->
        <test-method signature="StateCountyValidateExcel(java.lang.String,java.lang.String)[pri:0, instance:naco.testcases.TC1_ValidateCountyNos@2b175c00]" started-at="2026-03-06T13:59:02 CST" name="StateCountyValidateExcel" data-provider="excel" finished-at="2026-03-06T13:59:03 CST" depends-on-methods="naco.testcases.TC1_ValidateCountyNos.findcounty" duration-ms="882" status="PASS">
          <params>
            <param index="0">
              <value>
                <![CDATA[North Carolina]]>
              </value>
            </param>
            <param index="1">
              <value>
                <![CDATA[NC]]>
              </value>
            </param>
          </params>
          <reporter-output>
          </reporter-output>
        </test-method> <!-- StateCountyValidateExcel -->
        <test-method signature="StateCountyValidateExcel(java.lang.String,java.lang.String)[pri:0, instance:naco.testcases.TC1_ValidateCountyNos@2b175c00]" started-at="2026-03-06T13:59:03 CST" name="StateCountyValidateExcel" data-provider="excel" finished-at="2026-03-06T13:59:04 CST" depends-on-methods="naco.testcases.TC1_ValidateCountyNos.findcounty" duration-ms="881" status="PASS">
          <params>
            <param index="0">
              <value>
                <![CDATA[North Dakota]]>
              </value>
            </param>
            <param index="1">
              <value>
                <![CDATA[ND]]>
              </value>
            </param>
          </params>
          <reporter-output>
          </reporter-output>
        </test-method> <!-- StateCountyValidateExcel -->
        <test-method signature="StateCountyValidateExcel(java.lang.String,java.lang.String)[pri:0, instance:naco.testcases.TC1_ValidateCountyNos@2b175c00]" started-at="2026-03-06T13:59:04 CST" name="StateCountyValidateExcel" data-provider="excel" finished-at="2026-03-06T13:59:25 CST" depends-on-methods="naco.testcases.TC1_ValidateCountyNos.findcounty" duration-ms="20438" status="FAIL">
          <params>
            <param index="0">
              <value>
                <![CDATA[Northern Mariana Islands]]>
              </value>
            </param>
            <param index="1">
              <value>
                <![CDATA[MP]]>
              </value>
            </param>
          </params>
          <exception class="java.lang.AssertionError">
            <message>
              <![CDATA[County count returned 0 for state: MP]]>
            </message>
            <full-stacktrace>
              <![CDATA[java.lang.AssertionError: County count returned 0 for state: MP
at org.testng.Assert.fail(Assert.java:111)
at naco.testcases.TC1_ValidateCountyNos.StateCountyValidateExcel(TC1_ValidateCountyNos.java:69)
at java.base/jdk.internal.reflect.DirectMethodHandleAccessor.invoke(DirectMethodHandleAccessor.java:104)
at java.base/java.lang.reflect.Method.invoke(Method.java:565)
at org.testng.internal.invokers.MethodInvocationHelper.invokeMethod(MethodInvocationHelper.java:141)
at org.testng.internal.invokers.TestInvoker.invokeMethod(TestInvoker.java:697)
at org.testng.internal.invokers.TestInvoker.invokeTestMethod(TestInvoker.java:230)
at org.testng.internal.invokers.MethodRunner.runInSequence(MethodRunner.java:63)
at org.testng.internal.invokers.TestInvoker$MethodInvocationAgent.invoke(TestInvoker.java:1005)
at org.testng.internal.invokers.TestInvoker.invokeTestMethods(TestInvoker.java:203)
at org.testng.internal.invokers.TestMethodWorker.invokeTestMethods(TestMethodWorker.java:154)
at org.testng.internal.invokers.TestMethodWorker.run(TestMethodWorker.java:134)
at java.base/java.util.ArrayList.forEach(ArrayList.java:1604)
at org.testng.TestRunner.privateRun(TestRunner.java:744)
at org.testng.TestRunner.run(TestRunner.java:616)
at org.testng.SuiteRunner.runTest(SuiteRunner.java:421)
at org.testng.SuiteRunner.runSequentially(SuiteRunner.java:413)
at org.testng.SuiteRunner.privateRun(SuiteRunner.java:373)
at org.testng.SuiteRunner.run(SuiteRunner.java:312)
at org.testng.SuiteRunnerWorker.runSuite(SuiteRunnerWorker.java:52)
at org.testng.SuiteRunnerWorker.run(SuiteRunnerWorker.java:95)
at org.testng.TestNG.runSuitesSequentially(TestNG.java:1274)
at org.testng.TestNG.runSuitesLocally(TestNG.java:1208)
at org.testng.TestNG.runSuites(TestNG.java:1112)
at org.testng.TestNG.run(TestNG.java:1079)
at org.testng.remote.AbstractRemoteTestNG.run(AbstractRemoteTestNG.java:115)
at org.testng.remote.RemoteTestNG.initAndRun(RemoteTestNG.java:293)
at org.testng.remote.RemoteTestNG.main(RemoteTestNG.java:91)
]]>
            </full-stacktrace>
          </exception> <!-- java.lang.AssertionError -->
          <reporter-output>
          </reporter-output>
        </test-method> <!-- StateCountyValidateExcel -->
        <test-method signature="StateCountyValidateExcel(java.lang.String,java.lang.String)[pri:0, instance:naco.testcases.TC1_ValidateCountyNos@2b175c00]" started-at="2026-03-06T13:59:25 CST" name="StateCountyValidateExcel" data-provider="excel" finished-at="2026-03-06T13:59:26 CST" depends-on-methods="naco.testcases.TC1_ValidateCountyNos.findcounty" duration-ms="943" status="PASS">
          <params>
            <param index="0">
              <value>
                <![CDATA[Ohio]]>
              </value>
            </param>
            <param index="1">
              <value>
                <![CDATA[OH]]>
              </value>
            </param>
          </params>
          <reporter-output>
          </reporter-output>
        </test-method> <!-- StateCountyValidateExcel -->
        <test-method signature="StateCountyValidateExcel(java.lang.String,java.lang.String)[pri:0, instance:naco.testcases.TC1_ValidateCountyNos@2b175c00]" started-at="2026-03-06T13:59:26 CST" name="StateCountyValidateExcel" data-provider="excel" finished-at="2026-03-06T13:59:27 CST" depends-on-methods="naco.testcases.TC1_ValidateCountyNos.findcounty" duration-ms="956" status="PASS">
          <params>
            <param index="0">
              <value>
                <![CDATA[Oklahoma]]>
              </value>
            </param>
            <param index="1">
              <value>
                <![CDATA[OK]]>
              </value>
            </param>
          </params>
          <reporter-output>
          </reporter-output>
        </test-method> <!-- StateCountyValidateExcel -->
        <test-method signature="StateCountyValidateExcel(java.lang.String,java.lang.String)[pri:0, instance:naco.testcases.TC1_ValidateCountyNos@2b175c00]" started-at="2026-03-06T13:59:27 CST" name="StateCountyValidateExcel" data-provider="excel" finished-at="2026-03-06T13:59:27 CST" depends-on-methods="naco.testcases.TC1_ValidateCountyNos.findcounty" duration-ms="900" status="PASS">
          <params>
            <param index="0">
              <value>
                <![CDATA[Oregon]]>
              </value>
            </param>
            <param index="1">
              <value>
                <![CDATA[OR]]>
              </value>
            </param>
          </params>
          <reporter-output>
          </reporter-output>
        </test-method> <!-- StateCountyValidateExcel -->
        <test-method signature="StateCountyValidateExcel(java.lang.String,java.lang.String)[pri:0, instance:naco.testcases.TC1_ValidateCountyNos@2b175c00]" started-at="2026-03-06T13:59:27 CST" name="StateCountyValidateExcel" data-provider="excel" finished-at="2026-03-06T13:59:28 CST" depends-on-methods="naco.testcases.TC1_ValidateCountyNos.findcounty" duration-ms="901" status="PASS">
          <params>
            <param index="0">
              <value>
                <![CDATA[Pennsylvania]]>
              </value>
            </param>
            <param index="1">
              <value>
                <![CDATA[PA]]>
              </value>
            </param>
          </params>
          <reporter-output>
          </reporter-output>
        </test-method> <!-- StateCountyValidateExcel -->
        <test-method signature="StateCountyValidateExcel(java.lang.String,java.lang.String)[pri:0, instance:naco.testcases.TC1_ValidateCountyNos@2b175c00]" started-at="2026-03-06T13:59:28 CST" name="StateCountyValidateExcel" data-provider="excel" finished-at="2026-03-06T13:59:49 CST" depends-on-methods="naco.testcases.TC1_ValidateCountyNos.findcounty" duration-ms="20465" status="FAIL">
          <params>
            <param index="0">
              <value>
                <![CDATA[Puerto Rico]]>
              </value>
            </param>
            <param index="1">
              <value>
                <![CDATA[PR]]>
              </value>
            </param>
          </params>
          <exception class="java.lang.AssertionError">
            <message>
              <![CDATA[County count returned 0 for state: PR]]>
            </message>
            <full-stacktrace>
              <![CDATA[java.lang.AssertionError: County count returned 0 for state: PR
at org.testng.Assert.fail(Assert.java:111)
at naco.testcases.TC1_ValidateCountyNos.StateCountyValidateExcel(TC1_ValidateCountyNos.java:69)
at java.base/jdk.internal.reflect.DirectMethodHandleAccessor.invoke(DirectMethodHandleAccessor.java:104)
at java.base/java.lang.reflect.Method.invoke(Method.java:565)
at org.testng.internal.invokers.MethodInvocationHelper.invokeMethod(MethodInvocationHelper.java:141)
at org.testng.internal.invokers.TestInvoker.invokeMethod(TestInvoker.java:697)
at org.testng.internal.invokers.TestInvoker.invokeTestMethod(TestInvoker.java:230)
at org.testng.internal.invokers.MethodRunner.runInSequence(MethodRunner.java:63)
at org.testng.internal.invokers.TestInvoker$MethodInvocationAgent.invoke(TestInvoker.java:1005)
at org.testng.internal.invokers.TestInvoker.invokeTestMethods(TestInvoker.java:203)
at org.testng.internal.invokers.TestMethodWorker.invokeTestMethods(TestMethodWorker.java:154)
at org.testng.internal.invokers.TestMethodWorker.run(TestMethodWorker.java:134)
at java.base/java.util.ArrayList.forEach(ArrayList.java:1604)
at org.testng.TestRunner.privateRun(TestRunner.java:744)
at org.testng.TestRunner.run(TestRunner.java:616)
at org.testng.SuiteRunner.runTest(SuiteRunner.java:421)
at org.testng.SuiteRunner.runSequentially(SuiteRunner.java:413)
at org.testng.SuiteRunner.privateRun(SuiteRunner.java:373)
at org.testng.SuiteRunner.run(SuiteRunner.java:312)
at org.testng.SuiteRunnerWorker.runSuite(SuiteRunnerWorker.java:52)
at org.testng.SuiteRunnerWorker.run(SuiteRunnerWorker.java:95)
at org.testng.TestNG.runSuitesSequentially(TestNG.java:1274)
at org.testng.TestNG.runSuitesLocally(TestNG.java:1208)
at org.testng.TestNG.runSuites(TestNG.java:1112)
at org.testng.TestNG.run(TestNG.java:1079)
at org.testng.remote.AbstractRemoteTestNG.run(AbstractRemoteTestNG.java:115)
at org.testng.remote.RemoteTestNG.initAndRun(RemoteTestNG.java:293)
at org.testng.remote.RemoteTestNG.main(RemoteTestNG.java:91)
]]>
            </full-stacktrace>
          </exception> <!-- java.lang.AssertionError -->
          <reporter-output>
          </reporter-output>
        </test-method> <!-- StateCountyValidateExcel -->
        <test-method signature="StateCountyValidateExcel(java.lang.String,java.lang.String)[pri:0, instance:naco.testcases.TC1_ValidateCountyNos@2b175c00]" started-at="2026-03-06T13:59:49 CST" name="StateCountyValidateExcel" data-provider="excel" finished-at="2026-03-06T15:02:37 CST" depends-on-methods="naco.testcases.TC1_ValidateCountyNos.findcounty" duration-ms="3767880" status="FAIL">
          <params>
            <param index="0">
              <value>
                <![CDATA[Rhode Island]]>
              </value>
            </param>
            <param index="1">
              <value>
                <![CDATA[RI]]>
              </value>
            </param>
          </params>
          <exception class="org.openqa.selenium.TimeoutException">
            <message>
              <![CDATA[java.net.http.HttpTimeoutException: request timed out
Build info: version: '4.39.0', revision: '126f156aee'
System info: os.name: 'Windows 11', os.arch: 'amd64', os.version: '10.0', java.version: '25.0.1'
Driver info: org.openqa.selenium.chrome.ChromeDriver
Command: [2930bfb1fb6d0624444b258567f5958f, findElements {value=//*[@id='ce-search-results-list']/div/b[text()='RI'], using=xpath}]
Capabilities {acceptInsecureCerts: false, browserName: chrome, browserVersion: 145.0.7632.160, chrome: {chromedriverVersion: 145.0.7632.117 (de4e5d6e13b..., userDataDir: C:\Users\athir\AppData\Loca...}, fedcm:accounts: true, goog:chromeOptions: {debuggerAddress: localhost:54225}, goog:processID: 26776, networkConnectionEnabled: false, pageLoadStrategy: normal, platformName: windows, proxy: Proxy(), se:cdp: ws://localhost:54225/devtoo..., se:cdpVersion: 145.0.7632.160, setWindowRect: true, strictFileInteractability: false, timeouts: {implicit: 0, pageLoad: 300000, script: 30000}, unhandledPromptBehavior: dismiss and notify, webauthn:extension:credBlob: true, webauthn:extension:largeBlob: true, webauthn:extension:minPinLength: true, webauthn:extension:prf: true, webauthn:virtualAuthenticators: true}
Session ID: 2930bfb1fb6d0624444b258567f5958f]]>
            </message>
            <full-stacktrace>
              <![CDATA[org.openqa.selenium.TimeoutException: java.net.http.HttpTimeoutException: request timed out
Build info: version: '4.39.0', revision: '126f156aee'
System info: os.name: 'Windows 11', os.arch: 'amd64', os.version: '10.0', java.version: '25.0.1'
Driver info: org.openqa.selenium.chrome.ChromeDriver
Command: [2930bfb1fb6d0624444b258567f5958f, findElements {value=//*[@id='ce-search-results-list']/div/b[text()='RI'], using=xpath}]
Capabilities {acceptInsecureCerts: false, browserName: chrome, browserVersion: 145.0.7632.160, chrome: {chromedriverVersion: 145.0.7632.117 (de4e5d6e13b..., userDataDir: C:\Users\athir\AppData\Loca...}, fedcm:accounts: true, goog:chromeOptions: {debuggerAddress: localhost:54225}, goog:processID: 26776, networkConnectionEnabled: false, pageLoadStrategy: normal, platformName: windows, proxy: Proxy(), se:cdp: ws://localhost:54225/devtoo..., se:cdpVersion: 145.0.7632.160, setWindowRect: true, strictFileInteractability: false, timeouts: {implicit: 0, pageLoad: 300000, script: 30000}, unhandledPromptBehavior: dismiss and notify, webauthn:extension:credBlob: true, webauthn:extension:largeBlob: true, webauthn:extension:minPinLength: true, webauthn:extension:prf: true, webauthn:virtualAuthenticators: true}
Session ID: 2930bfb1fb6d0624444b258567f5958f
at org.openqa.selenium.remote.http.jdk.JdkHttpClient.execute0(JdkHttpClient.java:501)
at org.openqa.selenium.remote.http.AddSeleniumUserAgent.lambda$apply$0(AddSeleniumUserAgent.java:44)
at org.openqa.selenium.remote.http.Filter.lambda$andFinally$1(Filter.java:55)
at org.openqa.selenium.remote.http.jdk.JdkHttpClient.lambda$executeAsync$2(JdkHttpClient.java:388)
at java.base/java.util.concurrent.Executors$RunnableAdapter.call(Executors.java:545)
at java.base/java.util.concurrent.FutureTask.run(FutureTask.java:328)
at java.base/java.util.concurrent.ThreadPoolExecutor.runWorker(ThreadPoolExecutor.java:1090)
at java.base/java.util.concurrent.ThreadPoolExecutor$Worker.run(ThreadPoolExecutor.java:614)
at java.base/java.lang.Thread.run(Thread.java:1474)
Caused by: java.net.http.HttpTimeoutException: request timed out
at java.net.http/jdk.internal.net.http.HttpClientImpl.send(HttpClientImpl.java:921)
at java.net.http/jdk.internal.net.http.HttpClientFacade.send(HttpClientFacade.java:133)
at org.openqa.selenium.remote.http.jdk.JdkHttpClient.execute0(JdkHttpClient.java:462)
... 8 more
]]>
            </full-stacktrace>
          </exception> <!-- org.openqa.selenium.TimeoutException -->
          <reporter-output>
          </reporter-output>
        </test-method> <!-- StateCountyValidateExcel -->
        <test-method signature="StateCountyValidateExcel(java.lang.String,java.lang.String)[pri:0, instance:naco.testcases.TC1_ValidateCountyNos@2b175c00]" started-at="2026-03-06T15:02:37 CST" name="StateCountyValidateExcel" data-provider="excel" finished-at="2026-03-06T15:02:39 CST" depends-on-methods="naco.testcases.TC1_ValidateCountyNos.findcounty" duration-ms="1957" status="FAIL">
          <params>
            <param index="0">
              <value>
                <![CDATA[South Carolina]]>
              </value>
            </param>
            <param index="1">
              <value>
                <![CDATA[SC]]>
              </value>
            </param>
          </params>
          <exception class="org.openqa.selenium.NoSuchSessionException">
            <message>
              <![CDATA[invalid session id
Build info: version: '4.39.0', revision: '126f156aee'
System info: os.name: 'Windows 11', os.arch: 'amd64', os.version: '10.0', java.version: '25.0.1'
Driver info: org.openqa.selenium.chrome.ChromeDriver
Command: [2930bfb1fb6d0624444b258567f5958f, findElement {value=ce-search, using=id}]
Capabilities {acceptInsecureCerts: false, browserName: chrome, browserVersion: 145.0.7632.160, chrome: {chromedriverVersion: 145.0.7632.117 (de4e5d6e13b..., userDataDir: C:\Users\athir\AppData\Loca...}, fedcm:accounts: true, goog:chromeOptions: {debuggerAddress: localhost:54225}, goog:processID: 26776, networkConnectionEnabled: false, pageLoadStrategy: normal, platformName: windows, proxy: Proxy(), se:cdp: ws://localhost:54225/devtoo..., se:cdpVersion: 145.0.7632.160, setWindowRect: true, strictFileInteractability: false, timeouts: {implicit: 0, pageLoad: 300000, script: 30000}, unhandledPromptBehavior: dismiss and notify, webauthn:extension:credBlob: true, webauthn:extension:largeBlob: true, webauthn:extension:minPinLength: true, webauthn:extension:prf: true, webauthn:virtualAuthenticators: true}
Session ID: 2930bfb1fb6d0624444b258567f5958f]]>
            </message>
            <full-stacktrace>
              <![CDATA[org.openqa.selenium.NoSuchSessionException: invalid session id
Build info: version: '4.39.0', revision: '126f156aee'
System info: os.name: 'Windows 11', os.arch: 'amd64', os.version: '10.0', java.version: '25.0.1'
Driver info: org.openqa.selenium.chrome.ChromeDriver
Command: [2930bfb1fb6d0624444b258567f5958f, findElement {value=ce-search, using=id}]
Capabilities {acceptInsecureCerts: false, browserName: chrome, browserVersion: 145.0.7632.160, chrome: {chromedriverVersion: 145.0.7632.117 (de4e5d6e13b..., userDataDir: C:\Users\athir\AppData\Loca...}, fedcm:accounts: true, goog:chromeOptions: {debuggerAddress: localhost:54225}, goog:processID: 26776, networkConnectionEnabled: false, pageLoadStrategy: normal, platformName: windows, proxy: Proxy(), se:cdp: ws://localhost:54225/devtoo..., se:cdpVersion: 145.0.7632.160, setWindowRect: true, strictFileInteractability: false, timeouts: {implicit: 0, pageLoad: 300000, script: 30000}, unhandledPromptBehavior: dismiss and notify, webauthn:extension:credBlob: true, webauthn:extension:largeBlob: true, webauthn:extension:minPinLength: true, webauthn:extension:prf: true, webauthn:virtualAuthenticators: true}
Session ID: 2930bfb1fb6d0624444b258567f5958f
at java.base/jdk.internal.reflect.DirectConstructorHandleAccessor.newInstance(DirectConstructorHandleAccessor.java:62)
at java.base/java.lang.reflect.Constructor.newInstanceWithCaller(Constructor.java:499)
at java.base/java.lang.reflect.Constructor.newInstance(Constructor.java:483)
at org.openqa.selenium.remote.ErrorCodec.decode(ErrorCodec.java:167)
at org.openqa.selenium.remote.codec.w3c.W3CHttpResponseCodec.decode(W3CHttpResponseCodec.java:142)
at org.openqa.selenium.remote.codec.w3c.W3CHttpResponseCodec.decode(W3CHttpResponseCodec.java:49)
at org.openqa.selenium.remote.HttpCommandExecutor.execute(HttpCommandExecutor.java:215)
at org.openqa.selenium.remote.service.DriverCommandExecutor.invokeExecute(DriverCommandExecutor.java:216)
at org.openqa.selenium.remote.service.DriverCommandExecutor.execute(DriverCommandExecutor.java:174)
at org.openqa.selenium.remote.RemoteWebDriver.execute(RemoteWebDriver.java:561)
at org.openqa.selenium.remote.ElementLocation$ElementFinder$2.findElement(ElementLocation.java:166)
at org.openqa.selenium.remote.ElementLocation.findElement(ElementLocation.java:60)
at org.openqa.selenium.remote.RemoteWebDriver.findElement(RemoteWebDriver.java:384)
at org.openqa.selenium.remote.RemoteWebDriver.findElement(RemoteWebDriver.java:378)
at org.openqa.selenium.support.pagefactory.DefaultElementLocator.findElement(DefaultElementLocator.java:68)
at org.openqa.selenium.support.pagefactory.internal.LocatingElementHandler.invoke(LocatingElementHandler.java:38)
at jdk.proxy2/jdk.proxy2.$Proxy15.click(Unknown Source)
at naco.pageobject.Page2CountyExpolorerPage.selectstate(Page2CountyExpolorerPage.java:63)
at naco.testcases.TC1_ValidateCountyNos.StateCountyValidateExcel(TC1_ValidateCountyNos.java:65)
at java.base/jdk.internal.reflect.DirectMethodHandleAccessor.invoke(DirectMethodHandleAccessor.java:104)
at java.base/java.lang.reflect.Method.invoke(Method.java:565)
at org.testng.internal.invokers.MethodInvocationHelper.invokeMethod(MethodInvocationHelper.java:141)
at org.testng.internal.invokers.TestInvoker.invokeMethod(TestInvoker.java:697)
at org.testng.internal.invokers.TestInvoker.invokeTestMethod(TestInvoker.java:230)
at org.testng.internal.invokers.MethodRunner.runInSequence(MethodRunner.java:63)
at org.testng.internal.invokers.TestInvoker$MethodInvocationAgent.invoke(TestInvoker.java:1005)
at org.testng.internal.invokers.TestInvoker.invokeTestMethods(TestInvoker.java:203)
at org.testng.internal.invokers.TestMethodWorker.invokeTestMethods(TestMethodWorker.java:154)
at org.testng.internal.invokers.TestMethodWorker.run(TestMethodWorker.java:134)
at java.base/java.util.ArrayList.forEach(ArrayList.java:1604)
at org.testng.TestRunner.privateRun(TestRunner.java:744)
at org.testng.TestRunner.run(TestRunner.java:616)
at org.testng.SuiteRunner.runTest(SuiteRunner.java:421)
at org.testng.SuiteRunner.runSequentially(SuiteRunner.java:413)
at org.testng.SuiteRunner.privateRun(SuiteRunner.java:373)
at org.testng.SuiteRunner.run(SuiteRunner.java:312)
at org.testng.SuiteRunnerWorker.runSuite(SuiteRunnerWorker.java:52)
at org.testng.SuiteRunnerWorker.run(SuiteRunnerWorker.java:95)
at org.testng.TestNG.runSuitesSequentially(TestNG.java:1274)
at org.testng.TestNG.runSuitesLocally(TestNG.java:1208)
at org.testng.TestNG.runSuites(TestNG.java:1112)
at org.testng.TestNG.run(TestNG.java:1079)
at org.testng.remote.AbstractRemoteTestNG.run(AbstractRemoteTestNG.java:115)
at org.testng.remote.RemoteTestNG.initAndRun(RemoteTestNG.java:293)
at org.testng.remote.RemoteTestNG.main(RemoteTestNG.java:91)
]]>
            </full-stacktrace>
          </exception> <!-- org.openqa.selenium.NoSuchSessionException -->
          <reporter-output>
          </reporter-output>
        </test-method> <!-- StateCountyValidateExcel -->
        <test-method signature="StateCountyValidateExcel(java.lang.String,java.lang.String)[pri:0, instance:naco.testcases.TC1_ValidateCountyNos@2b175c00]" started-at="2026-03-06T15:02:39 CST" name="StateCountyValidateExcel" data-provider="excel" finished-at="2026-03-06T15:02:39 CST" depends-on-methods="naco.testcases.TC1_ValidateCountyNos.findcounty" duration-ms="5" status="FAIL">
          <params>
            <param index="0">
              <value>
                <![CDATA[South Dakota]]>
              </value>
            </param>
            <param index="1">
              <value>
                <![CDATA[SD]]>
              </value>
            </param>
          </params>
          <exception class="org.openqa.selenium.NoSuchSessionException">
            <message>
              <![CDATA[invalid session id
Build info: version: '4.39.0', revision: '126f156aee'
System info: os.name: 'Windows 11', os.arch: 'amd64', os.version: '10.0', java.version: '25.0.1'
Driver info: org.openqa.selenium.chrome.ChromeDriver
Command: [2930bfb1fb6d0624444b258567f5958f, findElement {value=ce-search, using=id}]
Capabilities {acceptInsecureCerts: false, browserName: chrome, browserVersion: 145.0.7632.160, chrome: {chromedriverVersion: 145.0.7632.117 (de4e5d6e13b..., userDataDir: C:\Users\athir\AppData\Loca...}, fedcm:accounts: true, goog:chromeOptions: {debuggerAddress: localhost:54225}, goog:processID: 26776, networkConnectionEnabled: false, pageLoadStrategy: normal, platformName: windows, proxy: Proxy(), se:cdp: ws://localhost:54225/devtoo..., se:cdpVersion: 145.0.7632.160, setWindowRect: true, strictFileInteractability: false, timeouts: {implicit: 0, pageLoad: 300000, script: 30000}, unhandledPromptBehavior: dismiss and notify, webauthn:extension:credBlob: true, webauthn:extension:largeBlob: true, webauthn:extension:minPinLength: true, webauthn:extension:prf: true, webauthn:virtualAuthenticators: true}
Session ID: 2930bfb1fb6d0624444b258567f5958f]]>
            </message>
            <full-stacktrace>
              <![CDATA[org.openqa.selenium.NoSuchSessionException: invalid session id
Build info: version: '4.39.0', revision: '126f156aee'
System info: os.name: 'Windows 11', os.arch: 'amd64', os.version: '10.0', java.version: '25.0.1'
Driver info: org.openqa.selenium.chrome.ChromeDriver
Command: [2930bfb1fb6d0624444b258567f5958f, findElement {value=ce-search, using=id}]
Capabilities {acceptInsecureCerts: false, browserName: chrome, browserVersion: 145.0.7632.160, chrome: {chromedriverVersion: 145.0.7632.117 (de4e5d6e13b..., userDataDir: C:\Users\athir\AppData\Loca...}, fedcm:accounts: true, goog:chromeOptions: {debuggerAddress: localhost:54225}, goog:processID: 26776, networkConnectionEnabled: false, pageLoadStrategy: normal, platformName: windows, proxy: Proxy(), se:cdp: ws://localhost:54225/devtoo..., se:cdpVersion: 145.0.7632.160, setWindowRect: true, strictFileInteractability: false, timeouts: {implicit: 0, pageLoad: 300000, script: 30000}, unhandledPromptBehavior: dismiss and notify, webauthn:extension:credBlob: true, webauthn:extension:largeBlob: true, webauthn:extension:minPinLength: true, webauthn:extension:prf: true, webauthn:virtualAuthenticators: true}
Session ID: 2930bfb1fb6d0624444b258567f5958f
at java.base/jdk.internal.reflect.DirectConstructorHandleAccessor.newInstance(DirectConstructorHandleAccessor.java:62)
at java.base/java.lang.reflect.Constructor.newInstanceWithCaller(Constructor.java:499)
at java.base/java.lang.reflect.Constructor.newInstance(Constructor.java:483)
at org.openqa.selenium.remote.ErrorCodec.decode(ErrorCodec.java:167)
at org.openqa.selenium.remote.codec.w3c.W3CHttpResponseCodec.decode(W3CHttpResponseCodec.java:142)
at org.openqa.selenium.remote.codec.w3c.W3CHttpResponseCodec.decode(W3CHttpResponseCodec.java:49)
at org.openqa.selenium.remote.HttpCommandExecutor.execute(HttpCommandExecutor.java:215)
at org.openqa.selenium.remote.service.DriverCommandExecutor.invokeExecute(DriverCommandExecutor.java:216)
at org.openqa.selenium.remote.service.DriverCommandExecutor.execute(DriverCommandExecutor.java:174)
at org.openqa.selenium.remote.RemoteWebDriver.execute(RemoteWebDriver.java:561)
at org.openqa.selenium.remote.ElementLocation$ElementFinder$2.findElement(ElementLocation.java:166)
at org.openqa.selenium.remote.ElementLocation.findElement(ElementLocation.java:60)
at org.openqa.selenium.remote.RemoteWebDriver.findElement(RemoteWebDriver.java:384)
at org.openqa.selenium.remote.RemoteWebDriver.findElement(RemoteWebDriver.java:378)
at org.openqa.selenium.support.pagefactory.DefaultElementLocator.findElement(DefaultElementLocator.java:68)
at org.openqa.selenium.support.pagefactory.internal.LocatingElementHandler.invoke(LocatingElementHandler.java:38)
at jdk.proxy2/jdk.proxy2.$Proxy15.click(Unknown Source)
at naco.pageobject.Page2CountyExpolorerPage.selectstate(Page2CountyExpolorerPage.java:63)
at naco.testcases.TC1_ValidateCountyNos.StateCountyValidateExcel(TC1_ValidateCountyNos.java:65)
at java.base/jdk.internal.reflect.DirectMethodHandleAccessor.invoke(DirectMethodHandleAccessor.java:104)
at java.base/java.lang.reflect.Method.invoke(Method.java:565)
at org.testng.internal.invokers.MethodInvocationHelper.invokeMethod(MethodInvocationHelper.java:141)
at org.testng.internal.invokers.TestInvoker.invokeMethod(TestInvoker.java:697)
at org.testng.internal.invokers.TestInvoker.invokeTestMethod(TestInvoker.java:230)
at org.testng.internal.invokers.MethodRunner.runInSequence(MethodRunner.java:63)
at org.testng.internal.invokers.TestInvoker$MethodInvocationAgent.invoke(TestInvoker.java:1005)
at org.testng.internal.invokers.TestInvoker.invokeTestMethods(TestInvoker.java:203)
at org.testng.internal.invokers.TestMethodWorker.invokeTestMethods(TestMethodWorker.java:154)
at org.testng.internal.invokers.TestMethodWorker.run(TestMethodWorker.java:134)
at java.base/java.util.ArrayList.forEach(ArrayList.java:1604)
at org.testng.TestRunner.privateRun(TestRunner.java:744)
at org.testng.TestRunner.run(TestRunner.java:616)
at org.testng.SuiteRunner.runTest(SuiteRunner.java:421)
at org.testng.SuiteRunner.runSequentially(SuiteRunner.java:413)
at org.testng.SuiteRunner.privateRun(SuiteRunner.java:373)
at org.testng.SuiteRunner.run(SuiteRunner.java:312)
at org.testng.SuiteRunnerWorker.runSuite(SuiteRunnerWorker.java:52)
at org.testng.SuiteRunnerWorker.run(SuiteRunnerWorker.java:95)
at org.testng.TestNG.runSuitesSequentially(TestNG.java:1274)
at org.testng.TestNG.runSuitesLocally(TestNG.java:1208)
at org.testng.TestNG.runSuites(TestNG.java:1112)
at org.testng.TestNG.run(TestNG.java:1079)
at org.testng.remote.AbstractRemoteTestNG.run(AbstractRemoteTestNG.java:115)
at org.testng.remote.RemoteTestNG.initAndRun(RemoteTestNG.java:293)
at org.testng.remote.RemoteTestNG.main(RemoteTestNG.java:91)
]]>
            </full-stacktrace>
          </exception> <!-- org.openqa.selenium.NoSuchSessionException -->
          <reporter-output>
          </reporter-output>
        </test-method> <!-- StateCountyValidateExcel -->
        <test-method signature="StateCountyValidateExcel(java.lang.String,java.lang.String)[pri:0, instance:naco.testcases.TC1_ValidateCountyNos@2b175c00]" started-at="2026-03-06T15:02:39 CST" name="StateCountyValidateExcel" data-provider="excel" finished-at="2026-03-06T15:02:39 CST" depends-on-methods="naco.testcases.TC1_ValidateCountyNos.findcounty" duration-ms="4" status="FAIL">
          <params>
            <param index="0">
              <value>
                <![CDATA[Tennessee]]>
              </value>
            </param>
            <param index="1">
              <value>
                <![CDATA[TN]]>
              </value>
            </param>
          </params>
          <exception class="org.openqa.selenium.NoSuchSessionException">
            <message>
              <![CDATA[invalid session id
Build info: version: '4.39.0', revision: '126f156aee'
System info: os.name: 'Windows 11', os.arch: 'amd64', os.version: '10.0', java.version: '25.0.1'
Driver info: org.openqa.selenium.chrome.ChromeDriver
Command: [2930bfb1fb6d0624444b258567f5958f, findElement {value=ce-search, using=id}]
Capabilities {acceptInsecureCerts: false, browserName: chrome, browserVersion: 145.0.7632.160, chrome: {chromedriverVersion: 145.0.7632.117 (de4e5d6e13b..., userDataDir: C:\Users\athir\AppData\Loca...}, fedcm:accounts: true, goog:chromeOptions: {debuggerAddress: localhost:54225}, goog:processID: 26776, networkConnectionEnabled: false, pageLoadStrategy: normal, platformName: windows, proxy: Proxy(), se:cdp: ws://localhost:54225/devtoo..., se:cdpVersion: 145.0.7632.160, setWindowRect: true, strictFileInteractability: false, timeouts: {implicit: 0, pageLoad: 300000, script: 30000}, unhandledPromptBehavior: dismiss and notify, webauthn:extension:credBlob: true, webauthn:extension:largeBlob: true, webauthn:extension:minPinLength: true, webauthn:extension:prf: true, webauthn:virtualAuthenticators: true}
Session ID: 2930bfb1fb6d0624444b258567f5958f]]>
            </message>
            <full-stacktrace>
              <![CDATA[org.openqa.selenium.NoSuchSessionException: invalid session id
Build info: version: '4.39.0', revision: '126f156aee'
System info: os.name: 'Windows 11', os.arch: 'amd64', os.version: '10.0', java.version: '25.0.1'
Driver info: org.openqa.selenium.chrome.ChromeDriver
Command: [2930bfb1fb6d0624444b258567f5958f, findElement {value=ce-search, using=id}]
Capabilities {acceptInsecureCerts: false, browserName: chrome, browserVersion: 145.0.7632.160, chrome: {chromedriverVersion: 145.0.7632.117 (de4e5d6e13b..., userDataDir: C:\Users\athir\AppData\Loca...}, fedcm:accounts: true, goog:chromeOptions: {debuggerAddress: localhost:54225}, goog:processID: 26776, networkConnectionEnabled: false, pageLoadStrategy: normal, platformName: windows, proxy: Proxy(), se:cdp: ws://localhost:54225/devtoo..., se:cdpVersion: 145.0.7632.160, setWindowRect: true, strictFileInteractability: false, timeouts: {implicit: 0, pageLoad: 300000, script: 30000}, unhandledPromptBehavior: dismiss and notify, webauthn:extension:credBlob: true, webauthn:extension:largeBlob: true, webauthn:extension:minPinLength: true, webauthn:extension:prf: true, webauthn:virtualAuthenticators: true}
Session ID: 2930bfb1fb6d0624444b258567f5958f
at java.base/jdk.internal.reflect.DirectConstructorHandleAccessor.newInstance(DirectConstructorHandleAccessor.java:62)
at java.base/java.lang.reflect.Constructor.newInstanceWithCaller(Constructor.java:499)
at java.base/java.lang.reflect.Constructor.newInstance(Constructor.java:483)
at org.openqa.selenium.remote.ErrorCodec.decode(ErrorCodec.java:167)
at org.openqa.selenium.remote.codec.w3c.W3CHttpResponseCodec.decode(W3CHttpResponseCodec.java:142)
at org.openqa.selenium.remote.codec.w3c.W3CHttpResponseCodec.decode(W3CHttpResponseCodec.java:49)
at org.openqa.selenium.remote.HttpCommandExecutor.execute(HttpCommandExecutor.java:215)
at org.openqa.selenium.remote.service.DriverCommandExecutor.invokeExecute(DriverCommandExecutor.java:216)
at org.openqa.selenium.remote.service.DriverCommandExecutor.execute(DriverCommandExecutor.java:174)
at org.openqa.selenium.remote.RemoteWebDriver.execute(RemoteWebDriver.java:561)
at org.openqa.selenium.remote.ElementLocation$ElementFinder$2.findElement(ElementLocation.java:166)
at org.openqa.selenium.remote.ElementLocation.findElement(ElementLocation.java:60)
at org.openqa.selenium.remote.RemoteWebDriver.findElement(RemoteWebDriver.java:384)
at org.openqa.selenium.remote.RemoteWebDriver.findElement(RemoteWebDriver.java:378)
at org.openqa.selenium.support.pagefactory.DefaultElementLocator.findElement(DefaultElementLocator.java:68)
at org.openqa.selenium.support.pagefactory.internal.LocatingElementHandler.invoke(LocatingElementHandler.java:38)
at jdk.proxy2/jdk.proxy2.$Proxy15.click(Unknown Source)
at naco.pageobject.Page2CountyExpolorerPage.selectstate(Page2CountyExpolorerPage.java:63)
at naco.testcases.TC1_ValidateCountyNos.StateCountyValidateExcel(TC1_ValidateCountyNos.java:65)
at java.base/jdk.internal.reflect.DirectMethodHandleAccessor.invoke(DirectMethodHandleAccessor.java:104)
at java.base/java.lang.reflect.Method.invoke(Method.java:565)
at org.testng.internal.invokers.MethodInvocationHelper.invokeMethod(MethodInvocationHelper.java:141)
at org.testng.internal.invokers.TestInvoker.invokeMethod(TestInvoker.java:697)
[...]
Session ID: 2930bfb1fb6d0624444b258567f5958f]]>
            </message>
            <full-stacktrace>
              <![CDATA[org.openqa.selenium.NoSuchSessionException: invalid session id
Build info: version: '4.39.0', revision: '126f156aee'
System info: os.name: 'Windows 11', os.arch: 'amd64', os.version: '10.0', java.version: '25.0.1'
Driver info: org.openqa.selenium.chrome.ChromeDriver
Command: [2930bfb1fb6d0624444b258567f5958f, findElement {value=ce-search, using=id}]
Capabilities {acceptInsecureCerts: false, browserName: chrome, browserVersion: 145.0.7632.160, chrome: {chromedriverVersion: 145.0.7632.117 (de4e5d6e13b..., userDataDir: C:\Users\athir\AppData\Loca...}, fedcm:accounts: true, goog:chromeOptions: {debuggerAddress: localhost:54225}, goog:processID: 26776, networkConnectionEnabled: false, pageLoadStrategy: normal, platformName: windows, proxy: Proxy(), se:cdp: ws://localhost:54225/devtoo..., se:cdpVersion: 145.0.7632.160, setWindowRect: true, strictFileInteractability: false, timeouts: {implicit: 0, pageLoad: 300000, script: 30000}, unhandledPromptBehavior: dismiss and notify, webauthn:extension:credBlob: true, webauthn:extension:largeBlob: true, webauthn:extension:minPinLength: true, webauthn:extension:prf: true, webauthn:virtualAuthenticators: true}
Session ID: 2930bfb1fb6d0624444b258567f5958f
at java.base/jdk.internal.reflect.DirectConstructorHandleAccessor.newInstance(DirectConstructorHandleAccessor.java:62)
at java.base/java.lang.reflect.Constructor.newInstanceWithCaller(Constructor.java:499)
at java.base/java.lang.reflect.Constructor.newInstance(Constructor.java:483)
at org.openqa.selenium.remote.ErrorCodec.decode(ErrorCodec.java:167)
at org.openqa.selenium.remote.codec.w3c.W3CHttpResponseCodec.decode(W3CHttpResponseCodec.java:142)
at org.openqa.selenium.remote.codec.w3c.W3CHttpResponseCodec.decode(W3CHttpResponseCodec.java:49)
at org.openqa.selenium.remote.HttpCommandExecutor.execute(HttpCommandExecutor.java:215)
at org.openqa.selenium.remote.service.DriverCommandExecutor.invokeExecute(DriverCommandExecutor.java:216)
at org.openqa.selenium.remote.service.DriverCommandExecutor.execute(DriverCommandExecutor.java:174)
at org.openqa.selenium.remote.RemoteWebDriver.execute(RemoteWebDriver.java:561)
at org.openqa.selenium.remote.ElementLocation$ElementFinder$2.findElement(ElementLocation.java:166)
at org.openqa.selenium.remote.ElementLocation.findElement(ElementLocation.java:60)
at org.openqa.selenium.remote.RemoteWebDriver.findElement(RemoteWebDriver.java:384)
at org.openqa.selenium.remote.RemoteWebDriver.findElement(RemoteWebDriver.java:378)
at org.openqa.selenium.support.pagefactory.DefaultElementLocator.findElement(DefaultElementLocator.java:68)
at org.openqa.selenium.support.pagefactory.internal.LocatingElementHandler.invoke(LocatingElementHandler.java:38)
at jdk.proxy2/jdk.proxy2.$Proxy15.click(Unknown Source)
at naco.pageobject.Page2CountyExpolorerPage.selectstate(Page2CountyExpolorerPage.java:63)
at naco.testcases.TC1_ValidateCountyNos.StateCountyValidateExcel(TC1_ValidateCountyNos.java:65)
at java.base/jdk.internal.reflect.DirectMethodHandleAccessor.invoke(DirectMethodHandleAccessor.java:104)
at java.base/java.lang.reflect.Method.invoke(Method.java:565)
at org.testng.internal.invokers.MethodInvocationHelper.invokeMethod(MethodInvocationHelper.java:141)
at org.testng.internal.invokers.TestInvoker.invokeMethod(TestInvoker.java:697)
at org.testng.internal.invokers.TestInvoker.invokeTestMethod(TestInvoker.java:230)
at org.testng.internal.invokers.MethodRunner.runInSequence(MethodRunner.java:63)
at org.testng.internal.invokers.TestInvoker$MethodInvocationAgent.invoke(TestInvoker.java:1005)
at org.testng.internal.invokers.TestInvoker.invokeTestMethods(TestInvoker.java:203)
at org.testng.internal.invokers.TestMethodWorker.invokeTestMethods(TestMethodWorker.java:154)
at org.testng.internal.invokers.TestMethodWorker.run(TestMethodWorker.java:134)
at java.base/java.util.ArrayList.forEach(ArrayList.java:1604)
at org.testng.TestRunner.privateRun(TestRunner.java:744)
at org.testng.TestRunner.run(TestRunner.java:616)
at org.testng.SuiteRunner.runTest(SuiteRunner.java:421)
at org.testng.SuiteRunner.runSequentially(SuiteRunner.java:413)
at org.testng.SuiteRunner.privateRun(SuiteRunner.java:373)
at org.testng.SuiteRunner.run(SuiteRunner.java:312)
at org.testng.SuiteRunnerWorker.runSuite(SuiteRunnerWorker.java:52)
at org.testng.SuiteRunnerWorker.run(SuiteRunnerWorker.java:95)
at org.testng.TestNG.runSuitesSequentially(TestNG.java:1274)
at org.testng.TestNG.runSuitesLocally(TestNG.java:1208)
at org.testng.TestNG.runSuites(TestNG.java:1112)
at org.testng.TestNG.run(TestNG.java:1079)
at org.testng.remote.AbstractRemoteTestNG.run(AbstractRemoteTestNG.java:115)
at org.testng.remote.RemoteTestNG.initAndRun(RemoteTestNG.java:293)
at org.testng.remote.RemoteTestNG.main(RemoteTestNG.java:91)
]]>
            </full-stacktrace>
          </exception> <!-- org.openqa.selenium.NoSuchSessionException -->
          <reporter-output>
          </reporter-output>
        </test-method> <!-- StateCountyValidateExcel -->
        <test-method signature="StateCountyValidateExcel(java.lang.String,java.lang.String)[pri:0, instance:naco.testcases.TC1_ValidateCountyNos@2b175c00]" started-at="2026-03-06T15:02:39 CST" name="StateCountyValidateExcel" data-provider="excel" finished-at="2026-03-06T15:02:39 CST" depends-on-methods="naco.testcases.TC1_ValidateCountyNos.findcounty" duration-ms="7" status="FAIL">
          <params>
            <param index="0">
              <value>
                <![CDATA[Wyoming]]>
              </value>
            </param>
            <param index="1">
              <value>
                <![CDATA[WY]]>
              </value>
            </param>
          </params>
          <exception class="org.openqa.selenium.NoSuchSessionException">
            <message>
              <![CDATA[invalid session id
Build info: version: '4.39.0', revision: '126f156aee'
System info: os.name: 'Windows 11', os.arch: 'amd64', os.version: '10.0', java.version: '25.0.1'
Driver info: org.openqa.selenium.chrome.ChromeDriver
Command: [2930bfb1fb6d0624444b258567f5958f, findElement {value=ce-search, using=id}]
Capabilities {acceptInsecureCerts: false, browserName: chrome, browserVersion: 145.0.7632.160, chrome: {chromedriverVersion: 145.0.7632.117 (de4e5d6e13b..., userDataDir: C:\Users\athir\AppData\Loca...}, fedcm:accounts: true, goog:chromeOptions: {debuggerAddress: localhost:54225}, goog:processID: 26776, networkConnectionEnabled: false, pageLoadStrategy: normal, platformName: windows, proxy: Proxy(), se:cdp: ws://localhost:54225/devtoo..., se:cdpVersion: 145.0.7632.160, setWindowRect: true, strictFileInteractability: false, timeouts: {implicit: 0, pageLoad: 300000, script: 30000}, unhandledPromptBehavior: dismiss and notify, webauthn:extension:credBlob: true, webauthn:extension:largeBlob: true, webauthn:extension:minPinLength: true, webauthn:extension:prf: true, webauthn:virtualAuthenticators: true}
Session ID: 2930bfb1fb6d0624444b258567f5958f]]>
            </message>
            <full-stacktrace>
              <![CDATA[org.openqa.selenium.NoSuchSessionException: invalid session id
Build info: version: '4.39.0', revision: '126f156aee'
System info: os.name: 'Windows 11', os.arch: 'amd64', os.version: '10.0', java.version: '25.0.1'
Driver info: org.openqa.selenium.chrome.ChromeDriver
Command: [2930bfb1fb6d0624444b258567f5958f, findElement {value=ce-search, using=id}]
Capabilities {acceptInsecureCerts: false, browserName: chrome, browserVersion: 145.0.7632.160, chrome: {chromedriverVersion: 145.0.7632.117 (de4e5d6e13b..., userDataDir: C:\Users\athir\AppData\Loca...}, fedcm:accounts: true, goog:chromeOptions: {debuggerAddress: localhost:54225}, goog:processID: 26776, networkConnectionEnabled: false, pageLoadStrategy: normal, platformName: windows, proxy: Proxy(), se:cdp: ws://localhost:54225/devtoo..., se:cdpVersion: 145.0.7632.160, setWindowRect: true, strictFileInteractability: false, timeouts: {implicit: 0, pageLoad: 300000, script: 30000}, unhandledPromptBehavior: dismiss and notify, webauthn:extension:credBlob: true, webauthn:extension:largeBlob: true, webauthn:extension:minPinLength: true, webauthn:extension:prf: true, webauthn:virtualAuthenticators: true}
Session ID: 2930bfb1fb6d0624444b258567f5958f
at java.base/jdk.internal.reflect.DirectConstructorHandleAccessor.newInstance(DirectConstructorHandleAccessor.java:62)
at java.base/java.lang.reflect.Constructor.newInstanceWithCaller(Constructor.java:499)
at java.base/java.lang.reflect.Constructor.newInstance(Constructor.java:483)
at org.openqa.selenium.remote.ErrorCodec.decode(ErrorCodec.java:167)
at org.openqa.selenium.remote.codec.w3c.W3CHttpResponseCodec.decode(W3CHttpResponseCodec.java:142)
at org.openqa.selenium.remote.codec.w3c.W3CHttpResponseCodec.decode(W3CHttpResponseCodec.java:49)
at org.openqa.selenium.remote.HttpCommandExecutor.execute(HttpCommandExecutor.java:215)
at org.openqa.selenium.remote.service.DriverCommandExecutor.invokeExecute(DriverCommandExecutor.java:216)
at org.openqa.selenium.remote.service.DriverCommandExecutor.execute(DriverCommandExecutor.java:174)
at org.openqa.selenium.remote.RemoteWebDriver.execute(RemoteWebDriver.java:561)
at org.openqa.selenium.remote.ElementLocation$ElementFinder$2.findElement(ElementLocation.java:166)
at org.openqa.selenium.remote.ElementLocation.findElement(ElementLocation.java:60)
at org.openqa.selenium.remote.RemoteWebDriver.findElement(RemoteWebDriver.java:384)
at org.openqa.selenium.remote.RemoteWebDriver.findElement(RemoteWebDriver.java:378)
at org.openqa.selenium.support.pagefactory.DefaultElementLocator.findElement(DefaultElementLocator.java:68)
at org.openqa.selenium.support.pagefactory.internal.LocatingElementHandler.invoke(LocatingElementHandler.java:38)
at jdk.proxy2/jdk.proxy2.$Proxy15.click(Unknown Source)
at naco.pageobject.Page2CountyExpolorerPage.selectstate(Page2CountyExpolorerPage.java:63)
at naco.testcases.TC1_ValidateCountyNos.StateCountyValidateExcel(TC1_ValidateCountyNos.java:65)
at java.base/jdk.internal.reflect.DirectMethodHandleAccessor.invoke(DirectMethodHandleAccessor.java:104)
at java.base/java.lang.reflect.Method.invoke(Method.java:565)
at org.testng.internal.invokers.MethodInvocationHelper.invokeMethod(MethodInvocationHelper.java:141)
at org.testng.internal.invokers.TestInvoker.invokeMethod(TestInvoker.java:697)
at org.testng.internal.invokers.TestInvoker.invokeTestMethod(TestInvoker.java:230)
at org.testng.internal.invokers.MethodRunner.runInSequence(MethodRunner.java:63)
at org.testng.internal.invokers.TestInvoker$MethodInvocationAgent.invoke(TestInvoker.java:1005)
at org.testng.internal.invokers.TestInvoker.invokeTestMethods(TestInvoker.java:203)
at org.testng.internal.invokers.TestMethodWorker.invokeTestMethods(TestMethodWorker.java:154)
at org.testng.internal.invokers.TestMethodWorker.run(TestMethodWorker.java:134)
at java.base/java.util.ArrayList.forEach(ArrayList.java:1604)
at org.testng.TestRunner.privateRun(TestRunner.java:744)
at org.testng.TestRunner.run(TestRunner.java:616)
at org.testng.SuiteRunner.runTest(SuiteRunner.java:421)
at org.testng.SuiteRunner.runSequentially(SuiteRunner.java:413)
at org.testng.SuiteRunner.privateRun(SuiteRunner.java:373)
at org.testng.SuiteRunner.run(SuiteRunner.java:312)
at org.testng.SuiteRunnerWorker.runSuite(SuiteRunnerWorker.java:52)
at org.testng.SuiteRunnerWorker.run(SuiteRunnerWorker.java:95)
at org.testng.TestNG.runSuitesSequentially(TestNG.java:1274)
at org.testng.TestNG.runSuitesLocally(TestNG.java:1208)
at org.testng.TestNG.runSuites(TestNG.java:1112)
at org.testng.TestNG.run(TestNG.java:1079)
at org.testng.remote.AbstractRemoteTestNG.run(AbstractRemoteTestNG.java:115)
at org.testng.remote.RemoteTestNG.initAndRun(RemoteTestNG.java:293)
at org.testng.remote.RemoteTestNG.main(RemoteTestNG.java:91)
]]>
            </full-stacktrace>
          </exception> <!-- org.openqa.selenium.NoSuchSessionException -->
          <reporter-output>
          </reporter-output>
        </test-method> <!-- StateCountyValidateExcel -->
        <test-method signature="ILcountValidate()[pri:1, instance:naco.testcases.TC1_ValidateCountyNos@2b175c00]" started-at="2026-03-06T15:02:39 CST" name="ILcountValidate" finished-at="2026-03-06T15:02:39 CST" depends-on-methods="naco.testcases.TC1_ValidateCountyNos.findcounty" duration-ms="7" status="FAIL">
          <exception class="org.openqa.selenium.NoSuchSessionException">
            <message>
              <![CDATA[invalid session id
Build info: version: '4.39.0', revision: '126f156aee'
System info: os.name: 'Windows 11', os.arch: 'amd64', os.version: '10.0', java.version: '25.0.1'
Driver info: org.openqa.selenium.chrome.ChromeDriver
Command: [2930bfb1fb6d0624444b258567f5958f, findElement {value=ce-search, using=id}]
Capabilities {acceptInsecureCerts: false, browserName: chrome, browserVersion: 145.0.7632.160, chrome: {chromedriverVersion: 145.0.7632.117 (de4e5d6e13b..., userDataDir: C:\Users\athir\AppData\Loca...}, fedcm:accounts: true, goog:chromeOptions: {debuggerAddress: localhost:54225}, goog:processID: 26776, networkConnectionEnabled: false, pageLoadStrategy: normal, platformName: windows, proxy: Proxy(), se:cdp: ws://localhost:54225/devtoo..., se:cdpVersion: 145.0.7632.160, setWindowRect: true, strictFileInteractability: false, timeouts: {implicit: 0, pageLoad: 300000, script: 30000}, unhandledPromptBehavior: dismiss and notify, webauthn:extension:credBlob: true, webauthn:extension:largeBlob: true, webauthn:extension:minPinLength: true, webauthn:extension:prf: true, webauthn:virtualAuthenticators: true}
Session ID: 2930bfb1fb6d0624444b258567f5958f]]>
            </message>
            <full-stacktrace>
              <![CDATA[org.openqa.selenium.NoSuchSessionException: invalid session id
Build info: version: '4.39.0', revision: '126f156aee'
System info: os.name: 'Windows 11', os.arch: 'amd64', os.version: '10.0', java.version: '25.0.1'
Driver info: org.openqa.selenium.chrome.ChromeDriver
Command: [2930bfb1fb6d0624444b258567f5958f, findElement {value=ce-search, using=id}]
Capabilities {acceptInsecureCerts: false, browserName: chrome, browserVersion: 145.0.7632.160, chrome: {chromedriverVersion: 145.0.7632.117 (de4e5d6e13b..., userDataDir: C:\Users\athir\AppData\Loca...}, fedcm:accounts: true, goog:chromeOptions: {debuggerAddress: localhost:54225}, goog:processID: 26776, networkConnectionEnabled: false, pageLoadStrategy: normal, platformName: windows, proxy: Proxy(), se:cdp: ws://localhost:54225/devtoo..., se:cdpVersion: 145.0.7632.160, setWindowRect: true, strictFileInteractability: false, timeouts: {implicit: 0, pageLoad: 300000, script: 30000}, unhandledPromptBehavior: dismiss and notify, webauthn:extension:credBlob: true, webauthn:extension:largeBlob: true, webauthn:extension:minPinLength: true, webauthn:extension:prf: true, webauthn:virtualAuthenticators: true}
Session ID: 2930bfb1fb6d0624444b258567f5958f
at java.base/jdk.internal.reflect.DirectConstructorHandleAccessor.newInstance(DirectConstructorHandleAccessor.java:62)
at java.base/java.lang.reflect.Constructor.newInstanceWithCaller(Constructor.java:499)
at java.base/java.lang.reflect.Constructor.newInstance(Constructor.java:483)
at org.openqa.selenium.remote.ErrorCodec.decode(ErrorCodec.java:167)
at org.openqa.selenium.remote.codec.w3c.W3CHttpResponseCodec.decode(W3CHttpResponseCodec.java:142)
at org.openqa.selenium.remote.codec.w3c.W3CHttpResponseCodec.decode(W3CHttpResponseCodec.java:49)
at org.openqa.selenium.remote.HttpCommandExecutor.execute(HttpCommandExecutor.java:215)
at org.openqa.selenium.remote.service.DriverCommandExecutor.invokeExecute(DriverCommandExecutor.java:216)
at org.openqa.selenium.remote.service.DriverCommandExecutor.execute(DriverCommandExecutor.java:174)
at org.openqa.selenium.remote.RemoteWebDriver.execute(RemoteWebDriver.java:561)
at org.openqa.selenium.remote.ElementLocation$ElementFinder$2.findElement(ElementLocation.java:166)
at org.openqa.selenium.remote.ElementLocation.findElement(ElementLocation.java:60)
at org.openqa.selenium.remote.RemoteWebDriver.findElement(RemoteWebDriver.java:384)
at org.openqa.selenium.remote.RemoteWebDriver.findElement(RemoteWebDriver.java:378)
at org.openqa.selenium.support.pagefactory.DefaultElementLocator.findElement(DefaultElementLocator.java:68)
at org.openqa.selenium.support.pagefactory.internal.LocatingElementHandler.invoke(LocatingElementHandler.java:38)
at jdk.proxy2/jdk.proxy2.$Proxy15.sendKeys(Unknown Source)
at naco.pageobject.Page2CountyExpolorerPage.ILselectstate(Page2CountyExpolorerPage.java:47)
at naco.testcases.TC1_ValidateCountyNos.ILcountValidate(TC1_ValidateCountyNos.java:34)
at java.base/jdk.internal.reflect.DirectMethodHandleAccessor.invoke(DirectMethodHandleAccessor.java:104)
at java.base/java.lang.reflect.Method.invoke(Method.java:565)
at org.testng.internal.invokers.MethodInvocationHelper.invokeMethod(MethodInvocationHelper.java:141)
at org.testng.internal.invokers.TestInvoker.invokeMethod(TestInvoker.java:697)
at org.testng.internal.invokers.TestInvoker.invokeTestMethod(TestInvoker.java:230)
at org.testng.internal.invokers.MethodRunner.runInSequence(MethodRunner.java:63)
at org.testng.internal.invokers.TestInvoker$MethodInvocationAgent.invoke(TestInvoker.java:1005)
at org.testng.internal.invokers.TestInvoker.invokeTestMethods(TestInvoker.java:203)
at org.testng.internal.invokers.TestMethodWorker.invokeTestMethods(TestMethodWorker.java:154)
at org.testng.internal.invokers.TestMethodWorker.run(TestMethodWorker.java:134)
at java.base/java.util.ArrayList.forEach(ArrayList.java:1604)
at org.testng.TestRunner.privateRun(TestRunner.java:744)
at org.testng.TestRunner.run(TestRunner.java:616)
at org.testng.SuiteRunner.runTest(SuiteRunner.java:421)
at org.testng.SuiteRunner.runSequentially(SuiteRunner.java:413)
at org.testng.SuiteRunner.privateRun(SuiteRunner.java:373)
at org.testng.SuiteRunner.run(SuiteRunner.java:312)
at org.testng.SuiteRunnerWorker.runSuite(SuiteRunnerWorker.java:52)
at org.testng.SuiteRunnerWorker.run(SuiteRunnerWorker.java:95)
at org.testng.TestNG.runSuitesSequentially(TestNG.java:1274)
at org.testng.TestNG.runSuitesLocally(TestNG.java:1208)
at org.testng.TestNG.runSuites(TestNG.java:1112)
at org.testng.TestNG.run(TestNG.java:1079)
at org.testng.remote.AbstractRemoteTestNG.run(AbstractRemoteTestNG.java:115)
at org.testng.remote.RemoteTestNG.initAndRun(RemoteTestNG.java:293)
at org.testng.remote.RemoteTestNG.main(RemoteTestNG.java:91)
]]>
            </full-stacktrace>
          </exception> <!-- org.openqa.selenium.NoSuchSessionException -->
          <reporter-output>
          </reporter-output>
        </test-method> <!-- ILcountValidate -->
        <test-method is-config="true" signature="teardown()[pri:0, instance:naco.testcases.TC1_ValidateCountyNos@2b175c00]" started-at="2026-03-06T15:02:39 CST" name="teardown" finished-at="2026-03-06T15:02:39 CST" duration-ms="363" status="PASS">
          <reporter-output>
          </reporter-output>
        </test-method> <!-- teardown -->
      </class> <!-- naco.testcases.TC1_ValidateCountyNos -->
    </test> <!-- Default test -->
  </suite> <!-- Default suite -->
</testng-results>
